#
# There is insufficient memory for the Java Runtime Environment to continue.
# Native memory allocation (malloc) failed to allocate 600816 bytes for Chunk::new
# Possible reasons:
#   The system is out of physical RAM or swap space
#   The process is running with CompressedOops enabled, and the Java Heap may be blocking the growth of the native heap
# Possible solutions:
#   Reduce memory load on the system
#   Increase physical memory or swap space
#   Check if swap backing store is full
#   Decrease Java heap size (-Xmx/-Xms)
#   Decrease number of Java threads
#   Decrease Java thread stack sizes (-Xss)
#   Set larger code cache with -XX:ReservedCodeCacheSize=
#   JVM is running with Unscaled Compressed Oops mode in which the Java heap is
#     placed in the first 4GB address space. The Java Heap base address is the
#     maximum limit for the native heap growth. Please use -XX:HeapBaseMinAddress
#     to set the Java Heap base and to place the Java Heap above 4GB virtual address.
# This output file may be truncated or incomplete.
#
#  Out of Memory Error (allocation.cpp:389), pid=936, tid=0x00000000000013b0
#
# JRE version: OpenJDK Runtime Environment (8.0_242-b01) (build 1.8.0_242-release-1644-b01)
# Java VM: OpenJDK 64-Bit Server VM (25.242-b01 mixed mode windows-amd64 compressed oops)
# Failed to write core dump. Minidumps are not enabled by default on client versions of Windows
#

---------------  T H R E A D  ---------------

Current thread (0x0000000017b0d000):  JavaThread "C2 CompilerThread1" daemon [_thread_in_native, id=5040, stack(0x0000000019500000,0x0000000019600000)]

Stack: [0x0000000019500000,0x0000000019600000]
[error occurred during error reporting (printing stack bounds), id 0xc0000005]

Native frames: (J=compiled Java code, j=interpreted, Vv=VM code, C=native code)


Current CompileTask:
C2:   3860 5087       4       org.jetbrains.org.objectweb.asm.ClassReader::readElementValue (1237 bytes)


---------------  P R O C E S S  ---------------

Java Threads: ( => current thread )
  0x0000000019196000 JavaThread "Service Thread" daemon [_thread_blocked, id=5244, stack(0x0000000019700000,0x0000000019800000)]
  0x0000000019102800 JavaThread "C1 CompilerThread2" daemon [_thread_in_native, id=7380, stack(0x0000000019600000,0x0000000019700000)]
=>0x0000000017b0d000 JavaThread "C2 CompilerThread1" daemon [_thread_in_native, id=5040, stack(0x0000000019500000,0x0000000019600000)]
  0x0000000017b09000 JavaThread "C2 CompilerThread0" daemon [_thread_in_native, id=11284, stack(0x0000000019000000,0x0000000019100000)]
  0x0000000017b08800 JavaThread "Attach Listener" daemon [_thread_blocked, id=3968, stack(0x0000000018f00000,0x0000000019000000)]
  0x0000000017ac5000 JavaThread "Signal Dispatcher" daemon [_thread_blocked, id=9296, stack(0x0000000018e00000,0x0000000018f00000)]
  0x000000000307d000 JavaThread "Finalizer" daemon [_thread_blocked, id=10664, stack(0x0000000018d00000,0x0000000018e00000)]
  0x0000000017a98800 JavaThread "Reference Handler" daemon [_thread_blocked, id=3588, stack(0x0000000018c00000,0x0000000018d00000)]
  0x0000000002f87000 JavaThread "main" [_thread_in_native, id=7992, stack(0x0000000002da0000,0x0000000002ea0000)]

Other Threads:
  0x0000000017a76800 VMThread [stack: 0x0000000018b00000,0x0000000018c00000] [id=1456]
  0x0000000019197000 WatcherThread [stack: 0x0000000019800000,0x0000000019900000] [id=11668]

VM state:not at safepoint (normal execution)

VM Mutex/Monitor currently owned by a thread:  ([mutex/lock_event])
[0x0000000002f84e20] Compile_lock - owner thread: 0x0000000019102800

heap address: 0x0000000083600000, size: 1994 MB, Compressed Oops mode: 32-bit
Narrow klass base: 0x0000000000000000, Narrow klass shift: 3
Compressed class space size: 1073741824 Address: 0x0000000100000000

Heap:
 PSYoungGen      total 146944K, used 24018K [0x00000000d6780000, 0x00000000e0a00000, 0x0000000100000000)
  eden space 131072K, 6% used [0x00000000d6780000,0x00000000d6f7b3b0,0x00000000de780000)
  from space 15872K, 99% used [0x00000000dfa80000,0x00000000e09f9570,0x00000000e0a00000)
  to   space 5120K, 0% used [0x00000000de780000,0x00000000de780000,0x00000000dec80000)
 ParOldGen       total 115712K, used 30406K [0x0000000083600000, 0x000000008a700000, 0x00000000d6780000)
  object space 115712K, 26% used [0x0000000083600000,0x00000000853b1bc8,0x000000008a700000)
 Metaspace       used 46606K, capacity 47536K, committed 47920K, reserved 1091584K
  class space    used 5865K, capacity 6109K, committed 6192K, reserved 1048576K

Card table byte_map: [0x0000000012440000,0x0000000012830000] byte_map_base: 0x0000000012025000

Marking Bits: (ParMarkBitMap*) 0x00000000655bf030
 Begin Bits: [0x0000000012ed0000, 0x0000000014df8000)
 End Bits:   [0x0000000014df8000, 0x0000000016d20000)

Polling page: 0x00000000010e0000

CodeCache: size=245760Kb used=16380Kb max_used=16380Kb free=229379Kb
 bounds [0x0000000003080000, 0x0000000004090000, 0x0000000012080000]
 total_blobs=5596 nmethods=5125 adapters=384
 compilation: enabled

Compilation events (10 events):
Event: 3.850 Thread 0x0000000019102800 nmethod 5156 0x0000000004084390 code [0x0000000004084500, 0x0000000004084730]
Event: 3.850 Thread 0x0000000019102800 5157       3       org.jetbrains.kotlin.types.AbstractTypeConstructor$supertypes$3::<init> (11 bytes)
Event: 3.850 Thread 0x0000000019102800 nmethod 5157 0x0000000004084810 code [0x0000000004084980, 0x0000000004084bb0]
Event: 3.851 Thread 0x0000000019102800 5158       3       org.jetbrains.kotlin.storage.LockBasedStorageManager::createLazyValueWithPostCompute (31 bytes)
Event: 3.851 Thread 0x0000000019102800 nmethod 5158 0x0000000004084c90 code [0x0000000004084e40, 0x0000000004085348]
Event: 3.851 Thread 0x0000000019102800 5159       3       org.jetbrains.kotlin.storage.LockBasedStorageManager$4::<init> (24 bytes)
Event: 3.851 Thread 0x0000000019102800 nmethod 5159 0x0000000004085590 code [0x0000000004085740, 0x0000000004085be8]
Event: 3.858 Thread 0x0000000019102800 5162       1       java.util.Collections$EmptyList::toArray (5 bytes)
Event: 3.858 Thread 0x0000000019102800 nmethod 5162 0x0000000004085e50 code [0x0000000004085fa0, 0x0000000004086130]
Event: 3.858 Thread 0x0000000019102800 5163       3       org.jetbrains.kotlin.com.intellij.psi.impl.source.tree.LazyParseableElement::getFirstChildNode (9 bytes)

GC Heap History (10 events):
Event: 1.051 GC heap before
{Heap before GC invocations=4 (full 1):
 PSYoungGen      total 70656K, used 5101K [0x00000000d6780000, 0x00000000df180000, 0x0000000100000000)
  eden space 65536K, 0% used [0x00000000d6780000,0x00000000d6780000,0x00000000da780000)
  from space 5120K, 99% used [0x00000000da780000,0x00000000dac7b7a8,0x00000000dac80000)
  to   space 5120K, 0% used [0x00000000dec80000,0x00000000dec80000,0x00000000df180000)
 ParOldGen       total 86016K, used 12071K [0x0000000083600000, 0x0000000088a00000, 0x00000000d6780000)
  object space 86016K, 14% used [0x0000000083600000,0x00000000841c9e58,0x0000000088a00000)
 Metaspace       used 20823K, capacity 21244K, committed 21296K, reserved 1069056K
  class space    used 2450K, capacity 2590K, committed 2608K, reserved 1048576K
Event: 1.080 GC heap after
Heap after GC invocations=4 (full 1):
 PSYoungGen      total 70656K, used 0K [0x00000000d6780000, 0x00000000df180000, 0x0000000100000000)
  eden space 65536K, 0% used [0x00000000d6780000,0x00000000d6780000,0x00000000da780000)
  from space 5120K, 0% used [0x00000000da780000,0x00000000da780000,0x00000000dac80000)
  to   space 5120K, 0% used [0x00000000dec80000,0x00000000dec80000,0x00000000df180000)
 ParOldGen       total 66560K, used 9561K [0x0000000083600000, 0x0000000087700000, 0x00000000d6780000)
  object space 66560K, 14% used [0x0000000083600000,0x0000000083f56640,0x0000000087700000)
 Metaspace       used 20823K, capacity 21244K, committed 21296K, reserved 1069056K
  class space    used 2450K, capacity 2590K, committed 2608K, reserved 1048576K
}
Event: 1.805 GC heap before
{Heap before GC invocations=5 (full 1):
 PSYoungGen      total 70656K, used 65536K [0x00000000d6780000, 0x00000000df180000, 0x0000000100000000)
  eden space 65536K, 100% used [0x00000000d6780000,0x00000000da780000,0x00000000da780000)
  from space 5120K, 0% used [0x00000000da780000,0x00000000da780000,0x00000000dac80000)
  to   space 5120K, 0% used [0x00000000dec80000,0x00000000dec80000,0x00000000df180000)
 ParOldGen       total 66560K, used 9561K [0x0000000083600000, 0x0000000087700000, 0x00000000d6780000)
  object space 66560K, 14% used [0x0000000083600000,0x0000000083f56640,0x0000000087700000)
 Metaspace       used 29425K, capacity 29941K, committed 30128K, reserved 1075200K
  class space    used 3564K, capacity 3706K, committed 3760K, reserved 1048576K
Event: 1.817 GC heap after
Heap after GC invocations=5 (full 1):
 PSYoungGen      total 98816K, used 5091K [0x00000000d6780000, 0x00000000df180000, 0x0000000100000000)
  eden space 93696K, 0% used [0x00000000d6780000,0x00000000d6780000,0x00000000dc300000)
  from space 5120K, 99% used [0x00000000dec80000,0x00000000df178c70,0x00000000df180000)
  to   space 5120K, 0% used [0x00000000de780000,0x00000000de780000,0x00000000dec80000)
 ParOldGen       total 66560K, used 20102K [0x0000000083600000, 0x0000000087700000, 0x00000000d6780000)
  object space 66560K, 30% used [0x0000000083600000,0x00000000849a1b38,0x0000000087700000)
 Metaspace       used 29425K, capacity 29941K, committed 30128K, reserved 1075200K
  class space    used 3564K, capacity 3706K, committed 3760K, reserved 1048576K
}
Event: 2.154 GC heap before
{Heap before GC invocations=6 (full 1):
 PSYoungGen      total 98816K, used 33402K [0x00000000d6780000, 0x00000000df180000, 0x0000000100000000)
  eden space 93696K, 30% used [0x00000000d6780000,0x00000000d8325d18,0x00000000dc300000)
  from space 5120K, 99% used [0x00000000dec80000,0x00000000df178c70,0x00000000df180000)
  to   space 5120K, 0% used [0x00000000de780000,0x00000000de780000,0x00000000dec80000)
 ParOldGen       total 66560K, used 20102K [0x0000000083600000, 0x0000000087700000, 0x00000000d6780000)
  object space 66560K, 30% used [0x0000000083600000,0x00000000849a1b38,0x0000000087700000)
 Metaspace       used 34639K, capacity 35136K, committed 35496K, reserved 1081344K
  class space    used 4426K, capacity 4579K, committed 4656K, reserved 1048576K
Event: 2.162 GC heap after
Heap after GC invocations=6 (full 1):
 PSYoungGen      total 136192K, used 5091K [0x00000000d6780000, 0x00000000e0a00000, 0x0000000100000000)
  eden space 131072K, 0% used [0x00000000d6780000,0x00000000d6780000,0x00000000de780000)
  from space 5120K, 99% used [0x00000000de780000,0x00000000dec78c70,0x00000000dec80000)
  to   space 15872K, 0% used [0x00000000dfa80000,0x00000000dfa80000,0x00000000e0a00000)
 ParOldGen       total 66560K, used 27009K [0x0000000083600000, 0x0000000087700000, 0x00000000d6780000)
  object space 66560K, 40% used [0x0000000083600000,0x0000000085060478,0x0000000087700000)
 Metaspace       used 34639K, capacity 35136K, committed 35496K, reserved 1081344K
  class space    used 4426K, capacity 4579K, committed 4656K, reserved 1048576K
}
Event: 2.162 GC heap before
{Heap before GC invocations=7 (full 2):
 PSYoungGen      total 136192K, used 5091K [0x00000000d6780000, 0x00000000e0a00000, 0x0000000100000000)
  eden space 131072K, 0% used [0x00000000d6780000,0x00000000d6780000,0x00000000de780000)
  from space 5120K, 99% used [0x00000000de780000,0x00000000dec78c70,0x00000000dec80000)
  to   space 15872K, 0% used [0x00000000dfa80000,0x00000000dfa80000,0x00000000e0a00000)
 ParOldGen       total 66560K, used 27009K [0x0000000083600000, 0x0000000087700000, 0x00000000d6780000)
  object space 66560K, 40% used [0x0000000083600000,0x0000000085060478,0x0000000087700000)
 Metaspace       used 34639K, capacity 35136K, committed 35496K, reserved 1081344K
  class space    used 4426K, capacity 4579K, committed 4656K, reserved 1048576K
Event: 2.225 GC heap after
Heap after GC invocations=7 (full 2):
 PSYoungGen      total 136192K, used 0K [0x00000000d6780000, 0x00000000e0a00000, 0x0000000100000000)
  eden space 131072K, 0% used [0x00000000d6780000,0x00000000d6780000,0x00000000de780000)
  from space 5120K, 0% used [0x00000000de780000,0x00000000de780000,0x00000000dec80000)
  to   space 15872K, 0% used [0x00000000dfa80000,0x00000000dfa80000,0x00000000e0a00000)
 ParOldGen       total 115712K, used 19726K [0x0000000083600000, 0x000000008a700000, 0x00000000d6780000)
  object space 115712K, 17% used [0x0000000083600000,0x0000000084943870,0x000000008a700000)
 Metaspace       used 34639K, capacity 35136K, committed 35496K, reserved 1081344K
  class space    used 4426K, capacity 4579K, committed 4656K, reserved 1048576K
}
Event: 3.788 GC heap before
{Heap before GC invocations=8 (full 2):
 PSYoungGen      total 136192K, used 131072K [0x00000000d6780000, 0x00000000e0a00000, 0x0000000100000000)
  eden space 131072K, 100% used [0x00000000d6780000,0x00000000de780000,0x00000000de780000)
  from space 5120K, 0% used [0x00000000de780000,0x00000000de780000,0x00000000dec80000)
  to   space 15872K, 0% used [0x00000000dfa80000,0x00000000dfa80000,0x00000000e0a00000)
 ParOldGen       total 115712K, used 19726K [0x0000000083600000, 0x000000008a700000, 0x00000000d6780000)
  object space 115712K, 17% used [0x0000000083600000,0x0000000084943870,0x000000008a700000)
 Metaspace       used 46254K, capacity 47152K, committed 47536K, reserved 1091584K
  class space    used 5816K, capacity 6045K, committed 6064K, reserved 1048576K
Event: 3.807 GC heap after
Heap after GC invocations=8 (full 2):
 PSYoungGen      total 146944K, used 15845K [0x00000000d6780000, 0x00000000e0a00000, 0x0000000100000000)
  eden space 131072K, 0% used [0x00000000d6780000,0x00000000d6780000,0x00000000de780000)
  from space 15872K, 99% used [0x00000000dfa80000,0x00000000e09f9570,0x00000000e0a00000)
  to   space 5120K, 0% used [0x00000000de780000,0x00000000de780000,0x00000000dec80000)
 ParOldGen       total 115712K, used 30406K [0x0000000083600000, 0x000000008a700000, 0x00000000d6780000)
  object space 115712K, 26% used [0x0000000083600000,0x00000000853b1bc8,0x000000008a700000)
 Metaspace       used 46254K, capacity 47152K, committed 47536K, reserved 1091584K
  class space    used 5816K, capacity 6045K, committed 6064K, reserved 1048576K
}

Deoptimization events (10 events):
Event: 3.671 Thread 0x0000000002f87000 Uncommon trap: reason=class_check action=maybe_recompile pc=0x0000000003e7c2f4 method=org.jetbrains.kotlin.load.java.lazy.descriptors.LazyJavaScope.getFunctionNamesLazy()Ljava/util/Set; @ 13
Event: 3.671 Thread 0x0000000002f87000 Uncommon trap: reason=bimorphic action=maybe_recompile pc=0x0000000003dfdbc8 method=org.jetbrains.kotlin.resolve.DescriptorUtils.getFqNameSafeIfPossible(Lorg/jetbrains/kotlin/descriptors/DeclarationDescriptor;)Lorg/jetbrains/kotlin/name/FqName; @ 54
Event: 3.709 Thread 0x0000000002f87000 Uncommon trap: reason=unstable_if action=reinterpret pc=0x0000000003b2cf70 method=org.jetbrains.kotlin.name.Name.hashCode()I @ 16
Event: 3.722 Thread 0x0000000002f87000 Uncommon trap: reason=predicate action=maybe_recompile pc=0x00000000038b8b68 method=org.jetbrains.kotlin.com.intellij.util.text.CharArrayUtil.getChars(Ljava/lang/CharSequence;[CIII)V @ 210
Event: 3.821 Thread 0x0000000002f87000 Uncommon trap: reason=unstable_if action=reinterpret pc=0x000000000364ff90 method=org.jetbrains.kotlin.protobuf.CodedInputStream.readRawVarint32()I @ 69
Event: 3.821 Thread 0x0000000002f87000 Uncommon trap: reason=unstable_if action=reinterpret pc=0x0000000003886388 method=org.jetbrains.kotlin.protobuf.CodedOutputStream.computeRawVarint32Size(I)I @ 14
Event: 3.840 Thread 0x0000000002f87000 Uncommon trap: reason=class_check action=maybe_recompile pc=0x0000000003ce62ac method=java.util.regex.Matcher.match(II)Z @ 86
Event: 3.843 Thread 0x0000000002f87000 Uncommon trap: reason=class_check action=maybe_recompile pc=0x0000000003ce62ac method=java.util.regex.Matcher.match(II)Z @ 86
Event: 3.843 Thread 0x0000000002f87000 Uncommon trap: reason=class_check action=maybe_recompile pc=0x0000000003ce62ac method=java.util.regex.Matcher.match(II)Z @ 86
Event: 3.844 Thread 0x0000000002f87000 Uncommon trap: reason=class_check action=maybe_recompile pc=0x0000000003ce62ac method=java.util.regex.Matcher.match(II)Z @ 86

Classes redefined (0 events):
No events

Internal exceptions (10 events):
Event: 1.691 Thread 0x0000000002f87000 Exception <a 'java/lang/ArrayIndexOutOfBoundsException'> (0x00000000d9caa910) thrown at [C:\src\AOSP-openjdk-git\hotspot\src\share\vm\runtime\sharedRuntime.cpp, line 605]
Event: 1.693 Thread 0x0000000002f87000 Exception <a 'java/lang/ArrayIndexOutOfBoundsException'> (0x00000000d9cbcbc8) thrown at [C:\src\AOSP-openjdk-git\hotspot\src\share\vm\runtime\sharedRuntime.cpp, line 605]
Event: 2.144 Thread 0x0000000002f87000 Exception <a 'java/lang/NoSuchMethodError': java.lang.Object.lambda$static$0(I)[Lorg/jetbrains/kotlin/psi/KtExpression;> (0x00000000d817c7e8) thrown at [C:\src\AOSP-openjdk-git\hotspot\src\share\vm\interpreter\linkResolver.cpp, line 620]
Event: 2.286 Thread 0x0000000002f87000 Exception <a 'java/lang/NoSuchMethodError': java.lang.Object.lambda$static$0(I)[Lorg/jetbrains/kotlin/psi/KtDeclaration;> (0x00000000d6992248) thrown at [C:\src\AOSP-openjdk-git\hotspot\src\share\vm\interpreter\linkResolver.cpp, line 620]
Event: 2.323 Thread 0x0000000002f87000 Exception <a 'java/lang/NoSuchMethodError': java.lang.Object.lambda$static$0(I)[Lorg/jetbrains/kotlin/psi/KtTypeElement;> (0x00000000d6bdd738) thrown at [C:\src\AOSP-openjdk-git\hotspot\src\share\vm\interpreter\linkResolver.cpp, line 620]
Event: 2.589 Thread 0x0000000002f87000 Exception <a 'java/lang/NoSuchMethodError': java.lang.Object.lambda$static$0(I)[Lorg/jetbrains/kotlin/com/intellij/psi/PsiClass;> (0x00000000d8296450) thrown at [C:\src\AOSP-openjdk-git\hotspot\src\share\vm\interpreter\linkResolver.cpp, line 620]
Event: 3.573 Thread 0x0000000002f87000 Exception <a 'java/lang/NoSuchMethodError': java.lang.Object.lambda$static$0(I)[Lorg/jetbrains/kotlin/com/intellij/psi/PsiReference;> (0x00000000dd331470) thrown at [C:\src\AOSP-openjdk-git\hotspot\src\share\vm\interpreter\linkResolver.cpp, line 620]
Event: 3.576 Thread 0x0000000002f87000 Exception <a 'java/lang/NoSuchMethodError': java.lang.Object.lambda$static$0(I)[Lorg/jetbrains/kotlin/com/intellij/psi/PsiTypeElement;> (0x00000000dd368f90) thrown at [C:\src\AOSP-openjdk-git\hotspot\src\share\vm\interpreter\linkResolver.cpp, line 620]
Event: 3.583 Thread 0x0000000002f87000 Exception <a 'java/lang/NoSuchMethodError': java.lang.Object.lambda$static$0(I)[Lorg/jetbrains/kotlin/com/intellij/psi/PsiTypeParameter;> (0x00000000dd3eb998) thrown at [C:\src\AOSP-openjdk-git\hotspot\src\share\vm\interpreter\linkResolver.cpp, line 620]
Event: 3.605 Thread 0x0000000002f87000 Exception <a 'java/lang/NoSuchMethodError': java.lang.Object.lambda$static$0()Lorg/jetbrains/kotlin/com/intellij/psi/PsiSubstitutor;> (0x00000000dd4c6378) thrown at [C:\src\AOSP-openjdk-git\hotspot\src\share\vm\interpreter\linkResolver.cpp, line 620]

Events (10 events):
Event: 3.856 loading class org/jetbrains/kotlin/resolve/scopes/receivers/ClassQualifier
Event: 3.856 loading class org/jetbrains/kotlin/resolve/scopes/receivers/ClassQualifier done
Event: 3.856 loading class org/jetbrains/kotlin/resolve/scopes/receivers/ClassifierQualifier
Event: 3.856 loading class org/jetbrains/kotlin/resolve/scopes/receivers/ClassifierQualifier done
Event: 3.856 loading class org/jetbrains/kotlin/resolve/descriptorUtil/DescriptorUtilsKt$WhenMappings
Event: 3.856 loading class org/jetbrains/kotlin/resolve/descriptorUtil/DescriptorUtilsKt$WhenMappings done
Event: 3.856 loading class org/jetbrains/kotlin/resolve/calls/CallExpressionElement
Event: 3.856 loading class org/jetbrains/kotlin/resolve/calls/CallExpressionElement done
Event: 3.857 loading class org/jetbrains/kotlin/resolve/calls/CallExpressionResolver$getSafeOrUnsafeSelectorTypeInfo$callOperationNode$1
Event: 3.857 loading class org/jetbrains/kotlin/resolve/calls/CallExpressionResolver$getSafeOrUnsafeSelectorTypeInfo$callOperationNode$1 done


Dynamic libraries:
0x00007ff76e550000 - 0x00007ff76e581000 	C:\Program Files\Android\Android Studio\jre\jre\bin\java.exe
0x00007ff9560b0000 - 0x00007ff9562a6000 	C:\WINDOWS\SYSTEM32\ntdll.dll
0x00007ff955d00000 - 0x00007ff955dbd000 	C:\WINDOWS\System32\KERNEL32.DLL
0x00007ff953920000 - 0x00007ff953be9000 	C:\WINDOWS\System32\KERNELBASE.dll
0x00007ff9559b0000 - 0x00007ff955a5c000 	C:\WINDOWS\System32\ADVAPI32.dll
0x00007ff954b60000 - 0x00007ff954bfe000 	C:\WINDOWS\System32\msvcrt.dll
0x00007ff9550c0000 - 0x00007ff95515c000 	C:\WINDOWS\System32\sechost.dll
0x00007ff954f90000 - 0x00007ff9550bb000 	C:\WINDOWS\System32\RPCRT4.dll
0x00007ff955dc0000 - 0x00007ff955f60000 	C:\WINDOWS\System32\USER32.dll
0x00007ff953e40000 - 0x00007ff953e62000 	C:\WINDOWS\System32\win32u.dll
0x00007ff955a60000 - 0x00007ff955a8a000 	C:\WINDOWS\System32\GDI32.dll
0x00007ff953fa0000 - 0x00007ff9540ab000 	C:\WINDOWS\System32\gdi32full.dll
0x00007ff953da0000 - 0x00007ff953e3d000 	C:\WINDOWS\System32\msvcp_win.dll
0x00007ff953820000 - 0x00007ff953920000 	C:\WINDOWS\System32\ucrtbase.dll
0x00007ff942bf0000 - 0x00007ff942e8b000 	C:\WINDOWS\WinSxS\amd64_microsoft.windows.common-controls_6595b64144ccf1df_6.0.19041.746_none_ca02b4b61b8320a4\COMCTL32.dll
0x00007ff954db0000 - 0x00007ff954de0000 	C:\WINDOWS\System32\IMM32.DLL
0x0000000064d10000 - 0x0000000064de2000 	C:\Program Files\Android\Android Studio\jre\jre\bin\msvcr100.dll
0x0000000064df0000 - 0x000000006563b000 	C:\Program Files\Android\Android Studio\jre\jre\bin\server\jvm.dll
0x00007ff955c10000 - 0x00007ff955c18000 	C:\WINDOWS\System32\PSAPI.DLL
0x00007ff9431b0000 - 0x00007ff9431d7000 	C:\WINDOWS\SYSTEM32\WINMM.dll
0x00007ff94bc50000 - 0x00007ff94bc5a000 	C:\WINDOWS\SYSTEM32\VERSION.dll
0x00007ff9339f0000 - 0x00007ff9339f9000 	C:\WINDOWS\SYSTEM32\WSOCK32.dll
0x00007ff955ba0000 - 0x00007ff955c0b000 	C:\WINDOWS\System32\ws2_32.DLL
0x00007ff950390000 - 0x00007ff95039f000 	C:\Program Files\Android\Android Studio\jre\jre\bin\verify.dll
0x00007ff94d1e0000 - 0x00007ff94d209000 	C:\Program Files\Android\Android Studio\jre\jre\bin\java.dll
0x00007ff950370000 - 0x00007ff950386000 	C:\Program Files\Android\Android Studio\jre\jre\bin\zip.dll
0x00007ff954410000 - 0x00007ff954b52000 	C:\WINDOWS\System32\SHELL32.dll
0x00007ff951940000 - 0x00007ff9520d0000 	C:\WINDOWS\SYSTEM32\windows.storage.dll
0x00007ff955630000 - 0x00007ff955986000 	C:\WINDOWS\System32\combase.dll
0x00007ff953250000 - 0x00007ff95327c000 	C:\WINDOWS\SYSTEM32\Wldp.dll
0x00007ff955a90000 - 0x00007ff955b3e000 	C:\WINDOWS\System32\SHCORE.dll
0x00007ff9555d0000 - 0x00007ff955625000 	C:\WINDOWS\System32\shlwapi.dll
0x00007ff953720000 - 0x00007ff953746000 	C:\WINDOWS\SYSTEM32\profapi.dll
0x00007ff94ee20000 - 0x00007ff94ee3a000 	C:\Program Files\Android\Android Studio\jre\jre\bin\net.dll
0x00007ff952fd0000 - 0x00007ff95303a000 	C:\WINDOWS\system32\mswsock.dll
0x00007ff94bf40000 - 0x00007ff94bf53000 	C:\Program Files\Android\Android Studio\jre\jre\bin\nio.dll

VM Arguments:
java_command: org.jetbrains.kotlin.cli.jvm.K2JVMCompiler -Xallow-no-source-files -classpath C:\work2\TaskApp\app\build\intermediates\compile_and_runtime_not_namespaced_r_class_jar\debug\R.jar;C:\Users\Chiaki Hata\.gradle\caches\transforms-2\files-2.1\30d2db1f8c03722434e4416a5e15be59\jetified-realm-android-library-7.0.1-api.jar;C:\Users\Chiaki Hata\.gradle\caches\transforms-2\files-2.1\69392b50bd9ddbda8aa08db712ab27a9\jetified-realm-android-kotlin-extensions-7.0.1-api.jar;C:\Users\Chiaki Hata\.gradle\caches\transforms-2\files-2.1\c19212a4d1975bd90a86050a3fe05389\jetified-realm-annotations-7.0.1.jar;C:\Users\Chiaki Hata\.gradle\caches\transforms-2\files-2.1\8104fb536abeb892e070978e2b7e9698\jetified-jsr305-3.0.2.jar;C:\Users\Chiaki Hata\.gradle\caches\transforms-2\files-2.1\2645d02daffec2351e72bd292cb1b99f\jetified-relinker-1.4.0-api.jar;C:\Users\Chiaki Hata\.gradle\caches\transforms-2\files-2.1\22613b05cb2963a54fcf0d0a5d54d00d\jetified-rxandroid-2.1.1-api.jar;C:\Users\Chiaki Hata\.gradle\caches\transforms-2\files-2.1\92f66a4dd0f134b696fba1aa08117afd\jetified-kotlin-stdlib-jdk7-1.3.31.jar;C:\Users\Chiaki Hata\.gradle\caches\transforms-2\files-2.1\177322e0cd09b14577f3243c646c596c\jetified-kotlin-android-extensions-runtime-1.3.72.jar;C:\Users\Chiaki Hata\.gradle\caches\transforms-2\files-2.1\75a09dd6504cf0decd82da6db6b32ea9\navigation-fragment-ktx-2.3.3-api.jar;C:\Users\Chiaki Hata\.gradle\caches\transforms-2\files-2.1\2daa49b2a1fd3aa02756946504c5ae6c\jetified-fragment-ktx-1.2.4-api.jar;C:\Users\Chiaki Hata\.gradle\caches\transforms-2\files-2.1\362f6d11f30b3d1a2c5242541b4f36a6\navigation-ui-ktx-2.3.3-api.jar;C:\Users\Chiaki Hata\.gradle\caches\transforms-2\files-2.1\09ddde3bb02662f7074743b5d2415bef\navigation-runtime-ktx-2.3.3-api.jar;C:\Users\Chiaki Hata\.gradle\caches\transforms-2\files-2.1\1fa72d27535e9c57de147da768ad37ba\jetified-activity-ktx-1.1.0-api.jar;C:\Users\Chiaki Hata\.gradle\caches\transforms-2\files-2.1\f157c07ea734e4431800f2b24aeea56b\jetified-core-ktx-
java_class_path (initial): C:\Users\Chiaki Hata\.gradle\caches\modules-2\files-2.1\org.jetbrains.kotlin\kotlin-compiler-embeddable\1.3.72\fb72232c8fa977d5e07d33c43381ddbdc5edab6\kotlin-compiler-embeddable-1.3.72.jar;C:\Users\Chiaki Hata\.gradle\caches\modules-2\files-2.1\org.jetbrains.kotlin\kotlin-reflect\1.3.72\86613e1a669a701b0c660bfd2af4f82a7ae11fca\kotlin-reflect-1.3.72.jar;C:\Users\Chiaki Hata\.gradle\caches\modules-2\files-2.1\org.jetbrains.kotlin\kotlin-stdlib\1.3.72\8032138f12c0180bc4e51fe139d4c52b46db6109\kotlin-stdlib-1.3.72.jar;C:\Users\Chiaki Hata\.gradle\caches\modules-2\files-2.1\org.jetbrains.kotlin\kotlin-script-runtime\1.3.72\657d8d34d91e1964b4439378c09933e840bfe8d5\kotlin-script-runtime-1.3.72.jar;C:\Users\Chiaki Hata\.gradle\caches\modules-2\files-2.1\org.jetbrains.kotlin\kotlin-daemon-embeddable\1.3.72\53bbaa2816dbf6bdb85f629451b1fcc88f2164d2\kotlin-daemon-embeddable-1.3.72.jar;C:\Users\Chiaki Hata\.gradle\caches\modules-2\files-2.1\org.jetbrains.intellij.deps\trove4j\1.0.20181211\216c2e14b070f334479d800987affe4054cd563f\trove4j-1.0.20181211.jar;C:\Users\Chiaki Hata\.gradle\caches\modules-2\files-2.1\org.jetbrains.kotlin\kotlin-stdlib-common\1.3.72\6ca8bee3d88957eaaaef077c41c908c9940492d8\kotlin-stdlib-common-1.3.72.jar;C:\Users\Chiaki Hata\.gradle\caches\modules-2\files-2.1\org.jetbrains\annotations\13.0\919f0dfe192fb4e063e7dacadee7f8bb9a2672a9\annotations-13.0.jar;C:\Program Files\Android\Android Studio\jre\lib\tools.jar
Launcher Type: SUN_STANDARD

Environment Variables:
JAVA_HOME=C:\Program Files\java\jdk1.7.0_80
PATH=C:\WINDOWS\system32;C:\WINDOWS;C:\WINDOWS\System32\Wbem;C:\WINDOWS\System32\WindowsPowerShell\v1.0\;C:\WINDOWS\System32\OpenSSH\;C:\Program Files\java\jdk1.7.0_80\bin;C:\Program Files\Intel\WiFi\bin\;C:\Program Files\Common Files\Intel\WirelessCommon\;C:\Program Files\MariaDB 10.1\bin;C:\Users\Chiaki Hata\AppData\Local\Microsoft\WindowsApps;C:\Users\Chiaki Hata\AppData\Local\Programs\Git\cmd;
USERNAME=Chiaki Hata
OS=Windows_NT
PROCESSOR_IDENTIFIER=Intel64 Family 6 Model 142 Stepping 12, GenuineIntel



---------------  S Y S T E M  ---------------

OS: Windows 10.0 , 64 bit Build 19041 (10.0.19041.804)

CPU:total 4 (initial active 4) (2 cores per cpu, 2 threads per core) family 6 model 142 stepping 12, cmov, cx8, fxsr, mmx, sse, sse2, sse3, ssse3, sse4.1, sse4.2, popcnt, avx, avx2, aes, clmul, erms, 3dnowpref, lzcnt, ht, tsc, tscinvbit, bmi1, bmi2, adx

Memory: 4k page, physical 8164132k(1788256k free), swap 8164132k(5156k free)

vm_info: OpenJDK 64-Bit Server VM (25.242-b01) for windows-amd64 JRE (1.8.0_242-release-1644-b01), built by "builder" with MS VC++ 10.0 (VS2010)

time: Wed Feb 17 23:43:12 2021
timezone: ìåãû (ïWèÄéû)
elapsed time: 3 seconds (0d 0h 0m 3s)

