#
# A fatal error has been detected by the Java Runtime Environment:
#
#  EXCEPTION_ACCESS_VIOLATION (0xc0000005) at pc=0x0000000064fdfed7, pid=3756, tid=0x0000000000002df0
#
# JRE version: OpenJDK Runtime Environment (8.0_242-b01) (build 1.8.0_242-release-1644-b01)
# Java VM: OpenJDK 64-Bit Server VM (25.242-b01 mixed mode windows-amd64 compressed oops)
# Problematic frame:
# V  [jvm.dll+0x1efed7]
#
# Failed to write core dump. Minidumps are not enabled by default on client versions of Windows
#
# If you would like to submit a bug report, please visit:
#   
#

---------------  T H R E A D  ---------------

Current thread (0x000000001dd02800):  JavaThread "Build operations" [_thread_in_vm, id=11760, stack(0x000000001fed0000,0x000000001ffd0000)]

siginfo: ExceptionCode=0xc0000005, writing address 0x000000001ffc9600

Registers:
RAX=0x000000001ffc9600, RBX=0x0000000000000007, RCX=0x0000000000006000, RDX=0x0000000000000006
RSP=0x000000001ffcf600, RBP=0x0000000000000000, RSI=0x000000001ffcf600, RDI=0x0000000000000007
R8 =0x0000000000000006, R9 =0x000000002105fc80, R10=0x0000000016dee968, R11=0x000000001feda148
R12=0x00000000ffffffff, R13=0x000000001dd02800, R14=0x000000001dd02800, R15=0x0000000016dee968
RIP=0x0000000064fdfed7, EFLAGS=0x0000000000010206

Top of Stack: (sp=0x000000001ffcf600)
0x000000001ffcf600:   0000000000000000 0000000100006948
0x000000001ffcf610:   000000001dd02800 00000000ffffffff
0x000000001ffcf620:   000000001ffcf6c8 0000000064fe0eb7
0x000000001ffcf630:   000000001ffcf730 000000002105fc80
0x000000001ffcf640:   0000000016dee968 0000000064e8be73
0x000000001ffcf650:   000000001ffcf690 000000001dd02800
0x000000001ffcf660:   000000001ffcf720 000000001dd02800
0x000000001ffcf670:   0000000016dee968 000000001dd02800
0x000000001ffcf680:   0000000002b53920 000000001dd02800
0x000000001ffcf690:   0000000016dee968 000000001dd02800
0x000000001ffcf6a0:   0000000016dee968 000000001dd02800
0x000000001ffcf6b0:   0000000000000001 0000000016dee968
0x000000001ffcf6c0:   000000001dd02800 000000001b685190
0x000000001ffcf6d0:   000000001dd02800 0000000064e8d5dd
0x000000001ffcf6e0:   000000001ffcf9e8 0000000100006948
0x000000001ffcf6f0:   0000000100006948 0000000000000000 

Instructions: (pc=0x0000000064fdfed7)
0x0000000064fdfeb7:   48 89 6c 24 30 33 ed 66 90 e8 4b d9 07 00 ff c3
0x0000000064fdfec7:   48 63 c8 48 8b c6 48 0f af cf 48 ff c7 48 2b c1
0x0000000064fdfed7:   89 28 48 63 c3 48 3b 05 65 b8 57 00 7e db 48 8b
0x0000000064fdfee7:   6c 24 30 48 8b 5c 24 38 48 8b 74 24 40 48 83 c4 


Register to memory mapping:

RAX=0x000000001ffc9600 is pointing into the stack for thread: 0x000000001dd02800
RBX=0x0000000000000007 is an unknown value
RCX=0x0000000000006000 is an unknown value
RDX=0x0000000000000006 is an unknown value
RSP=0x000000001ffcf600 is pointing into the stack for thread: 0x000000001dd02800
RBP=0x0000000000000000 is an unknown value
RSI=0x000000001ffcf600 is pointing into the stack for thread: 0x000000001dd02800
RDI=0x0000000000000007 is an unknown value
R8 =0x0000000000000006 is an unknown value
R9 =0x000000002105fc80 is an unknown value
R10={method} {0x0000000016dee970} 'run' '()V' in 'java/lang/Thread'
R11=0x000000001feda148 is pointing into the stack for thread: 0x000000001dd02800
R12=0x00000000ffffffff is an unallocated location in the heap
R13=0x000000001dd02800 is a thread
R14=0x000000001dd02800 is a thread
R15={method} {0x0000000016dee970} 'run' '()V' in 'java/lang/Thread'


Stack: [0x000000001fed0000,0x000000001ffd0000],  sp=0x000000001ffcf600,  free space=1021k
Native frames: (J=compiled Java code, j=interpreted, Vv=VM code, C=native code)


---------------  P R O C E S S  ---------------

Java Threads: ( => current thread )
  0x000000001dcfe800 JavaThread "Build operations Thread 4" [_thread_blocked, id=2408, stack(0x0000000022c80000,0x0000000022d80000)]
  0x000000001dcfe000 JavaThread "Build operations Thread 3" [_thread_blocked, id=13356, stack(0x0000000022b80000,0x0000000022c80000)]
  0x000000001dd04000 JavaThread "Build operations Thread 2" [_thread_blocked, id=10712, stack(0x0000000022a80000,0x0000000022b80000)]
=>0x000000001dd02800 JavaThread "Build operations" [_thread_in_vm, id=11760, stack(0x000000001fed0000,0x000000001ffd0000)]
  0x000000001b434000 JavaThread "Cache worker for execution history cache (C:\Users\Chiaki Hata\.gradle\caches\6.1.1\executionHistory)" [_thread_blocked, id=6300, stack(0x000000001f7a0000,0x000000001f8a0000)]
  0x000000001b439000 JavaThread "Cache worker for cache directory md-rule (C:\Users\Chiaki Hata\.gradle\caches\6.1.1\md-rule)" [_thread_blocked, id=4892, stack(0x000000001f6a0000,0x000000001f7a0000)]
  0x000000001b43a800 JavaThread "Cache worker for cache directory md-supplier (C:\Users\Chiaki Hata\.gradle\caches\6.1.1\md-supplier)" [_thread_blocked, id=11412, stack(0x000000001f5a0000,0x000000001f6a0000)]
  0x000000001b437000 JavaThread "Cache worker for file hash cache (C:\work2\TaskApp\.gradle\6.1.1\fileHashes)" [_thread_blocked, id=7348, stack(0x000000001fbd0000,0x000000001fcd0000)]
  0x000000001b438800 JavaThread "Cache worker for checksums cache (C:\work2\TaskApp\.gradle\checksums)" [_thread_blocked, id=7204, stack(0x000000001fad0000,0x000000001fbd0000)]
  0x000000001b437800 JavaThread "Cache worker for file hash cache (C:\Users\Chiaki Hata\.gradle\caches\6.1.1\fileHashes)" [_thread_blocked, id=10924, stack(0x000000001d100000,0x000000001d200000)]
  0x000000001b436000 JavaThread "File lock request listener" [_thread_in_native, id=6116, stack(0x000000001d000000,0x000000001d100000)]
  0x000000001b3b0800 JavaThread "Cache worker for journal cache (C:\Users\Chiaki Hata\.gradle\caches\journal-1)" [_thread_blocked, id=11472, stack(0x000000001cf00000,0x000000001d000000)]
  0x000000001b415000 JavaThread "Thread-9" [_thread_blocked, id=8340, stack(0x000000001cc00000,0x000000001cd00000)]
  0x000000001b410800 JavaThread "Stdin handler" [_thread_blocked, id=12676, stack(0x000000001cb00000,0x000000001cc00000)]
  0x000000001b3f8800 JavaThread "Asynchronous log dispatcher for DefaultDaemonConnection: socket connection from /127.0.0.1:50137 to /127.0.0.1:50138" [_thread_blocked, id=7556, stack(0x000000001ca00000,0x000000001cb00000)]
  0x000000001b2d6800 JavaThread "Daemon worker" [_thread_in_vm, id=13020, stack(0x000000001c900000,0x000000001ca00000)]
  0x000000001b3f2000 JavaThread "Cancel handler" [_thread_blocked, id=13596, stack(0x000000001c800000,0x000000001c900000)]
  0x000000001aef1800 JavaThread "Handler for socket connection from /127.0.0.1:50137 to /127.0.0.1:50138" [_thread_in_native, id=13124, stack(0x000000001c700000,0x000000001c800000)]
  0x000000001aef4800 JavaThread "Daemon" [_thread_blocked, id=10868, stack(0x000000001c400000,0x000000001c500000)]
  0x000000001b113800 JavaThread "Daemon periodic checks" [_thread_blocked, id=276, stack(0x000000001c300000,0x000000001c400000)]
  0x000000001b112800 JavaThread "Incoming local TCP Connector on port 50137" [_thread_in_native, id=8252, stack(0x000000001c120000,0x000000001c220000)]
  0x000000001b39d800 JavaThread "Daemon health stats" [_thread_blocked, id=8064, stack(0x000000001c020000,0x000000001c120000)]
  0x00000000190fe000 JavaThread "Service Thread" daemon [_thread_blocked, id=1460, stack(0x0000000019480000,0x0000000019580000)]
  0x00000000177b9800 JavaThread "C1 CompilerThread2" daemon [_thread_in_native, id=9976, stack(0x0000000018f80000,0x0000000019080000)]
  0x00000000177b6000 JavaThread "C2 CompilerThread1" daemon [_thread_in_native, id=11460, stack(0x0000000018e80000,0x0000000018f80000)]
  0x000000001776e800 JavaThread "C2 CompilerThread0" daemon [_thread_blocked, id=4964, stack(0x0000000018d80000,0x0000000018e80000)]
  0x000000001776d800 JavaThread "Attach Listener" daemon [_thread_blocked, id=376, stack(0x0000000018c80000,0x0000000018d80000)]
  0x0000000017758000 JavaThread "Signal Dispatcher" daemon [_thread_blocked, id=1240, stack(0x0000000018b80000,0x0000000018c80000)]
  0x0000000002b3c800 JavaThread "Finalizer" daemon [_thread_blocked, id=8504, stack(0x00000000189e0000,0x0000000018ae0000)]
  0x0000000017749800 JavaThread "Reference Handler" daemon [_thread_blocked, id=9612, stack(0x00000000188e0000,0x00000000189e0000)]
  0x00000000026be000 JavaThread "main" [_thread_blocked, id=11580, stack(0x0000000002530000,0x0000000002630000)]

Other Threads:
  0x0000000017726000 VMThread [stack: 0x00000000187e0000,0x00000000188e0000] [id=8360]
  0x0000000019102800 WatcherThread [stack: 0x0000000019580000,0x0000000019680000] [id=3160]

VM state:not at safepoint (normal execution)

VM Mutex/Monitor currently owned by a thread: None

heap address: 0x0000000080000000, size: 2048 MB, Compressed Oops mode: 32-bit
Narrow klass base: 0x0000000000000000, Narrow klass shift: 3
Compressed class space size: 1073741824 Address: 0x0000000100000000

Heap:
 PSYoungGen      total 272896K, used 30511K [0x00000000d5580000, 0x00000000ee580000, 0x0000000100000000)
  eden space 257024K, 11% used [0x00000000d5580000,0x00000000d734bc80,0x00000000e5080000)
  from space 15872K, 0% used [0x00000000e5080000,0x00000000e5080000,0x00000000e6000000)
  to   space 15872K, 0% used [0x00000000ed600000,0x00000000ed600000,0x00000000ee580000)
 ParOldGen       total 57344K, used 16348K [0x0000000080000000, 0x0000000083800000, 0x00000000d5580000)
  object space 57344K, 28% used [0x0000000080000000,0x0000000080ff71b8,0x0000000083800000)
 Metaspace       used 35412K, capacity 36592K, committed 36656K, reserved 1081344K
  class space    used 4854K, capacity 5143K, committed 5168K, reserved 1048576K

Card table byte_map: [0x0000000011f00000,0x0000000012310000] byte_map_base: 0x0000000011b00000

Marking Bits: (ParMarkBitMap*) 0x00000000655bf030
 Begin Bits: [0x00000000129c0000, 0x00000000149c0000)
 End Bits:   [0x00000000149c0000, 0x00000000169c0000)

Polling page: 0x0000000000cd0000

CodeCache: size=245760Kb used=11908Kb max_used=11908Kb free=233852Kb
 bounds [0x0000000002b40000, 0x00000000036f0000, 0x0000000011b40000]
 total_blobs=4085 nmethods=3381 adapters=615
 compilation: enabled

Compilation events (10 events):
Event: 4.026 Thread 0x00000000177b9800 3199       3       org.gradle.internal.snapshot.impl.AbstractIsolatableScalarValue::isolate (5 bytes)
Event: 4.026 Thread 0x00000000177b9800 nmethod 3199 0x000000000367e4d0 code [0x000000000367e640, 0x000000000367e848]
Event: 4.026 Thread 0x00000000177b9800 3202       3       org.gradle.api.internal.attributes.DefaultImmutableAttributes::findEntry (37 bytes)
Event: 4.026 Thread 0x00000000177b9800 nmethod 3202 0x000000000367e8d0 code [0x000000000367ea40, 0x000000000367ede8]
Event: 4.026 Thread 0x00000000177b9800 3203       3       org.gradle.api.internal.attributes.DefaultImmutableAttributes::findEntry (24 bytes)
Event: 4.026 Thread 0x00000000177b9800 nmethod 3203 0x000000000367eed0 code [0x000000000367f040, 0x000000000367f388]
Event: 4.026 Thread 0x00000000177b9800 3201       1       org.gradle.api.internal.attributes.AttributeValue$1::isPresent (2 bytes)
Event: 4.027 Thread 0x00000000177b9800 nmethod 3201 0x0000000003676e10 code [0x0000000003676f60, 0x0000000003677070]
Event: 4.029 Thread 0x00000000177b6000 nmethod 3192 0x0000000003682b50 code [0x0000000003682ce0, 0x0000000003683798]
Event: 4.029 Thread 0x00000000177b6000 3204       4       jdk.internal.org.objectweb.asm.ClassWriter::newUTF8 (70 bytes)

GC Heap History (10 events):
Event: 2.286 GC heap before
{Heap before GC invocations=5 (full 0):
 PSYoungGen      total 136192K, used 11981K [0x00000000d5580000, 0x00000000ddf80000, 0x0000000100000000)
  eden space 131072K, 5% used [0x00000000d5580000,0x00000000d5c34db0,0x00000000dd580000)
  from space 5120K, 99% used [0x00000000dda80000,0x00000000ddf7e680,0x00000000ddf80000)
  to   space 5120K, 0% used [0x00000000dd580000,0x00000000dd580000,0x00000000dda80000)
 ParOldGen       total 86016K, used 11208K [0x0000000080000000, 0x0000000085400000, 0x00000000d5580000)
  object space 86016K, 13% used [0x0000000080000000,0x0000000080af2160,0x0000000085400000)
 Metaspace       used 20592K, capacity 21240K, committed 21296K, reserved 1067008K
  class space    used 2877K, capacity 3088K, committed 3120K, reserved 1048576K
Event: 2.292 GC heap after
Heap after GC invocations=5 (full 0):
 PSYoungGen      total 136192K, used 5097K [0x00000000d5580000, 0x00000000e6f80000, 0x0000000100000000)
  eden space 131072K, 0% used [0x00000000d5580000,0x00000000d5580000,0x00000000dd580000)
  from space 5120K, 99% used [0x00000000dd580000,0x00000000dda7a650,0x00000000dda80000)
  to   space 13312K, 0% used [0x00000000e6280000,0x00000000e6280000,0x00000000e6f80000)
 ParOldGen       total 86016K, used 11695K [0x0000000080000000, 0x0000000085400000, 0x00000000d5580000)
  object space 86016K, 13% used [0x0000000080000000,0x0000000080b6bfd0,0x0000000085400000)
 Metaspace       used 20592K, capacity 21240K, committed 21296K, reserved 1067008K
  class space    used 2877K, capacity 3088K, committed 3120K, reserved 1048576K
}
Event: 2.292 GC heap before
{Heap before GC invocations=6 (full 1):
 PSYoungGen      total 136192K, used 5097K [0x00000000d5580000, 0x00000000e6f80000, 0x0000000100000000)
  eden space 131072K, 0% used [0x00000000d5580000,0x00000000d5580000,0x00000000dd580000)
  from space 5120K, 99% used [0x00000000dd580000,0x00000000dda7a650,0x00000000dda80000)
  to   space 13312K, 0% used [0x00000000e6280000,0x00000000e6280000,0x00000000e6f80000)
 ParOldGen       total 86016K, used 11695K [0x0000000080000000, 0x0000000085400000, 0x00000000d5580000)
  object space 86016K, 13% used [0x0000000080000000,0x0000000080b6bfd0,0x0000000085400000)
 Metaspace       used 20592K, capacity 21240K, committed 21296K, reserved 1067008K
  class space    used 2877K, capacity 3088K, committed 3120K, reserved 1048576K
Event: 2.326 GC heap after
Heap after GC invocations=6 (full 1):
 PSYoungGen      total 136192K, used 0K [0x00000000d5580000, 0x00000000e6f80000, 0x0000000100000000)
  eden space 131072K, 0% used [0x00000000d5580000,0x00000000d5580000,0x00000000dd580000)
  from space 5120K, 0% used [0x00000000dd580000,0x00000000dd580000,0x00000000dda80000)
  to   space 13312K, 0% used [0x00000000e6280000,0x00000000e6280000,0x00000000e6f80000)
 ParOldGen       total 57344K, used 7485K [0x0000000080000000, 0x0000000083800000, 0x00000000d5580000)
  object space 57344K, 13% used [0x0000000080000000,0x000000008074f5c8,0x0000000083800000)
 Metaspace       used 20592K, capacity 21240K, committed 21296K, reserved 1067008K
  class space    used 2877K, capacity 3088K, committed 3120K, reserved 1048576K
}
Event: 3.339 GC heap before
{Heap before GC invocations=7 (full 1):
 PSYoungGen      total 136192K, used 131072K [0x00000000d5580000, 0x00000000e6f80000, 0x0000000100000000)
  eden space 131072K, 100% used [0x00000000d5580000,0x00000000dd580000,0x00000000dd580000)
  from space 5120K, 0% used [0x00000000dd580000,0x00000000dd580000,0x00000000dda80000)
  to   space 13312K, 0% used [0x00000000e6280000,0x00000000e6280000,0x00000000e6f80000)
 ParOldGen       total 57344K, used 7485K [0x0000000080000000, 0x0000000083800000, 0x00000000d5580000)
  object space 57344K, 13% used [0x0000000080000000,0x000000008074f5c8,0x0000000083800000)
 Metaspace       used 31983K, capacity 32764K, committed 33072K, reserved 1077248K
  class space    used 4356K, capacity 4578K, committed 4656K, reserved 1048576K
Event: 3.352 GC heap after
Heap after GC invocations=7 (full 1):
 PSYoungGen      total 234496K, used 13283K [0x00000000d5580000, 0x00000000e6f80000, 0x0000000100000000)
  eden space 221184K, 0% used [0x00000000d5580000,0x00000000d5580000,0x00000000e2d80000)
  from space 13312K, 99% used [0x00000000e6280000,0x00000000e6f78d68,0x00000000e6f80000)
  to   space 15872K, 0% used [0x00000000e5080000,0x00000000e5080000,0x00000000e6000000)
 ParOldGen       total 57344K, used 7582K [0x0000000080000000, 0x0000000083800000, 0x00000000d5580000)
  object space 57344K, 13% used [0x0000000080000000,0x0000000080767b60,0x0000000083800000)
 Metaspace       used 31983K, capacity 32764K, committed 33072K, reserved 1077248K
  class space    used 4356K, capacity 4578K, committed 4656K, reserved 1048576K
}
Event: 3.691 GC heap before
{Heap before GC invocations=8 (full 1):
 PSYoungGen      total 234496K, used 65697K [0x00000000d5580000, 0x00000000e6f80000, 0x0000000100000000)
  eden space 221184K, 23% used [0x00000000d5580000,0x00000000d88af908,0x00000000e2d80000)
  from space 13312K, 99% used [0x00000000e6280000,0x00000000e6f78d68,0x00000000e6f80000)
  to   space 15872K, 0% used [0x00000000e5080000,0x00000000e5080000,0x00000000e6000000)
 ParOldGen       total 57344K, used 7582K [0x0000000080000000, 0x0000000083800000, 0x00000000d5580000)
  object space 57344K, 13% used [0x0000000080000000,0x0000000080767b60,0x0000000083800000)
 Metaspace       used 34514K, capacity 35386K, committed 35496K, reserved 1079296K
  class space    used 4728K, capacity 4970K, committed 5040K, reserved 1048576K
Event: 3.707 GC heap after
Heap after GC invocations=8 (full 1):
 PSYoungGen      total 272896K, used 9588K [0x00000000d5580000, 0x00000000ee580000, 0x0000000100000000)
  eden space 257024K, 0% used [0x00000000d5580000,0x00000000d5580000,0x00000000e5080000)
  from space 15872K, 60% used [0x00000000e5080000,0x00000000e59dd340,0x00000000e6000000)
  to   space 15872K, 0% used [0x00000000ed600000,0x00000000ed600000,0x00000000ee580000)
 ParOldGen       total 57344K, used 7590K [0x0000000080000000, 0x0000000083800000, 0x00000000d5580000)
  object space 57344K, 13% used [0x0000000080000000,0x0000000080769b60,0x0000000083800000)
 Metaspace       used 34514K, capacity 35386K, committed 35496K, reserved 1079296K
  class space    used 4728K, capacity 4970K, committed 5040K, reserved 1048576K
}
Event: 3.707 GC heap before
{Heap before GC invocations=9 (full 2):
 PSYoungGen      total 272896K, used 9588K [0x00000000d5580000, 0x00000000ee580000, 0x0000000100000000)
  eden space 257024K, 0% used [0x00000000d5580000,0x00000000d5580000,0x00000000e5080000)
  from space 15872K, 60% used [0x00000000e5080000,0x00000000e59dd340,0x00000000e6000000)
  to   space 15872K, 0% used [0x00000000ed600000,0x00000000ed600000,0x00000000ee580000)
 ParOldGen       total 57344K, used 7590K [0x0000000080000000, 0x0000000083800000, 0x00000000d5580000)
  object space 57344K, 13% used [0x0000000080000000,0x0000000080769b60,0x0000000083800000)
 Metaspace       used 34514K, capacity 35386K, committed 35496K, reserved 1079296K
  class space    used 4728K, capacity 4970K, committed 5040K, reserved 1048576K
Event: 3.794 GC heap after
Heap after GC invocations=9 (full 2):
 PSYoungGen      total 272896K, used 0K [0x00000000d5580000, 0x00000000ee580000, 0x0000000100000000)
  eden space 257024K, 0% used [0x00000000d5580000,0x00000000d5580000,0x00000000e5080000)
  from space 15872K, 0% used [0x00000000e5080000,0x00000000e5080000,0x00000000e6000000)
  to   space 15872K, 0% used [0x00000000ed600000,0x00000000ed600000,0x00000000ee580000)
 ParOldGen       total 57344K, used 16348K [0x0000000080000000, 0x0000000083800000, 0x00000000d5580000)
  object space 57344K, 28% used [0x0000000080000000,0x0000000080ff71b8,0x0000000083800000)
 Metaspace       used 34514K, capacity 35386K, committed 35496K, reserved 1079296K
  class space    used 4728K, capacity 4970K, committed 5040K, reserved 1048576K
}

Deoptimization events (10 events):
Event: 3.038 Thread 0x000000001b2d6800 Uncommon trap: reason=unstable_if action=reinterpret pc=0x0000000002e703cc method=java.util.HashMap.getNode(ILjava/lang/Object;)Ljava/util/HashMap$Node; @ 53
Event: 3.038 Thread 0x000000001b2d6800 Uncommon trap: reason=unstable_if action=reinterpret pc=0x0000000003025d78 method=java.util.HashMap.hash(Ljava/lang/Object;)I @ 1
Event: 3.120 Thread 0x000000001b2d6800 Uncommon trap: reason=unstable_if action=reinterpret pc=0x00000000034236f8 method=org.gradle.internal.reflect.PropertyAccessorType.isGetGetterName(Ljava/lang/String;)Z @ 14
Event: 3.142 Thread 0x000000001b2d6800 Uncommon trap: reason=unstable_if action=reinterpret pc=0x00000000032afe40 method=org.objectweb.asm.ByteVector.putShort(I)Lorg/objectweb/asm/ByteVector; @ 13
Event: 3.207 Thread 0x000000001b2d6800 Uncommon trap: reason=class_check action=maybe_recompile pc=0x00000000032690d0 method=sun.misc.URLClassPath.getLoader(I)Lsun/misc/URLClassPath$Loader; @ 94
Event: 3.211 Thread 0x000000001b2d6800 Uncommon trap: reason=class_check action=maybe_recompile pc=0x000000000327352c method=sun.misc.URLClassPath.getLoader(I)Lsun/misc/URLClassPath$Loader; @ 239
Event: 3.479 Thread 0x000000001b2d6800 Uncommon trap: reason=unstable_if action=reinterpret pc=0x0000000002e1ae98 method=java.net.URI.match(CJJ)Z @ 45
Event: 3.481 Thread 0x000000001b2d6800 Uncommon trap: reason=unstable_if action=reinterpret pc=0x0000000002d15820 method=java.net.URI.match(CJJ)Z @ 45
Event: 3.539 Thread 0x000000001b2d6800 Uncommon trap: reason=unstable_if action=reinterpret pc=0x0000000002d16de0 method=java.net.URI.match(CJJ)Z @ 45
Event: 3.625 Thread 0x000000001b2d6800 Uncommon trap: reason=unstable_if action=reinterpret pc=0x00000000034331bc method=jdk.internal.org.objectweb.asm.Type.getArgumentsAndReturnSizes(Ljava/lang/String;)I @ 88

Classes redefined (0 events):
No events

Internal exceptions (10 events):
Event: 3.464 Thread 0x000000001b2d6800 Exception <a 'java/lang/ClassNotFoundException': groovy/lang/GStringBeanInfo> (0x00000000d64b6828) thrown at [C:\src\AOSP-openjdk-git\hotspot\src\share\vm\classfile\systemDictionary.cpp, line 210]
Event: 3.465 Thread 0x000000001b2d6800 Exception <a 'java/lang/ClassNotFoundException': groovy/lang/GStringCustomizer> (0x00000000d64d93c0) thrown at [C:\src\AOSP-openjdk-git\hotspot\src\share\vm\classfile\systemDictionary.cpp, line 210]
Event: 3.466 Thread 0x000000001b2d6800 Exception <a 'java/lang/ClassNotFoundException': groovy/lang/GString$1Customizer> (0x00000000d6508410) thrown at [C:\src\AOSP-openjdk-git\hotspot\src\share\vm\classfile\systemDictionary.cpp, line 210]
Event: 3.471 Thread 0x000000001b2d6800 Exception <a 'java/lang/ClassNotFoundException': org/codehaus/groovy/runtime/GStringImplBeanInfo> (0x00000000d661b488) thrown at [C:\src\AOSP-openjdk-git\hotspot\src\share\vm\classfile\systemDictionary.cpp, line 210]
Event: 3.472 Thread 0x000000001b2d6800 Exception <a 'java/lang/ClassNotFoundException': org/codehaus/groovy/runtime/GStringImplCustomizer> (0x00000000d6648570) thrown at [C:\src\AOSP-openjdk-git\hotspot\src\share\vm\classfile\systemDictionary.cpp, line 210]
Event: 3.623 Thread 0x000000001b2d6800 Exception <a 'java/lang/IncompatibleClassChangeError': Found class java.lang.Object, but interface was expected> (0x00000000d7fe6ad0) thrown at [C:\src\AOSP-openjdk-git\hotspot\src\share\vm\interpreter\linkResolver.cpp, line 653]
Event: 3.624 Thread 0x000000001b2d6800 Exception <a 'java/lang/NoSuchMethodError': java.lang.Object.lambda$comparing$77a9974f$1(Ljava/util/function/Function;Ljava/lang/Object;Ljava/lang/Object;)I> (0x00000000d7ff2030) thrown at [C:\src\AOSP-openjdk-git\hotspot\src\share\vm\interpreter\linkReso
Event: 3.626 Thread 0x000000001b2d6800 Exception <a 'java/lang/NoSuchMethodError': java.lang.Object.lambda$thenComparing$36697e65$1(Ljava/util/Comparator;Ljava/lang/Object;Ljava/lang/Object;)I> (0x00000000d8006258) thrown at [C:\src\AOSP-openjdk-git\hotspot\src\share\vm\interpreter\linkResolve
Event: 3.628 Thread 0x000000001b2d6800 Exception <a 'java/lang/NoSuchMethodError': java.lang.Object.lambda$comparing$ea9a8b3a$1(Ljava/util/Comparator;Ljava/util/function/Function;Ljava/lang/Object;Ljava/lang/Object;)I> (0x00000000d801d468) thrown at [C:\src\AOSP-openjdk-git\hotspot\src\share\v
Event: 4.027 Thread 0x000000001b2d6800 Exception <a 'java/lang/NoSuchMethodError': java.lang.Object.lambda$static$0(Lorg/gradle/api/internal/artifacts/ivyservice/resolveengine/artifact/ArtifactVisitor;)V> (0x00000000d688c600) thrown at [C:\src\AOSP-openjdk-git\hotspot\src\share\vm\interpreter\

Events (10 events):
Event: 4.035 loading class org/gradle/internal/operations/DefaultBuildOperationQueue$QueueState
Event: 4.035 loading class org/gradle/internal/operations/DefaultBuildOperationQueue$QueueState done
Event: 4.035 loading class org/gradle/api/internal/artifacts/ivyservice/resolveengine/artifact/ParallelResolveArtifactSet$VisitingSet$AsyncArtifactListenerAdapter
Event: 4.035 loading class org/gradle/api/internal/artifacts/ivyservice/resolveengine/artifact/ParallelResolveArtifactSet$VisitingSet$AsyncArtifactListenerAdapter done
Event: 4.036 loading class org/gradle/api/internal/artifacts/ivyservice/resolveengine/artifact/ArtifactBackedResolvedVariant$DownloadArtifactFile
Event: 4.036 loading class org/gradle/api/internal/artifacts/ivyservice/resolveengine/artifact/ArtifactBackedResolvedVariant$DownloadArtifactFile done
Event: 4.036 loading class org/gradle/internal/operations/DefaultBuildOperationQueue$WorkerRunnable
Event: 4.037 loading class org/gradle/internal/operations/DefaultBuildOperationQueue$WorkerRunnable done
Event: 4.037 Thread 0x000000001dd02800 Thread added: 0x000000001dd02800
Event: 4.037 Thread 0x000000001dd04000 Thread added: 0x000000001dd04000


Dynamic libraries:
0x00007ff70c820000 - 0x00007ff70c851000 	C:\Program Files\Android\Android Studio\jre\bin\java.exe
0x00007ff9560b0000 - 0x00007ff9562a6000 	C:\WINDOWS\SYSTEM32\ntdll.dll
0x00007ff955d00000 - 0x00007ff955dbd000 	C:\WINDOWS\System32\KERNEL32.DLL
0x00007ff953920000 - 0x00007ff953be9000 	C:\WINDOWS\System32\KERNELBASE.dll
0x00007ff9559b0000 - 0x00007ff955a5c000 	C:\WINDOWS\System32\ADVAPI32.dll
0x00007ff954b60000 - 0x00007ff954bfe000 	C:\WINDOWS\System32\msvcrt.dll
0x00007ff9550c0000 - 0x00007ff95515c000 	C:\WINDOWS\System32\sechost.dll
0x00007ff954f90000 - 0x00007ff9550bb000 	C:\WINDOWS\System32\RPCRT4.dll
0x00007ff955dc0000 - 0x00007ff955f60000 	C:\WINDOWS\System32\USER32.dll
0x00007ff953e40000 - 0x00007ff953e62000 	C:\WINDOWS\System32\win32u.dll
0x00007ff955a60000 - 0x00007ff955a8a000 	C:\WINDOWS\System32\GDI32.dll
0x00007ff953fa0000 - 0x00007ff9540ab000 	C:\WINDOWS\System32\gdi32full.dll
0x00007ff953da0000 - 0x00007ff953e3d000 	C:\WINDOWS\System32\msvcp_win.dll
0x00007ff953820000 - 0x00007ff953920000 	C:\WINDOWS\System32\ucrtbase.dll
0x00007ff942bf0000 - 0x00007ff942e8b000 	C:\WINDOWS\WinSxS\amd64_microsoft.windows.common-controls_6595b64144ccf1df_6.0.19041.746_none_ca02b4b61b8320a4\COMCTL32.dll
0x00007ff954db0000 - 0x00007ff954de0000 	C:\WINDOWS\System32\IMM32.DLL
0x0000000064d10000 - 0x0000000064de2000 	C:\Program Files\Android\Android Studio\jre\jre\bin\msvcr100.dll
0x0000000064df0000 - 0x000000006563b000 	C:\Program Files\Android\Android Studio\jre\jre\bin\server\jvm.dll
0x00007ff955c10000 - 0x00007ff955c18000 	C:\WINDOWS\System32\PSAPI.DLL
0x00007ff9339f0000 - 0x00007ff9339f9000 	C:\WINDOWS\SYSTEM32\WSOCK32.dll
0x00007ff9431b0000 - 0x00007ff9431d7000 	C:\WINDOWS\SYSTEM32\WINMM.dll
0x00007ff955ba0000 - 0x00007ff955c0b000 	C:\WINDOWS\System32\WS2_32.dll
0x00007ff94bc50000 - 0x00007ff94bc5a000 	C:\WINDOWS\SYSTEM32\VERSION.dll
0x00007ff94f480000 - 0x00007ff94f48f000 	C:\Program Files\Android\Android Studio\jre\jre\bin\verify.dll
0x00007ff928780000 - 0x00007ff9287a9000 	C:\Program Files\Android\Android Studio\jre\jre\bin\java.dll
0x00007ff93c7b0000 - 0x00007ff93c7c6000 	C:\Program Files\Android\Android Studio\jre\jre\bin\zip.dll
0x00007ff954410000 - 0x00007ff954b52000 	C:\WINDOWS\System32\SHELL32.dll
0x00007ff951940000 - 0x00007ff9520d0000 	C:\WINDOWS\SYSTEM32\windows.storage.dll
0x00007ff955630000 - 0x00007ff955986000 	C:\WINDOWS\System32\combase.dll
0x00007ff953250000 - 0x00007ff95327c000 	C:\WINDOWS\SYSTEM32\Wldp.dll
0x00007ff955a90000 - 0x00007ff955b3e000 	C:\WINDOWS\System32\SHCORE.dll
0x00007ff9555d0000 - 0x00007ff955625000 	C:\WINDOWS\System32\shlwapi.dll
0x00007ff953720000 - 0x00007ff953746000 	C:\WINDOWS\SYSTEM32\profapi.dll
0x00007ff937ce0000 - 0x00007ff937cfa000 	C:\Program Files\Android\Android Studio\jre\jre\bin\net.dll
0x00007ff952fd0000 - 0x00007ff95303a000 	C:\WINDOWS\system32\mswsock.dll
0x00007ff92c3b0000 - 0x00007ff92c3c3000 	C:\Program Files\Android\Android Studio\jre\jre\bin\nio.dll
0x00007ff93ea20000 - 0x00007ff93ea46000 	C:\Users\Chiaki Hata\.gradle\native\31\windows-amd64\native-platform.dll
0x00007ff94edc0000 - 0x00007ff94edcd000 	C:\Program Files\Android\Android Studio\jre\jre\bin\management.dll
0x00007ff9531b0000 - 0x00007ff9531c8000 	C:\WINDOWS\SYSTEM32\CRYPTSP.dll
0x00007ff952900000 - 0x00007ff952934000 	C:\WINDOWS\system32\rsaenh.dll
0x00007ff9537f0000 - 0x00007ff953817000 	C:\WINDOWS\System32\bcrypt.dll
0x00007ff9536e0000 - 0x00007ff95370e000 	C:\WINDOWS\SYSTEM32\USERENV.dll
0x00007ff953e70000 - 0x00007ff953ef0000 	C:\WINDOWS\System32\bcryptprimitives.dll
0x00007ff9531a0000 - 0x00007ff9531ac000 	C:\WINDOWS\SYSTEM32\CRYPTBASE.dll
0x00007ff952c70000 - 0x00007ff952cab000 	C:\WINDOWS\SYSTEM32\IPHLPAPI.DLL
0x00007ff954400000 - 0x00007ff954408000 	C:\WINDOWS\System32\NSI.dll
0x00007ff945090000 - 0x00007ff9450a7000 	C:\WINDOWS\SYSTEM32\dhcpcsvc6.DLL
0x00007ff948200000 - 0x00007ff94821d000 	C:\WINDOWS\SYSTEM32\dhcpcsvc.DLL
0x00007ff952cb0000 - 0x00007ff952d7b000 	C:\WINDOWS\SYSTEM32\DNSAPI.dll

VM Arguments:
jvm_args: -Xmx2048m -Dfile.encoding=windows-31j -Duser.country=JP -Duser.language=ja -Duser.variant 
java_command: org.gradle.launcher.daemon.bootstrap.GradleDaemon 6.1.1
java_class_path (initial): C:\Users\Chiaki Hata\.gradle\wrapper\dists\gradle-6.1.1-all\cfmwm155h49vnt3hynmlrsdst\gradle-6.1.1\lib\gradle-launcher-6.1.1.jar
Launcher Type: SUN_STANDARD

Environment Variables:
JAVA_HOME=C:\Program Files\java\jdk1.7.0_80
PATH=C:\WINDOWS\system32;C:\WINDOWS;C:\WINDOWS\System32\Wbem;C:\WINDOWS\System32\WindowsPowerShell\v1.0\;C:\WINDOWS\System32\OpenSSH\;C:\Program Files\java\jdk1.7.0_80\bin;C:\Program Files\Intel\WiFi\bin\;C:\Program Files\Common Files\Intel\WirelessCommon\;C:\Program Files\MariaDB 10.1\bin;C:\Users\Chiaki Hata\AppData\Local\Microsoft\WindowsApps;C:\Users\Chiaki Hata\AppData\Local\Programs\Git\cmd;
USERNAME=Chiaki Hata
OS=Windows_NT
PROCESSOR_IDENTIFIER=Intel64 Family 6 Model 142 Stepping 12, GenuineIntel



---------------  S Y S T E M  ---------------

OS: Windows 10.0 , 64 bit Build 19041 (10.0.19041.804)

CPU:total 4 (initial active 4) (2 cores per cpu, 2 threads per core) family 6 model 142 stepping 12, cmov, cx8, fxsr, mmx, sse, sse2, sse3, ssse3, sse4.1, sse4.2, popcnt, avx, avx2, aes, clmul, erms, 3dnowpref, lzcnt, ht, tsc, tscinvbit, bmi1, bmi2, adx

Memory: 4k page, physical 8164132k(2196880k free), swap 8164132k(3064k free)

vm_info: OpenJDK 64-Bit Server VM (25.242-b01) for windows-amd64 JRE (1.8.0_242-release-1644-b01), built by "builder" with MS VC++ 10.0 (VS2010)

time: Thu Feb 18 08:58:27 2021
timezone: ìåãû (ïWèÄéû)
elapsed time: 4 seconds (0d 0h 0m 4s)

