#
# There is insufficient memory for the Java Runtime Environment to continue.
# Native memory allocation (malloc) failed to allocate 1032016 bytes for Chunk::new
# Possible reasons:
#   The system is out of physical RAM or swap space
#   The process is running with CompressedOops enabled, and the Java Heap may be blocking the growth of the native heap
# Possible solutions:
#   Reduce memory load on the system
#   Increase physical memory or swap space
#   Check if swap backing store is full
#   Decrease Java heap size (-Xmx/-Xms)
#   Decrease number of Java threads
#   Decrease Java thread stack sizes (-Xss)
#   Set larger code cache with -XX:ReservedCodeCacheSize=
#   JVM is running with Unscaled Compressed Oops mode in which the Java heap is
#     placed in the first 4GB address space. The Java Heap base address is the
#     maximum limit for the native heap growth. Please use -XX:HeapBaseMinAddress
#     to set the Java Heap base and to place the Java Heap above 4GB virtual address.
# This output file may be truncated or incomplete.
#
#  Out of Memory Error (allocation.cpp:389), pid=2596, tid=0x0000000000000cf4
#
# JRE version: OpenJDK Runtime Environment (8.0_242-b01) (build 1.8.0_242-release-1644-b01)
# Java VM: OpenJDK 64-Bit Server VM (25.242-b01 mixed mode windows-amd64 compressed oops)
# Failed to write core dump. Minidumps are not enabled by default on client versions of Windows
#

---------------  T H R E A D  ---------------

Current thread (0x00000000181de000):  JavaThread "C2 CompilerThread0" daemon [_thread_in_native, id=3316, stack(0x0000000019780000,0x0000000019880000)]

Stack: [0x0000000019780000,0x0000000019880000]
[error occurred during error reporting (printing stack bounds), id 0xc0000005]

Native frames: (J=compiled Java code, j=interpreted, Vv=VM code, C=native code)


Current CompileTask:
C2: 555429 21514       4       org.gradle.api.internal.artifacts.ivyservice.resolveengine.graph.builder.DependencyGraphBuilder::resolveEdges (43 bytes)


---------------  P R O C E S S  ---------------

Java Threads: ( => current thread )
  0x00000000230ae000 JavaThread "Cache worker for Build Output Cleanup Cache (C:\work2\TaskApp\.gradle\buildOutputCleanup)" [_thread_blocked, id=960, stack(0x0000000027220000,0x0000000027320000)]
  0x00000000230b4800 JavaThread "pool-19-thread-1" [_thread_blocked, id=3880, stack(0x0000000026450000,0x0000000026550000)]
  0x00000000230b1000 JavaThread "Build operations Thread 4" [_thread_blocked, id=8108, stack(0x0000000025080000,0x0000000025180000)]
  0x00000000230ad000 JavaThread "Build operations Thread 3" [_thread_blocked, id=9068, stack(0x0000000023ec0000,0x0000000023fc0000)]
  0x00000000230b4000 JavaThread "Build operations Thread 2" [_thread_blocked, id=3960, stack(0x00000000229b0000,0x0000000022ab0000)]
  0x00000000230b1800 JavaThread "Build operations" [_thread_blocked, id=11184, stack(0x00000000226b0000,0x00000000227b0000)]
  0x00000000230af800 JavaThread "Cache worker for cache directory md-rule (C:\Users\Chiaki Hata\.gradle\caches\6.1.1\md-rule)" [_thread_blocked, id=5608, stack(0x00000000223b0000,0x00000000224b0000)]
  0x00000000230b2800 JavaThread "Cache worker for cache directory md-supplier (C:\Users\Chiaki Hata\.gradle\caches\6.1.1\md-supplier)" [_thread_blocked, id=3976, stack(0x0000000021610000,0x0000000021710000)]
  0x00000000230b0000 JavaThread "Cache worker for file hash cache (C:\work2\TaskApp\.gradle\6.1.1\fileHashes)" [_thread_blocked, id=8132, stack(0x0000000021510000,0x0000000021610000)]
  0x00000000230b3000 JavaThread "Cache worker for checksums cache (C:\work2\TaskApp\.gradle\checksums)" [_thread_blocked, id=1324, stack(0x000000001d420000,0x000000001d520000)]
  0x000000001bc80000 JavaThread "Thread-233" [_thread_blocked, id=9448, stack(0x000000001d320000,0x000000001d420000)]
  0x000000001bc74000 JavaThread "Stdin handler" [_thread_blocked, id=11340, stack(0x000000001d220000,0x000000001d320000)]
  0x000000001bc77000 JavaThread "Asynchronous log dispatcher for DefaultDaemonConnection: socket connection from /127.0.0.1:61712 to /127.0.0.1:62102" [_thread_blocked, id=10432, stack(0x000000001d120000,0x000000001d220000)]
  0x000000001bc75800 JavaThread "Daemon worker Thread 5" [_thread_in_vm, id=10512, stack(0x000000001ce20000,0x000000001cf20000)]
  0x000000001bc73000 JavaThread "Cancel handler" [_thread_blocked, id=8980, stack(0x0000000001600000,0x0000000001700000)]
  0x000000001bc78000 JavaThread "Handler for socket connection from /127.0.0.1:61712 to /127.0.0.1:62102" [_thread_in_native, id=6996, stack(0x0000000001500000,0x0000000001600000)]
  0x000000001bc72800 JavaThread "Daemon Thread 5" [_thread_blocked, id=4936, stack(0x0000000001400000,0x0000000001500000)]
  0x000000001ab13000 JavaThread "Cache worker for Java compile cache (C:\Users\Chiaki Hata\.gradle\caches\6.1.1\javaCompile)" [_thread_blocked, id=9296, stack(0x0000000027eb0000,0x0000000027fb0000)]
  0x000000001ab11800 JavaThread "RMI Reaper" [_thread_blocked, id=3548, stack(0x0000000027a20000,0x0000000027b20000)]
  0x000000001ab11000 JavaThread "RMI TCP Accept-0" daemon [_thread_in_native, id=7108, stack(0x0000000027920000,0x0000000027a20000)]
  0x000000001bc7e000 JavaThread "GC Daemon" daemon [_thread_blocked, id=10040, stack(0x0000000027820000,0x0000000027920000)]
  0x000000001bc74800 JavaThread "RMI Scheduler(0)" daemon [_thread_blocked, id=2532, stack(0x0000000026e50000,0x0000000026f50000)]
  0x000000001bc79800 JavaThread "Cache worker for file content cache (C:\Users\Chiaki Hata\.gradle\caches\6.1.1\fileContent)" [_thread_blocked, id=6028, stack(0x0000000024f80000,0x0000000025080000)]
  0x000000001bc71800 JavaThread "Memory manager" [_thread_blocked, id=11160, stack(0x00000000249c0000,0x0000000024ac0000)]
  0x000000001bcc7800 JavaThread "Cache worker for execution history cache (C:\Users\Chiaki Hata\.gradle\caches\6.1.1\executionHistory)" [_thread_blocked, id=6468, stack(0x0000000021410000,0x0000000021510000)]
  0x000000001bccb000 JavaThread "Cache worker for file hash cache (C:\Users\Chiaki Hata\.gradle\caches\6.1.1\fileHashes)" [_thread_blocked, id=4720, stack(0x000000001db20000,0x000000001dc20000)]
  0x000000001bcc6800 JavaThread "File lock request listener" [_thread_in_native, id=11028, stack(0x000000001da20000,0x000000001db20000)]
  0x000000001baef800 JavaThread "Cache worker for journal cache (C:\Users\Chiaki Hata\.gradle\caches\journal-1)" [_thread_blocked, id=10360, stack(0x000000001d920000,0x000000001da20000)]
  0x000000001ba18000 JavaThread "Daemon periodic checks" [_thread_blocked, id=8152, stack(0x000000001cd20000,0x000000001ce20000)]
  0x000000001b9b5000 JavaThread "Incoming local TCP Connector on port 61712" [_thread_in_native, id=10104, stack(0x000000001cb40000,0x000000001cc40000)]
  0x000000001b8b4800 JavaThread "Daemon health stats" [_thread_blocked, id=1296, stack(0x000000001ca20000,0x000000001cb20000)]
  0x00000000199fc800 JavaThread "Service Thread" daemon [_thread_blocked, id=6816, stack(0x0000000019e80000,0x0000000019f80000)]
  0x0000000019982000 JavaThread "C1 CompilerThread2" daemon [_thread_blocked, id=10756, stack(0x0000000019d80000,0x0000000019e80000)]
  0x0000000018191000 JavaThread "C2 CompilerThread1" daemon [_thread_in_native, id=7828, stack(0x0000000019880000,0x0000000019980000)]
=>0x00000000181de000 JavaThread "C2 CompilerThread0" daemon [_thread_in_native, id=3316, stack(0x0000000019780000,0x0000000019880000)]
  0x000000001818a800 JavaThread "Attach Listener" daemon [_thread_blocked, id=7396, stack(0x0000000019680000,0x0000000019780000)]
  0x0000000018177800 JavaThread "Signal Dispatcher" daemon [_thread_blocked, id=9300, stack(0x0000000019580000,0x0000000019680000)]
  0x000000000355c000 JavaThread "Finalizer" daemon [_thread_blocked, id=11240, stack(0x00000000193e0000,0x00000000194e0000)]
  0x0000000018169000 JavaThread "Reference Handler" daemon [_thread_blocked, id=9476, stack(0x00000000192e0000,0x00000000193e0000)]
  0x0000000002f6e000 JavaThread "main" [_thread_blocked, id=1404, stack(0x0000000003360000,0x0000000003460000)]

Other Threads:
  0x0000000018146000 VMThread [stack: 0x00000000191e0000,0x00000000192e0000] [id=10968]
  0x00000000199fd800 WatcherThread [stack: 0x0000000019f80000,0x000000001a080000] [id=9440]

VM state:synchronizing (normal execution)

VM Mutex/Monitor currently owned by a thread:  ([mutex/lock_event])
[0x0000000002f6d2d0] Safepoint_lock - owner thread: 0x0000000018146000
[0x0000000002f6d3d0] Threads_lock - owner thread: 0x0000000018146000

heap address: 0x0000000080000000, size: 2048 MB, Compressed Oops mode: 32-bit
Narrow klass base: 0x0000000000000000, Narrow klass shift: 3
Compressed class space size: 1073741824 Address: 0x0000000100000000

Heap:
 PSYoungGen      total 634880K, used 139683K [0x00000000d5580000, 0x0000000100000000, 0x0000000100000000)
  eden space 586240K, 15% used [0x00000000d5580000,0x00000000dae6fc38,0x00000000f9200000)
  from space 48640K, 99% used [0x00000000fd080000,0x00000000ffff90d8,0x0000000100000000)
  to   space 56320K, 0% used [0x00000000f9200000,0x00000000f9200000,0x00000000fc900000)
 ParOldGen       total 184832K, used 65569K [0x0000000080000000, 0x000000008b480000, 0x00000000d5580000)
  object space 184832K, 35% used [0x0000000080000000,0x0000000084008708,0x000000008b480000)
 Metaspace       used 119321K, capacity 126772K, committed 126872K, reserved 1159168K
  class space    used 15791K, capacity 17060K, committed 17072K, reserved 1048576K

Card table byte_map: [0x0000000012920000,0x0000000012d30000] byte_map_base: 0x0000000012520000

Marking Bits: (ParMarkBitMap*) 0x00000000655bf030
 Begin Bits: [0x00000000133e0000, 0x00000000153e0000)
 End Bits:   [0x00000000153e0000, 0x00000000173e0000)

Polling page: 0x0000000002f70000

CodeCache: size=245760Kb used=59709Kb max_used=59709Kb free=186050Kb
 bounds [0x0000000003560000, 0x0000000007000000, 0x0000000012560000]
 total_blobs=18468 nmethods=17544 adapters=834
 compilation: enabled

Compilation events (10 events):
Event: 555.428 Thread 0x0000000019982000 21612       2       gnu.trove.TObjectCanonicalHashingStrategy::equals (22 bytes)
Event: 555.428 Thread 0x0000000019982000 nmethod 21612 0x0000000006ff9a10 code [0x0000000006ff9b80, 0x0000000006ff9d28]
Event: 555.428 Thread 0x0000000019982000 21614       2       com.amazon.ion.impl.bin.IonRawBinaryWriter$PatchList$1::next (5 bytes)
Event: 555.428 Thread 0x0000000019982000 nmethod 21614 0x0000000006ff9dd0 code [0x0000000006ff9f40, 0x0000000006ffa0a8]
Event: 555.428 Thread 0x0000000019982000 21615       2       com.amazon.ion.impl.bin.IonRawBinaryWriter$PatchList$1::next (36 bytes)
Event: 555.428 Thread 0x0000000019982000 nmethod 21615 0x0000000006ffa150 code [0x0000000006ffa2c0, 0x0000000006ffa508]
Event: 555.428 Thread 0x0000000019982000 21611       2       org.jetbrains.plugins.gradle.tooling.serialization.ToolingStreamApiUtils::writeString (15 bytes)
Event: 555.428 Thread 0x0000000019982000 nmethod 21611 0x0000000006ffa650 code [0x0000000006ffa7c0, 0x0000000006ffa958]
Event: 555.428 Thread 0x0000000019982000 21613       2       org.jetbrains.plugins.gradle.model.DefaultGradleConfiguration::equals (123 bytes)
Event: 555.429 Thread 0x0000000019982000 nmethod 21613 0x0000000006ffaa10 code [0x0000000006ffaba0, 0x0000000006ffae98]

GC Heap History (10 events):
Event: 101.701 GC heap before
{Heap before GC invocations=18 (full 4):
 PSYoungGen      total 421888K, used 370176K [0x00000000d5580000, 0x00000000f7a80000, 0x0000000100000000)
  eden space 370176K, 100% used [0x00000000d5580000,0x00000000ebf00000,0x00000000ebf00000)
  from space 51712K, 0% used [0x00000000ebf00000,0x00000000ebf00000,0x00000000ef180000)
  to   space 49664K, 0% used [0x00000000f4a00000,0x00000000f4a00000,0x00000000f7a80000)
 ParOldGen       total 184832K, used 64714K [0x0000000080000000, 0x000000008b480000, 0x00000000d5580000)
  object space 184832K, 35% used [0x0000000080000000,0x0000000083f32bc8,0x000000008b480000)
 Metaspace       used 88308K, capacity 92614K, committed 93208K, reserved 1130496K
  class space    used 11655K, capacity 12450K, committed 12592K, reserved 1048576K
Event: 101.726 GC heap after
Heap after GC invocations=18 (full 4):
 PSYoungGen      total 510464K, used 33428K [0x00000000d5580000, 0x00000000f8400000, 0x0000000100000000)
  eden space 460800K, 0% used [0x00000000d5580000,0x00000000d5580000,0x00000000f1780000)
  from space 49664K, 67% used [0x00000000f4a00000,0x00000000f6aa5090,0x00000000f7a80000)
  to   space 51712K, 0% used [0x00000000f1780000,0x00000000f1780000,0x00000000f4a00000)
 ParOldGen       total 184832K, used 64722K [0x0000000080000000, 0x000000008b480000, 0x00000000d5580000)
  object space 184832K, 35% used [0x0000000080000000,0x0000000083f34bc8,0x000000008b480000)
 Metaspace       used 88308K, capacity 92614K, committed 93208K, reserved 1130496K
  class space    used 11655K, capacity 12450K, committed 12592K, reserved 1048576K
}
Event: 226.942 GC heap before
{Heap before GC invocations=19 (full 4):
 PSYoungGen      total 510464K, used 494228K [0x00000000d5580000, 0x00000000f8400000, 0x0000000100000000)
  eden space 460800K, 100% used [0x00000000d5580000,0x00000000f1780000,0x00000000f1780000)
  from space 49664K, 67% used [0x00000000f4a00000,0x00000000f6aa5090,0x00000000f7a80000)
  to   space 51712K, 0% used [0x00000000f1780000,0x00000000f1780000,0x00000000f4a00000)
 ParOldGen       total 184832K, used 64722K [0x0000000080000000, 0x000000008b480000, 0x00000000d5580000)
  object space 184832K, 35% used [0x0000000080000000,0x0000000083f34bc8,0x000000008b480000)
 Metaspace       used 89432K, capacity 94146K, committed 94232K, reserved 1130496K
  class space    used 11728K, capacity 12580K, committed 12592K, reserved 1048576K
Event: 226.966 GC heap after
Heap after GC invocations=19 (full 4):
 PSYoungGen      total 512512K, used 34676K [0x00000000d5580000, 0x00000000fe580000, 0x0000000100000000)
  eden space 460800K, 0% used [0x00000000d5580000,0x00000000d5580000,0x00000000f1780000)
  from space 51712K, 67% used [0x00000000f1780000,0x00000000f395d140,0x00000000f4a00000)
  to   space 53760K, 0% used [0x00000000fb100000,0x00000000fb100000,0x00000000fe580000)
 ParOldGen       total 184832K, used 64730K [0x0000000080000000, 0x000000008b480000, 0x00000000d5580000)
  object space 184832K, 35% used [0x0000000080000000,0x0000000083f36bc8,0x000000008b480000)
 Metaspace       used 89432K, capacity 94146K, committed 94232K, reserved 1130496K
  class space    used 11728K, capacity 12580K, committed 12592K, reserved 1048576K
}
Event: 260.171 GC heap before
{Heap before GC invocations=20 (full 4):
 PSYoungGen      total 512512K, used 495476K [0x00000000d5580000, 0x00000000fe580000, 0x0000000100000000)
  eden space 460800K, 100% used [0x00000000d5580000,0x00000000f1780000,0x00000000f1780000)
  from space 51712K, 67% used [0x00000000f1780000,0x00000000f395d140,0x00000000f4a00000)
  to   space 53760K, 0% used [0x00000000fb100000,0x00000000fb100000,0x00000000fe580000)
 ParOldGen       total 184832K, used 64730K [0x0000000080000000, 0x000000008b480000, 0x00000000d5580000)
  object space 184832K, 35% used [0x0000000080000000,0x0000000083f36bc8,0x000000008b480000)
 Metaspace       used 89904K, capacity 94666K, committed 94744K, reserved 1132544K
  class space    used 11735K, capacity 12590K, committed 12592K, reserved 1048576K
Event: 260.192 GC heap after
Heap after GC invocations=20 (full 4):
 PSYoungGen      total 579072K, used 20537K [0x00000000d5580000, 0x00000000fd000000, 0x0000000100000000)
  eden space 547328K, 0% used [0x00000000d5580000,0x00000000d5580000,0x00000000f6c00000)
  from space 31744K, 64% used [0x00000000fb100000,0x00000000fc50e450,0x00000000fd000000)
  to   space 51200K, 0% used [0x00000000f6c00000,0x00000000f6c00000,0x00000000f9e00000)
 ParOldGen       total 184832K, used 64730K [0x0000000080000000, 0x000000008b480000, 0x00000000d5580000)
  object space 184832K, 35% used [0x0000000080000000,0x0000000083f36bc8,0x000000008b480000)
 Metaspace       used 89904K, capacity 94666K, committed 94744K, reserved 1132544K
  class space    used 11735K, capacity 12590K, committed 12592K, reserved 1048576K
}
Event: 405.226 GC heap before
{Heap before GC invocations=21 (full 4):
 PSYoungGen      total 579072K, used 567865K [0x00000000d5580000, 0x00000000fd000000, 0x0000000100000000)
  eden space 547328K, 100% used [0x00000000d5580000,0x00000000f6c00000,0x00000000f6c00000)
  from space 31744K, 64% used [0x00000000fb100000,0x00000000fc50e450,0x00000000fd000000)
  to   space 51200K, 0% used [0x00000000f6c00000,0x00000000f6c00000,0x00000000f9e00000)
 ParOldGen       total 184832K, used 64730K [0x0000000080000000, 0x000000008b480000, 0x00000000d5580000)
  object space 184832K, 35% used [0x0000000080000000,0x0000000083f36bc8,0x000000008b480000)
 Metaspace       used 93304K, capacity 99198K, committed 99352K, reserved 1134592K
  class space    used 12259K, capacity 13268K, committed 13360K, reserved 1048576K
Event: 405.251 GC heap after
Heap after GC invocations=21 (full 4):
 PSYoungGen      total 598528K, used 23700K [0x00000000d5580000, 0x0000000100000000, 0x0000000100000000)
  eden space 547328K, 0% used [0x00000000d5580000,0x00000000d5580000,0x00000000f6c00000)
  from space 51200K, 46% used [0x00000000f6c00000,0x00000000f8325070,0x00000000f9e00000)
  to   space 48640K, 0% used [0x00000000fd080000,0x00000000fd080000,0x0000000100000000)
 ParOldGen       total 184832K, used 64738K [0x0000000080000000, 0x000000008b480000, 0x00000000d5580000)
  object space 184832K, 35% used [0x0000000080000000,0x0000000083f38bc8,0x000000008b480000)
 Metaspace       used 93304K, capacity 99198K, committed 99352K, reserved 1134592K
  class space    used 12259K, capacity 13268K, committed 13360K, reserved 1048576K
}
Event: 553.606 GC heap before
{Heap before GC invocations=22 (full 4):
 PSYoungGen      total 598528K, used 571028K [0x00000000d5580000, 0x0000000100000000, 0x0000000100000000)
  eden space 547328K, 100% used [0x00000000d5580000,0x00000000f6c00000,0x00000000f6c00000)
  from space 51200K, 46% used [0x00000000f6c00000,0x00000000f8325070,0x00000000f9e00000)
  to   space 48640K, 0% used [0x00000000fd080000,0x00000000fd080000,0x0000000100000000)
 ParOldGen       total 184832K, used 64738K [0x0000000080000000, 0x000000008b480000, 0x00000000d5580000)
  object space 184832K, 35% used [0x0000000080000000,0x0000000083f38bc8,0x000000008b480000)
 Metaspace       used 116613K, capacity 123780K, committed 123928K, reserved 1157120K
  class space    used 15399K, capacity 16614K, committed 16688K, reserved 1048576K
Event: 553.684 GC heap after
Heap after GC invocations=22 (full 4):
 PSYoungGen      total 634880K, used 48612K [0x00000000d5580000, 0x0000000100000000, 0x0000000100000000)
  eden space 586240K, 0% used [0x00000000d5580000,0x00000000d5580000,0x00000000f9200000)
  from space 48640K, 99% used [0x00000000fd080000,0x00000000ffff90d8,0x0000000100000000)
  to   space 56320K, 0% used [0x00000000f9200000,0x00000000f9200000,0x00000000fc900000)
 ParOldGen       total 184832K, used 65569K [0x0000000080000000, 0x000000008b480000, 0x00000000d5580000)
  object space 184832K, 35% used [0x0000000080000000,0x0000000084008708,0x000000008b480000)
 Metaspace       used 116613K, capacity 123780K, committed 123928K, reserved 1157120K
  class space    used 15399K, capacity 16614K, committed 16688K, reserved 1048576K
}

Deoptimization events (10 events):
Event: 553.555 Thread 0x000000001bc75800 Uncommon trap: reason=bimorphic action=maybe_recompile pc=0x00000000040183f4 method=org.gradle.api.internal.artifacts.ivyservice.resolveengine.graph.builder.NodeState.isExcluded(Lorg/gradle/api/internal/artifacts/ivyservice/resolveengine/excludes/specs/Ex
Event: 553.560 Thread 0x000000001bc75800 Uncommon trap: reason=unstable_if action=reinterpret pc=0x0000000005827074 method=com.esotericsoftware.kryo.io.Output.writeByte(B)V @ 8
Event: 554.128 Thread 0x000000001bc75800 Uncommon trap: reason=bimorphic action=maybe_recompile pc=0x000000000373b2b8 method=java.util.Collections$UnmodifiableList.get(I)Ljava/lang/Object; @ 5
Event: 554.128 Thread 0x000000001bc75800 Uncommon trap: reason=bimorphic action=maybe_recompile pc=0x000000000373b2b8 method=java.util.Collections$UnmodifiableList.get(I)Ljava/lang/Object; @ 5
Event: 554.129 Thread 0x000000001bc75800 Uncommon trap: reason=bimorphic action=maybe_recompile pc=0x000000000373b2b8 method=java.util.Collections$UnmodifiableList.get(I)Ljava/lang/Object; @ 5
Event: 554.139 Thread 0x000000001bc75800 Uncommon trap: reason=bimorphic action=maybe_recompile pc=0x000000000373b2b8 method=java.util.Collections$UnmodifiableList.get(I)Ljava/lang/Object; @ 5
Event: 554.545 Thread 0x000000001bc75800 Uncommon trap: reason=bimorphic action=maybe_recompile pc=0x00000000040183f4 method=org.gradle.api.internal.artifacts.ivyservice.resolveengine.graph.builder.NodeState.isExcluded(Lorg/gradle/api/internal/artifacts/ivyservice/resolveengine/excludes/specs/Ex
Event: 554.874 Thread 0x000000001bc75800 Uncommon trap: reason=unstable_if action=reinterpret pc=0x0000000006f78ec0 method=com.esotericsoftware.kryo.io.Output.writeBoolean(Z)V @ 8
Event: 555.298 Thread 0x000000001bc75800 Uncommon trap: reason=unstable_if action=reinterpret pc=0x00000000060eae9c method=com.esotericsoftware.kryo.io.Output.writeBoolean(Z)V @ 8
Event: 555.412 Thread 0x000000001bc75800 Uncommon trap: reason=class_check action=maybe_recompile pc=0x0000000003b85940 method=java.lang.Throwable.<init>(Ljava/lang/String;Ljava/lang/Throwable;)V @ 24

Classes redefined (0 events):
No events

Internal exceptions (10 events):
Event: 553.568 Thread 0x000000001bc75800 Exception <a 'java/lang/NoSuchMethodError': java.lang.Object.lambda$flatMap$4(Ljava/util/function/Function;)Lorg/gradle/api/internal/artifacts/transform/CacheableInvocation;> (0x00000000f66e2618) thrown at [C:\src\AOSP-openjdk-git\hotspot\src\share\vm\int
Event: 553.568 Thread 0x000000001bc75800 Exception <a 'java/lang/NoSuchMethodError': java.lang.Object.lambda$flatMap$3(Ljava/util/function/Function;)Lorg/gradle/internal/Try;> (0x00000000f66e7e60) thrown at [C:\src\AOSP-openjdk-git\hotspot\src\share\vm\interpreter\linkResolver.cpp, line 620]
Event: 553.573 Thread 0x00000000230b1000 Exception <a 'java/lang/NoSuchMethodError': java.lang.Object.lambda$flatMap$2(Ljava/util/function/Function;Ljava/lang/Object;)Lorg/gradle/internal/Try;> (0x00000000e2652578) thrown at [C:\src\AOSP-openjdk-git\hotspot\src\share\vm\interpreter\linkResolver.
Event: 553.573 Thread 0x00000000230b4000 Exception <a 'java/lang/NoSuchMethodError': java.lang.Object.lambda$flatMap$2(Ljava/util/function/Function;Ljava/lang/Object;)Lorg/gradle/internal/Try;> (0x00000000f6721648) thrown at [C:\src\AOSP-openjdk-git\hotspot\src\share\vm\interpreter\linkResolver.
Event: 553.879 Thread 0x000000001bc75800 Exception <a 'java/lang/ClassNotFoundException': com/sun/org/glassfish/hk2/osgiresourcelocator/ServiceLoader> (0x00000000d6d74c40) thrown at [C:\src\AOSP-openjdk-git\hotspot\src\share\vm\classfile\systemDictionary.cpp, line 210]
Event: 554.011 Thread 0x000000001bc75800 Exception <a 'java/lang/NullPointerException'> (0x00000000d72ef3e0) thrown at [C:\src\AOSP-openjdk-git\hotspot\src\share\vm\interpreter\linkResolver.cpp, line 1287]
Event: 554.326 Thread 0x000000001bc75800 Exception <a 'java/lang/NoSuchMethodError': java.lang.Object.lambda$flatMap$0(Ljava/lang/Throwable;)Lorg/gradle/api/internal/artifacts/transform/CacheableInvocation;> (0x00000000d8840330) thrown at [C:\src\AOSP-openjdk-git\hotspot\src\share\vm\interpreter
Event: 555.355 Thread 0x000000001bc75800 Exception <a 'java/lang/NoSuchMethodError': <clinit>> (0x00000000da6cc5f8) thrown at [C:\src\AOSP-openjdk-git\hotspot\src\share\vm\prims\jni.cpp, line 1615]
Event: 555.359 Thread 0x000000001bc75800 Exception <a 'java/lang/NoSuchMethodError': <clinit>> (0x00000000da7052b0) thrown at [C:\src\AOSP-openjdk-git\hotspot\src\share\vm\prims\jni.cpp, line 1615]
Event: 555.407 Thread 0x000000001bc75800 Exception <a 'java/lang/NoSuchMethodError': <clinit>> (0x00000000dab683f0) thrown at [C:\src\AOSP-openjdk-git\hotspot\src\share\vm\prims\jni.cpp, line 1615]

Events (10 events):
Event: 555.390 loading class org/jetbrains/kotlin/kapt/idea/KaptSourceSetModelImpl done
Event: 555.390 loading class org/jetbrains/kotlin/kapt/idea/KaptSourceSetModel
Event: 555.390 loading class org/jetbrains/kotlin/kapt/idea/KaptSourceSetModel done
Event: 555.412 Thread 0x000000001bc75800 Uncommon trap: trap_request=0xffffffde fr.pc=0x0000000003b85940
Event: 555.412 Thread 0x000000001bc75800 DEOPT PACKING pc=0x0000000003b85940 sp=0x000000001cf1c340
Event: 555.412 Thread 0x000000001bc75800 DEOPT UNPACKING pc=0x00000000035a557b sp=0x000000001cf1c328 mode 2
Event: 555.415 loading class org/jetbrains/plugins/gradle/model/DefaultGradleConvention
Event: 555.415 loading class org/jetbrains/plugins/gradle/model/DefaultGradleConvention done
Event: 555.415 loading class org/jetbrains/plugins/gradle/model/GradleConvention
Event: 555.415 loading class org/jetbrains/plugins/gradle/model/GradleConvention done


Dynamic libraries:
0x00007ff686730000 - 0x00007ff686761000 	C:\Program Files\Android\Android Studio\jre\bin\java.exe
0x00007ff9560b0000 - 0x00007ff9562a6000 	C:\WINDOWS\SYSTEM32\ntdll.dll
0x00007ff955d00000 - 0x00007ff955dbd000 	C:\WINDOWS\System32\KERNEL32.DLL
0x00007ff953920000 - 0x00007ff953be9000 	C:\WINDOWS\System32\KERNELBASE.dll
0x00007ff9559b0000 - 0x00007ff955a5c000 	C:\WINDOWS\System32\ADVAPI32.dll
0x00007ff954b60000 - 0x00007ff954bfe000 	C:\WINDOWS\System32\msvcrt.dll
0x00007ff9550c0000 - 0x00007ff95515c000 	C:\WINDOWS\System32\sechost.dll
0x00007ff954f90000 - 0x00007ff9550bb000 	C:\WINDOWS\System32\RPCRT4.dll
0x00007ff955dc0000 - 0x00007ff955f60000 	C:\WINDOWS\System32\USER32.dll
0x00007ff953e40000 - 0x00007ff953e62000 	C:\WINDOWS\System32\win32u.dll
0x00007ff955a60000 - 0x00007ff955a8a000 	C:\WINDOWS\System32\GDI32.dll
0x00007ff953fa0000 - 0x00007ff9540ab000 	C:\WINDOWS\System32\gdi32full.dll
0x00007ff953da0000 - 0x00007ff953e3d000 	C:\WINDOWS\System32\msvcp_win.dll
0x00007ff953820000 - 0x00007ff953920000 	C:\WINDOWS\System32\ucrtbase.dll
0x00007ff942bf0000 - 0x00007ff942e8b000 	C:\WINDOWS\WinSxS\amd64_microsoft.windows.common-controls_6595b64144ccf1df_6.0.19041.746_none_ca02b4b61b8320a4\COMCTL32.dll
0x00007ff954db0000 - 0x00007ff954de0000 	C:\WINDOWS\System32\IMM32.DLL
0x0000000064d10000 - 0x0000000064de2000 	C:\Program Files\Android\Android Studio\jre\jre\bin\msvcr100.dll
0x0000000064df0000 - 0x000000006563b000 	C:\Program Files\Android\Android Studio\jre\jre\bin\server\jvm.dll
0x00007ff955c10000 - 0x00007ff955c18000 	C:\WINDOWS\System32\PSAPI.DLL
0x00007ff9339f0000 - 0x00007ff9339f9000 	C:\WINDOWS\SYSTEM32\WSOCK32.dll
0x00007ff9431b0000 - 0x00007ff9431d7000 	C:\WINDOWS\SYSTEM32\WINMM.dll
0x00007ff955ba0000 - 0x00007ff955c0b000 	C:\WINDOWS\System32\WS2_32.dll
0x00007ff94bc50000 - 0x00007ff94bc5a000 	C:\WINDOWS\SYSTEM32\VERSION.dll
0x00007ff94ab00000 - 0x00007ff94ab0f000 	C:\Program Files\Android\Android Studio\jre\jre\bin\verify.dll
0x00007ff93eb00000 - 0x00007ff93eb29000 	C:\Program Files\Android\Android Studio\jre\jre\bin\java.dll
0x00007ff93e400000 - 0x00007ff93e416000 	C:\Program Files\Android\Android Studio\jre\jre\bin\zip.dll
0x00007ff954410000 - 0x00007ff954b52000 	C:\WINDOWS\System32\SHELL32.dll
0x00007ff951940000 - 0x00007ff9520d0000 	C:\WINDOWS\SYSTEM32\windows.storage.dll
0x00007ff955630000 - 0x00007ff955986000 	C:\WINDOWS\System32\combase.dll
0x00007ff953250000 - 0x00007ff95327c000 	C:\WINDOWS\SYSTEM32\Wldp.dll
0x00007ff955a90000 - 0x00007ff955b3e000 	C:\WINDOWS\System32\SHCORE.dll
0x00007ff9555d0000 - 0x00007ff955625000 	C:\WINDOWS\System32\shlwapi.dll
0x00007ff953720000 - 0x00007ff953746000 	C:\WINDOWS\SYSTEM32\profapi.dll
0x00007ff93dcf0000 - 0x00007ff93dd0a000 	C:\Program Files\Android\Android Studio\jre\jre\bin\net.dll
0x00007ff952fd0000 - 0x00007ff95303a000 	C:\WINDOWS\system32\mswsock.dll
0x00007ff93dcd0000 - 0x00007ff93dce3000 	C:\Program Files\Android\Android Studio\jre\jre\bin\nio.dll
0x00007ff9163f0000 - 0x00007ff916416000 	C:\Users\Chiaki Hata\.gradle\native\31\windows-amd64\native-platform.dll
0x00007ff94aaf0000 - 0x00007ff94aafd000 	C:\Program Files\Android\Android Studio\jre\jre\bin\management.dll
0x00007ff9531b0000 - 0x00007ff9531c8000 	C:\WINDOWS\SYSTEM32\CRYPTSP.dll
0x00007ff952900000 - 0x00007ff952934000 	C:\WINDOWS\system32\rsaenh.dll
0x00007ff9537f0000 - 0x00007ff953817000 	C:\WINDOWS\System32\bcrypt.dll
0x00007ff9536e0000 - 0x00007ff95370e000 	C:\WINDOWS\SYSTEM32\USERENV.dll
0x00007ff953e70000 - 0x00007ff953ef0000 	C:\WINDOWS\System32\bcryptprimitives.dll
0x00007ff9531a0000 - 0x00007ff9531ac000 	C:\WINDOWS\SYSTEM32\CRYPTBASE.dll
0x00007ff952c70000 - 0x00007ff952cab000 	C:\WINDOWS\SYSTEM32\IPHLPAPI.DLL
0x00007ff954400000 - 0x00007ff954408000 	C:\WINDOWS\System32\NSI.dll
0x00007ff945090000 - 0x00007ff9450a7000 	C:\WINDOWS\SYSTEM32\dhcpcsvc6.DLL
0x00007ff948200000 - 0x00007ff94821d000 	C:\WINDOWS\SYSTEM32\dhcpcsvc.DLL
0x00007ff952cb0000 - 0x00007ff952d7b000 	C:\WINDOWS\SYSTEM32\DNSAPI.dll
0x00007ff94f480000 - 0x00007ff94f49e000 	C:\Users\Chiaki Hata\AppData\Local\Temp\native-platform7764047240174247099dir\native-platform.dll

VM Arguments:
jvm_args: -Xmx2048m -Dfile.encoding=windows-31j -Duser.country=JP -Duser.language=ja -Duser.variant 
java_command: org.gradle.launcher.daemon.bootstrap.GradleDaemon 6.1.1
java_class_path (initial): C:\Users\Chiaki Hata\.gradle\wrapper\dists\gradle-6.1.1-all\cfmwm155h49vnt3hynmlrsdst\gradle-6.1.1\lib\gradle-launcher-6.1.1.jar
Launcher Type: SUN_STANDARD

Environment Variables:
JAVA_HOME=C:\Program Files\java\jdk1.7.0_80
PATH=C:\WINDOWS\system32;C:\WINDOWS;C:\WINDOWS\System32\Wbem;C:\WINDOWS\System32\WindowsPowerShell\v1.0\;C:\WINDOWS\System32\OpenSSH\;C:\Program Files\java\jdk1.7.0_80\bin;C:\Program Files\Intel\WiFi\bin\;C:\Program Files\Common Files\Intel\WirelessCommon\;C:\Program Files\MariaDB 10.1\bin;C:\Users\Chiaki Hata\AppData\Local\Microsoft\WindowsApps;C:\Users\Chiaki Hata\AppData\Local\Programs\Git\cmd;
USERNAME=Chiaki Hata
OS=Windows_NT
PROCESSOR_IDENTIFIER=Intel64 Family 6 Model 142 Stepping 12, GenuineIntel



---------------  S Y S T E M  ---------------

OS: Windows 10.0 , 64 bit Build 19041 (10.0.19041.804)

CPU:total 4 (initial active 4) (2 cores per cpu, 2 threads per core) family 6 model 142 stepping 12, cmov, cx8, fxsr, mmx, sse, sse2, sse3, ssse3, sse4.1, sse4.2, popcnt, avx, avx2, aes, clmul, erms, 3dnowpref, lzcnt, ht, tsc, tscinvbit, bmi1, bmi2, adx

Memory: 4k page, physical 8164132k(1730876k free), swap 8164132k(3020k free)

vm_info: OpenJDK 64-Bit Server VM (25.242-b01) for windows-amd64 JRE (1.8.0_242-release-1644-b01), built by "builder" with MS VC++ 10.0 (VS2010)

time: Wed Feb 17 19:50:51 2021
timezone: ìåãû (ïWèÄéû)
elapsed time: 555 seconds (0d 0h 9m 15s)

