#
# There is insufficient memory for the Java Runtime Environment to continue.
# Native memory allocation (malloc) failed to allocate 32744 bytes for ChunkPool::allocate
# Possible reasons:
#   The system is out of physical RAM or swap space
#   The process is running with CompressedOops enabled, and the Java Heap may be blocking the growth of the native heap
# Possible solutions:
#   Reduce memory load on the system
#   Increase physical memory or swap space
#   Check if swap backing store is full
#   Decrease Java heap size (-Xmx/-Xms)
#   Decrease number of Java threads
#   Decrease Java thread stack sizes (-Xss)
#   Set larger code cache with -XX:ReservedCodeCacheSize=
#   JVM is running with Unscaled Compressed Oops mode in which the Java heap is
#     placed in the first 4GB address space. The Java Heap base address is the
#     maximum limit for the native heap growth. Please use -XX:HeapBaseMinAddress
#     to set the Java Heap base and to place the Java Heap above 4GB virtual address.
# This output file may be truncated or incomplete.
#
#  Out of Memory Error (allocation.cpp:272), pid=9236, tid=0x0000000000002140
#
# JRE version: OpenJDK Runtime Environment (8.0_242-b01) (build 1.8.0_242-release-1644-b01)
# Java VM: OpenJDK 64-Bit Server VM (25.242-b01 mixed mode windows-amd64 compressed oops)
# Failed to write core dump. Minidumps are not enabled by default on client versions of Windows
#

---------------  T H R E A D  ---------------

Current thread (0x00000000180ec000):  JavaThread "C2 CompilerThread1" daemon [_thread_in_native, id=8512, stack(0x0000000019b80000,0x0000000019c80000)]

Stack: [0x0000000019b80000,0x0000000019c80000]
[error occurred during error reporting (printing stack bounds), id 0xc0000005]

Native frames: (J=compiled Java code, j=interpreted, Vv=VM code, C=native code)


Current CompileTask:
C2: 395422 16054       4       org.gradle.internal.logging.sink.ProgressLogEventGenerator$Operation::completeHeader (154 bytes)


---------------  P R O C E S S  ---------------

Java Threads: ( => current thread )
  0x000000001c3d2000 JavaThread "Thread-99" [_thread_in_native, id=7588, stack(0x0000000029730000,0x0000000029830000)]
  0x000000001c3d1000 JavaThread "RMI TCP Connection(idle)" daemon [_thread_blocked, id=5628, stack(0x0000000029630000,0x0000000029730000)]
  0x000000001c3c9800 JavaThread "RMI Reaper" [_thread_blocked, id=4992, stack(0x0000000029530000,0x0000000029630000)]
  0x000000001c3d0800 JavaThread "RMI TCP Accept-0" daemon [_thread_in_native, id=656, stack(0x0000000029430000,0x0000000029530000)]
  0x000000001c3cf800 JavaThread "GC Daemon" daemon [_thread_blocked, id=10872, stack(0x0000000029330000,0x0000000029430000)]
  0x000000001c3cf000 JavaThread "RMI RenewClean-[127.0.0.1:17900,org.jetbrains.kotlin.daemon.common.LoopbackNetworkInterface$ClientLoopbackSocketFactory@2196334c]" daemon [_thread_blocked, id=3368, stack(0x0000000029230000,0x0000000029330000)]
  0x000000001c3ce000 JavaThread "RMI Scheduler(0)" daemon [_thread_blocked, id=1724, stack(0x0000000029130000,0x0000000029230000)]
  0x000000001c3c8000 JavaThread "stdout" [_thread_in_native, id=1124, stack(0x0000000028e30000,0x0000000028f30000)]
  0x000000001c3c7800 JavaThread "stderr" [_thread_in_native, id=4288, stack(0x0000000028d30000,0x0000000028e30000)]
  0x000000001c3c6800 JavaThread "stdout" [_thread_in_native, id=1324, stack(0x0000000028c30000,0x0000000028d30000)]
  0x000000001c3c9000 JavaThread "stderr" [_thread_in_native, id=10556, stack(0x0000000028b30000,0x0000000028c30000)]
  0x00000000265a4000 JavaThread "stdout" [_thread_in_native, id=9928, stack(0x0000000028a30000,0x0000000028b30000)]
  0x00000000265a2800 JavaThread "stderr" [_thread_in_native, id=5892, stack(0x0000000028930000,0x0000000028a30000)]
  0x00000000265a1800 JavaThread "stdout" [_thread_in_native, id=2156, stack(0x0000000028830000,0x0000000028930000)]
  0x000000002659e800 JavaThread "stderr" [_thread_in_native, id=1140, stack(0x0000000028730000,0x0000000028830000)]
  0x000000002659f800 JavaThread "pool-8-thread-1" [_thread_blocked, id=6616, stack(0x0000000028630000,0x0000000028730000)]
  0x00000000265a3000 JavaThread "WorkerExecutor Queue Thread 4" [_thread_blocked, id=10564, stack(0x0000000028530000,0x0000000028630000)]
  0x00000000265a0000 JavaThread "WorkerExecutor Queue Thread 3" [_thread_blocked, id=1412, stack(0x0000000028330000,0x0000000028430000)]
  0x00000000265a1000 JavaThread "WorkerExecutor Queue Thread 2" [_thread_blocked, id=1688, stack(0x0000000028230000,0x0000000028330000)]
  0x0000000026597000 JavaThread "WorkerExecutor Queue" [_thread_blocked, id=924, stack(0x0000000028130000,0x0000000028230000)]
  0x0000000026596800 JavaThread "Cache worker for execution history cache (C:\work2\TaskApp\.gradle\6.1.1\executionHistory)" [_thread_blocked, id=7888, stack(0x0000000027e30000,0x0000000027f30000)]
  0x0000000026598000 JavaThread "Execution worker for ':' Thread 3" [_thread_blocked, id=10392, stack(0x0000000027d30000,0x0000000027e30000)]
  0x0000000026599800 JavaThread "Execution worker for ':' Thread 2" [_thread_in_native, id=10868, stack(0x0000000027c30000,0x0000000027d30000)]
  0x000000002659d000 JavaThread "Execution worker for ':'" [_thread_blocked, id=6860, stack(0x0000000025930000,0x0000000025a30000)]
  0x0000000026598800 JavaThread "Cache worker for file content cache (C:\work2\TaskApp\.gradle\6.1.1\fileContent)" [_thread_blocked, id=660, stack(0x0000000023da0000,0x0000000023ea0000)]
  0x0000000026595800 JavaThread "Cache worker for Build Output Cleanup Cache (C:\work2\TaskApp\.gradle\buildOutputCleanup)" [_thread_blocked, id=3648, stack(0x0000000023ca0000,0x0000000023da0000)]
  0x000000002659c800 JavaThread "pool-7-thread-1" [_thread_blocked, id=7860, stack(0x00000000234d0000,0x00000000235d0000)]
  0x0000000026595000 JavaThread "Build operations Thread 4" [_thread_blocked, id=9772, stack(0x00000000233d0000,0x00000000234d0000)]
  0x000000002659b800 JavaThread "Build operations Thread 3" [_thread_blocked, id=7300, stack(0x00000000232d0000,0x00000000233d0000)]
  0x000000002659b000 JavaThread "Build operations Thread 2" [_thread_blocked, id=3856, stack(0x00000000217e0000,0x00000000218e0000)]
  0x000000001fad2800 JavaThread "Build operations" [_thread_blocked, id=4728, stack(0x00000000203d0000,0x00000000204d0000)]
  0x000000001fad2000 JavaThread "Cache worker for cache directory md-rule (C:\Users\Chiaki Hata\.gradle\caches\6.1.1\md-rule)" [_thread_blocked, id=3376, stack(0x00000000202d0000,0x00000000203d0000)]
  0x000000001fad1000 JavaThread "Cache worker for cache directory md-supplier (C:\Users\Chiaki Hata\.gradle\caches\6.1.1\md-supplier)" [_thread_blocked, id=1028, stack(0x000000001fdd0000,0x000000001fed0000)]
  0x000000001fad4000 JavaThread "Cache worker for file hash cache (C:\work2\TaskApp\.gradle\6.1.1\fileHashes)" [_thread_blocked, id=8516, stack(0x000000001fcd0000,0x000000001fdd0000)]
  0x000000001faca800 JavaThread "Cache worker for checksums cache (C:\work2\TaskApp\.gradle\checksums)" [_thread_blocked, id=8700, stack(0x000000001d530000,0x000000001d630000)]
  0x000000001fac9800 JavaThread "Thread-78" [_thread_blocked, id=9468, stack(0x000000001d230000,0x000000001d330000)]
  0x000000001fad0800 JavaThread "Stdin handler" [_thread_blocked, id=8248, stack(0x000000001d130000,0x000000001d230000)]
  0x000000001fac9000 JavaThread "Asynchronous log dispatcher for DefaultDaemonConnection: socket connection from /127.0.0.1:63557 to /127.0.0.1:63595" [_thread_in_vm, id=4428, stack(0x000000001d030000,0x000000001d130000)]
  0x000000001facf800 JavaThread "Daemon worker Thread 3" [_thread_blocked, id=9744, stack(0x000000001cd30000,0x000000001ce30000)]
  0x000000001face000 JavaThread "Cancel handler" [_thread_blocked, id=10040, stack(0x00000000015c0000,0x00000000016c0000)]
  0x000000001facd800 JavaThread "Handler for socket connection from /127.0.0.1:63557 to /127.0.0.1:63595" [_thread_in_native, id=1808, stack(0x00000000014c0000,0x00000000015c0000)]
  0x000000001fac7800 JavaThread "Daemon Thread 3" [_thread_blocked, id=9588, stack(0x00000000013c0000,0x00000000014c0000)]
  0x000000001c3c3800 JavaThread "Cache worker for file content cache (C:\Users\Chiaki Hata\.gradle\caches\6.1.1\fileContent)" [_thread_blocked, id=8652, stack(0x0000000027470000,0x0000000027570000)]
  0x000000001facb000 JavaThread "Memory manager" [_thread_blocked, id=11432, stack(0x0000000024f50000,0x0000000025050000)]
  0x000000001c13a800 JavaThread "Cache worker for execution history cache (C:\Users\Chiaki Hata\.gradle\caches\6.1.1\executionHistory)" [_thread_blocked, id=11532, stack(0x00000000204d0000,0x00000000205d0000)]
  0x000000001c141000 JavaThread "Cache worker for file hash cache (C:\Users\Chiaki Hata\.gradle\caches\6.1.1\fileHashes)" [_thread_blocked, id=10852, stack(0x000000001da30000,0x000000001db30000)]
  0x000000001c13d800 JavaThread "File lock request listener" [_thread_in_native, id=8868, stack(0x000000001d930000,0x000000001da30000)]
  0x000000001be77800 JavaThread "Cache worker for journal cache (C:\Users\Chiaki Hata\.gradle\caches\journal-1)" [_thread_blocked, id=72, stack(0x000000001d830000,0x000000001d930000)]
  0x000000001bdf5800 JavaThread "Daemon periodic checks" [_thread_blocked, id=3768, stack(0x000000001cc30000,0x000000001cd30000)]
  0x000000001bdf4000 JavaThread "Incoming local TCP Connector on port 63557" [_thread_in_native, id=3720, stack(0x000000001ca50000,0x000000001cb50000)]
  0x000000001aa9d800 JavaThread "Daemon health stats" [_thread_blocked, id=7628, stack(0x000000001b750000,0x000000001b850000)]
  0x00000000197e5000 JavaThread "Service Thread" daemon [_thread_blocked, id=3568, stack(0x0000000019d80000,0x0000000019e80000)]
  0x00000000197df000 JavaThread "C1 CompilerThread2" daemon [_thread_in_native, id=7116, stack(0x0000000019c80000,0x0000000019d80000)]
=>0x00000000180ec000 JavaThread "C2 CompilerThread1" daemon [_thread_in_native, id=8512, stack(0x0000000019b80000,0x0000000019c80000)]
  0x00000000180e2000 JavaThread "C2 CompilerThread0" daemon [_thread_blocked, id=5332, stack(0x0000000019680000,0x0000000019780000)]
  0x000000001809c800 JavaThread "Attach Listener" daemon [_thread_blocked, id=7196, stack(0x0000000019580000,0x0000000019680000)]
  0x00000000180e1800 JavaThread "Signal Dispatcher" daemon [_thread_blocked, id=11788, stack(0x0000000019480000,0x0000000019580000)]
  0x00000000033eb000 JavaThread "Finalizer" daemon [_thread_blocked, id=11132, stack(0x00000000192e0000,0x00000000193e0000)]
  0x0000000018079000 JavaThread "Reference Handler" daemon [_thread_blocked, id=7484, stack(0x00000000191e0000,0x00000000192e0000)]
  0x000000000346e000 JavaThread "main" [_thread_blocked, id=1972, stack(0x0000000002e60000,0x0000000002f60000)]

Other Threads:
  0x0000000018056000 VMThread [stack: 0x00000000190e0000,0x00000000191e0000] [id=480]
  0x00000000197e6000 WatcherThread [stack: 0x0000000019e80000,0x0000000019f80000] [id=6744]

VM state:not at safepoint (normal execution)

VM Mutex/Monitor currently owned by a thread: None

heap address: 0x0000000080000000, size: 2048 MB, Compressed Oops mode: 32-bit
Narrow klass base: 0x0000000000000000, Narrow klass shift: 3
Compressed class space size: 1073741824 Address: 0x0000000100000000

Heap:
 PSYoungGen      total 506368K, used 7611K [0x00000000d5580000, 0x00000000f7000000, 0x0000000100000000)
  eden space 480768K, 1% used [0x00000000d5580000,0x00000000d5ceeea8,0x00000000f2b00000)
  from space 25600K, 0% used [0x00000000f5700000,0x00000000f5700000,0x00000000f7000000)
  to   space 35328K, 0% used [0x00000000f2b00000,0x00000000f2b00000,0x00000000f4d80000)
 ParOldGen       total 193024K, used 69264K [0x0000000080000000, 0x000000008bc80000, 0x00000000d5580000)
  object space 193024K, 35% used [0x0000000080000000,0x00000000843a4390,0x000000008bc80000)
 Metaspace       used 93638K, capacity 98184K, committed 98856K, reserved 1134592K
  class space    used 12190K, capacity 13065K, committed 13232K, reserved 1048576K

Card table byte_map: [0x0000000012830000,0x0000000012c40000] byte_map_base: 0x0000000012430000

Marking Bits: (ParMarkBitMap*) 0x00000000655bf030
 Begin Bits: [0x00000000132f0000, 0x00000000152f0000)
 End Bits:   [0x00000000152f0000, 0x00000000172f0000)

Polling page: 0x0000000001260000

CodeCache: size=245760Kb used=43969Kb max_used=43969Kb free=201790Kb
 bounds [0x0000000003470000, 0x0000000005f90000, 0x0000000012470000]
 total_blobs=14221 nmethods=13333 adapters=800
 compilation: enabled

Compilation events (10 events):
Event: 395.411 Thread 0x00000000197df000 16051       3       org.gradle.internal.logging.text.AbstractStyledTextOutput::doStyleChange (1 bytes)
Event: 395.411 Thread 0x00000000197df000 nmethod 16051 0x0000000005f753d0 code [0x0000000005f75520, 0x0000000005f75670]
Event: 395.411 Thread 0x00000000197df000 16052       3       org.gradle.internal.logging.console.StyledTextOutputBackedRenderer$OutputEventTextOutputImpl::doStyleChange (12 bytes)
Event: 395.412 Thread 0x00000000197df000 nmethod 16052 0x0000000005f734d0 code [0x0000000005f73640, 0x0000000005f73868]
Event: 395.418 Thread 0x00000000197df000 16053       1       kotlin.io.LinesSequence::access$getReader$p (5 bytes)
Event: 395.418 Thread 0x00000000180ec000 16054       4       org.gradle.internal.logging.sink.ProgressLogEventGenerator$Operation::completeHeader (154 bytes)
Event: 395.419 Thread 0x00000000197df000 nmethod 16053 0x0000000005f16ad0 code [0x0000000005f16c20, 0x0000000005f16d10]
Event: 395.419 Thread 0x00000000197df000 16055       3       kotlin.io.LinesSequence$iterator$1::hasNext (53 bytes)
Event: 395.419 Thread 0x00000000197df000 nmethod 16055 0x0000000005f72ed0 code [0x0000000005f73040, 0x0000000005f733a8]
Event: 395.420 Thread 0x00000000197df000 16056       3       java.io.ObjectOutputStream::<init> (99 bytes)

GC Heap History (10 events):
Event: 71.726 GC heap before
{Heap before GC invocations=16 (full 3):
 PSYoungGen      total 400384K, used 400381K [0x00000000d5580000, 0x00000000f0d00000, 0x0000000100000000)
  eden space 371200K, 100% used [0x00000000d5580000,0x00000000ec000000,0x00000000ec000000)
  from space 29184K, 99% used [0x00000000ee880000,0x00000000f04ff7f0,0x00000000f0500000)
  to   space 39424K, 0% used [0x00000000ec000000,0x00000000ec000000,0x00000000ee680000)
 ParOldGen       total 120832K, used 55742K [0x0000000080000000, 0x0000000087600000, 0x00000000d5580000)
  object space 120832K, 46% used [0x0000000080000000,0x000000008366f8c8,0x0000000087600000)
 Metaspace       used 89198K, capacity 93462K, committed 93720K, reserved 1130496K
  class space    used 11685K, capacity 12500K, committed 12592K, reserved 1048576K
Event: 71.769 GC heap after
Heap after GC invocations=16 (full 3):
 PSYoungGen      total 410624K, used 10511K [0x00000000d5580000, 0x00000000f5280000, 0x0000000100000000)
  eden space 371200K, 0% used [0x00000000d5580000,0x00000000d5580000,0x00000000ec000000)
  from space 39424K, 26% used [0x00000000ec000000,0x00000000eca43cc8,0x00000000ee680000)
  to   space 37888K, 0% used [0x00000000f2d80000,0x00000000f2d80000,0x00000000f5280000)
 ParOldGen       total 120832K, used 75288K [0x0000000080000000, 0x0000000087600000, 0x00000000d5580000)
  object space 120832K, 62% used [0x0000000080000000,0x0000000084986380,0x0000000087600000)
 Metaspace       used 89198K, capacity 93462K, committed 93720K, reserved 1130496K
  class space    used 11685K, capacity 12500K, committed 12592K, reserved 1048576K
}
Event: 308.321 GC heap before
{Heap before GC invocations=17 (full 3):
 PSYoungGen      total 410624K, used 381711K [0x00000000d5580000, 0x00000000f5280000, 0x0000000100000000)
  eden space 371200K, 100% used [0x00000000d5580000,0x00000000ec000000,0x00000000ec000000)
  from space 39424K, 26% used [0x00000000ec000000,0x00000000eca43cc8,0x00000000ee680000)
  to   space 37888K, 0% used [0x00000000f2d80000,0x00000000f2d80000,0x00000000f5280000)
 ParOldGen       total 120832K, used 75288K [0x0000000080000000, 0x0000000087600000, 0x00000000d5580000)
  object space 120832K, 62% used [0x0000000080000000,0x0000000084986380,0x0000000087600000)
 Metaspace       used 90484K, capacity 94912K, committed 95128K, reserved 1132544K
  class space    used 11817K, capacity 12687K, committed 12720K, reserved 1048576K
Event: 308.338 GC heap after
Heap after GC invocations=17 (full 3):
 PSYoungGen      total 454656K, used 18242K [0x00000000d5580000, 0x00000000f4380000, 0x0000000100000000)
  eden space 432128K, 0% used [0x00000000d5580000,0x00000000d5580000,0x00000000efb80000)
  from space 22528K, 80% used [0x00000000f2d80000,0x00000000f3f50a98,0x00000000f4380000)
  to   space 36864K, 0% used [0x00000000efb80000,0x00000000efb80000,0x00000000f1f80000)
 ParOldGen       total 120832K, used 75296K [0x0000000080000000, 0x0000000087600000, 0x00000000d5580000)
  object space 120832K, 62% used [0x0000000080000000,0x0000000084988380,0x0000000087600000)
 Metaspace       used 90484K, capacity 94912K, committed 95128K, reserved 1132544K
  class space    used 11817K, capacity 12687K, committed 12720K, reserved 1048576K
}
Event: 374.322 GC heap before
{Heap before GC invocations=18 (full 3):
 PSYoungGen      total 454656K, used 450370K [0x00000000d5580000, 0x00000000f4380000, 0x0000000100000000)
  eden space 432128K, 100% used [0x00000000d5580000,0x00000000efb80000,0x00000000efb80000)
  from space 22528K, 80% used [0x00000000f2d80000,0x00000000f3f50a98,0x00000000f4380000)
  to   space 36864K, 0% used [0x00000000efb80000,0x00000000efb80000,0x00000000f1f80000)
 ParOldGen       total 120832K, used 75296K [0x0000000080000000, 0x0000000087600000, 0x00000000d5580000)
  object space 120832K, 62% used [0x0000000080000000,0x0000000084988380,0x0000000087600000)
 Metaspace       used 91543K, capacity 96206K, committed 96280K, reserved 1132544K
  class space    used 11918K, capacity 12816K, committed 12848K, reserved 1048576K
Event: 374.344 GC heap after
Heap after GC invocations=18 (full 3):
 PSYoungGen      total 468992K, used 19959K [0x00000000d5580000, 0x00000000f7a80000, 0x0000000100000000)
  eden space 432128K, 0% used [0x00000000d5580000,0x00000000d5580000,0x00000000efb80000)
  from space 36864K, 54% used [0x00000000efb80000,0x00000000f0efdfb0,0x00000000f1f80000)
  to   space 36352K, 0% used [0x00000000f5700000,0x00000000f5700000,0x00000000f7a80000)
 ParOldGen       total 120832K, used 75304K [0x0000000080000000, 0x0000000087600000, 0x00000000d5580000)
  object space 120832K, 62% used [0x0000000080000000,0x000000008498a380,0x0000000087600000)
 Metaspace       used 91543K, capacity 96206K, committed 96280K, reserved 1132544K
  class space    used 11918K, capacity 12816K, committed 12848K, reserved 1048576K
}
Event: 381.685 GC heap before
{Heap before GC invocations=19 (full 3):
 PSYoungGen      total 468992K, used 109679K [0x00000000d5580000, 0x00000000f7a80000, 0x0000000100000000)
  eden space 432128K, 20% used [0x00000000d5580000,0x00000000dad1de68,0x00000000efb80000)
  from space 36864K, 54% used [0x00000000efb80000,0x00000000f0efdfb0,0x00000000f1f80000)
  to   space 36352K, 0% used [0x00000000f5700000,0x00000000f5700000,0x00000000f7a80000)
 ParOldGen       total 120832K, used 75304K [0x0000000080000000, 0x0000000087600000, 0x00000000d5580000)
  object space 120832K, 62% used [0x0000000080000000,0x000000008498a380,0x0000000087600000)
 Metaspace       used 93730K, capacity 98466K, committed 98600K, reserved 1134592K
  class space    used 12219K, capacity 13136K, committed 13232K, reserved 1048576K
Event: 381.700 GC heap after
Heap after GC invocations=19 (full 3):
 PSYoungGen      total 506368K, used 19347K [0x00000000d5580000, 0x00000000f7000000, 0x0000000100000000)
  eden space 480768K, 0% used [0x00000000d5580000,0x00000000d5580000,0x00000000f2b00000)
  from space 25600K, 75% used [0x00000000f5700000,0x00000000f69e4fb8,0x00000000f7000000)
  to   space 35328K, 0% used [0x00000000f2b00000,0x00000000f2b00000,0x00000000f4d80000)
 ParOldGen       total 120832K, used 75312K [0x0000000080000000, 0x0000000087600000, 0x00000000d5580000)
  object space 120832K, 62% used [0x0000000080000000,0x000000008498c380,0x0000000087600000)
 Metaspace       used 93730K, capacity 98466K, committed 98600K, reserved 1134592K
  class space    used 12219K, capacity 13136K, committed 13232K, reserved 1048576K
}
Event: 381.700 GC heap before
{Heap before GC invocations=20 (full 4):
 PSYoungGen      total 506368K, used 19347K [0x00000000d5580000, 0x00000000f7000000, 0x0000000100000000)
  eden space 480768K, 0% used [0x00000000d5580000,0x00000000d5580000,0x00000000f2b00000)
  from space 25600K, 75% used [0x00000000f5700000,0x00000000f69e4fb8,0x00000000f7000000)
  to   space 35328K, 0% used [0x00000000f2b00000,0x00000000f2b00000,0x00000000f4d80000)
 ParOldGen       total 120832K, used 75312K [0x0000000080000000, 0x0000000087600000, 0x00000000d5580000)
  object space 120832K, 62% used [0x0000000080000000,0x000000008498c380,0x0000000087600000)
 Metaspace       used 93730K, capacity 98466K, committed 98600K, reserved 1134592K
  class space    used 12219K, capacity 13136K, committed 13232K, reserved 1048576K
Event: 381.964 GC heap after
Heap after GC invocations=20 (full 4):
 PSYoungGen      total 506368K, used 0K [0x00000000d5580000, 0x00000000f7000000, 0x0000000100000000)
  eden space 480768K, 0% used [0x00000000d5580000,0x00000000d5580000,0x00000000f2b00000)
  from space 25600K, 0% used [0x00000000f5700000,0x00000000f5700000,0x00000000f7000000)
  to   space 35328K, 0% used [0x00000000f2b00000,0x00000000f2b00000,0x00000000f4d80000)
 ParOldGen       total 193024K, used 69264K [0x0000000080000000, 0x000000008bc80000, 0x00000000d5580000)
  object space 193024K, 35% used [0x0000000080000000,0x00000000843a4390,0x000000008bc80000)
 Metaspace       used 93603K, capacity 98108K, committed 98600K, reserved 1134592K
  class space    used 12178K, capacity 13063K, committed 13232K, reserved 1048576K
}

Deoptimization events (10 events):
Event: 381.590 Thread 0x0000000026599800 Uncommon trap: reason=class_check action=maybe_recompile pc=0x00000000059f55fc method=java.io.ObjectOutputStream.writeObject0(Ljava/lang/Object;Z)V @ 240
Event: 381.590 Thread 0x0000000026599800 Uncommon trap: reason=class_check action=maybe_recompile pc=0x00000000059f55fc method=java.io.ObjectOutputStream.writeObject0(Ljava/lang/Object;Z)V @ 240
Event: 381.595 Thread 0x0000000026599800 Uncommon trap: reason=unstable_if action=reinterpret pc=0x000000000582485c method=java.io.ObjectInputStream.filterCheck(Ljava/lang/Class;I)V @ 4
Event: 381.597 Thread 0x0000000026599800 Uncommon trap: reason=class_check action=maybe_recompile pc=0x000000000512c760 method=java.lang.reflect.Array.newInstance(Ljava/lang/Class;I)Ljava/lang/Object; @ 2
Event: 381.610 Thread 0x0000000026599800 Uncommon trap: reason=array_check action=maybe_recompile pc=0x0000000005e7f5d4 method=java.util.TimSort.reverseRange([Ljava/lang/Object;II)V @ 20
Event: 381.611 Thread 0x0000000026599800 Uncommon trap: reason=array_check action=maybe_recompile pc=0x0000000005e7f5d4 method=java.util.TimSort.reverseRange([Ljava/lang/Object;II)V @ 20
Event: 381.612 Thread 0x0000000026599800 Uncommon trap: reason=array_check action=maybe_recompile pc=0x0000000005e7f5d4 method=java.util.TimSort.reverseRange([Ljava/lang/Object;II)V @ 20
Event: 381.965 Thread 0x000000001c3d1000 Uncommon trap: reason=class_check action=maybe_recompile pc=0x0000000004670cb4 method=java.lang.ThreadLocal.set(Ljava/lang/Object;)V @ 26
Event: 381.965 Thread 0x000000001c3d1000 Uncommon trap: reason=unstable_if action=reinterpret pc=0x0000000004b6ef34 method=java.io.BufferedInputStream.fill()V @ 9
Event: 384.542 Thread 0x000000001fac9000 Uncommon trap: reason=unstable_if action=reinterpret pc=0x0000000004b4788c method=com.esotericsoftware.kryo.io.Output.writeUtf8Length(I)V @ 42

Classes redefined (0 events):
No events

Internal exceptions (10 events):
Event: 381.619 Thread 0x0000000026599800 Exception <a 'java/lang/NoSuchMethodError': <clinit>> (0x00000000da757278) thrown at [C:\src\AOSP-openjdk-git\hotspot\src\share\vm\prims\jni.cpp, line 1615]
Event: 381.638 Thread 0x0000000026599800 Exception <a 'java/lang/NoSuchMethodError': <clinit>> (0x00000000da928c30) thrown at [C:\src\AOSP-openjdk-git\hotspot\src\share\vm\prims\jni.cpp, line 1615]
Event: 381.641 Thread 0x0000000026599800 Exception <a 'java/lang/NoSuchMethodError': <clinit>> (0x00000000da9e21f8) thrown at [C:\src\AOSP-openjdk-git\hotspot\src\share\vm\prims\jni.cpp, line 1615]
Event: 384.531 Thread 0x000000001c3d1000 Exception <a 'sun/net/ConnectionResetException': > (0x00000000d591e6f0) thrown at [C:\src\AOSP-openjdk-git\hotspot\src\share\vm\prims\jni.cpp, line 737]
Event: 384.531 Thread 0x000000001c3d1000 Exception <a 'sun/net/ConnectionResetException': > (0x00000000d591e920) thrown at [C:\src\AOSP-openjdk-git\hotspot\src\share\vm\prims\jni.cpp, line 737]
Event: 384.531 Thread 0x0000000026599800 Exception <a 'sun/net/ConnectionResetException': > (0x00000000d59fb8e0) thrown at [C:\src\AOSP-openjdk-git\hotspot\src\share\vm\prims\jni.cpp, line 737]
Event: 384.532 Thread 0x0000000026599800 Exception <a 'sun/net/ConnectionResetException': > (0x00000000d59fc0c8) thrown at [C:\src\AOSP-openjdk-git\hotspot\src\share\vm\prims\jni.cpp, line 737]
Event: 386.572 Thread 0x0000000026599800 Exception <a 'java/net/ConnectException': Connection refused: connect> (0x00000000d5a61d90) thrown at [C:\src\AOSP-openjdk-git\hotspot\src\share\vm\prims\jni.cpp, line 737]
Event: 388.644 Thread 0x0000000026599800 Exception <a 'java/net/ConnectException': Connection refused: connect> (0x00000000d5a62e28) thrown at [C:\src\AOSP-openjdk-git\hotspot\src\share\vm\prims\jni.cpp, line 737]
Event: 390.716 Thread 0x0000000026599800 Exception <a 'java/net/ConnectException': Connection refused: connect> (0x00000000d5a63ec0) thrown at [C:\src\AOSP-openjdk-git\hotspot\src\share\vm\prims\jni.cpp, line 737]

Events (10 events):
Event: 390.738 loading class org/jetbrains/kotlin/cli/common/messages/MessageRenderer$2 done
Event: 390.738 loading class org/jetbrains/kotlin/cli/common/messages/MessageRenderer$3
Event: 390.738 loading class org/jetbrains/kotlin/cli/common/messages/MessageRenderer$3 done
Event: 390.743 loading class org/jetbrains/kotlin/compilerRunner/ReportUtilsKt$runToolInSeparateProcess$readErrThread$1
Event: 390.743 loading class org/jetbrains/kotlin/compilerRunner/ReportUtilsKt$runToolInSeparateProcess$readErrThread$1 done
Event: 390.744 Thread 0x000000001c3d2000 Thread added: 0x000000001c3d2000
Event: 390.744 loading class org/jetbrains/kotlin/compilerRunner/ReportUtilsKt$runToolInSeparateProcess$1
Event: 390.744 loading class org/jetbrains/kotlin/compilerRunner/ReportUtilsKt$runToolInSeparateProcess$1 done
Event: 390.745 loading class org/jetbrains/kotlin/compilerRunner/ReportUtilsKt$runToolInSeparateProcess$readErrThread$1$1
Event: 390.745 loading class org/jetbrains/kotlin/compilerRunner/ReportUtilsKt$runToolInSeparateProcess$readErrThread$1$1 done


Dynamic libraries:
0x00007ff66d9b0000 - 0x00007ff66d9e1000 	C:\Program Files\Android\Android Studio\jre\bin\java.exe
0x00007ff9560b0000 - 0x00007ff9562a6000 	C:\WINDOWS\SYSTEM32\ntdll.dll
0x00007ff955d00000 - 0x00007ff955dbd000 	C:\WINDOWS\System32\KERNEL32.DLL
0x00007ff953920000 - 0x00007ff953be9000 	C:\WINDOWS\System32\KERNELBASE.dll
0x00007ff9559b0000 - 0x00007ff955a5c000 	C:\WINDOWS\System32\ADVAPI32.dll
0x00007ff954b60000 - 0x00007ff954bfe000 	C:\WINDOWS\System32\msvcrt.dll
0x00007ff9550c0000 - 0x00007ff95515c000 	C:\WINDOWS\System32\sechost.dll
0x00007ff954f90000 - 0x00007ff9550bb000 	C:\WINDOWS\System32\RPCRT4.dll
0x00007ff955dc0000 - 0x00007ff955f60000 	C:\WINDOWS\System32\USER32.dll
0x00007ff953e40000 - 0x00007ff953e62000 	C:\WINDOWS\System32\win32u.dll
0x00007ff955a60000 - 0x00007ff955a8a000 	C:\WINDOWS\System32\GDI32.dll
0x00007ff953fa0000 - 0x00007ff9540ab000 	C:\WINDOWS\System32\gdi32full.dll
0x00007ff953da0000 - 0x00007ff953e3d000 	C:\WINDOWS\System32\msvcp_win.dll
0x00007ff953820000 - 0x00007ff953920000 	C:\WINDOWS\System32\ucrtbase.dll
0x00007ff942bf0000 - 0x00007ff942e8b000 	C:\WINDOWS\WinSxS\amd64_microsoft.windows.common-controls_6595b64144ccf1df_6.0.19041.746_none_ca02b4b61b8320a4\COMCTL32.dll
0x00007ff954db0000 - 0x00007ff954de0000 	C:\WINDOWS\System32\IMM32.DLL
0x0000000064d10000 - 0x0000000064de2000 	C:\Program Files\Android\Android Studio\jre\jre\bin\msvcr100.dll
0x0000000064df0000 - 0x000000006563b000 	C:\Program Files\Android\Android Studio\jre\jre\bin\server\jvm.dll
0x00007ff955c10000 - 0x00007ff955c18000 	C:\WINDOWS\System32\PSAPI.DLL
0x00007ff9431b0000 - 0x00007ff9431d7000 	C:\WINDOWS\SYSTEM32\WINMM.dll
0x00007ff94bc50000 - 0x00007ff94bc5a000 	C:\WINDOWS\SYSTEM32\VERSION.dll
0x00007ff9339f0000 - 0x00007ff9339f9000 	C:\WINDOWS\SYSTEM32\WSOCK32.dll
0x00007ff955ba0000 - 0x00007ff955c0b000 	C:\WINDOWS\System32\WS2_32.dll
0x00007ff950390000 - 0x00007ff95039f000 	C:\Program Files\Android\Android Studio\jre\jre\bin\verify.dll
0x00007ff94d1e0000 - 0x00007ff94d209000 	C:\Program Files\Android\Android Studio\jre\jre\bin\java.dll
0x00007ff950370000 - 0x00007ff950386000 	C:\Program Files\Android\Android Studio\jre\jre\bin\zip.dll
0x00007ff954410000 - 0x00007ff954b52000 	C:\WINDOWS\System32\SHELL32.dll
0x00007ff951940000 - 0x00007ff9520d0000 	C:\WINDOWS\SYSTEM32\windows.storage.dll
0x00007ff955630000 - 0x00007ff955986000 	C:\WINDOWS\System32\combase.dll
0x00007ff953250000 - 0x00007ff95327c000 	C:\WINDOWS\SYSTEM32\Wldp.dll
0x00007ff955a90000 - 0x00007ff955b3e000 	C:\WINDOWS\System32\SHCORE.dll
0x00007ff9555d0000 - 0x00007ff955625000 	C:\WINDOWS\System32\shlwapi.dll
0x00007ff953720000 - 0x00007ff953746000 	C:\WINDOWS\SYSTEM32\profapi.dll
0x00007ff94ee20000 - 0x00007ff94ee3a000 	C:\Program Files\Android\Android Studio\jre\jre\bin\net.dll
0x00007ff952fd0000 - 0x00007ff95303a000 	C:\WINDOWS\system32\mswsock.dll
0x00007ff94bf40000 - 0x00007ff94bf53000 	C:\Program Files\Android\Android Studio\jre\jre\bin\nio.dll
0x00007ff93c7b0000 - 0x00007ff93c7d6000 	C:\Users\Chiaki Hata\.gradle\native\31\windows-amd64\native-platform.dll
0x00007ff94d4f0000 - 0x00007ff94d4fd000 	C:\Program Files\Android\Android Studio\jre\jre\bin\management.dll
0x00007ff9531b0000 - 0x00007ff9531c8000 	C:\WINDOWS\SYSTEM32\CRYPTSP.dll
0x00007ff952900000 - 0x00007ff952934000 	C:\WINDOWS\system32\rsaenh.dll
0x00007ff9537f0000 - 0x00007ff953817000 	C:\WINDOWS\System32\bcrypt.dll
0x00007ff9536e0000 - 0x00007ff95370e000 	C:\WINDOWS\SYSTEM32\USERENV.dll
0x00007ff953e70000 - 0x00007ff953ef0000 	C:\WINDOWS\System32\bcryptprimitives.dll
0x00007ff9531a0000 - 0x00007ff9531ac000 	C:\WINDOWS\SYSTEM32\CRYPTBASE.dll
0x00007ff952c70000 - 0x00007ff952cab000 	C:\WINDOWS\SYSTEM32\IPHLPAPI.DLL
0x00007ff954400000 - 0x00007ff954408000 	C:\WINDOWS\System32\NSI.dll
0x00007ff945090000 - 0x00007ff9450a7000 	C:\WINDOWS\SYSTEM32\dhcpcsvc6.DLL
0x00007ff948200000 - 0x00007ff94821d000 	C:\WINDOWS\SYSTEM32\dhcpcsvc.DLL
0x00007ff952cb0000 - 0x00007ff952d7b000 	C:\WINDOWS\SYSTEM32\DNSAPI.dll
0x00007ff94be30000 - 0x00007ff94be4e000 	C:\Users\Chiaki Hata\AppData\Local\Temp\native-platform2393972794279009647dir\native-platform.dll

VM Arguments:
jvm_args: -Xmx2048m -Dfile.encoding=windows-31j -Duser.country=JP -Duser.language=ja -Duser.variant 
java_command: org.gradle.launcher.daemon.bootstrap.GradleDaemon 6.1.1
java_class_path (initial): C:\Users\Chiaki Hata\.gradle\wrapper\dists\gradle-6.1.1-all\cfmwm155h49vnt3hynmlrsdst\gradle-6.1.1\lib\gradle-launcher-6.1.1.jar
Launcher Type: SUN_STANDARD

Environment Variables:
JAVA_HOME=C:\Program Files\java\jdk1.7.0_80
PATH=C:\WINDOWS\system32;C:\WINDOWS;C:\WINDOWS\System32\Wbem;C:\WINDOWS\System32\WindowsPowerShell\v1.0\;C:\WINDOWS\System32\OpenSSH\;C:\Program Files\java\jdk1.7.0_80\bin;C:\Program Files\Intel\WiFi\bin\;C:\Program Files\Common Files\Intel\WirelessCommon\;C:\Program Files\MariaDB 10.1\bin;C:\Users\Chiaki Hata\AppData\Local\Microsoft\WindowsApps;C:\Users\Chiaki Hata\AppData\Local\Programs\Git\cmd;
USERNAME=Chiaki Hata
OS=Windows_NT
PROCESSOR_IDENTIFIER=Intel64 Family 6 Model 142 Stepping 12, GenuineIntel



---------------  S Y S T E M  ---------------

OS: Windows 10.0 , 64 bit Build 19041 (10.0.19041.804)

CPU:total 4 (initial active 4) (2 cores per cpu, 2 threads per core) family 6 model 142 stepping 12, cmov, cx8, fxsr, mmx, sse, sse2, sse3, ssse3, sse4.1, sse4.2, popcnt, avx, avx2, aes, clmul, erms, 3dnowpref, lzcnt, ht, tsc, tscinvbit, bmi1, bmi2, adx

Memory: 4k page, physical 8164132k(1708000k free), swap 8164132k(4344k free)

vm_info: OpenJDK 64-Bit Server VM (25.242-b01) for windows-amd64 JRE (1.8.0_242-release-1644-b01), built by "builder" with MS VC++ 10.0 (VS2010)

time: Wed Feb 17 23:41:40 2021
timezone: ìåãû (ïWèÄéû)
elapsed time: 395 seconds (0d 0h 6m 35s)

