#
# There is insufficient memory for the Java Runtime Environment to continue.
# Native memory allocation (malloc) failed to allocate 505856 bytes for Chunk::new
# Possible reasons:
#   The system is out of physical RAM or swap space
#   The process is running with CompressedOops enabled, and the Java Heap may be blocking the growth of the native heap
# Possible solutions:
#   Reduce memory load on the system
#   Increase physical memory or swap space
#   Check if swap backing store is full
#   Decrease Java heap size (-Xmx/-Xms)
#   Decrease number of Java threads
#   Decrease Java thread stack sizes (-Xss)
#   Set larger code cache with -XX:ReservedCodeCacheSize=
#   JVM is running with Unscaled Compressed Oops mode in which the Java heap is
#     placed in the first 4GB address space. The Java Heap base address is the
#     maximum limit for the native heap growth. Please use -XX:HeapBaseMinAddress
#     to set the Java Heap base and to place the Java Heap above 4GB virtual address.
# This output file may be truncated or incomplete.
#
#  Out of Memory Error (allocation.cpp:389), pid=12452, tid=0x0000000000001eb4
#
# JRE version: OpenJDK Runtime Environment (8.0_242-b01) (build 1.8.0_242-release-1644-b01)
# Java VM: OpenJDK 64-Bit Server VM (25.242-b01 mixed mode windows-amd64 compressed oops)
# Failed to write core dump. Minidumps are not enabled by default on client versions of Windows
#

---------------  T H R E A D  ---------------

Current thread (0x0000000017ffe800):  JavaThread "C2 CompilerThread0" daemon [_thread_in_native, id=7860, stack(0x00000000196e0000,0x00000000197e0000)]

Stack: [0x00000000196e0000,0x00000000197e0000]
[error occurred during error reporting (printing stack bounds), id 0xc0000005]

Native frames: (J=compiled Java code, j=interpreted, Vv=VM code, C=native code)


Current CompileTask:
C2:  15644 8491   !   4       com.sun.org.apache.xerces.internal.impl.XMLDocumentFragmentScannerImpl$FragmentContentDriver::next (2346 bytes)


---------------  P R O C E S S  ---------------

Java Threads: ( => current thread )
  0x000000001e185000 JavaThread "Cache worker for execution history cache (C:\work2\TaskApp\.gradle\6.1.1\executionHistory)" [_thread_blocked, id=1236, stack(0x0000000024d90000,0x0000000024e90000)]
  0x000000001e17c800 JavaThread "Execution worker for ':' Thread 3" [_thread_in_Java, id=11000, stack(0x0000000026950000,0x0000000026a50000)]
  0x000000001e17e000 JavaThread "Execution worker for ':' Thread 2" [_thread_blocked, id=10992, stack(0x0000000026850000,0x0000000026950000)]
  0x000000001e183800 JavaThread "Execution worker for ':'" [_thread_blocked, id=11012, stack(0x0000000025460000,0x0000000025560000)]
  0x000000001e182000 JavaThread "Cache worker for file content cache (C:\work2\TaskApp\.gradle\6.1.1\fileContent)" [_thread_blocked, id=13284, stack(0x0000000024c90000,0x0000000024d90000)]
  0x000000001e17d800 JavaThread "Cache worker for file content cache (C:\Users\Chiaki Hata\.gradle\caches\6.1.1\fileContent)" [_thread_blocked, id=3964, stack(0x0000000024b90000,0x0000000024c90000)]
  0x000000001e180800 JavaThread "Memory manager" [_thread_blocked, id=9568, stack(0x0000000024f60000,0x0000000025060000)]
  0x000000001e176800 JavaThread "Cache worker for Build Output Cleanup Cache (C:\work2\TaskApp\.gradle\buildOutputCleanup)" [_thread_blocked, id=10424, stack(0x0000000023e90000,0x0000000023f90000)]
  0x000000001e17c000 JavaThread "pool-1-thread-1" [_thread_blocked, id=10420, stack(0x0000000023b90000,0x0000000023c90000)]
  0x000000001e17b000 JavaThread "Build operations Thread 4" [_thread_blocked, id=10128, stack(0x0000000023690000,0x0000000023790000)]
  0x000000001e179800 JavaThread "Build operations Thread 3" [_thread_blocked, id=8584, stack(0x0000000023590000,0x0000000023690000)]
  0x000000001e179000 JavaThread "Build operations Thread 2" [_thread_blocked, id=3960, stack(0x0000000023490000,0x0000000023590000)]
  0x000000001e17a800 JavaThread "Build operations" [_thread_blocked, id=2216, stack(0x0000000020470000,0x0000000020570000)]
  0x000000001bff0800 JavaThread "Cache worker for execution history cache (C:\Users\Chiaki Hata\.gradle\caches\6.1.1\executionHistory)" [_thread_blocked, id=7836, stack(0x0000000020170000,0x0000000020270000)]
  0x000000001bff0000 JavaThread "Cache worker for cache directory md-rule (C:\Users\Chiaki Hata\.gradle\caches\6.1.1\md-rule)" [_thread_blocked, id=10296, stack(0x0000000020070000,0x0000000020170000)]
  0x000000001bff1800 JavaThread "Cache worker for cache directory md-supplier (C:\Users\Chiaki Hata\.gradle\caches\6.1.1\md-supplier)" [_thread_blocked, id=7424, stack(0x000000001ff70000,0x0000000020070000)]
  0x000000001bff3000 JavaThread "Cache worker for file hash cache (C:\work2\TaskApp\.gradle\6.1.1\fileHashes)" [_thread_blocked, id=3820, stack(0x0000000021730000,0x0000000021830000)]
  0x000000001bff7000 JavaThread "Cache worker for checksums cache (C:\work2\TaskApp\.gradle\checksums)" [_thread_blocked, id=7560, stack(0x0000000020660000,0x0000000020760000)]
  0x000000001bff5000 JavaThread "Cache worker for file hash cache (C:\Users\Chiaki Hata\.gradle\caches\6.1.1\fileHashes)" [_thread_blocked, id=4560, stack(0x000000001dad0000,0x000000001dbd0000)]
  0x000000001bff6000 JavaThread "File lock request listener" [_thread_in_native, id=8116, stack(0x000000001d9d0000,0x000000001dad0000)]
  0x000000001c017000 JavaThread "Cache worker for journal cache (C:\Users\Chiaki Hata\.gradle\caches\journal-1)" [_thread_blocked, id=7596, stack(0x000000001d8d0000,0x000000001d9d0000)]
  0x000000001ad8a000 JavaThread "Thread-9" [_thread_blocked, id=7556, stack(0x000000001d5d0000,0x000000001d6d0000)]
  0x000000001a502800 JavaThread "Stdin handler" [_thread_blocked, id=4080, stack(0x000000001d4d0000,0x000000001d5d0000)]
  0x000000001a4d3000 JavaThread "Asynchronous log dispatcher for DefaultDaemonConnection: socket connection from /127.0.0.1:49844 to /127.0.0.1:49845" [_thread_blocked, id=3980, stack(0x000000001d3d0000,0x000000001d4d0000)]
  0x000000001a4ee800 JavaThread "Daemon worker" [_thread_blocked, id=9728, stack(0x000000001d2d0000,0x000000001d3d0000)]
  0x000000001a4e7800 JavaThread "Cancel handler" [_thread_blocked, id=7020, stack(0x000000001d1d0000,0x000000001d2d0000)]
  0x000000001a2ee800 JavaThread "Handler for socket connection from /127.0.0.1:49844 to /127.0.0.1:49845" [_thread_in_native, id=7208, stack(0x000000001d0d0000,0x000000001d1d0000)]
  0x000000001be2f800 JavaThread "Daemon" [_thread_blocked, id=7488, stack(0x000000001cdd0000,0x000000001ced0000)]
  0x000000001be09800 JavaThread "Daemon periodic checks" [_thread_blocked, id=6284, stack(0x000000001ccd0000,0x000000001cdd0000)]
  0x000000001be08800 JavaThread "Incoming local TCP Connector on port 49844" [_thread_in_native, id=6456, stack(0x000000001caf0000,0x000000001cbf0000)]
  0x00000000198e8800 JavaThread "Daemon health stats" [_thread_blocked, id=6460, stack(0x000000001c9f0000,0x000000001caf0000)]
  0x000000001981c000 JavaThread "Service Thread" daemon [_thread_blocked, id=1360, stack(0x0000000019de0000,0x0000000019ee0000)]
  0x000000001804b800 JavaThread "C1 CompilerThread2" daemon [_thread_blocked, id=884, stack(0x0000000019ce0000,0x0000000019de0000)]
  0x0000000018046000 JavaThread "C2 CompilerThread1" daemon [_thread_in_native, id=7856, stack(0x0000000019be0000,0x0000000019ce0000)]
=>0x0000000017ffe800 JavaThread "C2 CompilerThread0" daemon [_thread_in_native, id=7860, stack(0x00000000196e0000,0x00000000197e0000)]
  0x0000000017ffd800 JavaThread "Attach Listener" daemon [_thread_blocked, id=744, stack(0x00000000195e0000,0x00000000196e0000)]
  0x0000000017fe8000 JavaThread "Signal Dispatcher" daemon [_thread_blocked, id=7944, stack(0x00000000194e0000,0x00000000195e0000)]
  0x00000000033cc800 JavaThread "Finalizer" daemon [_thread_blocked, id=3928, stack(0x0000000019240000,0x0000000019340000)]
  0x0000000017fd9800 JavaThread "Reference Handler" daemon [_thread_blocked, id=9828, stack(0x0000000019140000,0x0000000019240000)]
  0x0000000002e4e000 JavaThread "main" [_thread_blocked, id=11924, stack(0x0000000002e50000,0x0000000002f50000)]

Other Threads:
  0x0000000017fb6000 VMThread [stack: 0x0000000019040000,0x0000000019140000] [id=12172]
  0x000000001988d000 WatcherThread [stack: 0x0000000019ee0000,0x0000000019fe0000] [id=1016]

VM state:not at safepoint (normal execution)

VM Mutex/Monitor currently owned by a thread: None

heap address: 0x0000000080000000, size: 2048 MB, Compressed Oops mode: 32-bit
Narrow klass base: 0x0000000000000000, Narrow klass shift: 3
Compressed class space size: 1073741824 Address: 0x0000000100000000

Heap:
 PSYoungGen      total 233472K, used 109803K [0x00000000d5580000, 0x00000000e5b80000, 0x0000000100000000)
  eden space 216064K, 42% used [0x00000000d5580000,0x00000000dafe2e78,0x00000000e2880000)
  from space 17408K, 99% used [0x00000000e4a80000,0x00000000e5b57ec0,0x00000000e5b80000)
  to   space 24064K, 0% used [0x00000000e2c80000,0x00000000e2c80000,0x00000000e4400000)
 ParOldGen       total 116736K, used 40568K [0x0000000080000000, 0x0000000087200000, 0x00000000d5580000)
  object space 116736K, 34% used [0x0000000080000000,0x000000008279e1b0,0x0000000087200000)
 Metaspace       used 65840K, capacity 68508K, committed 68632K, reserved 1107968K
  class space    used 8922K, capacity 9473K, committed 9520K, reserved 1048576K

Card table byte_map: [0x0000000012790000,0x0000000012ba0000] byte_map_base: 0x0000000012390000

Marking Bits: (ParMarkBitMap*) 0x0000000070adf030
 Begin Bits: [0x0000000013250000, 0x0000000015250000)
 End Bits:   [0x0000000015250000, 0x0000000017250000)

Polling page: 0x0000000002e00000

CodeCache: size=245760Kb used=24384Kb max_used=24400Kb free=221375Kb
 bounds [0x00000000033d0000, 0x0000000004be0000, 0x00000000123d0000]
 total_blobs=8349 nmethods=7537 adapters=725
 compilation: enabled

Compilation events (10 events):
Event: 15.628 Thread 0x000000001804b800 8495       3       com.sun.org.apache.xerces.internal.impl.XMLEntityScanner::scanContent (690 bytes)
Event: 15.630 Thread 0x000000001804b800 nmethod 8495 0x0000000003cc73d0 code [0x0000000003cc7680, 0x0000000003cc8a88]
Event: 15.631 Thread 0x000000001804b800 8497       3       com.sun.org.apache.xerces.internal.impl.XMLDocumentFragmentScannerImpl::scanContent (171 bytes)
Event: 15.632 Thread 0x000000001804b800 nmethod 8497 0x0000000004409110 code [0x0000000004409380, 0x0000000004409d98]
Event: 15.633 Thread 0x000000001804b800 8498       3       com.sun.org.apache.xerces.internal.dom.DeferredDocumentImpl::ensureCapacity (358 bytes)
Event: 15.634 Thread 0x000000001804b800 nmethod 8498 0x0000000004bcda50 code [0x0000000004bcde40, 0x0000000004bd0e48]
Event: 15.634 Thread 0x000000001804b800 8499       3       sun.nio.cs.UTF_8$Decoder::decodeArrayLoop (691 bytes)
Event: 15.639 Thread 0x000000001804b800 nmethod 8499 0x0000000004bd2650 code [0x0000000004bd2fa0, 0x0000000004bd97e8]
Event: 15.639 Thread 0x000000001804b800 8501       3       sun.nio.cs.UTF_8$Decoder::isMalformed3 (45 bytes)
Event: 15.639 Thread 0x000000001804b800 nmethod 8501 0x0000000003cd4dd0 code [0x0000000003cd4f20, 0x0000000003cd5170]

GC Heap History (10 events):
Event: 5.538 GC heap before
{Heap before GC invocations=11 (full 2):
 PSYoungGen      total 137216K, used 11232K [0x00000000d5580000, 0x00000000e1a80000, 0x0000000100000000)
  eden space 125952K, 0% used [0x00000000d5580000,0x00000000d5580000,0x00000000dd080000)
  from space 11264K, 99% used [0x00000000dd080000,0x00000000ddb780e8,0x00000000ddb80000)
  to   space 13312K, 0% used [0x00000000e0d80000,0x00000000e0d80000,0x00000000e1a80000)
 ParOldGen       total 49152K, used 8114K [0x0000000080000000, 0x0000000083000000, 0x00000000d5580000)
  object space 49152K, 16% used [0x0000000080000000,0x00000000807ec900,0x0000000083000000)
 Metaspace       used 34460K, capacity 35386K, committed 35496K, reserved 1079296K
  class space    used 4719K, capacity 4970K, committed 5040K, reserved 1048576K
Event: 5.605 GC heap after
Heap after GC invocations=11 (full 2):
 PSYoungGen      total 137216K, used 0K [0x00000000d5580000, 0x00000000e1a80000, 0x0000000100000000)
  eden space 125952K, 0% used [0x00000000d5580000,0x00000000d5580000,0x00000000dd080000)
  from space 11264K, 0% used [0x00000000dd080000,0x00000000dd080000,0x00000000ddb80000)
  to   space 13312K, 0% used [0x00000000e0d80000,0x00000000e0d80000,0x00000000e1a80000)
 ParOldGen       total 74240K, used 18762K [0x0000000080000000, 0x0000000084880000, 0x00000000d5580000)
  object space 74240K, 25% used [0x0000000080000000,0x0000000081252a20,0x0000000084880000)
 Metaspace       used 34460K, capacity 35386K, committed 35496K, reserved 1079296K
  class space    used 4719K, capacity 4970K, committed 5040K, reserved 1048576K
}
Event: 7.737 GC heap before
{Heap before GC invocations=12 (full 2):
 PSYoungGen      total 137216K, used 125952K [0x00000000d5580000, 0x00000000e1a80000, 0x0000000100000000)
  eden space 125952K, 100% used [0x00000000d5580000,0x00000000dd080000,0x00000000dd080000)
  from space 11264K, 0% used [0x00000000dd080000,0x00000000dd080000,0x00000000ddb80000)
  to   space 13312K, 0% used [0x00000000e0d80000,0x00000000e0d80000,0x00000000e1a80000)
 ParOldGen       total 74240K, used 18762K [0x0000000080000000, 0x0000000084880000, 0x00000000d5580000)
  object space 74240K, 25% used [0x0000000080000000,0x0000000081252a20,0x0000000084880000)
 Metaspace       used 44705K, capacity 46280K, committed 46376K, reserved 1089536K
  class space    used 6037K, capacity 6400K, committed 6448K, reserved 1048576K
Event: 7.751 GC heap after
Heap after GC invocations=12 (full 2):
 PSYoungGen      total 184320K, used 13287K [0x00000000d5580000, 0x00000000e1b80000, 0x0000000100000000)
  eden space 171008K, 0% used [0x00000000d5580000,0x00000000d5580000,0x00000000dfc80000)
  from space 13312K, 99% used [0x00000000e0d80000,0x00000000e1a79f98,0x00000000e1a80000)
  to   space 15872K, 0% used [0x00000000dfc80000,0x00000000dfc80000,0x00000000e0c00000)
 ParOldGen       total 74240K, used 22040K [0x0000000080000000, 0x0000000084880000, 0x00000000d5580000)
  object space 74240K, 29% used [0x0000000080000000,0x0000000081586058,0x0000000084880000)
 Metaspace       used 44705K, capacity 46280K, committed 46376K, reserved 1089536K
  class space    used 6037K, capacity 6400K, committed 6448K, reserved 1048576K
}
Event: 10.173 GC heap before
{Heap before GC invocations=13 (full 2):
 PSYoungGen      total 184320K, used 183633K [0x00000000d5580000, 0x00000000e1b80000, 0x0000000100000000)
  eden space 171008K, 99% used [0x00000000d5580000,0x00000000dfbda608,0x00000000dfc80000)
  from space 13312K, 99% used [0x00000000e0d80000,0x00000000e1a79f98,0x00000000e1a80000)
  to   space 15872K, 0% used [0x00000000dfc80000,0x00000000dfc80000,0x00000000e0c00000)
 ParOldGen       total 74240K, used 22040K [0x0000000080000000, 0x0000000084880000, 0x00000000d5580000)
  object space 74240K, 29% used [0x0000000080000000,0x0000000081586058,0x0000000084880000)
 Metaspace       used 57011K, capacity 59030K, committed 59160K, reserved 1099776K
  class space    used 7696K, capacity 8157K, committed 8240K, reserved 1048576K
Event: 10.205 GC heap after
Heap after GC invocations=13 (full 2):
 PSYoungGen      total 186880K, used 15868K [0x00000000d5580000, 0x00000000e6080000, 0x0000000100000000)
  eden space 171008K, 0% used [0x00000000d5580000,0x00000000d5580000,0x00000000dfc80000)
  from space 15872K, 99% used [0x00000000dfc80000,0x00000000e0bff318,0x00000000e0c00000)
  to   space 22528K, 0% used [0x00000000e4a80000,0x00000000e4a80000,0x00000000e6080000)
 ParOldGen       total 74240K, used 34290K [0x0000000080000000, 0x0000000084880000, 0x00000000d5580000)
  object space 74240K, 46% used [0x0000000080000000,0x000000008217c9f8,0x0000000084880000)
 Metaspace       used 57011K, capacity 59030K, committed 59160K, reserved 1099776K
  class space    used 7696K, capacity 8157K, committed 8240K, reserved 1048576K
}
Event: 10.205 GC heap before
{Heap before GC invocations=14 (full 3):
 PSYoungGen      total 186880K, used 15868K [0x00000000d5580000, 0x00000000e6080000, 0x0000000100000000)
  eden space 171008K, 0% used [0x00000000d5580000,0x00000000d5580000,0x00000000dfc80000)
  from space 15872K, 99% used [0x00000000dfc80000,0x00000000e0bff318,0x00000000e0c00000)
  to   space 22528K, 0% used [0x00000000e4a80000,0x00000000e4a80000,0x00000000e6080000)
 ParOldGen       total 74240K, used 34290K [0x0000000080000000, 0x0000000084880000, 0x00000000d5580000)
  object space 74240K, 46% used [0x0000000080000000,0x000000008217c9f8,0x0000000084880000)
 Metaspace       used 57011K, capacity 59030K, committed 59160K, reserved 1099776K
  class space    used 7696K, capacity 8157K, committed 8240K, reserved 1048576K
Event: 10.406 GC heap after
Heap after GC invocations=14 (full 3):
 PSYoungGen      total 186880K, used 0K [0x00000000d5580000, 0x00000000e6080000, 0x0000000100000000)
  eden space 171008K, 0% used [0x00000000d5580000,0x00000000d5580000,0x00000000dfc80000)
  from space 15872K, 0% used [0x00000000dfc80000,0x00000000dfc80000,0x00000000e0c00000)
  to   space 22528K, 0% used [0x00000000e4a80000,0x00000000e4a80000,0x00000000e6080000)
 ParOldGen       total 116736K, used 40560K [0x0000000080000000, 0x0000000087200000, 0x00000000d5580000)
  object space 116736K, 34% used [0x0000000080000000,0x000000008279c1b0,0x0000000087200000)
 Metaspace       used 57005K, capacity 59006K, committed 59160K, reserved 1099776K
  class space    used 7694K, capacity 8153K, committed 8240K, reserved 1048576K
}
Event: 13.776 GC heap before
{Heap before GC invocations=15 (full 3):
 PSYoungGen      total 186880K, used 171008K [0x00000000d5580000, 0x00000000e6080000, 0x0000000100000000)
  eden space 171008K, 100% used [0x00000000d5580000,0x00000000dfc80000,0x00000000dfc80000)
  from space 15872K, 0% used [0x00000000dfc80000,0x00000000dfc80000,0x00000000e0c00000)
  to   space 22528K, 0% used [0x00000000e4a80000,0x00000000e4a80000,0x00000000e6080000)
 ParOldGen       total 116736K, used 40560K [0x0000000080000000, 0x0000000087200000, 0x00000000d5580000)
  object space 116736K, 34% used [0x0000000080000000,0x000000008279c1b0,0x0000000087200000)
 Metaspace       used 64601K, capacity 67240K, committed 67480K, reserved 1107968K
  class space    used 8766K, capacity 9299K, committed 9392K, reserved 1048576K
Event: 13.806 GC heap after
Heap after GC invocations=15 (full 3):
 PSYoungGen      total 233472K, used 17247K [0x00000000d5580000, 0x00000000e5b80000, 0x0000000100000000)
  eden space 216064K, 0% used [0x00000000d5580000,0x00000000d5580000,0x00000000e2880000)
  from space 17408K, 99% used [0x00000000e4a80000,0x00000000e5b57ec0,0x00000000e5b80000)
  to   space 24064K, 0% used [0x00000000e2c80000,0x00000000e2c80000,0x00000000e4400000)
 ParOldGen       total 116736K, used 40568K [0x0000000080000000, 0x0000000087200000, 0x00000000d5580000)
  object space 116736K, 34% used [0x0000000080000000,0x000000008279e1b0,0x0000000087200000)
 Metaspace       used 64601K, capacity 67240K, committed 67480K, reserved 1107968K
  class space    used 8766K, capacity 9299K, committed 9392K, reserved 1048576K
}

Deoptimization events (10 events):
Event: 14.731 Thread 0x000000001e183800 Uncommon trap: reason=unstable_if action=reinterpret pc=0x00000000049245d4 method=org.gradle.internal.time.MonotonicClock.advance(J)J @ 25
Event: 15.209 Thread 0x000000001e17c800 Uncommon trap: reason=predicate action=maybe_recompile pc=0x00000000039c8a88 method=com.google.common.base.CharMatcher.indexIn(Ljava/lang/CharSequence;I)I @ 22
Event: 15.364 Thread 0x000000001e17c800 Uncommon trap: reason=unstable_if action=reinterpret pc=0x0000000004b3ac28 method=com.google.common.collect.ImmutableMultimap$1.hasNext()Z @ 9
Event: 15.365 Thread 0x000000001e17c800 Uncommon trap: reason=unstable_if action=reinterpret pc=0x0000000003ff54a8 method=org.gradle.internal.hash.HashCode.equals(Ljava/lang/Object;)Z @ 2
Event: 15.485 Thread 0x000000001e17c800 Uncommon trap: reason=unstable_if action=reinterpret pc=0x0000000003cd3218 method=com.sun.org.apache.xerces.internal.util.SymbolTable.addSymbol([CII)Ljava/lang/String; @ 64
Event: 15.494 Thread 0x000000001e17c800 Uncommon trap: reason=unstable_if action=reinterpret pc=0x00000000039c577c method=sun.nio.cs.UTF_8$Decoder.decodeArrayLoop(Ljava/nio/ByteBuffer;Ljava/nio/CharBuffer;)Ljava/nio/charset/CoderResult; @ 84
Event: 15.628 Thread 0x000000001e17c800 Uncommon trap: reason=unstable_if action=reinterpret pc=0x0000000003dab094 method=com.sun.org.apache.xerces.internal.impl.XMLEntityScanner.scanContent(Lcom/sun/org/apache/xerces/internal/xni/XMLString;)I @ 418
Event: 15.632 Thread 0x000000001e17c800 Uncommon trap: reason=unstable_if action=reinterpret pc=0x0000000003e619d8 method=com.sun.org.apache.xerces.internal.dom.DeferredDocumentImpl.ensureCapacity(I)V @ 88
Event: 15.634 Thread 0x000000001e17c800 Uncommon trap: reason=unstable_if action=reinterpret pc=0x0000000003e8fa40 method=sun.nio.cs.UTF_8$Decoder.decodeArrayLoop(Ljava/nio/ByteBuffer;Ljava/nio/CharBuffer;)Ljava/nio/charset/CoderResult; @ 167
Event: 15.635 Thread 0x000000001e17c800 Uncommon trap: reason=unstable_if action=reinterpret pc=0x00000000035fb764 method=sun.nio.cs.UTF_8$Decoder.decodeArrayLoop(Ljava/nio/ByteBuffer;Ljava/nio/CharBuffer;)Ljava/nio/charset/CoderResult; @ 167

Classes redefined (0 events):
No events

Internal exceptions (10 events):
Event: 12.876 Thread 0x000000001e17c800 Exception <a 'java/lang/NoSuchMethodError': java.lang.Object.lambda$identity$2(Ljava/lang/Object;)Ljava/lang/Object;> (0x00000000dce30828) thrown at [C:\src\AOSP-openjdk-git\hotspot\src\share\vm\interpreter\linkResolver.cpp, line 620]
Event: 12.876 Thread 0x000000001e17e000 Exception <a 'java/lang/NoSuchMethodError': java.lang.Object.lambda$identity$2(Ljava/lang/Object;)Ljava/lang/Object;> (0x00000000dcf3dbf8) thrown at [C:\src\AOSP-openjdk-git\hotspot\src\share\vm\interpreter\linkResolver.cpp, line 620]
Event: 14.103 Thread 0x000000001ad8a000 Exception <a 'java/lang/NoSuchMethodError': <clinit>> (0x00000000d59d9380) thrown at [C:\src\AOSP-openjdk-git\hotspot\src\share\vm\prims\jni.cpp, line 1615]
Event: 14.104 Thread 0x000000001ad8a000 Exception <a 'java/lang/NoSuchMethodError': <clinit>> (0x00000000d59e47a0) thrown at [C:\src\AOSP-openjdk-git\hotspot\src\share\vm\prims\jni.cpp, line 1615]
Event: 14.129 Thread 0x000000001ad8a000 Exception <a 'java/lang/NoSuchMethodError': <clinit>> (0x00000000d59f1288) thrown at [C:\src\AOSP-openjdk-git\hotspot\src\share\vm\prims\jni.cpp, line 1615]
Event: 14.130 Thread 0x000000001ad8a000 Exception <a 'java/lang/NoSuchMethodError': <clinit>> (0x00000000d5a02010) thrown at [C:\src\AOSP-openjdk-git\hotspot\src\share\vm\prims\jni.cpp, line 1615]
Event: 14.130 Thread 0x000000001ad8a000 Exception <a 'java/lang/NoSuchMethodError': <clinit>> (0x00000000d5a03b48) thrown at [C:\src\AOSP-openjdk-git\hotspot\src\share\vm\prims\jni.cpp, line 1615]
Event: 14.200 Thread 0x000000001ad8a000 Exception <a 'java/lang/NoSuchMethodError': <clinit>> (0x00000000d6d18c40) thrown at [C:\src\AOSP-openjdk-git\hotspot\src\share\vm\prims\jni.cpp, line 1615]
Event: 14.458 Thread 0x000000001a4ee800 Implicit null exception at 0x0000000004ab3a27 to 0x0000000004ab4259
Event: 14.475 Thread 0x000000001a4ee800 Implicit null exception at 0x0000000004ab5783 to 0x0000000004ab6111

Events (10 events):
Event: 15.632 Thread 0x000000001e17c800 DEOPT UNPACKING pc=0x00000000034175d0 sp=0x0000000026a4abc0 mode 0
Event: 15.632 Thread 0x000000001e17c800 Uncommon trap: trap_request=0xffffff65 fr.pc=0x0000000003e619d8
Event: 15.632 Thread 0x000000001e17c800 DEOPT PACKING pc=0x0000000003e619d8 sp=0x0000000026a4ae60
Event: 15.632 Thread 0x000000001e17c800 DEOPT UNPACKING pc=0x000000000341557b sp=0x0000000026a4ade8 mode 2
Event: 15.634 Thread 0x000000001e17c800 Uncommon trap: trap_request=0xffffff65 fr.pc=0x0000000003e8fa40
Event: 15.634 Thread 0x000000001e17c800 DEOPT PACKING pc=0x0000000003e8fa40 sp=0x0000000026a4a710
Event: 15.634 Thread 0x000000001e17c800 DEOPT UNPACKING pc=0x000000000341557b sp=0x0000000026a4a680 mode 2
Event: 15.635 Thread 0x000000001e17c800 Uncommon trap: trap_request=0xffffff65 fr.pc=0x00000000035fb764
Event: 15.635 Thread 0x000000001e17c800 DEOPT PACKING pc=0x00000000035fb764 sp=0x0000000026a4a700
Event: 15.635 Thread 0x000000001e17c800 DEOPT UNPACKING pc=0x000000000341557b sp=0x0000000026a4a680 mode 2


Dynamic libraries:
0x00007ff674520000 - 0x00007ff674551000 	C:\Program Files\Android\Android Studio\jre\bin\java.exe
0x00007ffe4e790000 - 0x00007ffe4e986000 	C:\WINDOWS\SYSTEM32\ntdll.dll
0x00007ffe4e3d0000 - 0x00007ffe4e48d000 	C:\WINDOWS\System32\KERNEL32.DLL
0x00007ffe4bff0000 - 0x00007ffe4c2b9000 	C:\WINDOWS\System32\KERNELBASE.dll
0x00007ffe4e5c0000 - 0x00007ffe4e66c000 	C:\WINDOWS\System32\ADVAPI32.dll
0x00007ffe4c9f0000 - 0x00007ffe4ca8e000 	C:\WINDOWS\System32\msvcrt.dll
0x00007ffe4cb00000 - 0x00007ffe4cb9c000 	C:\WINDOWS\System32\sechost.dll
0x00007ffe4e490000 - 0x00007ffe4e5bb000 	C:\WINDOWS\System32\RPCRT4.dll
0x00007ffe4ccc0000 - 0x00007ffe4ce60000 	C:\WINDOWS\System32\USER32.dll
0x00007ffe4bf70000 - 0x00007ffe4bf92000 	C:\WINDOWS\System32\win32u.dll
0x00007ffe4e670000 - 0x00007ffe4e69a000 	C:\WINDOWS\System32\GDI32.dll
0x00007ffe4c630000 - 0x00007ffe4c73b000 	C:\WINDOWS\System32\gdi32full.dll
0x00007ffe4bed0000 - 0x00007ffe4bf6d000 	C:\WINDOWS\System32\msvcp_win.dll
0x00007ffe4c370000 - 0x00007ffe4c470000 	C:\WINDOWS\System32\ucrtbase.dll
0x00007ffe38090000 - 0x00007ffe3832b000 	C:\WINDOWS\WinSxS\amd64_microsoft.windows.common-controls_6595b64144ccf1df_6.0.19041.746_none_ca02b4b61b8320a4\COMCTL32.dll
0x00007ffe4cc90000 - 0x00007ffe4ccc0000 	C:\WINDOWS\System32\IMM32.DLL
0x0000000070230000 - 0x0000000070302000 	C:\Program Files\Android\Android Studio\jre\jre\bin\msvcr100.dll
0x0000000070310000 - 0x0000000070b5b000 	C:\Program Files\Android\Android Studio\jre\jre\bin\server\jvm.dll
0x00007ffe4caf0000 - 0x00007ffe4caf8000 	C:\WINDOWS\System32\PSAPI.DLL
0x00007ffe2bb50000 - 0x00007ffe2bb59000 	C:\WINDOWS\SYSTEM32\WSOCK32.dll
0x00007ffe4e220000 - 0x00007ffe4e28b000 	C:\WINDOWS\System32\WS2_32.dll
0x00007ffe37670000 - 0x00007ffe37697000 	C:\WINDOWS\SYSTEM32\WINMM.dll
0x00007ffe3d1a0000 - 0x00007ffe3d1aa000 	C:\WINDOWS\SYSTEM32\VERSION.dll
0x00007ffe3cf00000 - 0x00007ffe3cf0f000 	C:\Program Files\Android\Android Studio\jre\jre\bin\verify.dll
0x00007ffe3ced0000 - 0x00007ffe3cef9000 	C:\Program Files\Android\Android Studio\jre\jre\bin\java.dll
0x00007ffe3cc90000 - 0x00007ffe3cca6000 	C:\Program Files\Android\Android Studio\jre\jre\bin\zip.dll
0x00007ffe4d5c0000 - 0x00007ffe4dd02000 	C:\WINDOWS\System32\SHELL32.dll
0x00007ffe4a020000 - 0x00007ffe4a7b0000 	C:\WINDOWS\SYSTEM32\windows.storage.dll
0x00007ffe4dec0000 - 0x00007ffe4e216000 	C:\WINDOWS\System32\combase.dll
0x00007ffe4b930000 - 0x00007ffe4b95c000 	C:\WINDOWS\SYSTEM32\Wldp.dll
0x00007ffe4e6a0000 - 0x00007ffe4e74e000 	C:\WINDOWS\System32\SHCORE.dll
0x00007ffe4ca90000 - 0x00007ffe4cae5000 	C:\WINDOWS\System32\shlwapi.dll
0x00007ffe4be00000 - 0x00007ffe4be26000 	C:\WINDOWS\SYSTEM32\profapi.dll
0x00007ffe3cc70000 - 0x00007ffe3cc8a000 	C:\Program Files\Android\Android Studio\jre\jre\bin\net.dll
0x00007ffe4b6b0000 - 0x00007ffe4b71a000 	C:\WINDOWS\system32\mswsock.dll
0x00007ffe3ca80000 - 0x00007ffe3ca93000 	C:\Program Files\Android\Android Studio\jre\jre\bin\nio.dll
0x00007ffe37740000 - 0x00007ffe37766000 	C:\Users\Chiaki Hata\.gradle\native\31\windows-amd64\native-platform.dll
0x00007ffe3cec0000 - 0x00007ffe3cecd000 	C:\Program Files\Android\Android Studio\jre\jre\bin\management.dll
0x00007ffe4b890000 - 0x00007ffe4b8a8000 	C:\WINDOWS\SYSTEM32\CRYPTSP.dll
0x00007ffe4afe0000 - 0x00007ffe4b014000 	C:\WINDOWS\system32\rsaenh.dll
0x00007ffe4c740000 - 0x00007ffe4c767000 	C:\WINDOWS\System32\bcrypt.dll
0x00007ffe4bdc0000 - 0x00007ffe4bdee000 	C:\WINDOWS\SYSTEM32\USERENV.dll
0x00007ffe4c770000 - 0x00007ffe4c7f0000 	C:\WINDOWS\System32\bcryptprimitives.dll
0x00007ffe4b880000 - 0x00007ffe4b88c000 	C:\WINDOWS\SYSTEM32\CRYPTBASE.dll
0x00007ffe4b350000 - 0x00007ffe4b38b000 	C:\WINDOWS\SYSTEM32\IPHLPAPI.DLL
0x00007ffe4e290000 - 0x00007ffe4e298000 	C:\WINDOWS\System32\NSI.dll
0x00007ffe41ed0000 - 0x00007ffe41ee7000 	C:\WINDOWS\SYSTEM32\dhcpcsvc6.DLL
0x00007ffe448d0000 - 0x00007ffe448ed000 	C:\WINDOWS\SYSTEM32\dhcpcsvc.DLL
0x00007ffe4b3a0000 - 0x00007ffe4b46b000 	C:\WINDOWS\SYSTEM32\DNSAPI.dll

VM Arguments:
jvm_args: -Xmx2048m -Dfile.encoding=windows-31j -Duser.country=JP -Duser.language=ja -Duser.variant 
java_command: org.gradle.launcher.daemon.bootstrap.GradleDaemon 6.1.1
java_class_path (initial): C:\Users\Chiaki Hata\.gradle\wrapper\dists\gradle-6.1.1-all\cfmwm155h49vnt3hynmlrsdst\gradle-6.1.1\lib\gradle-launcher-6.1.1.jar
Launcher Type: SUN_STANDARD

Environment Variables:
JAVA_HOME=C:\Program Files\java\jdk1.7.0_80
PATH=C:\WINDOWS\system32;C:\WINDOWS;C:\WINDOWS\System32\Wbem;C:\WINDOWS\System32\WindowsPowerShell\v1.0\;C:\WINDOWS\System32\OpenSSH\;C:\Program Files\java\jdk1.7.0_80\bin;C:\Program Files\Intel\WiFi\bin\;C:\Program Files\Common Files\Intel\WirelessCommon\;C:\Program Files\MariaDB 10.1\bin;C:\Users\Chiaki Hata\AppData\Local\Microsoft\WindowsApps;C:\Users\Chiaki Hata\AppData\Local\Programs\Git\cmd;
USERNAME=Chiaki Hata
OS=Windows_NT
PROCESSOR_IDENTIFIER=Intel64 Family 6 Model 142 Stepping 12, GenuineIntel



---------------  S Y S T E M  ---------------

OS: Windows 10.0 , 64 bit Build 19041 (10.0.19041.804)

CPU:total 4 (initial active 4) (2 cores per cpu, 2 threads per core) family 6 model 142 stepping 12, cmov, cx8, fxsr, mmx, sse, sse2, sse3, ssse3, sse4.1, sse4.2, popcnt, avx, avx2, aes, clmul, erms, 3dnowpref, lzcnt, ht, tsc, tscinvbit, bmi1, bmi2, adx

Memory: 4k page, physical 8164132k(1751128k free), swap 8164132k(5472k free)

vm_info: OpenJDK 64-Bit Server VM (25.242-b01) for windows-amd64 JRE (1.8.0_242-release-1644-b01), built by "builder" with MS VC++ 10.0 (VS2010)

time: Fri Feb 19 13:55:12 2021
timezone: ìåãû (ïWèÄéû)
elapsed time: 15 seconds (0d 0h 0m 15s)

