#
# There is insufficient memory for the Java Runtime Environment to continue.
# Native memory allocation (malloc) failed to allocate 590496 bytes for Chunk::new
# Possible reasons:
#   The system is out of physical RAM or swap space
#   The process is running with CompressedOops enabled, and the Java Heap may be blocking the growth of the native heap
# Possible solutions:
#   Reduce memory load on the system
#   Increase physical memory or swap space
#   Check if swap backing store is full
#   Decrease Java heap size (-Xmx/-Xms)
#   Decrease number of Java threads
#   Decrease Java thread stack sizes (-Xss)
#   Set larger code cache with -XX:ReservedCodeCacheSize=
#   JVM is running with Unscaled Compressed Oops mode in which the Java heap is
#     placed in the first 4GB address space. The Java Heap base address is the
#     maximum limit for the native heap growth. Please use -XX:HeapBaseMinAddress
#     to set the Java Heap base and to place the Java Heap above 4GB virtual address.
# This output file may be truncated or incomplete.
#
#  Out of Memory Error (allocation.cpp:389), pid=6220, tid=0x0000000000000af8
#
# JRE version: OpenJDK Runtime Environment (8.0_242-b01) (build 1.8.0_242-release-1644-b01)
# Java VM: OpenJDK 64-Bit Server VM (25.242-b01 mixed mode windows-amd64 compressed oops)
# Failed to write core dump. Minidumps are not enabled by default on client versions of Windows
#

---------------  T H R E A D  ---------------

Current thread (0x0000000017b69800):  JavaThread "C2 CompilerThread0" daemon [_thread_in_native, id=2808, stack(0x0000000019110000,0x0000000019210000)]

Stack: [0x0000000019110000,0x0000000019210000]
[error occurred during error reporting (printing stack bounds), id 0xc0000005]

Native frames: (J=compiled Java code, j=interpreted, Vv=VM code, C=native code)


Current CompileTask:
C2:   3667 4833       4       org.jetbrains.kotlin.metadata.ProtoBuf$Type::writeTo (354 bytes)


---------------  P R O C E S S  ---------------

Java Threads: ( => current thread )
  0x000000001923c000 JavaThread "Service Thread" daemon [_thread_blocked, id=4452, stack(0x0000000019810000,0x0000000019910000)]
  0x0000000017b6e800 JavaThread "C1 CompilerThread2" daemon [_thread_blocked, id=7852, stack(0x0000000019710000,0x0000000019810000)]
  0x0000000017b6d800 JavaThread "C2 CompilerThread1" daemon [_thread_blocked, id=6496, stack(0x0000000019610000,0x0000000019710000)]
=>0x0000000017b69800 JavaThread "C2 CompilerThread0" daemon [_thread_in_native, id=2808, stack(0x0000000019110000,0x0000000019210000)]
  0x0000000017b68800 JavaThread "Attach Listener" daemon [_thread_blocked, id=700, stack(0x0000000019010000,0x0000000019110000)]
  0x0000000017b25000 JavaThread "Signal Dispatcher" daemon [_thread_blocked, id=5076, stack(0x0000000018f10000,0x0000000019010000)]
  0x00000000030dd000 JavaThread "Finalizer" daemon [_thread_blocked, id=7664, stack(0x0000000018d70000,0x0000000018e70000)]
  0x00000000030d8800 JavaThread "Reference Handler" daemon [_thread_blocked, id=9168, stack(0x0000000018c70000,0x0000000018d70000)]
  0x0000000002fe8000 JavaThread "main" [_thread_blocked, id=6228, stack(0x0000000002ee0000,0x0000000002fe0000)]

Other Threads:
  0x0000000017ad5800 VMThread [stack: 0x0000000018b70000,0x0000000018c70000] [id=4984]
  0x000000001923d000 WatcherThread [stack: 0x0000000019910000,0x0000000019a10000] [id=3712]

VM state:at safepoint (normal execution)

VM Mutex/Monitor currently owned by a thread:  ([mutex/lock_event])
[0x0000000002fe5b20] Threads_lock - owner thread: 0x0000000017ad5800
[0x0000000002fe5aa0] Heap_lock - owner thread: 0x0000000017b6e800
[0x0000000002fe7f30] MethodData_lock - owner thread: 0x0000000017b6e800

heap address: 0x0000000083600000, size: 1994 MB, Compressed Oops mode: 32-bit
Narrow klass base: 0x0000000000000000, Narrow klass shift: 3
Compressed class space size: 1073741824 Address: 0x0000000100000000

Heap:
 PSYoungGen      total 70656K, used 61626K [0x00000000d6780000, 0x00000000db180000, 0x0000000100000000)
  eden space 65536K, 86% used [0x00000000d6780000,0x00000000d9eb1250,0x00000000da780000)
  from space 5120K, 99% used [0x00000000dac80000,0x00000000db17d930,0x00000000db180000)
  to   space 5120K, 29% used [0x00000000da780000,0x00000000da8fa010,0x00000000dac80000)
 ParOldGen       total 67072K, used 32641K [0x0000000083600000, 0x0000000087780000, 0x00000000d6780000)
  object space 67072K, 48% used [0x0000000083600000,0x00000000855e0750,0x0000000087780000)
 Metaspace       used 43140K, capacity 43862K, committed 44160K, reserved 1091584K
  class space    used 5302K, capacity 5474K, committed 5504K, reserved 1048576K

Card table byte_map: [0x00000000124a0000,0x0000000012890000] byte_map_base: 0x0000000012085000

Marking Bits: (ParMarkBitMap*) 0x00000000655bf030
 Begin Bits: [0x0000000012f30000, 0x0000000014e58000)
 End Bits:   [0x0000000014e58000, 0x0000000016d80000)

Polling page: 0x00000000009f0000

CodeCache: size=245760Kb used=15576Kb max_used=15576Kb free=230183Kb
 bounds [0x00000000030e0000, 0x0000000004030000, 0x00000000120e0000]
 total_blobs=5392 nmethods=4924 adapters=381
 compilation: enabled

Compilation events (10 events):
Event: 3.664 Thread 0x0000000017b6e800 4959       2       java.util.HashSet::add (20 bytes)
Event: 3.664 Thread 0x0000000017b6e800 nmethod 4959 0x00000000040206d0 code [0x0000000004020840, 0x00000000040209e8]
Event: 3.664 Thread 0x0000000017b6e800 4960       2       org.jetbrains.kotlin.utils.SmartList$SingletonIteratorBase::hasNext (13 bytes)
Event: 3.664 Thread 0x0000000017b6e800 nmethod 4960 0x0000000004020a90 code [0x0000000004020be0, 0x0000000004020d50]
Event: 3.664 Thread 0x0000000017b6e800 4961       2       org.jetbrains.kotlin.utils.DFS$VisitedWithSet::<init> (12 bytes)
Event: 3.664 Thread 0x0000000017b6e800 nmethod 4961 0x0000000004020dd0 code [0x0000000004020f20, 0x0000000004021150]
Event: 3.664 Thread 0x0000000017b6e800 4962       3       sun.nio.cs.ISO_8859_1$Decoder::decode (45 bytes)
Event: 3.664 Thread 0x0000000017b6e800 nmethod 4962 0x0000000004021210 code [0x0000000004021380, 0x0000000004021610]
Event: 3.665 Thread 0x0000000017b6e800 4963       2       org.jetbrains.kotlin.utils.SmartList::add (149 bytes)
Event: 3.665 Thread 0x0000000017b6e800 nmethod 4963 0x00000000040217d0 code [0x0000000004021960, 0x0000000004021f08]

GC Heap History (10 events):
Event: 1.054 GC heap before
{Heap before GC invocations=4 (full 1):
 PSYoungGen      total 70656K, used 5105K [0x00000000d6780000, 0x00000000db180000, 0x0000000100000000)
  eden space 65536K, 0% used [0x00000000d6780000,0x00000000d6780000,0x00000000da780000)
  from space 5120K, 99% used [0x00000000da780000,0x00000000dac7c610,0x00000000dac80000)
  to   space 5120K, 0% used [0x00000000dac80000,0x00000000dac80000,0x00000000db180000)
 ParOldGen       total 86016K, used 12123K [0x0000000083600000, 0x0000000088a00000, 0x00000000d6780000)
  object space 86016K, 14% used [0x0000000083600000,0x00000000841d6e90,0x0000000088a00000)
 Metaspace       used 20829K, capacity 21212K, committed 21248K, reserved 1069056K
  class space    used 2444K, capacity 2558K, committed 2560K, reserved 1048576K
Event: 1.084 GC heap after
Heap after GC invocations=4 (full 1):
 PSYoungGen      total 70656K, used 0K [0x00000000d6780000, 0x00000000db180000, 0x0000000100000000)
  eden space 65536K, 0% used [0x00000000d6780000,0x00000000d6780000,0x00000000da780000)
  from space 5120K, 0% used [0x00000000da780000,0x00000000da780000,0x00000000dac80000)
  to   space 5120K, 0% used [0x00000000dac80000,0x00000000dac80000,0x00000000db180000)
 ParOldGen       total 67072K, used 9554K [0x0000000083600000, 0x0000000087780000, 0x00000000d6780000)
  object space 67072K, 14% used [0x0000000083600000,0x0000000083f54928,0x0000000087780000)
 Metaspace       used 20829K, capacity 21212K, committed 21248K, reserved 1069056K
  class space    used 2444K, capacity 2558K, committed 2560K, reserved 1048576K
}
Event: 1.792 GC heap before
{Heap before GC invocations=5 (full 1):
 PSYoungGen      total 70656K, used 65536K [0x00000000d6780000, 0x00000000db180000, 0x0000000100000000)
  eden space 65536K, 100% used [0x00000000d6780000,0x00000000da780000,0x00000000da780000)
  from space 5120K, 0% used [0x00000000da780000,0x00000000da780000,0x00000000dac80000)
  to   space 5120K, 0% used [0x00000000dac80000,0x00000000dac80000,0x00000000db180000)
 ParOldGen       total 67072K, used 9554K [0x0000000083600000, 0x0000000087780000, 0x00000000d6780000)
  object space 67072K, 14% used [0x0000000083600000,0x0000000083f54928,0x0000000087780000)
 Metaspace       used 29275K, capacity 29813K, committed 30080K, reserved 1075200K
  class space    used 3536K, capacity 3706K, committed 3712K, reserved 1048576K
Event: 1.805 GC heap after
Heap after GC invocations=5 (full 1):
 PSYoungGen      total 70656K, used 5115K [0x00000000d6780000, 0x00000000db180000, 0x0000000100000000)
  eden space 65536K, 0% used [0x00000000d6780000,0x00000000d6780000,0x00000000da780000)
  from space 5120K, 99% used [0x00000000dac80000,0x00000000db17eea0,0x00000000db180000)
  to   space 5120K, 0% used [0x00000000da780000,0x00000000da780000,0x00000000dac80000)
 ParOldGen       total 67072K, used 19835K [0x0000000083600000, 0x0000000087780000, 0x00000000d6780000)
  object space 67072K, 29% used [0x0000000083600000,0x000000008495ecd0,0x0000000087780000)
 Metaspace       used 29275K, capacity 29813K, committed 30080K, reserved 1075200K
  class space    used 3536K, capacity 3706K, committed 3712K, reserved 1048576K
}
Event: 2.139 GC heap before
{Heap before GC invocations=6 (full 1):
 PSYoungGen      total 70656K, used 32640K [0x00000000d6780000, 0x00000000db180000, 0x0000000100000000)
  eden space 65536K, 41% used [0x00000000d6780000,0x00000000d8261268,0x00000000da780000)
  from space 5120K, 99% used [0x00000000dac80000,0x00000000db17eea0,0x00000000db180000)
  to   space 5120K, 0% used [0x00000000da780000,0x00000000da780000,0x00000000dac80000)
 ParOldGen       total 67072K, used 19835K [0x0000000083600000, 0x0000000087780000, 0x00000000d6780000)
  object space 67072K, 29% used [0x0000000083600000,0x000000008495ecd0,0x0000000087780000)
 Metaspace       used 34560K, capacity 35136K, committed 35416K, reserved 1081344K
  class space    used 4414K, capacity 4579K, committed 4608K, reserved 1048576K
Event: 2.145 GC heap after
Heap after GC invocations=6 (full 1):
 PSYoungGen      total 70656K, used 5091K [0x00000000d6780000, 0x00000000db180000, 0x0000000100000000)
  eden space 65536K, 0% used [0x00000000d6780000,0x00000000d6780000,0x00000000da780000)
  from space 5120K, 99% used [0x00000000da780000,0x00000000dac78c70,0x00000000dac80000)
  to   space 5120K, 0% used [0x00000000dac80000,0x00000000dac80000,0x00000000db180000)
 ParOldGen       total 67072K, used 26751K [0x0000000083600000, 0x0000000087780000, 0x00000000d6780000)
  object space 67072K, 39% used [0x0000000083600000,0x000000008501fc38,0x0000000087780000)
 Metaspace       used 34560K, capacity 35136K, committed 35416K, reserved 1081344K
  class space    used 4414K, capacity 4579K, committed 4608K, reserved 1048576K
}
Event: 2.145 GC heap before
{Heap before GC invocations=7 (full 2):
 PSYoungGen      total 70656K, used 5091K [0x00000000d6780000, 0x00000000db180000, 0x0000000100000000)
  eden space 65536K, 0% used [0x00000000d6780000,0x00000000d6780000,0x00000000da780000)
  from space 5120K, 99% used [0x00000000da780000,0x00000000dac78c70,0x00000000dac80000)
  to   space 5120K, 0% used [0x00000000dac80000,0x00000000dac80000,0x00000000db180000)
 ParOldGen       total 67072K, used 26751K [0x0000000083600000, 0x0000000087780000, 0x00000000d6780000)
  object space 67072K, 39% used [0x0000000083600000,0x000000008501fc38,0x0000000087780000)
 Metaspace       used 34560K, capacity 35136K, committed 35416K, reserved 1081344K
  class space    used 4414K, capacity 4579K, committed 4608K, reserved 1048576K
Event: 2.205 GC heap after
Heap after GC invocations=7 (full 2):
 PSYoungGen      total 70656K, used 0K [0x00000000d6780000, 0x00000000db180000, 0x0000000100000000)
  eden space 65536K, 0% used [0x00000000d6780000,0x00000000d6780000,0x00000000da780000)
  from space 5120K, 0% used [0x00000000da780000,0x00000000da780000,0x00000000dac80000)
  to   space 5120K, 0% used [0x00000000dac80000,0x00000000dac80000,0x00000000db180000)
 ParOldGen       total 67072K, used 19744K [0x0000000083600000, 0x0000000087780000, 0x00000000d6780000)
  object space 67072K, 29% used [0x0000000083600000,0x0000000084948218,0x0000000087780000)
 Metaspace       used 34560K, capacity 35136K, committed 35416K, reserved 1081344K
  class space    used 4414K, capacity 4579K, committed 4608K, reserved 1048576K
}
Event: 3.057 GC heap before
{Heap before GC invocations=8 (full 2):
 PSYoungGen      total 70656K, used 65536K [0x00000000d6780000, 0x00000000db180000, 0x0000000100000000)
  eden space 65536K, 100% used [0x00000000d6780000,0x00000000da780000,0x00000000da780000)
  from space 5120K, 0% used [0x00000000da780000,0x00000000da780000,0x00000000dac80000)
  to   space 5120K, 0% used [0x00000000dac80000,0x00000000dac80000,0x00000000db180000)
 ParOldGen       total 67072K, used 19744K [0x0000000083600000, 0x0000000087780000, 0x00000000d6780000)
  object space 67072K, 29% used [0x0000000083600000,0x0000000084948218,0x0000000087780000)
 Metaspace       used 41049K, capacity 41778K, committed 42240K, reserved 1085440K
  class space    used 5109K, capacity 5274K, committed 5376K, reserved 1048576K
Event: 3.071 GC heap after
Heap after GC invocations=8 (full 2):
 PSYoungGen      total 70656K, used 5110K [0x00000000d6780000, 0x00000000db180000, 0x0000000100000000)
  eden space 65536K, 0% used [0x00000000d6780000,0x00000000d6780000,0x00000000da780000)
  from space 5120K, 99% used [0x00000000dac80000,0x00000000db17d930,0x00000000db180000)
  to   space 5120K, 0% used [0x00000000da780000,0x00000000da780000,0x00000000dac80000)
 ParOldGen       total 67072K, used 32641K [0x0000000083600000, 0x0000000087780000, 0x00000000d6780000)
  object space 67072K, 48% used [0x0000000083600000,0x00000000855e0750,0x0000000087780000)
 Metaspace       used 41049K, capacity 41778K, committed 42240K, reserved 1085440K
  class space    used 5109K, capacity 5274K, committed 5376K, reserved 1048576K
}

Deoptimization events (10 events):
Event: 3.620 Thread 0x0000000002fe8000 Uncommon trap: reason=class_check action=maybe_recompile pc=0x0000000003e8dda0 method=org.jetbrains.kotlin.load.java.lazy.descriptors.LazyJavaScope.getFunctionNamesLazy()Ljava/util/Set; @ 13
Event: 3.620 Thread 0x0000000002fe8000 Uncommon trap: reason=class_check action=maybe_recompile pc=0x0000000003e8dda0 method=org.jetbrains.kotlin.load.java.lazy.descriptors.LazyJavaScope.getFunctionNamesLazy()Ljava/util/Set; @ 13
Event: 3.620 Thread 0x0000000002fe8000 Uncommon trap: reason=class_check action=maybe_recompile pc=0x0000000003e8dda0 method=org.jetbrains.kotlin.load.java.lazy.descriptors.LazyJavaScope.getFunctionNamesLazy()Ljava/util/Set; @ 13
Event: 3.629 Thread 0x0000000002fe8000 Uncommon trap: reason=class_check action=maybe_recompile pc=0x0000000003747130 method=java.lang.ThreadLocal$ThreadLocalMap.getEntryAfterMiss(Ljava/lang/ThreadLocal;ILjava/lang/ThreadLocal$ThreadLocalMap$Entry;)Ljava/lang/ThreadLocal$ThreadLocalMap$Entry; 
Event: 3.636 Thread 0x0000000002fe8000 Uncommon trap: reason=class_check action=maybe_recompile pc=0x0000000003e18894 method=org.jetbrains.kotlin.serialization.deserialization.descriptors.DeserializedPackageMemberScope.hasClass(Lorg/jetbrains/kotlin/name/Name;)Z @ 28
Event: 3.647 Thread 0x0000000002fe8000 Uncommon trap: reason=unstable_if action=reinterpret pc=0x00000000034db7c8 method=kotlin.jvm.internal.Intrinsics.areEqual(Ljava/lang/Object;Ljava/lang/Object;)Z @ 5
Event: 3.652 Thread 0x0000000002fe8000 Uncommon trap: reason=unstable_if action=reinterpret pc=0x00000000037dc874 method=java.util.HashMap.hash(Ljava/lang/Object;)I @ 1
Event: 3.652 Thread 0x0000000002fe8000 Uncommon trap: reason=unstable_if action=reinterpret pc=0x00000000034ebba0 method=java.util.HashMap.hash(Ljava/lang/Object;)I @ 1
Event: 3.661 Thread 0x0000000002fe8000 Uncommon trap: reason=class_check action=maybe_recompile pc=0x0000000003747130 method=java.lang.ThreadLocal$ThreadLocalMap.getEntryAfterMiss(Ljava/lang/ThreadLocal;ILjava/lang/ThreadLocal$ThreadLocalMap$Entry;)Ljava/lang/ThreadLocal$ThreadLocalMap$Entry; 
Event: 3.666 Thread 0x0000000002fe8000 Uncommon trap: reason=class_check action=maybe_recompile pc=0x0000000003e18894 method=org.jetbrains.kotlin.serialization.deserialization.descriptors.DeserializedPackageMemberScope.hasClass(Lorg/jetbrains/kotlin/name/Name;)Z @ 28

Classes redefined (0 events):
No events

Internal exceptions (10 events):
Event: 1.751 Thread 0x0000000002fe8000 Exception <a 'java/lang/ArrayIndexOutOfBoundsException'> (0x00000000da2688e8) thrown at [C:\src\AOSP-openjdk-git\hotspot\src\share\vm\runtime\sharedRuntime.cpp, line 605]
Event: 1.761 Thread 0x0000000002fe8000 Exception <a 'java/lang/ArrayIndexOutOfBoundsException'> (0x00000000da2ffba8) thrown at [C:\src\AOSP-openjdk-git\hotspot\src\share\vm\runtime\sharedRuntime.cpp, line 605]
Event: 1.776 Thread 0x0000000002fe8000 Exception <a 'java/lang/ArrayIndexOutOfBoundsException'> (0x00000000da44b4f0) thrown at [C:\src\AOSP-openjdk-git\hotspot\src\share\vm\runtime\sharedRuntime.cpp, line 605]
Event: 1.783 Thread 0x0000000002fe8000 Exception <a 'java/lang/ArrayIndexOutOfBoundsException'> (0x00000000da4ee2a8) thrown at [C:\src\AOSP-openjdk-git\hotspot\src\share\vm\runtime\sharedRuntime.cpp, line 605]
Event: 2.132 Thread 0x0000000002fe8000 Exception <a 'java/lang/NoSuchMethodError': java.lang.Object.lambda$static$0(I)[Lorg/jetbrains/kotlin/psi/KtExpression;> (0x00000000d8096220) thrown at [C:\src\AOSP-openjdk-git\hotspot\src\share\vm\interpreter\linkResolver.cpp, line 620]
Event: 2.475 Thread 0x0000000002fe8000 Exception <a 'java/lang/NoSuchMethodError': java.lang.Object.lambda$static$0(I)[Lorg/jetbrains/kotlin/psi/KtTypeElement;> (0x00000000d7ae3a68) thrown at [C:\src\AOSP-openjdk-git\hotspot\src\share\vm\interpreter\linkResolver.cpp, line 620]
Event: 2.548 Thread 0x0000000002fe8000 Exception <a 'java/lang/NoSuchMethodError': java.lang.Object.lambda$static$0(I)[Lorg/jetbrains/kotlin/psi/KtDeclaration;> (0x00000000d8178970) thrown at [C:\src\AOSP-openjdk-git\hotspot\src\share\vm\interpreter\linkResolver.cpp, line 620]
Event: 2.638 Thread 0x0000000002fe8000 Exception <a 'java/lang/NoSuchMethodError': java.lang.Object.lambda$static$0(I)[Lorg/jetbrains/kotlin/com/intellij/psi/PsiClass;> (0x00000000d89367b0) thrown at [C:\src\AOSP-openjdk-git\hotspot\src\share\vm\interpreter\linkResolver.cpp, line 620]
Event: 3.652 Thread 0x0000000002fe8000 Implicit null exception at 0x00000000037dbc8a to 0x00000000037dc865
Event: 3.652 Thread 0x0000000002fe8000 Implicit null exception at 0x00000000034eb5bb to 0x00000000034ebb8d

Events (10 events):
Event: 3.657 loading class org/jetbrains/kotlin/types/expressions/BasicExpressionTypingVisitor$1
Event: 3.657 loading class org/jetbrains/kotlin/types/expressions/BasicExpressionTypingVisitor$1 done
Event: 3.661 Thread 0x0000000002fe8000 Uncommon trap: trap_request=0xffffffde fr.pc=0x0000000003747130
Event: 3.661 Thread 0x0000000002fe8000 DEOPT PACKING pc=0x0000000003747130 sp=0x0000000002fd9db0
Event: 3.661 Thread 0x0000000002fe8000 DEOPT UNPACKING pc=0x000000000312557b sp=0x0000000002fd9c00 mode 2
Event: 3.664 Thread 0x0000000002fe8000 DEOPT PACKING pc=0x00000000036a1277 sp=0x0000000002fd7f40
Event: 3.664 Thread 0x0000000002fe8000 DEOPT UNPACKING pc=0x00000000031275d0 sp=0x0000000002fd7c40 mode 0
Event: 3.666 Thread 0x0000000002fe8000 Uncommon trap: trap_request=0xffffffde fr.pc=0x0000000003e18894
Event: 3.666 Thread 0x0000000002fe8000 DEOPT PACKING pc=0x0000000003e18894 sp=0x0000000002fd8d60
Event: 3.666 Thread 0x0000000002fe8000 DEOPT UNPACKING pc=0x000000000312557b sp=0x0000000002fd8c38 mode 2


Dynamic libraries:
0x00007ff76e550000 - 0x00007ff76e581000 	C:\Program Files\Android\Android Studio\jre\jre\bin\java.exe
0x00007ff9560b0000 - 0x00007ff9562a6000 	C:\WINDOWS\SYSTEM32\ntdll.dll
0x00007ff955d00000 - 0x00007ff955dbd000 	C:\WINDOWS\System32\KERNEL32.DLL
0x00007ff953920000 - 0x00007ff953be9000 	C:\WINDOWS\System32\KERNELBASE.dll
0x00007ff9559b0000 - 0x00007ff955a5c000 	C:\WINDOWS\System32\ADVAPI32.dll
0x00007ff954b60000 - 0x00007ff954bfe000 	C:\WINDOWS\System32\msvcrt.dll
0x00007ff9550c0000 - 0x00007ff95515c000 	C:\WINDOWS\System32\sechost.dll
0x00007ff954f90000 - 0x00007ff9550bb000 	C:\WINDOWS\System32\RPCRT4.dll
0x00007ff955dc0000 - 0x00007ff955f60000 	C:\WINDOWS\System32\USER32.dll
0x00007ff953e40000 - 0x00007ff953e62000 	C:\WINDOWS\System32\win32u.dll
0x00007ff955a60000 - 0x00007ff955a8a000 	C:\WINDOWS\System32\GDI32.dll
0x00007ff953fa0000 - 0x00007ff9540ab000 	C:\WINDOWS\System32\gdi32full.dll
0x00007ff953da0000 - 0x00007ff953e3d000 	C:\WINDOWS\System32\msvcp_win.dll
0x00007ff953820000 - 0x00007ff953920000 	C:\WINDOWS\System32\ucrtbase.dll
0x00007ff942bf0000 - 0x00007ff942e8b000 	C:\WINDOWS\WinSxS\amd64_microsoft.windows.common-controls_6595b64144ccf1df_6.0.19041.746_none_ca02b4b61b8320a4\COMCTL32.dll
0x00007ff954db0000 - 0x00007ff954de0000 	C:\WINDOWS\System32\IMM32.DLL
0x0000000064d10000 - 0x0000000064de2000 	C:\Program Files\Android\Android Studio\jre\jre\bin\msvcr100.dll
0x0000000064df0000 - 0x000000006563b000 	C:\Program Files\Android\Android Studio\jre\jre\bin\server\jvm.dll
0x00007ff955c10000 - 0x00007ff955c18000 	C:\WINDOWS\System32\PSAPI.DLL
0x00007ff9431b0000 - 0x00007ff9431d7000 	C:\WINDOWS\SYSTEM32\WINMM.dll
0x00007ff94bc50000 - 0x00007ff94bc5a000 	C:\WINDOWS\SYSTEM32\VERSION.dll
0x00007ff9339f0000 - 0x00007ff9339f9000 	C:\WINDOWS\SYSTEM32\WSOCK32.dll
0x00007ff955ba0000 - 0x00007ff955c0b000 	C:\WINDOWS\System32\WS2_32.dll
0x00007ff950390000 - 0x00007ff95039f000 	C:\Program Files\Android\Android Studio\jre\jre\bin\verify.dll
0x00007ff94d1e0000 - 0x00007ff94d209000 	C:\Program Files\Android\Android Studio\jre\jre\bin\java.dll
0x00007ff950370000 - 0x00007ff950386000 	C:\Program Files\Android\Android Studio\jre\jre\bin\zip.dll
0x00007ff954410000 - 0x00007ff954b52000 	C:\WINDOWS\System32\SHELL32.dll
0x00007ff951940000 - 0x00007ff9520d0000 	C:\WINDOWS\SYSTEM32\windows.storage.dll
0x00007ff955630000 - 0x00007ff955986000 	C:\WINDOWS\System32\combase.dll
0x00007ff953250000 - 0x00007ff95327c000 	C:\WINDOWS\SYSTEM32\Wldp.dll
0x00007ff955a90000 - 0x00007ff955b3e000 	C:\WINDOWS\System32\SHCORE.dll
0x00007ff9555d0000 - 0x00007ff955625000 	C:\WINDOWS\System32\shlwapi.dll
0x00007ff953720000 - 0x00007ff953746000 	C:\WINDOWS\SYSTEM32\profapi.dll
0x00007ff94ee20000 - 0x00007ff94ee3a000 	C:\Program Files\Android\Android Studio\jre\jre\bin\net.dll
0x00007ff952fd0000 - 0x00007ff95303a000 	C:\WINDOWS\system32\mswsock.dll
0x00007ff94bf40000 - 0x00007ff94bf53000 	C:\Program Files\Android\Android Studio\jre\jre\bin\nio.dll

VM Arguments:
java_command: org.jetbrains.kotlin.cli.jvm.K2JVMCompiler -Xallow-no-source-files -classpath C:\work2\TaskApp\app\build\intermediates\compile_and_runtime_not_namespaced_r_class_jar\debug\R.jar;C:\Users\Chiaki Hata\.gradle\caches\transforms-2\files-2.1\30d2db1f8c03722434e4416a5e15be59\jetified-realm-android-library-7.0.1-api.jar;C:\Users\Chiaki Hata\.gradle\caches\transforms-2\files-2.1\69392b50bd9ddbda8aa08db712ab27a9\jetified-realm-android-kotlin-extensions-7.0.1-api.jar;C:\Users\Chiaki Hata\.gradle\caches\transforms-2\files-2.1\c19212a4d1975bd90a86050a3fe05389\jetified-realm-annotations-7.0.1.jar;C:\Users\Chiaki Hata\.gradle\caches\transforms-2\files-2.1\8104fb536abeb892e070978e2b7e9698\jetified-jsr305-3.0.2.jar;C:\Users\Chiaki Hata\.gradle\caches\transforms-2\files-2.1\2645d02daffec2351e72bd292cb1b99f\jetified-relinker-1.4.0-api.jar;C:\Users\Chiaki Hata\.gradle\caches\transforms-2\files-2.1\22613b05cb2963a54fcf0d0a5d54d00d\jetified-rxandroid-2.1.1-api.jar;C:\Users\Chiaki Hata\.gradle\caches\transforms-2\files-2.1\92f66a4dd0f134b696fba1aa08117afd\jetified-kotlin-stdlib-jdk7-1.3.31.jar;C:\Users\Chiaki Hata\.gradle\caches\transforms-2\files-2.1\177322e0cd09b14577f3243c646c596c\jetified-kotlin-android-extensions-runtime-1.3.72.jar;C:\Users\Chiaki Hata\.gradle\caches\transforms-2\files-2.1\75a09dd6504cf0decd82da6db6b32ea9\navigation-fragment-ktx-2.3.3-api.jar;C:\Users\Chiaki Hata\.gradle\caches\transforms-2\files-2.1\2daa49b2a1fd3aa02756946504c5ae6c\jetified-fragment-ktx-1.2.4-api.jar;C:\Users\Chiaki Hata\.gradle\caches\transforms-2\files-2.1\362f6d11f30b3d1a2c5242541b4f36a6\navigation-ui-ktx-2.3.3-api.jar;C:\Users\Chiaki Hata\.gradle\caches\transforms-2\files-2.1\09ddde3bb02662f7074743b5d2415bef\navigation-runtime-ktx-2.3.3-api.jar;C:\Users\Chiaki Hata\.gradle\caches\transforms-2\files-2.1\1fa72d27535e9c57de147da768ad37ba\jetified-activity-ktx-1.1.0-api.jar;C:\Users\Chiaki Hata\.gradle\caches\transforms-2\files-2.1\f157c07ea734e4431800f2b24aeea56b\jetified-core-ktx-
java_class_path (initial): C:\Users\Chiaki Hata\.gradle\caches\modules-2\files-2.1\org.jetbrains.kotlin\kotlin-compiler-embeddable\1.3.72\fb72232c8fa977d5e07d33c43381ddbdc5edab6\kotlin-compiler-embeddable-1.3.72.jar;C:\Users\Chiaki Hata\.gradle\caches\modules-2\files-2.1\org.jetbrains.kotlin\kotlin-reflect\1.3.72\86613e1a669a701b0c660bfd2af4f82a7ae11fca\kotlin-reflect-1.3.72.jar;C:\Users\Chiaki Hata\.gradle\caches\modules-2\files-2.1\org.jetbrains.kotlin\kotlin-stdlib\1.3.72\8032138f12c0180bc4e51fe139d4c52b46db6109\kotlin-stdlib-1.3.72.jar;C:\Users\Chiaki Hata\.gradle\caches\modules-2\files-2.1\org.jetbrains.kotlin\kotlin-script-runtime\1.3.72\657d8d34d91e1964b4439378c09933e840bfe8d5\kotlin-script-runtime-1.3.72.jar;C:\Users\Chiaki Hata\.gradle\caches\modules-2\files-2.1\org.jetbrains.kotlin\kotlin-daemon-embeddable\1.3.72\53bbaa2816dbf6bdb85f629451b1fcc88f2164d2\kotlin-daemon-embeddable-1.3.72.jar;C:\Users\Chiaki Hata\.gradle\caches\modules-2\files-2.1\org.jetbrains.intellij.deps\trove4j\1.0.20181211\216c2e14b070f334479d800987affe4054cd563f\trove4j-1.0.20181211.jar;C:\Users\Chiaki Hata\.gradle\caches\modules-2\files-2.1\org.jetbrains.kotlin\kotlin-stdlib-common\1.3.72\6ca8bee3d88957eaaaef077c41c908c9940492d8\kotlin-stdlib-common-1.3.72.jar;C:\Users\Chiaki Hata\.gradle\caches\modules-2\files-2.1\org.jetbrains\annotations\13.0\919f0dfe192fb4e063e7dacadee7f8bb9a2672a9\annotations-13.0.jar;C:\Program Files\Android\Android Studio\jre\lib\tools.jar
Launcher Type: SUN_STANDARD

Environment Variables:
JAVA_HOME=C:\Program Files\java\jdk1.7.0_80
PATH=C:\WINDOWS\system32;C:\WINDOWS;C:\WINDOWS\System32\Wbem;C:\WINDOWS\System32\WindowsPowerShell\v1.0\;C:\WINDOWS\System32\OpenSSH\;C:\Program Files\java\jdk1.7.0_80\bin;C:\Program Files\Intel\WiFi\bin\;C:\Program Files\Common Files\Intel\WirelessCommon\;C:\Program Files\MariaDB 10.1\bin;C:\Users\Chiaki Hata\AppData\Local\Microsoft\WindowsApps;C:\Users\Chiaki Hata\AppData\Local\Programs\Git\cmd;
USERNAME=Chiaki Hata
OS=Windows_NT
PROCESSOR_IDENTIFIER=Intel64 Family 6 Model 142 Stepping 12, GenuineIntel



---------------  S Y S T E M  ---------------

OS: Windows 10.0 , 64 bit Build 19041 (10.0.19041.804)

CPU:total 4 (initial active 4) (2 cores per cpu, 2 threads per core) family 6 model 142 stepping 12, cmov, cx8, fxsr, mmx, sse, sse2, sse3, ssse3, sse4.1, sse4.2, popcnt, avx, avx2, aes, clmul, erms, 3dnowpref, lzcnt, ht, tsc, tscinvbit, bmi1, bmi2, adx

Memory: 4k page, physical 8164132k(1721864k free), swap 8164132k(5184k free)

vm_info: OpenJDK 64-Bit Server VM (25.242-b01) for windows-amd64 JRE (1.8.0_242-release-1644-b01), built by "builder" with MS VC++ 10.0 (VS2010)

time: Wed Feb 17 23:41:39 2021
timezone: ìåãû (ïWèÄéû)
elapsed time: 3 seconds (0d 0h 0m 3s)

