#
# There is insufficient memory for the Java Runtime Environment to continue.
# Native memory allocation (malloc) failed to allocate 32744 bytes for ChunkPool::allocate
# Possible reasons:
#   The system is out of physical RAM or swap space
#   The process is running with CompressedOops enabled, and the Java Heap may be blocking the growth of the native heap
# Possible solutions:
#   Reduce memory load on the system
#   Increase physical memory or swap space
#   Check if swap backing store is full
#   Decrease Java heap size (-Xmx/-Xms)
#   Decrease number of Java threads
#   Decrease Java thread stack sizes (-Xss)
#   Set larger code cache with -XX:ReservedCodeCacheSize=
#   JVM is running with Unscaled Compressed Oops mode in which the Java heap is
#     placed in the first 4GB address space. The Java Heap base address is the
#     maximum limit for the native heap growth. Please use -XX:HeapBaseMinAddress
#     to set the Java Heap base and to place the Java Heap above 4GB virtual address.
# This output file may be truncated or incomplete.
#
#  Out of Memory Error (allocation.cpp:272), pid=4044, tid=0x00000000000032cc
#
# JRE version: OpenJDK Runtime Environment (8.0_242-b01) (build 1.8.0_242-release-1644-b01)
# Java VM: OpenJDK 64-Bit Server VM (25.242-b01 mixed mode windows-amd64 compressed oops)
# Failed to write core dump. Minidumps are not enabled by default on client versions of Windows
#

---------------  T H R E A D  ---------------

Current thread (0x000000001ae64800):  JavaThread "Daemon worker" [_thread_in_vm, id=13004, stack(0x000000001c7d0000,0x000000001c8d0000)]

Stack: [0x000000001c7d0000,0x000000001c8d0000]
[error occurred during error reporting (printing stack bounds), id 0xc0000005]

Native frames: (J=compiled Java code, j=interpreted, Vv=VM code, C=native code)

Java frames: (J=compiled Java code, j=interpreted, Vv=VM code)
J 2037  java.lang.Class.getDeclaredMethods0(Z)[Ljava/lang/reflect/Method; (0 bytes) @ 0x00000000030a4abb [0x00000000030a4a80+0x3b]
J 4804 C2 java.lang.Class.privateGetDeclaredMethods(Z)[Ljava/lang/reflect/Method; (67 bytes) @ 0x0000000003901510 [0x00000000039012e0+0x230]
J 2508 C1 org.gradle.internal.reflect.ClassInspector.inspectClass(Ljava/lang/Class;Lorg/gradle/internal/reflect/MutableClassDetails;)V (144 bytes) @ 0x0000000003319afc [0x0000000003319960+0x19c]
j  org.gradle.internal.reflect.ClassInspector.visitGraph(Ljava/lang/Class;Lorg/gradle/internal/reflect/MutableClassDetails;)V+81
J 5140 C1 org.gradle.internal.instantiation.generator.AbstractClassGenerator.inspectType(Ljava/lang/Class;Ljava/util/List;Ljava/util/List;Lorg/gradle/internal/instantiation/generator/AbstractClassGenerator$UnclaimedPropertyHandler;)V (559 bytes) @ 0x0000000003a3acac [0x0000000003a3ab40+0x16c]
J 5652 C1 org.gradle.internal.instantiation.generator.AbstractClassGenerator.generateUnderLock(Ljava/lang/Class;)Lorg/gradle/internal/instantiation/generator/AbstractClassGenerator$GeneratedClassImpl; (654 bytes) @ 0x0000000003b90f2c [0x0000000003b8c9e0+0x454c]
j  org.gradle.internal.instantiation.generator.AbstractClassGenerator.lambda$new$0(Ljava/lang/Class;)Lorg/gradle/internal/instantiation/generator/AbstractClassGenerator$GeneratedClassImpl;+2
j  org.gradle.internal.instantiation.generator.AbstractClassGenerator$$Lambda$14.transform(Ljava/lang/Object;)Ljava/lang/Object;+8
J 5618 C1 org.gradle.cache.internal.DefaultCrossBuildInMemoryCacheFactory$AbstractCrossBuildInMemoryCache.get(Ljava/lang/Object;Lorg/gradle/api/Transformer;)Ljava/lang/Object; (65 bytes) @ 0x000000000355409c [0x0000000003553e00+0x29c]
J 4995 C1 org.gradle.internal.instantiation.generator.AbstractClassGenerator.generate(Ljava/lang/Class;)Lorg/gradle/internal/instantiation/generator/ClassGenerator$GeneratedClass; (58 bytes) @ 0x00000000039c4a5c [0x00000000039c45e0+0x47c]
J 4777 C1 org.gradle.internal.instantiation.generator.AsmBackedClassGenerator.generate(Ljava/lang/Class;)Lorg/gradle/internal/instantiation/generator/ClassGenerator$GeneratedClass; (6 bytes) @ 0x00000000038f183c [0x00000000038f17c0+0x7c]
j  org.gradle.internal.instantiation.generator.Jsr330ConstructorSelector$1.transform(Ljava/lang/Class;)Lorg/gradle/internal/instantiation/generator/Jsr330ConstructorSelector$CachedConstructor;+18
j  org.gradle.internal.instantiation.generator.Jsr330ConstructorSelector$1.transform(Ljava/lang/Object;)Ljava/lang/Object;+5
J 5618 C1 org.gradle.cache.internal.DefaultCrossBuildInMemoryCacheFactory$AbstractCrossBuildInMemoryCache.get(Ljava/lang/Object;Lorg/gradle/api/Transformer;)Ljava/lang/Object; (65 bytes) @ 0x000000000355409c [0x0000000003553e00+0x29c]
j  org.gradle.internal.instantiation.generator.Jsr330ConstructorSelector.forType(Ljava/lang/Class;)Lorg/gradle/internal/instantiation/generator/ClassGenerator$GeneratedConstructor;+14
j  org.gradle.internal.instantiation.generator.Jsr330ConstructorSelector.forParams(Ljava/lang/Class;[Ljava/lang/Object;)Lorg/gradle/internal/instantiation/generator/ClassGenerator$GeneratedConstructor;+2
J 4776 C1 org.gradle.internal.instantiation.generator.DependencyInjectingInstantiator.doCreate(Ljava/lang/Class;Lorg/gradle/api/Describable;[Ljava/lang/Object;)Ljava/lang/Object; (64 bytes) @ 0x00000000038f6acc [0x00000000038f69a0+0x12c]
J 4775 C1 org.gradle.internal.instantiation.generator.DependencyInjectingInstantiator.newInstance(Ljava/lang/Class;[Ljava/lang/Object;)Ljava/lang/Object; (8 bytes) @ 0x00000000038f1bcc [0x00000000038f1b40+0x8c]
j  org.gradle.api.internal.project.taskfactory.TaskFactory$1.call()Lorg/gradle/api/Task;+27
j  org.gradle.api.internal.project.taskfactory.TaskFactory$1.call()Ljava/lang/Object;+1
j  org.gradle.util.GUtil.uncheckedCall(Ljava/util/concurrent/Callable;)Ljava/lang/Object;+1
j  org.gradle.api.internal.AbstractTask.injectIntoNewInstance(Lorg/gradle/api/internal/project/ProjectInternal;Lorg/gradle/api/internal/project/taskfactory/TaskIdentity;Ljava/util/concurrent/Callable;)Lorg/gradle/api/Task;+17
j  org.gradle.api.internal.project.taskfactory.TaskFactory.create(Lorg/gradle/api/internal/project/taskfactory/TaskIdentity;[Ljava/lang/Object;)Lorg/gradle/api/Task;+94
j  org.gradle.api.internal.project.taskfactory.PropertyAssociationTaskFactory.create(Lorg/gradle/api/internal/project/taskfactory/TaskIdentity;[Ljava/lang/Object;)Lorg/gradle/api/Task;+6
j  org.gradle.api.internal.project.taskfactory.AnnotationProcessingTaskFactory.create(Lorg/gradle/api/internal/project/taskfactory/TaskIdentity;[Ljava/lang/Object;)Lorg/gradle/api/Task;+7
j  org.gradle.api.internal.tasks.DefaultTaskContainer.createTask(Lorg/gradle/api/internal/project/taskfactory/TaskIdentity;[Ljava/lang/Object;)Lorg/gradle/api/Task;+66
j  org.gradle.api.internal.tasks.DefaultTaskContainer.access$200(Lorg/gradle/api/internal/tasks/DefaultTaskContainer;Lorg/gradle/api/internal/project/taskfactory/TaskIdentity;[Ljava/lang/Object;)Lorg/gradle/api/Task;+3
j  org.gradle.api.internal.tasks.DefaultTaskContainer$TaskCreatingProvider.createDomainObject()Lorg/gradle/api/Task;+12
j  org.gradle.api.internal.tasks.DefaultTaskContainer$TaskCreatingProvider.createDomainObject()Ljava/lang/Object;+1
j  org.gradle.api.internal.DefaultNamedDomainObjectCollection$AbstractDomainObjectCreatingProvider.tryCreate()V+25
j  org.gradle.api.internal.tasks.DefaultTaskContainer$TaskCreatingProvider.access$1401(Lorg/gradle/api/internal/tasks/DefaultTaskContainer$TaskCreatingProvider;)V+1
j  org.gradle.api.internal.tasks.DefaultTaskContainer$TaskCreatingProvider$1.run(Lorg/gradle/internal/operations/BuildOperationContext;)V+4
J 5379 C1 org.gradle.internal.operations.DefaultBuildOperationExecutor$RunnableBuildOperationWorker.execute(Lorg/gradle/internal/operations/BuildOperation;Lorg/gradle/internal/operations/BuildOperationContext;)V (10 bytes) @ 0x0000000002fa24a4 [0x0000000002fa2240+0x264]
J 5603 C1 org.gradle.internal.operations.DefaultBuildOperationExecutor$1.execute(Lorg/gradle/internal/operations/BuildOperationDescriptor;Lorg/gradle/internal/operations/DefaultBuildOperationExecutor$DefaultBuildOperationContext;Lorg/gradle/internal/operations/DefaultBuildOperationExecutor$BuildOperationExecutionListener;)Lorg/gradle/internal/operations/BuildOperation; (82 bytes) @ 0x0000000003b74674 [0x0000000003b74500+0x174]
J 5455 C1 org.gradle.internal.operations.DefaultBuildOperationExecutor.execute(Lorg/gradle/internal/operations/BuildOperationDescriptor$Builder;Lorg/gradle/internal/operations/DefaultBuildOperationExecutor$BuildOperationState;Lorg/gradle/internal/operations/DefaultBuildOperationExecutor$BuildOperationExecution;)Lorg/gradle/internal/operations/BuildOperation; (111 bytes) @ 0x000000000310cd6c [0x000000000310be00+0xf6c]
J 5625 C1 org.gradle.internal.operations.DefaultBuildOperationExecutor.run(Lorg/gradle/internal/operations/RunnableBuildOperation;)V (28 bytes) @ 0x0000000003177dfc [0x0000000003177800+0x5fc]
j  org.gradle.internal.operations.DelegatingBuildOperationExecutor.run(Lorg/gradle/internal/operations/RunnableBuildOperation;)V+5
j  org.gradle.api.internal.tasks.DefaultTaskContainer$TaskCreatingProvider.tryCreate()V+15
j  org.gradle.api.internal.DefaultNamedDomainObjectCollection$AbstractDomainObjectCreatingProvider.getOrNull()Ljava/lang/Object;+58
j  org.gradle.api.internal.provider.AbstractReadOnlyProvider.get()Ljava/lang/Object;+1
j  org.gradle.api.internal.DefaultNamedDomainObjectCollection$AbstractDomainObjectCreatingProvider.get()Ljava/lang/Object;+20
j  org.gradle.api.internal.provider.Collectors$ElementFromProvider.collectInto(Lorg/gradle/internal/DisplayName;Lorg/gradle/api/internal/provider/ValueCollector;Ljava/util/Collection;)V+4
j  org.gradle.api.internal.provider.Collectors$TypedCollector.collectInto(Ljava/util/Collection;)V+10
j  org.gradle.api.internal.collections.DefaultPendingSource.realize(Ljava/lang/Iterable;)V+52
j  org.gradle.api.internal.collections.DefaultPendingSource.realizePending(Ljava/lang/Class;)V+80
j  org.gradle.api.internal.collections.SortedSetElementSource.realizePending(Ljava/lang/Class;)V+5
j  org.gradle.api.internal.collections.FilteredCollection.realizePending(Ljava/lang/Class;)V+5
j  org.gradle.api.internal.collections.FilteredCollection.realizePending(Ljava/lang/Class;)V+5
j  org.gradle.api.internal.DefaultDomainObjectCollection.addEagerAction(Lorg/gradle/api/Action;)Lorg/gradle/api/Action;+8
j  org.gradle.api.internal.DefaultDomainObjectCollection.all(Lorg/gradle/api/Action;)V+8
j  org.gradle.api.internal.tasks.DefaultRealizableTaskCollection.all(Lorg/gradle/api/Action;)V+5
j  org.jetbrains.kotlin.gradle.plugin.mpp.AbstractKotlinCompilation.addSourcesToCompileTask(Lorg/jetbrains/kotlin/gradle/plugin/KotlinSourceSet;Lkotlin/Lazy;)V+73
j  org.jetbrains.kotlin.gradle.plugin.mpp.AbstractKotlinCompilation.addExactSourceSetsEagerly$kotlin_gradle_plugin(Ljava/util/Set;)V+97
j  org.jetbrains.kotlin.gradle.plugin.mpp.AbstractKotlinCompilation$source$1.invoke(Lorg/gradle/api/Project;)V+17
j  org.jetbrains.kotlin.gradle.plugin.mpp.AbstractKotlinCompilation$source$1.invoke(Ljava/lang/Object;)Ljava/lang/Object;+5
j  org.jetbrains.kotlin.gradle.plugin.KotlinMultiplatformPluginKt.whenEvaluated(Lorg/gradle/api/Project;Lkotlin/jvm/functions/Function1;)V+34
j  org.jetbrains.kotlin.gradle.plugin.mpp.AbstractKotlinCompilation.source(Lorg/jetbrains/kotlin/gradle/plugin/KotlinSourceSet;)V+41
j  org.jetbrains.kotlin.gradle.plugin.AbstractAndroidProjectHandler.preprocessVariant(Lcom/android/build/gradle/api/BaseVariant;Lorg/jetbrains/kotlin/gradle/plugin/mpp/KotlinJvmAndroidCompilation;Lorg/gradle/api/Project;Lorg/jetbrains/kotlin/gradle/dsl/KotlinJvmOptionsImpl;Lorg/jetbrains/kotlin/gradle/tasks/KotlinTasksProvider;)V+222
j  org.jetbrains.kotlin.gradle.plugin.AbstractAndroidProjectHandler.access$preprocessVariant(Lorg/jetbrains/kotlin/gradle/plugin/AbstractAndroidProjectHandler;Lcom/android/build/gradle/api/BaseVariant;Lorg/jetbrains/kotlin/gradle/plugin/mpp/KotlinJvmAndroidCompilation;Lorg/gradle/api/Project;Lorg/jetbrains/kotlin/gradle/dsl/KotlinJvmOptionsImpl;Lorg/jetbrains/kotlin/gradle/tasks/KotlinTasksProvider;)V+8
j  org.jetbrains.kotlin.gradle.plugin.AbstractAndroidProjectHandler$configureTarget$3.invoke(Lcom/android/build/gradle/api/BaseVariant;)V+76
j  org.jetbrains.kotlin.gradle.plugin.AbstractAndroidProjectHandler$configureTarget$3.invoke(Ljava/lang/Object;)Ljava/lang/Object;+5
j  org.jetbrains.kotlin.gradle.plugin.Android25ProjectHandlerKt$sam$org_gradle_api_Action$0.execute(Ljava/lang/Object;)V+5
J 5779 C1 org.gradle.api.internal.DefaultCollectionCallbackActionDecorator$BuildOperationEmittingAction$1$1.run()V (23 bytes) @ 0x0000000003bdd36c [0x0000000003bdd240+0x12c]
J 5445 C1 org.gradle.configuration.internal.DefaultUserCodeApplicationContext.reapply(Lorg/gradle/configuration/internal/UserCodeApplicationId;Ljava/lang/Runnable;)V (47 bytes) @ 0x0000000002f5e5e4 [0x0000000002f5e280+0x364]
J 5471 C1 org.gradle.api.internal.DefaultCollectionCallbackActionDecorator$BuildOperationEmittingAction$1.run(Lorg/gradle/internal/operations/BuildOperationContext;)V (40 bytes) @ 0x0000000003acfb8c [0x0000000003acf9a0+0x1ec]
J 5379 C1 org.gradle.internal.operations.DefaultBuildOperationExecutor$RunnableBuildOperationWorker.execute(Lorg/gradle/internal/operations/BuildOperation;Lorg/gradle/internal/operations/BuildOperationContext;)V (10 bytes) @ 0x0000000002fa24a4 [0x0000000002fa2240+0x264]
J 5603 C1 org.gradle.internal.operations.DefaultBuildOperationExecutor$1.execute(Lorg/gradle/internal/operations/BuildOperationDescriptor;Lorg/gradle/internal/operations/DefaultBuildOperationExecutor$DefaultBuildOperationContext;Lorg/gradle/internal/operations/DefaultBuildOperationExecutor$BuildOperationExecutionListener;)Lorg/gradle/internal/operations/BuildOperation; (82 bytes) @ 0x0000000003b74674 [0x0000000003b74500+0x174]
J 5455 C1 org.gradle.internal.operations.DefaultBuildOperationExecutor.execute(Lorg/gradle/internal/operations/BuildOperationDescriptor$Builder;Lorg/gradle/internal/operations/DefaultBuildOperationExecutor$BuildOperationState;Lorg/gradle/internal/operations/DefaultBuildOperationExecutor$BuildOperationExecution;)Lorg/gradle/internal/operations/BuildOperation; (111 bytes) @ 0x000000000310cd6c [0x000000000310be00+0xf6c]
J 5625 C1 org.gradle.internal.operations.DefaultBuildOperationExecutor.run(Lorg/gradle/internal/operations/RunnableBuildOperation;)V (28 bytes) @ 0x0000000003177dfc [0x0000000003177800+0x5fc]
J 5468 C1 org.gradle.api.internal.DefaultCollectionCallbackActionDecorator$BuildOperationEmittingAction.execute(Ljava/lang/Object;)V (26 bytes) @ 0x0000000003acec2c [0x0000000003ace9a0+0x28c]
j  org.gradle.internal.ImmutableActionSet$SingletonSet.execute(Ljava/lang/Object;)V+5
j  org.gradle.api.internal.DefaultDomainObjectCollection.doAdd(Ljava/lang/Object;Lorg/gradle/api/Action;)Z+20
j  org.gradle.api.internal.DefaultDomainObjectCollection.add(Ljava/lang/Object;)Z+21
j  com.android.build.gradle.internal.ApiObjectFactory.create(Lcom/android/build/gradle/internal/variant/BaseVariantData;)Lcom/android/build/gradle/internal/api/BaseVariantImpl;+159
j  com.android.build.gradle.internal.plugins.BasePlugin.createAndroidTasks()V+447
j  com.android.build.gradle.internal.plugins.BasePlugin$$Lambda$249.call()V+4
j  com.android.builder.profile.ThreadRecorder.record(Lcom/google/wireless/android/sdk/stats/GradleBuildProfileSpan$ExecutionType;Ljava/lang/String;Ljava/lang/String;Lcom/android/builder/profile/Recorder$VoidBlock;)V+17
j  com.android.build.gradle.internal.plugins.BasePlugin.lambda$createTasks$4(Lorg/gradle/api/Project;)V+30
j  com.android.build.gradle.internal.plugins.BasePlugin$$Lambda$233.accept(Ljava/lang/Object;)V+8
j  com.android.build.gradle.internal.crash.CrashReporting$afterEvaluate$1.execute(Lorg/gradle/api/Project;)V+12
j  com.android.build.gradle.internal.crash.CrashReporting$afterEvaluate$1.execute(Ljava/lang/Object;)V+5
j  org.gradle.configuration.internal.DefaultListenerBuildOperationDecorator$BuildOperationEmittingAction$1.lambda$run$0(Ljava/lang/Object;)V+8
j  org.gradle.configuration.internal.DefaultListenerBuildOperationDecorator$BuildOperationEmittingAction$1$$Lambda$97.run()V+8
J 5445 C1 org.gradle.configuration.internal.DefaultUserCodeApplicationContext.reapply(Lorg/gradle/configuration/internal/UserCodeApplicationId;Ljava/lang/Runnable;)V (47 bytes) @ 0x0000000002f5e5e4 [0x0000000002f5e280+0x364]
j  org.gradle.configuration.internal.DefaultListenerBuildOperationDecorator$BuildOperationEmittingAction$1.run(Lorg/gradle/internal/operations/BuildOperationContext;)V+27
J 5379 C1 org.gradle.internal.operations.DefaultBuildOperationExecutor$RunnableBuildOperationWorker.execute(Lorg/gradle/internal/operations/BuildOperation;Lorg/gradle/internal/operations/BuildOperationContext;)V (10 bytes) @ 0x0000000002fa24a4 [0x0000000002fa2240+0x264]
j  org.gradle.internal.operations.DefaultBuildOperationExecutor$1.execute(Lorg/gradle/internal/operations/BuildOperationDescriptor;Lorg/gradle/internal/operations/DefaultBuildOperationExecutor$DefaultBuildOperationContext;Lorg/gradle/internal/operations/DefaultBuildOperationExecutor$BuildOperationExecutionListener;)Lorg/gradle/internal/operations/BuildOperation;+18
J 5455 C1 org.gradle.internal.operations.DefaultBuildOperationExecutor.execute(Lorg/gradle/internal/operations/BuildOperationDescriptor$Builder;Lorg/gradle/internal/operations/DefaultBuildOperationExecutor$BuildOperationState;Lorg/gradle/internal/operations/DefaultBuildOperationExecutor$BuildOperationExecution;)Lorg/gradle/internal/operations/BuildOperation; (111 bytes) @ 0x000000000310cd6c [0x000000000310be00+0xf6c]
J 5164 C1 org.gradle.internal.operations.DefaultBuildOperationExecutor.execute(Lorg/gradle/internal/operations/BuildOperation;Lorg/gradle/internal/operations/BuildOperationWorker;Lorg/gradle/internal/operations/DefaultBuildOperationExecutor$BuildOperationState;)V (27 bytes) @ 0x0000000003a4c654 [0x0000000003a4c3e0+0x274]
j  org.gradle.internal.operations.DefaultBuildOperationExecutor.run(Lorg/gradle/internal/operations/RunnableBuildOperation;)V+10
j  org.gradle.configuration.internal.DefaultListenerBuildOperationDecorator$BuildOperationEmittingAction.execute(Ljava/lang/Object;)V+24
j  org.gradle.internal.event.BroadcastDispatch$ActionInvocationHandler.dispatch(Lorg/gradle/internal/dispatch/MethodInvocation;)V+27
j  org.gradle.internal.event.BroadcastDispatch$ActionInvocationHandler.dispatch(Ljava/lang/Object;)V+5
J 2960 C1 org.gradle.internal.event.AbstractBroadcastDispatch.dispatch(Lorg/gradle/internal/dispatch/MethodInvocation;Lorg/gradle/internal/dispatch/Dispatch;)V (53 bytes) @ 0x000000000354357c [0x0000000003543460+0x11c]
J 2958 C1 org.gradle.internal.event.BroadcastDispatch$SingletonDispatch.dispatch(Ljava/lang/Object;)V (9 bytes) @ 0x0000000003544d34 [0x0000000003544b00+0x234]
J 3370 C1 org.gradle.internal.event.AbstractBroadcastDispatch.dispatch(Lorg/gradle/internal/dispatch/MethodInvocation;Ljava/util/Iterator;)V (191 bytes) @ 0x00000000036508e4 [0x0000000003650520+0x3c4]
j  org.gradle.internal.event.BroadcastDispatch$CompositeDispatch.dispatch(Lorg/gradle/internal/dispatch/MethodInvocation;)V+11
j  org.gradle.internal.event.BroadcastDispatch$CompositeDispatch.dispatch(Ljava/lang/Object;)V+5
j  org.gradle.internal.event.ListenerBroadcast.dispatch(Lorg/gradle/internal/dispatch/MethodInvocation;)V+5
j  org.gradle.internal.event.ListenerBroadcast.dispatch(Ljava/lang/Object;)V+5
J 4566 C1 org.gradle.internal.dispatch.ProxyDispatchAdapter$DispatchingInvocationHandler.invoke(Ljava/lang/Object;Ljava/lang/reflect/Method;[Ljava/lang/Object;)Ljava/lang/Object; (184 bytes) @ 0x0000000002fc0b14 [0x0000000002fbf800+0x1314]
j  com.sun.proxy.$Proxy39.afterEvaluate(Lorg/gradle/api/Project;Lorg/gradle/api/ProjectState;)V+20
j  org.gradle.configuration.project.LifecycleProjectEvaluator$NotifyAfterEvaluate$1.execute(Lorg/gradle/api/ProjectEvaluationListener;)V+15
j  org.gradle.configuration.project.LifecycleProjectEvaluator$NotifyAfterEvaluate$1.execute(Ljava/lang/Object;)V+5
j  org.gradle.api.internal.project.DefaultProject.stepEvaluationListener(Lorg/gradle/api/ProjectEvaluationListener;Lorg/gradle/api/Action;)Lorg/gradle/api/ProjectEvaluationListener;+19
j  org.gradle.configuration.project.LifecycleProjectEvaluator$NotifyAfterEvaluate.run(Lorg/gradle/internal/operations/BuildOperationContext;)V+25
J 5379 C1 org.gradle.internal.operations.DefaultBuildOperationExecutor$RunnableBuildOperationWorker.execute(Lorg/gradle/internal/operations/BuildOperation;Lorg/gradle/internal/operations/BuildOperationContext;)V (10 bytes) @ 0x0000000002fa24a4 [0x0000000002fa2240+0x264]
j  org.gradle.internal.operations.DefaultBuildOperationExecutor$1.execute(Lorg/gradle/internal/operations/BuildOperationDescriptor;Lorg/gradle/internal/operations/DefaultBuildOperationExecutor$DefaultBuildOperationContext;Lorg/gradle/internal/operations/DefaultBuildOperationExecutor$BuildOperationExecutionListener;)Lorg/gradle/internal/operations/BuildOperation;+18
J 5455 C1 org.gradle.internal.operations.DefaultBuildOperationExecutor.execute(Lorg/gradle/internal/operations/BuildOperationDescriptor$Builder;Lorg/gradle/internal/operations/DefaultBuildOperationExecutor$BuildOperationState;Lorg/gradle/internal/operations/DefaultBuildOperationExecutor$BuildOperationExecution;)Lorg/gradle/internal/operations/BuildOperation; (111 bytes) @ 0x000000000310cd6c [0x000000000310be00+0xf6c]
J 5164 C1 org.gradle.internal.operations.DefaultBuildOperationExecutor.execute(Lorg/gradle/internal/operations/BuildOperation;Lorg/gradle/internal/operations/BuildOperationWorker;Lorg/gradle/internal/operations/DefaultBuildOperationExecutor$BuildOperationState;)V (27 bytes) @ 0x0000000003a4c654 [0x0000000003a4c3e0+0x274]
j  org.gradle.internal.operations.DefaultBuildOperationExecutor.run(Lorg/gradle/internal/operations/RunnableBuildOperation;)V+10
j  org.gradle.internal.operations.DelegatingBuildOperationExecutor.run(Lorg/gradle/internal/operations/RunnableBuildOperation;)V+5
j  org.gradle.configuration.project.LifecycleProjectEvaluator$EvaluateProject$1.run()V+141
j  org.gradle.internal.Factories$1.create()Ljava/lang/Object;+4
j  org.gradle.internal.work.DefaultWorkerLeaseService.withLocks(Ljava/lang/Iterable;Lorg/gradle/internal/Factory;)Ljava/lang/Object;+26
j  org.gradle.internal.work.StopShieldingWorkerLeaseService.withLocks(Ljava/lang/Iterable;Lorg/gradle/internal/Factory;)Ljava/lang/Object;+6
j  org.gradle.api.internal.project.DefaultProjectStateRegistry$ProjectStateImpl.withProjectLock(Lorg/gradle/internal/resources/ResourceLock;Lorg/gradle/internal/Factory;)Ljava/lang/Object;+12
j  org.gradle.api.internal.project.DefaultProjectStateRegistry$ProjectStateImpl.withMutableState(Lorg/gradle/internal/Factory;)Ljava/lang/Object;+134
j  org.gradle.api.internal.project.DefaultProjectStateRegistry$ProjectStateImpl.withMutableState(Ljava/lang/Runnable;)V+5
j  org.gradle.configuration.project.LifecycleProjectEvaluator$EvaluateProject.run(Lorg/gradle/internal/operations/BuildOperationContext;)V+18
j  org.gradle.internal.operations.DefaultBuildOperationExecutor$RunnableBuildOperationWorker.execute(Lorg/gradle/internal/operations/RunnableBuildOperation;Lorg/gradle/internal/operations/BuildOperationContext;)V+2
j  org.gradle.internal.operations.DefaultBuildOperationExecutor$RunnableBuildOperationWorker.execute(Lorg/gradle/internal/operations/BuildOperation;Lorg/gradle/internal/operations/BuildOperationContext;)V+6
j  org.gradle.internal.operations.DefaultBuildOperationExecutor$1.execute(Lorg/gradle/internal/operations/BuildOperationDescriptor;Lorg/gradle/internal/operations/DefaultBuildOperationExecutor$DefaultBuildOperationContext;Lorg/gradle/internal/operations/DefaultBuildOperationExecutor$BuildOperationExecutionListener;)Lorg/gradle/internal/operations/BuildOperation;+18
j  org.gradle.internal.operations.DefaultBuildOperationExecutor.execute(Lorg/gradle/internal/operations/BuildOperationDescriptor$Builder;Lorg/gradle/internal/operations/DefaultBuildOperationExecutor$BuildOperationState;Lorg/gradle/internal/operations/DefaultBuildOperationExecutor$BuildOperationExecution;)Lorg/gradle/internal/operations/BuildOperation;+105
j  org.gradle.internal.operations.DefaultBuildOperationExecutor.execute(Lorg/gradle/internal/operations/BuildOperation;Lorg/gradle/internal/operations/BuildOperationWorker;Lorg/gradle/internal/operations/DefaultBuildOperationExecutor$BuildOperationState;)V+22
j  org.gradle.internal.operations.DefaultBuildOperationExecutor.run(Lorg/gradle/internal/operations/RunnableBuildOperation;)V+10
j  org.gradle.internal.operations.DelegatingBuildOperationExecutor.run(Lorg/gradle/internal/operations/RunnableBuildOperation;)V+5
j  org.gradle.configuration.project.LifecycleProjectEvaluator.evaluate(Lorg/gradle/api/internal/project/ProjectInternal;Lorg/gradle/api/internal/project/ProjectStateInternal;)V+22
j  org.gradle.api.internal.project.DefaultProject.evaluate()Lorg/gradle/api/internal/project/DefaultProject;+9
j  org.gradle.api.internal.project.DefaultProject.evaluate()Lorg/gradle/api/Project;+1
j  org.gradle.execution.TaskPathProjectEvaluator.configure(Lorg/gradle/api/internal/project/ProjectInternal;)V+21
j  org.gradle.execution.TaskPathProjectEvaluator.configureHierarchy(Lorg/gradle/api/internal/project/ProjectInternal;)V+41
j  org.gradle.configuration.DefaultProjectsPreparer.prepareProjects(Lorg/gradle/api/internal/GradleInternal;)V+79
j  org.gradle.configuration.BuildOperatingFiringProjectsPreparer$ConfigureBuild.run(Lorg/gradle/internal/operations/BuildOperationContext;)V+11
j  org.gradle.internal.operations.DefaultBuildOperationExecutor$RunnableBuildOperationWorker.execute(Lorg/gradle/internal/operations/RunnableBuildOperation;Lorg/gradle/internal/operations/BuildOperationContext;)V+2
j  org.gradle.internal.operations.DefaultBuildOperationExecutor$RunnableBuildOperationWorker.execute(Lorg/gradle/internal/operations/BuildOperation;Lorg/gradle/internal/operations/BuildOperationContext;)V+6
j  org.gradle.internal.operations.DefaultBuildOperationExecutor$1.execute(Lorg/gradle/internal/operations/BuildOperationDescriptor;Lorg/gradle/internal/operations/DefaultBuildOperationExecutor$DefaultBuildOperationContext;Lorg/gradle/internal/operations/DefaultBuildOperationExecutor$BuildOperationExecutionListener;)Lorg/gradle/internal/operations/BuildOperation;+18
j  org.gradle.internal.operations.DefaultBuildOperationExecutor.execute(Lorg/gradle/internal/operations/BuildOperationDescriptor$Builder;Lorg/gradle/internal/operations/DefaultBuildOperationExecutor$BuildOperationState;Lorg/gradle/internal/operations/DefaultBuildOperationExecutor$BuildOperationExecution;)Lorg/gradle/internal/operations/BuildOperation;+105
j  org.gradle.internal.operations.DefaultBuildOperationExecutor.execute(Lorg/gradle/internal/operations/BuildOperation;Lorg/gradle/internal/operations/BuildOperationWorker;Lorg/gradle/internal/operations/DefaultBuildOperationExecutor$BuildOperationState;)V+22
j  org.gradle.internal.operations.DefaultBuildOperationExecutor.run(Lorg/gradle/internal/operations/RunnableBuildOperation;)V+10
j  org.gradle.internal.operations.DelegatingBuildOperationExecutor.run(Lorg/gradle/internal/operations/RunnableBuildOperation;)V+5
j  org.gradle.configuration.BuildOperatingFiringProjectsPreparer.prepareProjects(Lorg/gradle/api/internal/GradleInternal;)V+13
j  org.gradle.initialization.DefaultGradleLauncher.prepareProjects()V+40
j  org.gradle.initialization.DefaultGradleLauncher.doClassicBuildStages(Lorg/gradle/initialization/DefaultGradleLauncher$Stage;)V+29
j  org.gradle.initialization.DefaultGradleLauncher.doBuildStages(Lorg/gradle/initialization/DefaultGradleLauncher$Stage;)V+45
j  org.gradle.initialization.DefaultGradleLauncher.getConfiguredBuild()Lorg/gradle/api/internal/GradleInternal;+4
j  org.gradle.internal.invocation.GradleBuildController$2.execute(Lorg/gradle/initialization/GradleLauncher;)V+1
j  org.gradle.internal.invocation.GradleBuildController$2.execute(Ljava/lang/Object;)V+5
j  org.gradle.internal.invocation.GradleBuildController$3.create()Lorg/gradle/api/internal/GradleInternal;+31
j  org.gradle.internal.invocation.GradleBuildController$3.create()Ljava/lang/Object;+1
j  org.gradle.internal.work.DefaultWorkerLeaseService.withLocks(Ljava/lang/Iterable;Lorg/gradle/internal/Factory;)Ljava/lang/Object;+26
j  org.gradle.internal.work.StopShieldingWorkerLeaseService.withLocks(Ljava/lang/Iterable;Lorg/gradle/internal/Factory;)Ljava/lang/Object;+6
j  org.gradle.internal.invocation.GradleBuildController.doBuild(Lorg/gradle/api/internal/GradleInternal$BuildType;Lorg/gradle/api/Action;)Lorg/gradle/api/internal/GradleInternal;+26
j  org.gradle.internal.invocation.GradleBuildController.configure()Lorg/gradle/api/internal/GradleInternal;+12
j  org.gradle.tooling.internal.provider.runner.ClientProvidedPhasedActionRunner.run(Lorg/gradle/internal/invocation/BuildAction;Lorg/gradle/internal/invocation/BuildController;)Lorg/gradle/internal/invocation/BuildActionRunner$Result;+102
j  org.gradle.launcher.exec.ChainingBuildActionRunner.run(Lorg/gradle/internal/invocation/BuildAction;Lorg/gradle/internal/invocation/BuildController;)Lorg/gradle/internal/invocation/BuildActionRunner$Result;+34
j  org.gradle.launcher.exec.ChainingBuildActionRunner.run(Lorg/gradle/internal/invocation/BuildAction;Lorg/gradle/internal/invocation/BuildController;)Lorg/gradle/internal/invocation/BuildActionRunner$Result;+34
j  org.gradle.launcher.exec.BuildOutcomeReportingBuildActionRunner.run(Lorg/gradle/internal/invocation/BuildAction;Lorg/gradle/internal/invocation/BuildController;)Lorg/gradle/internal/invocation/BuildActionRunner$Result;+143
j  org.gradle.tooling.internal.provider.ValidatingBuildActionRunner.run(Lorg/gradle/internal/invocation/BuildAction;Lorg/gradle/internal/invocation/BuildController;)Lorg/gradle/internal/invocation/BuildActionRunner$Result;+6
j  org.gradle.launcher.exec.BuildCompletionNotifyingBuildActionRunner.run(Lorg/gradle/internal/invocation/BuildAction;Lorg/gradle/internal/invocation/BuildController;)Lorg/gradle/internal/invocation/BuildActionRunner$Result;+28
j  org.gradle.launcher.exec.RunAsBuildOperationBuildActionRunner$3.call(Lorg/gradle/internal/operations/BuildOperationContext;)Lorg/gradle/internal/invocation/BuildActionRunner$Result;+95
j  org.gradle.launcher.exec.RunAsBuildOperationBuildActionRunner$3.call(Lorg/gradle/internal/operations/BuildOperationContext;)Ljava/lang/Object;+2
j  org.gradle.internal.operations.DefaultBuildOperationExecutor$CallableBuildOperationWorker.execute(Lorg/gradle/internal/operations/CallableBuildOperation;Lorg/gradle/internal/operations/BuildOperationContext;)V+3
j  org.gradle.internal.operations.DefaultBuildOperationExecutor$CallableBuildOperationWorker.execute(Lorg/gradle/internal/operations/BuildOperation;Lorg/gradle/internal/operations/BuildOperationContext;)V+6
j  org.gradle.internal.operations.DefaultBuildOperationExecutor$1.execute(Lorg/gradle/internal/operations/BuildOperationDescriptor;Lorg/gradle/internal/operations/DefaultBuildOperationExecutor$DefaultBuildOperationContext;Lorg/gradle/internal/operations/DefaultBuildOperationExecutor$BuildOperationExecutionListener;)Lorg/gradle/internal/operations/BuildOperation;+18
j  org.gradle.internal.operations.DefaultBuildOperationExecutor.execute(Lorg/gradle/internal/operations/BuildOperationDescriptor$Builder;Lorg/gradle/internal/operations/DefaultBuildOperationExecutor$BuildOperationState;Lorg/gradle/internal/operations/DefaultBuildOperationExecutor$BuildOperationExecution;)Lorg/gradle/internal/operations/BuildOperation;+105
j  org.gradle.internal.operations.DefaultBuildOperationExecutor.execute(Lorg/gradle/internal/operations/BuildOperation;Lorg/gradle/internal/operations/BuildOperationWorker;Lorg/gradle/internal/operations/DefaultBuildOperationExecutor$BuildOperationState;)V+22
j  org.gradle.internal.operations.DefaultBuildOperationExecutor.call(Lorg/gradle/internal/operations/CallableBuildOperation;)Ljava/lang/Object;+16
j  org.gradle.internal.operations.DelegatingBuildOperationExecutor.call(Lorg/gradle/internal/operations/CallableBuildOperation;)Ljava/lang/Object;+5
j  org.gradle.launcher.exec.RunAsBuildOperationBuildActionRunner.run(Lorg/gradle/internal/invocation/BuildAction;Lorg/gradle/internal/invocation/BuildController;)Lorg/gradle/internal/invocation/BuildActionRunner$Result;+33
j  org.gradle.launcher.exec.InProcessBuildActionExecuter$1.transform(Lorg/gradle/internal/invocation/BuildController;)Lorg/gradle/launcher/exec/BuildActionResult;+12
j  org.gradle.launcher.exec.InProcessBuildActionExecuter$1.transform(Ljava/lang/Object;)Ljava/lang/Object;+5
j  org.gradle.composite.internal.DefaultRootBuildState.run(Lorg/gradle/api/Transformer;)Ljava/lang/Object;+43
j  org.gradle.launcher.exec.InProcessBuildActionExecuter.execute(Lorg/gradle/internal/invocation/BuildAction;Lorg/gradle/initialization/BuildRequestContext;Lorg/gradle/launcher/exec/BuildActionParameters;Lorg/gradle/internal/service/ServiceRegistry;)Lorg/gradle/launcher/exec/BuildActionResult;+82
j  org.gradle.launcher.exec.InProcessBuildActionExecuter.execute(Lorg/gradle/internal/invocation/BuildAction;Lorg/gradle/initialization/BuildRequestContext;Ljava/lang/Object;Lorg/gradle/internal/service/ServiceRegistry;)Lorg/gradle/launcher/exec/BuildActionResult;+9
j  org.gradle.launcher.exec.BuildTreeScopeBuildActionExecuter.execute(Lorg/gradle/internal/invocation/BuildAction;Lorg/gradle/initialization/BuildRequestContext;Lorg/gradle/launcher/exec/BuildActionParameters;Lorg/gradle/internal/service/ServiceRegistry;)Lorg/gradle/launcher/exec/BuildActionResult;+38
j  org.gradle.launcher.exec.BuildTreeScopeBuildActionExecuter.execute(Lorg/gradle/internal/invocation/BuildAction;Lorg/gradle/initialization/BuildRequestContext;Ljava/lang/Object;Lorg/gradle/internal/service/ServiceRegistry;)Lorg/gradle/launcher/exec/BuildActionResult;+9
j  org.gradle.tooling.internal.provider.ContinuousBuildActionExecuter.execute(Lorg/gradle/internal/invocation/BuildAction;Lorg/gradle/initialization/BuildRequestContext;Lorg/gradle/launcher/exec/BuildActionParameters;Lorg/gradle/internal/service/ServiceRegistry;)Lorg/gradle/launcher/exec/BuildActionResult;+58
j  org.gradle.tooling.internal.provider.ContinuousBuildActionExecuter.execute(Lorg/gradle/internal/invocation/BuildAction;Lorg/gradle/initialization/BuildRequestContext;Ljava/lang/Object;Lorg/gradle/internal/service/ServiceRegistry;)Lorg/gradle/launcher/exec/BuildActionResult;+9
j  org.gradle.tooling.internal.provider.SubscribableBuildActionExecuter.execute(Lorg/gradle/internal/invocation/BuildAction;Lorg/gradle/initialization/BuildRequestContext;Lorg/gradle/launcher/exec/BuildActionParameters;Lorg/gradle/internal/service/ServiceRegistry;)Lorg/gradle/launcher/exec/BuildActionResult;+41
j  org.gradle.tooling.internal.provider.SubscribableBuildActionExecuter.execute(Lorg/gradle/internal/invocation/BuildAction;Lorg/gradle/initialization/BuildRequestContext;Ljava/lang/Object;Lorg/gradle/internal/service/ServiceRegistry;)Lorg/gradle/launcher/exec/BuildActionResult;+9
j  org.gradle.tooling.internal.provider.SessionScopeBuildActionExecuter.execute(Lorg/gradle/internal/invocation/BuildAction;Lorg/gradle/initialization/BuildRequestContext;Lorg/gradle/launcher/exec/BuildActionParameters;Lorg/gradle/internal/service/ServiceRegistry;)Lorg/gradle/launcher/exec/BuildActionResult;+117
j  org.gradle.tooling.internal.provider.SessionScopeBuildActionExecuter.execute(Lorg/gradle/internal/invocation/BuildAction;Lorg/gradle/initialization/BuildRequestContext;Ljava/lang/Object;Lorg/gradle/internal/service/ServiceRegistry;)Lorg/gradle/launcher/exec/BuildActionResult;+9
j  org.gradle.tooling.internal.provider.GradleThreadBuildActionExecuter.execute(Lorg/gradle/internal/invocation/BuildAction;Lorg/gradle/initialization/BuildRequestContext;Lorg/gradle/launcher/exec/BuildActionParameters;Lorg/gradle/internal/service/ServiceRegistry;)Lorg/gradle/launcher/exec/BuildActionResult;+12
j  org.gradle.tooling.internal.provider.GradleThreadBuildActionExecuter.execute(Lorg/gradle/internal/invocation/BuildAction;Lorg/gradle/initialization/BuildRequestContext;Ljava/lang/Object;Lorg/gradle/internal/service/ServiceRegistry;)Lorg/gradle/launcher/exec/BuildActionResult;+9
j  org.gradle.tooling.internal.provider.ParallelismConfigurationBuildActionExecuter.execute(Lorg/gradle/internal/invocation/BuildAction;Lorg/gradle/initialization/BuildRequestContext;Lorg/gradle/launcher/exec/BuildActionParameters;Lorg/gradle/internal/service/ServiceRegistry;)Lorg/gradle/launcher/exec/BuildActionResult;+43
j  org.gradle.tooling.internal.provider.ParallelismConfigurationBuildActionExecuter.execute(Lorg/gradle/internal/invocation/BuildAction;Lorg/gradle/initialization/BuildRequestContext;Ljava/lang/Object;Lorg/gradle/internal/service/ServiceRegistry;)Lorg/gradle/launcher/exec/BuildActionResult;+9
j  org.gradle.tooling.internal.provider.StartParamsValidatingActionExecuter.execute(Lorg/gradle/internal/invocation/BuildAction;Lorg/gradle/initialization/BuildRequestContext;Lorg/gradle/launcher/exec/BuildActionParameters;Lorg/gradle/internal/service/ServiceRegistry;)Lorg/gradle/launcher/exec/BuildActionResult;+177
j  org.gradle.tooling.internal.provider.StartParamsValidatingActionExecuter.execute(Lorg/gradle/internal/invocation/BuildAction;Lorg/gradle/initialization/BuildRequestContext;Ljava/lang/Object;Lorg/gradle/internal/service/ServiceRegistry;)Lorg/gradle/launcher/exec/BuildActionResult;+9
j  org.gradle.tooling.internal.provider.SessionFailureReportingActionExecuter.execute(Lorg/gradle/internal/invocation/BuildAction;Lorg/gradle/initialization/BuildRequestContext;Lorg/gradle/launcher/exec/BuildActionParameters;Lorg/gradle/internal/service/ServiceRegistry;)Lorg/gradle/launcher/exec/BuildActionResult;+9
j  org.gradle.tooling.internal.provider.SessionFailureReportingActionExecuter.execute(Lorg/gradle/internal/invocation/BuildAction;Lorg/gradle/initialization/BuildRequestContext;Ljava/lang/Object;Lorg/gradle/internal/service/ServiceRegistry;)Lorg/gradle/launcher/exec/BuildActionResult;+9
j  org.gradle.tooling.internal.provider.SetupLoggingActionExecuter.execute(Lorg/gradle/internal/invocation/BuildAction;Lorg/gradle/initialization/BuildRequestContext;Lorg/gradle/launcher/exec/BuildActionParameters;Lorg/gradle/internal/service/ServiceRegistry;)Lorg/gradle/launcher/exec/BuildActionResult;+52
j  org.gradle.tooling.internal.provider.SetupLoggingActionExecuter.execute(Lorg/gradle/internal/invocation/BuildAction;Lorg/gradle/initialization/BuildRequestContext;Ljava/lang/Object;Lorg/gradle/internal/service/ServiceRegistry;)Lorg/gradle/launcher/exec/BuildActionResult;+9
j  org.gradle.launcher.daemon.server.exec.ExecuteBuild.doBuild(Lorg/gradle/launcher/daemon/server/api/DaemonCommandExecution;Lorg/gradle/launcher/daemon/protocol/Build;)V+118
j  org.gradle.launcher.daemon.server.exec.BuildCommandOnly.execute(Lorg/gradle/launcher/daemon/server/api/DaemonCommandExecution;)V+49
j  org.gradle.launcher.daemon.server.api.DaemonCommandExecution.proceed()Z+23
j  org.gradle.launcher.daemon.server.exec.WatchForDisconnection.execute(Lorg/gradle/launcher/daemon/server/api/DaemonCommandExecution;)V+19
j  org.gradle.launcher.daemon.server.api.DaemonCommandExecution.proceed()Z+23
j  org.gradle.launcher.daemon.server.exec.ResetDeprecationLogger.execute(Lorg/gradle/launcher/daemon/server/api/DaemonCommandExecution;)V+4
j  org.gradle.launcher.daemon.server.api.DaemonCommandExecution.proceed()Z+23
j  org.gradle.launcher.daemon.server.exec.RequestStopIfSingleUsedDaemon.execute(Lorg/gradle/launcher/daemon/server/api/DaemonCommandExecution;)V+33
j  org.gradle.launcher.daemon.server.api.DaemonCommandExecution.proceed()Z+23
j  org.gradle.launcher.daemon.server.exec.ForwardClientInput$2.create()Ljava/lang/Void;+4
j  org.gradle.launcher.daemon.server.exec.ForwardClientInput$2.create()Ljava/lang/Object;+1
j  org.gradle.util.Swapper.swap(Ljava/lang/Object;Lorg/gradle/internal/Factory;)Ljava/lang/Object;+21
j  org.gradle.launcher.daemon.server.exec.ForwardClientInput.execute(Lorg/gradle/launcher/daemon/server/api/DaemonCommandExecution;)V+63
j  org.gradle.launcher.daemon.server.api.DaemonCommandExecution.proceed()Z+23
j  org.gradle.launcher.daemon.server.exec.LogAndCheckHealth.execute(Lorg/gradle/launcher/daemon/server/api/DaemonCommandExecution;)V+28
j  org.gradle.launcher.daemon.server.api.DaemonCommandExecution.proceed()Z+23
j  org.gradle.launcher.daemon.server.exec.LogToClient.doBuild(Lorg/gradle/launcher/daemon/server/api/DaemonCommandExecution;Lorg/gradle/launcher/daemon/protocol/Build;)V+87
j  org.gradle.launcher.daemon.server.exec.BuildCommandOnly.execute(Lorg/gradle/launcher/daemon/server/api/DaemonCommandExecution;)V+49
j  org.gradle.launcher.daemon.server.api.DaemonCommandExecution.proceed()Z+23
j  org.gradle.launcher.daemon.server.exec.EstablishBuildEnvironment.doBuild(Lorg/gradle/launcher/daemon/server/api/DaemonCommandExecution;Lorg/gradle/launcher/daemon/protocol/Build;)V+351
j  org.gradle.launcher.daemon.server.exec.BuildCommandOnly.execute(Lorg/gradle/launcher/daemon/server/api/DaemonCommandExecution;)V+49
j  org.gradle.launcher.daemon.server.api.DaemonCommandExecution.proceed()Z+23
j  org.gradle.launcher.daemon.server.exec.StartBuildOrRespondWithBusy$1.run()V+44
j  org.gradle.launcher.daemon.server.DaemonStateCoordinator$1.run()V+4
j  org.gradle.internal.concurrent.ExecutorPolicy$CatchAndRecordFailures.onExecute(Ljava/lang/Runnable;)V+1
j  org.gradle.internal.concurrent.ManagedExecutorImpl$1.run()V+25
j  java.util.concurrent.ThreadPoolExecutor.runWorker(Ljava/util/concurrent/ThreadPoolExecutor$Worker;)V+95
j  java.util.concurrent.ThreadPoolExecutor$Worker.run()V+5
j  org.gradle.internal.concurrent.ThreadFactoryImpl$ManagedThreadRunnable.run()V+7
j  java.lang.Thread.run()V+11
v  ~StubRoutines::call_stub

---------------  P R O C E S S  ---------------

Java Threads: ( => current thread )
  0x000000001a700800 JavaThread "Cache worker for Build Output Cleanup Cache (C:\work2\TaskApp\.gradle\buildOutputCleanup)" [_thread_blocked, id=12048, stack(0x0000000022930000,0x0000000022a30000)]
  0x000000001a704800 JavaThread "pool-1-thread-1" [_thread_blocked, id=13164, stack(0x0000000021fd0000,0x00000000220d0000)]
  0x000000001a702000 JavaThread "Build operations Thread 4" [_thread_blocked, id=4048, stack(0x0000000021ed0000,0x0000000021fd0000)]
  0x000000001a706000 JavaThread "Build operations Thread 3" [_thread_blocked, id=7028, stack(0x0000000021dd0000,0x0000000021ed0000)]
  0x000000001a6fd800 JavaThread "Build operations Thread 2" [_thread_blocked, id=6708, stack(0x0000000021cd0000,0x0000000021dd0000)]
  0x000000001a703800 JavaThread "Build operations" [_thread_blocked, id=7128, stack(0x0000000021bd0000,0x0000000021cd0000)]
  0x000000001a701800 JavaThread "File lock release action executor" [_thread_blocked, id=4664, stack(0x0000000021ad0000,0x0000000021bd0000)]
  0x000000001b0c6000 JavaThread "Cache worker for execution history cache (C:\Users\Chiaki Hata\.gradle\caches\6.1.1\executionHistory)" [_thread_blocked, id=3160, stack(0x000000001fb50000,0x000000001fc50000)]
  0x000000001b0c8800 JavaThread "Cache worker for cache directory md-rule (C:\Users\Chiaki Hata\.gradle\caches\6.1.1\md-rule)" [_thread_blocked, id=1816, stack(0x000000001fa50000,0x000000001fb50000)]
  0x000000001b0c7800 JavaThread "Cache worker for cache directory md-supplier (C:\Users\Chiaki Hata\.gradle\caches\6.1.1\md-supplier)" [_thread_blocked, id=11620, stack(0x000000001f470000,0x000000001f570000)]
  0x000000001b0c4800 JavaThread "Cache worker for file hash cache (C:\work2\TaskApp\.gradle\6.1.1\fileHashes)" [_thread_blocked, id=940, stack(0x000000001f750000,0x000000001f850000)]
  0x000000001b0c9800 JavaThread "Cache worker for checksums cache (C:\work2\TaskApp\.gradle\checksums)" [_thread_blocked, id=6740, stack(0x000000001f650000,0x000000001f750000)]
  0x000000001b0c5800 JavaThread "Cache worker for file hash cache (C:\Users\Chiaki Hata\.gradle\caches\6.1.1\fileHashes)" [_thread_blocked, id=2372, stack(0x000000001cfd0000,0x000000001d0d0000)]
  0x000000001b0a0000 JavaThread "File lock request listener" [_thread_in_native, id=1132, stack(0x000000001ced0000,0x000000001cfd0000)]
  0x000000001b09f000 JavaThread "Cache worker for journal cache (C:\Users\Chiaki Hata\.gradle\caches\journal-1)" [_thread_blocked, id=2756, stack(0x000000001cdd0000,0x000000001ced0000)]
  0x000000001ae45000 JavaThread "Thread-9" [_thread_blocked, id=1188, stack(0x000000001cad0000,0x000000001cbd0000)]
  0x000000001afde000 JavaThread "Stdin handler" [_thread_blocked, id=2676, stack(0x000000001c9d0000,0x000000001cad0000)]
  0x000000001ae40800 JavaThread "Asynchronous log dispatcher for DefaultDaemonConnection: socket connection from /127.0.0.1:61929 to /127.0.0.1:61930" [_thread_blocked, id=7236, stack(0x000000001c8d0000,0x000000001c9d0000)]
=>0x000000001ae64800 JavaThread "Daemon worker" [_thread_in_vm, id=13004, stack(0x000000001c7d0000,0x000000001c8d0000)]
  0x000000001ae63800 JavaThread "Cancel handler" [_thread_blocked, id=12080, stack(0x000000001c6d0000,0x000000001c7d0000)]
  0x000000001af2b000 JavaThread "Handler for socket connection from /127.0.0.1:61929 to /127.0.0.1:61930" [_thread_in_native, id=12452, stack(0x000000001c3d0000,0x000000001c4d0000)]
  0x000000001af2a800 JavaThread "Daemon" [_thread_blocked, id=8612, stack(0x000000001c2d0000,0x000000001c3d0000)]
  0x00000000195ad800 JavaThread "Daemon periodic checks" [_thread_blocked, id=1988, stack(0x000000001c1d0000,0x000000001c2d0000)]
  0x00000000195ac800 JavaThread "Incoming local TCP Connector on port 61929" [_thread_in_native, id=8196, stack(0x000000001bff0000,0x000000001c0f0000)]
  0x000000001ac02000 JavaThread "Daemon health stats" [_thread_blocked, id=3440, stack(0x000000001bed0000,0x000000001bfd0000)]
  0x0000000018e8b000 JavaThread "Service Thread" daemon [_thread_blocked, id=10520, stack(0x0000000019310000,0x0000000019410000)]
  0x0000000018e10800 JavaThread "C1 CompilerThread2" daemon [_thread_blocked, id=2912, stack(0x0000000019210000,0x0000000019310000)]
  0x0000000017611000 JavaThread "C2 CompilerThread1" daemon [_thread_in_native, id=7144, stack(0x0000000018d10000,0x0000000018e10000)]
  0x000000001765e000 JavaThread "C2 CompilerThread0" daemon [_thread_in_native, id=12624, stack(0x0000000018c10000,0x0000000018d10000)]
  0x000000001760a800 JavaThread "Attach Listener" daemon [_thread_blocked, id=1660, stack(0x0000000018b10000,0x0000000018c10000)]
  0x00000000175f7800 JavaThread "Signal Dispatcher" daemon [_thread_blocked, id=11792, stack(0x0000000018a10000,0x0000000018b10000)]
  0x00000000029ac000 JavaThread "Finalizer" daemon [_thread_blocked, id=6876, stack(0x0000000018860000,0x0000000018960000)]
  0x00000000175e9000 JavaThread "Reference Handler" daemon [_thread_blocked, id=632, stack(0x0000000018760000,0x0000000018860000)]
  0x00000000028ae000 JavaThread "main" [_thread_blocked, id=2044, stack(0x0000000002790000,0x0000000002890000)]

Other Threads:
  0x00000000175c6000 VMThread [stack: 0x0000000018660000,0x0000000018760000] [id=7320]
  0x0000000018e8c000 WatcherThread [stack: 0x0000000019410000,0x0000000019510000] [id=1684]

VM state:not at safepoint (normal execution)

VM Mutex/Monitor currently owned by a thread: None

heap address: 0x0000000080000000, size: 2048 MB, Compressed Oops mode: 32-bit
Narrow klass base: 0x0000000000000000, Narrow klass shift: 3
Compressed class space size: 1073741824 Address: 0x0000000100000000

Heap:
 PSYoungGen      total 324608K, used 35966K [0x00000000d5580000, 0x00000000f0880000, 0x0000000100000000)
  eden space 302080K, 11% used [0x00000000d5580000,0x00000000d789f810,0x00000000e7c80000)
  from space 22528K, 0% used [0x00000000e7c80000,0x00000000e7c80000,0x00000000e9280000)
  to   space 27136K, 0% used [0x00000000eee00000,0x00000000eee00000,0x00000000f0880000)
 ParOldGen       total 94208K, used 36480K [0x0000000080000000, 0x0000000085c00000, 0x00000000d5580000)
  object space 94208K, 38% used [0x0000000080000000,0x00000000823a0398,0x0000000085c00000)
 Metaspace       used 60115K, capacity 62388K, committed 62616K, reserved 1103872K
  class space    used 8012K, capacity 8503K, committed 8624K, reserved 1048576K

Card table byte_map: [0x0000000011d70000,0x0000000012180000] byte_map_base: 0x0000000011970000

Marking Bits: (ParMarkBitMap*) 0x000000006a06f030
 Begin Bits: [0x0000000012830000, 0x0000000014830000)
 End Bits:   [0x0000000014830000, 0x0000000016830000)

Polling page: 0x0000000000780000

CodeCache: size=245760Kb used=18879Kb max_used=18879Kb free=226880Kb
 bounds [0x00000000029b0000, 0x0000000003c30000, 0x00000000119b0000]
 total_blobs=6081 nmethods=5280 adapters=714
 compilation: enabled

Compilation events (10 events):
Event: 15.350 Thread 0x0000000018e10800 nmethod 5867 0x0000000003c1fa10 code [0x0000000003c1fb60, 0x0000000003c1fd10]
Event: 15.351 Thread 0x0000000018e10800 5868       3       kotlin.collections.CollectionsKt___CollectionsKt::drop (312 bytes)
Event: 15.354 Thread 0x0000000018e10800 nmethod 5868 0x0000000003c1fdd0 code [0x0000000003c202e0, 0x0000000003c23568]
Event: 15.369 Thread 0x0000000018e10800 5869       1       org.gradle.api.internal.provider.Collectors$TypedCollector::getType (5 bytes)
Event: 15.370 Thread 0x0000000018e10800 nmethod 5869 0x0000000003c24f10 code [0x0000000003c25060, 0x0000000003c25170]
Event: 15.374 Thread 0x0000000018e10800 5870       3       java.util.HashMap::putIfAbsent (13 bytes)
Event: 15.374 Thread 0x0000000018e10800 nmethod 5870 0x0000000003c251d0 code [0x0000000003c25360, 0x0000000003c25718]
Event: 15.375 Thread 0x0000000018e10800 5871 %     3       java.io.WinNTFileSystem::normalize @ 22 (143 bytes)
Event: 15.376 Thread 0x0000000018e10800 nmethod 5871% 0x0000000003c25850 code [0x0000000003c25a40, 0x0000000003c26368]
Event: 15.377 Thread 0x0000000018e10800 5872       3       java.io.WinNTFileSystem::normalize (231 bytes)

GC Heap History (10 events):
Event: 8.093 GC heap before
{Heap before GC invocations=8 (full 1):
 PSYoungGen      total 216064K, used 26559K [0x00000000d5580000, 0x00000000e7000000, 0x0000000100000000)
  eden space 202752K, 6% used [0x00000000d5580000,0x00000000d62973f8,0x00000000e1b80000)
  from space 13312K, 98% used [0x00000000e6300000,0x00000000e6fd8950,0x00000000e7000000)
  to   space 15872K, 0% used [0x00000000e5100000,0x00000000e5100000,0x00000000e6080000)
 ParOldGen       total 62976K, used 8218K [0x0000000080000000, 0x0000000083d80000, 0x00000000d5580000)
  object space 62976K, 13% used [0x0000000080000000,0x00000000808068c8,0x0000000083d80000)
 Metaspace       used 34404K, capacity 35246K, committed 35496K, reserved 1079296K
  class space    used 4561K, capacity 4804K, committed 4912K, reserved 1048576K
Event: 8.102 GC heap after
Heap after GC invocations=8 (full 1):
 PSYoungGen      total 273408K, used 7198K [0x00000000d5580000, 0x00000000ea180000, 0x0000000100000000)
  eden space 257536K, 0% used [0x00000000d5580000,0x00000000d5580000,0x00000000e5100000)
  from space 15872K, 45% used [0x00000000e5100000,0x00000000e5807ba0,0x00000000e6080000)
  to   space 15360K, 0% used [0x00000000e9280000,0x00000000e9280000,0x00000000ea180000)
 ParOldGen       total 62976K, used 8226K [0x0000000080000000, 0x0000000083d80000, 0x00000000d5580000)
  object space 62976K, 13% used [0x0000000080000000,0x00000000808088c8,0x0000000083d80000)
 Metaspace       used 34404K, capacity 35246K, committed 35496K, reserved 1079296K
  class space    used 4561K, capacity 4804K, committed 4912K, reserved 1048576K
}
Event: 8.102 GC heap before
{Heap before GC invocations=9 (full 2):
 PSYoungGen      total 273408K, used 7198K [0x00000000d5580000, 0x00000000ea180000, 0x0000000100000000)
  eden space 257536K, 0% used [0x00000000d5580000,0x00000000d5580000,0x00000000e5100000)
  from space 15872K, 45% used [0x00000000e5100000,0x00000000e5807ba0,0x00000000e6080000)
  to   space 15360K, 0% used [0x00000000e9280000,0x00000000e9280000,0x00000000ea180000)
 ParOldGen       total 62976K, used 8226K [0x0000000080000000, 0x0000000083d80000, 0x00000000d5580000)
  object space 62976K, 13% used [0x0000000080000000,0x00000000808088c8,0x0000000083d80000)
 Metaspace       used 34404K, capacity 35246K, committed 35496K, reserved 1079296K
  class space    used 4561K, capacity 4804K, committed 4912K, reserved 1048576K
Event: 8.245 GC heap after
Heap after GC invocations=9 (full 2):
 PSYoungGen      total 273408K, used 0K [0x00000000d5580000, 0x00000000ea180000, 0x0000000100000000)
  eden space 257536K, 0% used [0x00000000d5580000,0x00000000d5580000,0x00000000e5100000)
  from space 15872K, 0% used [0x00000000e5100000,0x00000000e5100000,0x00000000e6080000)
  to   space 15360K, 0% used [0x00000000e9280000,0x00000000e9280000,0x00000000ea180000)
 ParOldGen       total 94208K, used 14709K [0x0000000080000000, 0x0000000085c00000, 0x00000000d5580000)
  object space 94208K, 15% used [0x0000000080000000,0x0000000080e5d7d8,0x0000000085c00000)
 Metaspace       used 34404K, capacity 35246K, committed 35496K, reserved 1079296K
  class space    used 4561K, capacity 4804K, committed 4912K, reserved 1048576K
}
Event: 13.493 GC heap before
{Heap before GC invocations=10 (full 2):
 PSYoungGen      total 273408K, used 257536K [0x00000000d5580000, 0x00000000ea180000, 0x0000000100000000)
  eden space 257536K, 100% used [0x00000000d5580000,0x00000000e5100000,0x00000000e5100000)
  from space 15872K, 0% used [0x00000000e5100000,0x00000000e5100000,0x00000000e6080000)
  to   space 15360K, 0% used [0x00000000e9280000,0x00000000e9280000,0x00000000ea180000)
 ParOldGen       total 94208K, used 14709K [0x0000000080000000, 0x0000000085c00000, 0x00000000d5580000)
  object space 94208K, 15% used [0x0000000080000000,0x0000000080e5d7d8,0x0000000085c00000)
 Metaspace       used 50845K, capacity 52660K, committed 53040K, reserved 1095680K
  class space    used 6736K, capacity 7111K, committed 7216K, reserved 1048576K
Event: 13.515 GC heap after
Heap after GC invocations=10 (full 2):
 PSYoungGen      total 317440K, used 15344K [0x00000000d5580000, 0x00000000ee380000, 0x0000000100000000)
  eden space 302080K, 0% used [0x00000000d5580000,0x00000000d5580000,0x00000000e7c80000)
  from space 15360K, 99% used [0x00000000e9280000,0x00000000ea17c328,0x00000000ea180000)
  to   space 22528K, 0% used [0x00000000e7c80000,0x00000000e7c80000,0x00000000e9280000)
 ParOldGen       total 94208K, used 26133K [0x0000000080000000, 0x0000000085c00000, 0x00000000d5580000)
  object space 94208K, 27% used [0x0000000080000000,0x0000000081985700,0x0000000085c00000)
 Metaspace       used 50845K, capacity 52660K, committed 53040K, reserved 1095680K
  class space    used 6736K, capacity 7111K, committed 7216K, reserved 1048576K
}
Event: 14.544 GC heap before
{Heap before GC invocations=11 (full 2):
 PSYoungGen      total 317440K, used 120812K [0x00000000d5580000, 0x00000000ee380000, 0x0000000100000000)
  eden space 302080K, 34% used [0x00000000d5580000,0x00000000dbc7ee08,0x00000000e7c80000)
  from space 15360K, 99% used [0x00000000e9280000,0x00000000ea17c328,0x00000000ea180000)
  to   space 22528K, 0% used [0x00000000e7c80000,0x00000000e7c80000,0x00000000e9280000)
 ParOldGen       total 94208K, used 26133K [0x0000000080000000, 0x0000000085c00000, 0x00000000d5580000)
  object space 94208K, 27% used [0x0000000080000000,0x0000000081985700,0x0000000085c00000)
 Metaspace       used 57039K, capacity 59110K, committed 59160K, reserved 1099776K
  class space    used 7481K, capacity 7954K, committed 7984K, reserved 1048576K
Event: 14.586 GC heap after
Heap after GC invocations=11 (full 2):
 PSYoungGen      total 324608K, used 22506K [0x00000000d5580000, 0x00000000f0880000, 0x0000000100000000)
  eden space 302080K, 0% used [0x00000000d5580000,0x00000000d5580000,0x00000000e7c80000)
  from space 22528K, 99% used [0x00000000e7c80000,0x00000000e927a898,0x00000000e9280000)
  to   space 27136K, 0% used [0x00000000eee00000,0x00000000eee00000,0x00000000f0880000)
 ParOldGen       total 94208K, used 27946K [0x0000000080000000, 0x0000000085c00000, 0x00000000d5580000)
  object space 94208K, 29% used [0x0000000080000000,0x0000000081b4aa88,0x0000000085c00000)
 Metaspace       used 57039K, capacity 59110K, committed 59160K, reserved 1099776K
  class space    used 7481K, capacity 7954K, committed 7984K, reserved 1048576K
}
Event: 14.586 GC heap before
{Heap before GC invocations=12 (full 3):
 PSYoungGen      total 324608K, used 22506K [0x00000000d5580000, 0x00000000f0880000, 0x0000000100000000)
  eden space 302080K, 0% used [0x00000000d5580000,0x00000000d5580000,0x00000000e7c80000)
  from space 22528K, 99% used [0x00000000e7c80000,0x00000000e927a898,0x00000000e9280000)
  to   space 27136K, 0% used [0x00000000eee00000,0x00000000eee00000,0x00000000f0880000)
 ParOldGen       total 94208K, used 27946K [0x0000000080000000, 0x0000000085c00000, 0x00000000d5580000)
  object space 94208K, 29% used [0x0000000080000000,0x0000000081b4aa88,0x0000000085c00000)
 Metaspace       used 57039K, capacity 59110K, committed 59160K, reserved 1099776K
  class space    used 7481K, capacity 7954K, committed 7984K, reserved 1048576K
Event: 14.858 GC heap after
Heap after GC invocations=12 (full 3):
 PSYoungGen      total 324608K, used 0K [0x00000000d5580000, 0x00000000f0880000, 0x0000000100000000)
  eden space 302080K, 0% used [0x00000000d5580000,0x00000000d5580000,0x00000000e7c80000)
  from space 22528K, 0% used [0x00000000e7c80000,0x00000000e7c80000,0x00000000e9280000)
  to   space 27136K, 0% used [0x00000000eee00000,0x00000000eee00000,0x00000000f0880000)
 ParOldGen       total 94208K, used 36480K [0x0000000080000000, 0x0000000085c00000, 0x00000000d5580000)
  object space 94208K, 38% used [0x0000000080000000,0x00000000823a0398,0x0000000085c00000)
 Metaspace       used 56989K, capacity 58994K, committed 59160K, reserved 1099776K
  class space    used 7469K, capacity 7940K, committed 7984K, reserved 1048576K
}

Deoptimization events (10 events):
Event: 14.121 Thread 0x000000001ae64800 Uncommon trap: reason=bimorphic action=maybe_recompile pc=0x00000000038a2c34 method=java.util.Arrays.binarySearch0([Ljava/lang/Object;IILjava/lang/Object;Ljava/util/Comparator;)I @ 48
Event: 14.121 Thread 0x000000001ae64800 Uncommon trap: reason=bimorphic action=maybe_recompile pc=0x00000000038a2c34 method=java.util.Arrays.binarySearch0([Ljava/lang/Object;IILjava/lang/Object;Ljava/util/Comparator;)I @ 48
Event: 14.129 Thread 0x000000001ae64800 Uncommon trap: reason=unstable_if action=reinterpret pc=0x0000000002ecbc60 method=java.util.WeakHashMap.expungeStaleEntries()V @ 66
Event: 14.193 Thread 0x000000001ae64800 Uncommon trap: reason=unstable_if action=reinterpret pc=0x0000000002cfa144 method=org.codehaus.groovy.runtime.metaclass.MetaMethodIndex.addMethodToList(Ljava/lang/Object;Lgroovy/lang/MetaMethod;)Ljava/lang/Object; @ 256
Event: 14.347 Thread 0x000000001ae64800 Uncommon trap: reason=unstable_if action=reinterpret pc=0x0000000003865010 method=groovy.lang.MetaClassImpl.filterPropertyMethod(Ljava/lang/Object;ZZ)Ljava/lang/Object; @ 72
Event: 15.332 Thread 0x000000001ae64800 Uncommon trap: reason=unstable_if action=reinterpret pc=0x0000000002cf1988 method=java.util.HashMap.resize()[Ljava/util/HashMap$Node; @ 206
Event: 15.332 Thread 0x000000001ae64800 Uncommon trap: reason=unstable_if action=reinterpret pc=0x0000000002c7b5d8 method=java.util.HashMap.putVal(ILjava/lang/Object;Ljava/lang/Object;ZZ)Ljava/lang/Object; @ 109
Event: 15.332 Thread 0x000000001ae64800 Uncommon trap: reason=unstable_if action=reinterpret pc=0x0000000003734038 method=java.util.HashMap.putVal(ILjava/lang/Object;Ljava/lang/Object;ZZ)Ljava/lang/Object; @ 109
Event: 15.348 Thread 0x000000001ae64800 Uncommon trap: reason=unstable_if action=reinterpret pc=0x00000000035549f4 method=java.io.WinNTFileSystem.normalize(Ljava/lang/String;)Ljava/lang/String; @ 74
Event: 15.348 Thread 0x000000001ae64800 Uncommon trap: reason=unstable_if action=reinterpret pc=0x00000000030121ac method=java.io.WinNTFileSystem.normalize(Ljava/lang/String;II)Ljava/lang/String; @ 103

Classes redefined (0 events):
No events

Internal exceptions (10 events):
Event: 14.408 Thread 0x000000001ae64800 Exception <a 'java/lang/ClassNotFoundException': org/gradle/api/plugins/JavaPluginConventionBeanInfo> (0x00000000db018ac0) thrown at [C:\src\AOSP-openjdk-git\hotspot\src\share\vm\classfile\systemDictionary.cpp, line 210]
Event: 14.409 Thread 0x000000001ae64800 Exception <a 'java/lang/ClassNotFoundException': org/gradle/api/plugins/JavaPluginConventionCustomizer> (0x00000000db0677e0) thrown at [C:\src\AOSP-openjdk-git\hotspot\src\share\vm\classfile\systemDictionary.cpp, line 210]
Event: 14.411 Thread 0x000000001ae64800 Exception <a 'java/lang/ClassNotFoundException': org/gradle/api/plugins/internal/DefaultJavaPluginConventionCustomizer> (0x00000000db0e3218) thrown at [C:\src\AOSP-openjdk-git\hotspot\src\share\vm\classfile\systemDictionary.cpp, line 210]
Event: 14.524 Thread 0x000000001ae64800 Exception <a 'java/lang/NoSuchMethodError': java.lang.Object.lambda$comparingInt$7b0bb60$1(Ljava/util/function/ToIntFunction;Ljava/lang/Object;Ljava/lang/Object;)I> (0x00000000db7799c0) thrown at [C:\src\AOSP-openjdk-git\hotspot\src\share\vm\interpreter\l
Event: 15.285 Thread 0x000000001ae64800 Exception <a 'java/lang/ClassNotFoundException': com/android/build/gradle/internal/api/ApkVariantOutputImpl_DecoratedBeanInfo> (0x00000000d6e961e0) thrown at [C:\src\AOSP-openjdk-git\hotspot\src\share\vm\classfile\systemDictionary.cpp, line 210]
Event: 15.285 Thread 0x000000001ae64800 Exception <a 'java/lang/ClassNotFoundException': com/android/build/gradle/internal/api/ApkVariantOutputImplBeanInfo> (0x00000000d6eb62f0) thrown at [C:\src\AOSP-openjdk-git\hotspot\src\share\vm\classfile\systemDictionary.cpp, line 210]
Event: 15.286 Thread 0x000000001ae64800 Exception <a 'java/lang/ClassNotFoundException': com/android/build/gradle/internal/api/BaseVariantOutputImplBeanInfo> (0x00000000d6ed7a48) thrown at [C:\src\AOSP-openjdk-git\hotspot\src\share\vm\classfile\systemDictionary.cpp, line 210]
Event: 15.286 Thread 0x000000001ae64800 Exception <a 'java/lang/ClassNotFoundException': com/android/build/gradle/internal/api/BaseVariantOutputImplCustomizer> (0x00000000d6ef97c8) thrown at [C:\src\AOSP-openjdk-git\hotspot\src\share\vm\classfile\systemDictionary.cpp, line 210]
Event: 15.288 Thread 0x000000001ae64800 Exception <a 'java/lang/ClassNotFoundException': com/android/build/gradle/internal/api/ApkVariantOutputImplCustomizer> (0x00000000d6f35140) thrown at [C:\src\AOSP-openjdk-git\hotspot\src\share\vm\classfile\systemDictionary.cpp, line 210]
Event: 15.289 Thread 0x000000001ae64800 Exception <a 'java/lang/ClassNotFoundException': com/android/build/gradle/internal/api/ApkVariantOutputImpl_DecoratedCustomizer> (0x00000000d6f6c610) thrown at [C:\src\AOSP-openjdk-git\hotspot\src\share\vm\classfile\systemDictionary.cpp, line 210]

Events (10 events):
Event: 15.374 loading class org/jetbrains/kotlin/compilerRunner/KotlinLogger
Event: 15.374 loading class org/jetbrains/kotlin/compilerRunner/KotlinLogger done
Event: 15.376 loading class org/jetbrains/kotlin/gradle/tasks/CompilerPluginOptions
Event: 15.376 loading class org/jetbrains/kotlin/gradle/tasks/CompilerPluginOptions done
Event: 15.377 loading class org/jetbrains/kotlin/daemon/common/MultiModuleICSettings
Event: 15.377 loading class org/jetbrains/kotlin/daemon/common/MultiModuleICSettings done
Event: 15.379 loading class org/jetbrains/kotlin/gradle/report/BuildReportMode
Event: 15.379 loading class org/jetbrains/kotlin/gradle/report/BuildReportMode done
Event: 15.379 loading class org/jetbrains/kotlin/compilerRunner/GradleCompilerRunner
Event: 15.379 loading class org/jetbrains/kotlin/compilerRunner/GradleCompilerRunner done


Dynamic libraries:
0x00007ff605ca0000 - 0x00007ff605cd1000 	C:\Program Files\Android\Android Studio\jre\bin\java.exe
0x00007fffaa9f0000 - 0x00007fffaabe6000 	C:\WINDOWS\SYSTEM32\ntdll.dll
0x00007fffa95a0000 - 0x00007fffa965d000 	C:\WINDOWS\System32\KERNEL32.DLL
0x00007fffa83a0000 - 0x00007fffa8669000 	C:\WINDOWS\System32\KERNELBASE.dll
0x00007fffa9910000 - 0x00007fffa99bc000 	C:\WINDOWS\System32\ADVAPI32.dll
0x00007fffa8a50000 - 0x00007fffa8aee000 	C:\WINDOWS\System32\msvcrt.dll
0x00007fffa8b70000 - 0x00007fffa8c0c000 	C:\WINDOWS\System32\sechost.dll
0x00007fffa9730000 - 0x00007fffa985b000 	C:\WINDOWS\System32\RPCRT4.dll
0x00007fffaa300000 - 0x00007fffaa4a0000 	C:\WINDOWS\System32\USER32.dll
0x00007fffa89d0000 - 0x00007fffa89f2000 	C:\WINDOWS\System32\win32u.dll
0x00007fffaa1e0000 - 0x00007fffaa20a000 	C:\WINDOWS\System32\GDI32.dll
0x00007fffa8130000 - 0x00007fffa823b000 	C:\WINDOWS\System32\gdi32full.dll
0x00007fffa8670000 - 0x00007fffa870d000 	C:\WINDOWS\System32\msvcp_win.dll
0x00007fffa8790000 - 0x00007fffa8890000 	C:\WINDOWS\System32\ucrtbase.dll
0x00007fff94610000 - 0x00007fff948ab000 	C:\WINDOWS\WinSxS\amd64_microsoft.windows.common-controls_6595b64144ccf1df_6.0.19041.746_none_ca02b4b61b8320a4\COMCTL32.dll
0x00007fffa98e0000 - 0x00007fffa9910000 	C:\WINDOWS\System32\IMM32.DLL
0x00000000697c0000 - 0x0000000069892000 	C:\Program Files\Android\Android Studio\jre\jre\bin\msvcr100.dll
0x00000000698a0000 - 0x000000006a0eb000 	C:\Program Files\Android\Android Studio\jre\jre\bin\server\jvm.dll
0x00007fffaa120000 - 0x00007fffaa128000 	C:\WINDOWS\System32\PSAPI.DLL
0x00007fff93cc0000 - 0x00007fff93ce7000 	C:\WINDOWS\SYSTEM32\WINMM.dll
0x00007fff9f420000 - 0x00007fff9f42a000 	C:\WINDOWS\SYSTEM32\VERSION.dll
0x00007fff8a4c0000 - 0x00007fff8a4c9000 	C:\WINDOWS\SYSTEM32\WSOCK32.dll
0x00007fffa96c0000 - 0x00007fffa972b000 	C:\WINDOWS\System32\WS2_32.dll
0x00007fffa4080000 - 0x00007fffa408f000 	C:\Program Files\Android\Android Studio\jre\jre\bin\verify.dll
0x00007fff93220000 - 0x00007fff93249000 	C:\Program Files\Android\Android Studio\jre\jre\bin\java.dll
0x00007fff93200000 - 0x00007fff93216000 	C:\Program Files\Android\Android Studio\jre\jre\bin\zip.dll
0x00007fffa99c0000 - 0x00007fffaa102000 	C:\WINDOWS\System32\SHELL32.dll
0x00007fffa6280000 - 0x00007fffa6a10000 	C:\WINDOWS\SYSTEM32\windows.storage.dll
0x00007fffaa650000 - 0x00007fffaa9a6000 	C:\WINDOWS\System32\combase.dll
0x00007fffa7b90000 - 0x00007fffa7bbc000 	C:\WINDOWS\SYSTEM32\Wldp.dll
0x00007fffa9410000 - 0x00007fffa94be000 	C:\WINDOWS\System32\SHCORE.dll
0x00007fffaa210000 - 0x00007fffaa265000 	C:\WINDOWS\System32\shlwapi.dll
0x00007fffa8060000 - 0x00007fffa8086000 	C:\WINDOWS\SYSTEM32\profapi.dll
0x00007fff931e0000 - 0x00007fff931fa000 	C:\Program Files\Android\Android Studio\jre\jre\bin\net.dll
0x00007fffa7910000 - 0x00007fffa797a000 	C:\WINDOWS\system32\mswsock.dll
0x00007fff931c0000 - 0x00007fff931d3000 	C:\Program Files\Android\Android Studio\jre\jre\bin\nio.dll
0x00007fff9fb80000 - 0x00007fff9fba6000 	C:\Users\Chiaki Hata\.gradle\native\31\windows-amd64\native-platform.dll
0x00007fff9fad0000 - 0x00007fff9fadd000 	C:\Program Files\Android\Android Studio\jre\jre\bin\management.dll
0x00007fffa7af0000 - 0x00007fffa7b08000 	C:\WINDOWS\SYSTEM32\CRYPTSP.dll
0x00007fffa7240000 - 0x00007fffa7274000 	C:\WINDOWS\system32\rsaenh.dll
0x00007fffa88f0000 - 0x00007fffa8917000 	C:\WINDOWS\System32\bcrypt.dll
0x00007fffa7fe0000 - 0x00007fffa800e000 	C:\WINDOWS\SYSTEM32\USERENV.dll
0x00007fffa8710000 - 0x00007fffa8790000 	C:\WINDOWS\System32\bcryptprimitives.dll
0x00007fffa7ae0000 - 0x00007fffa7aec000 	C:\WINDOWS\SYSTEM32\CRYPTBASE.dll
0x00007fffa75b0000 - 0x00007fffa75eb000 	C:\WINDOWS\SYSTEM32\IPHLPAPI.DLL
0x00007fffaa110000 - 0x00007fffaa118000 	C:\WINDOWS\System32\NSI.dll
0x00007fff9ca70000 - 0x00007fff9ca87000 	C:\WINDOWS\SYSTEM32\dhcpcsvc6.DLL
0x00007fff9c8d0000 - 0x00007fff9c8ed000 	C:\WINDOWS\SYSTEM32\dhcpcsvc.DLL
0x00007fffa75f0000 - 0x00007fffa76bb000 	C:\WINDOWS\SYSTEM32\DNSAPI.dll

VM Arguments:
jvm_args: -Xmx2048m -Dfile.encoding=windows-31j -Duser.country=JP -Duser.language=ja -Duser.variant 
java_command: org.gradle.launcher.daemon.bootstrap.GradleDaemon 6.1.1
java_class_path (initial): C:\Users\Chiaki Hata\.gradle\wrapper\dists\gradle-6.1.1-all\cfmwm155h49vnt3hynmlrsdst\gradle-6.1.1\lib\gradle-launcher-6.1.1.jar
Launcher Type: SUN_STANDARD

Environment Variables:
JAVA_HOME=C:\Program Files\java\jdk1.7.0_80
PATH=C:\WINDOWS\system32;C:\WINDOWS;C:\WINDOWS\System32\Wbem;C:\WINDOWS\System32\WindowsPowerShell\v1.0\;C:\WINDOWS\System32\OpenSSH\;C:\Program Files\java\jdk1.7.0_80\bin;C:\Program Files\Intel\WiFi\bin\;C:\Program Files\Common Files\Intel\WirelessCommon\;C:\Program Files\MariaDB 10.1\bin;C:\Users\Chiaki Hata\AppData\Local\Microsoft\WindowsApps;C:\Users\Chiaki Hata\AppData\Local\Programs\Git\cmd;
USERNAME=Chiaki Hata
OS=Windows_NT
PROCESSOR_IDENTIFIER=Intel64 Family 6 Model 142 Stepping 12, GenuineIntel



---------------  S Y S T E M  ---------------

OS: Windows 10.0 , 64 bit Build 19041 (10.0.19041.804)

CPU:total 4 (initial active 4) (2 cores per cpu, 2 threads per core) family 6 model 142 stepping 12, cmov, cx8, fxsr, mmx, sse, sse2, sse3, ssse3, sse4.1, sse4.2, popcnt, avx, avx2, aes, clmul, erms, 3dnowpref, lzcnt, ht, tsc, tscinvbit, bmi1, bmi2, adx

Memory: 4k page, physical 8164132k(1748960k free), swap 8164132k(3876k free)

vm_info: OpenJDK 64-Bit Server VM (25.242-b01) for windows-amd64 JRE (1.8.0_242-release-1644-b01), built by "builder" with MS VC++ 10.0 (VS2010)

time: Wed Feb 17 16:40:06 2021
timezone:  (W)
elapsed time: 15 seconds (0d 0h 0m 15s)

