#
# There is insufficient memory for the Java Runtime Environment to continue.
# Native memory allocation (malloc) failed to allocate 1326256 bytes for Chunk::new
# Possible reasons:
#   The system is out of physical RAM or swap space
#   The process is running with CompressedOops enabled, and the Java Heap may be blocking the growth of the native heap
# Possible solutions:
#   Reduce memory load on the system
#   Increase physical memory or swap space
#   Check if swap backing store is full
#   Decrease Java heap size (-Xmx/-Xms)
#   Decrease number of Java threads
#   Decrease Java thread stack sizes (-Xss)
#   Set larger code cache with -XX:ReservedCodeCacheSize=
#   JVM is running with Unscaled Compressed Oops mode in which the Java heap is
#     placed in the first 4GB address space. The Java Heap base address is the
#     maximum limit for the native heap growth. Please use -XX:HeapBaseMinAddress
#     to set the Java Heap base and to place the Java Heap above 4GB virtual address.
# This output file may be truncated or incomplete.
#
#  Out of Memory Error (allocation.cpp:389), pid=7100, tid=0x0000000000000e98
#
# JRE version: OpenJDK Runtime Environment (8.0_242-b01) (build 1.8.0_242-release-1644-b01)
# Java VM: OpenJDK 64-Bit Server VM (25.242-b01 mixed mode windows-amd64 compressed oops)
# Failed to write core dump. Minidumps are not enabled by default on client versions of Windows
#

---------------  T H R E A D  ---------------

Current thread (0x000000001750d000):  JavaThread "C2 CompilerThread0" daemon [_thread_in_native, id=3736, stack(0x0000000018a00000,0x0000000018b00000)]

Stack: [0x0000000018a00000,0x0000000018b00000]
[error occurred during error reporting (printing stack bounds), id 0xc0000005]

Native frames: (J=compiled Java code, j=interpreted, Vv=VM code, C=native code)


Current CompileTask:
C2:   9770 4836       4       java.lang.Class::privateGetMethodRecursive (130 bytes)


---------------  P R O C E S S  ---------------

Java Threads: ( => current thread )
  0x000000001aef4000 JavaThread "Cache worker for Build Output Cleanup Cache (C:\work2\TaskApp\.gradle\buildOutputCleanup)" [_thread_blocked, id=2820, stack(0x0000000021f60000,0x0000000022060000)]
  0x000000001aeec800 JavaThread "pool-1-thread-1" [_thread_blocked, id=2388, stack(0x0000000021e60000,0x0000000021f60000)]
  0x000000001aef2800 JavaThread "Build operations Thread 4" [_thread_blocked, id=8640, stack(0x00000000216a0000,0x00000000217a0000)]
  0x000000001aef0800 JavaThread "Build operations Thread 3" [_thread_blocked, id=7744, stack(0x00000000215a0000,0x00000000216a0000)]
  0x000000001aeef000 JavaThread "Build operations Thread 2" [_thread_blocked, id=1844, stack(0x00000000214a0000,0x00000000215a0000)]
  0x000000001aeed800 JavaThread "Build operations" [_thread_blocked, id=7112, stack(0x000000001f820000,0x000000001f920000)]
  0x0000000018b0d000 JavaThread "Cache worker for execution history cache (C:\Users\Chiaki Hata\.gradle\caches\6.1.1\executionHistory)" [_thread_blocked, id=11040, stack(0x000000001f720000,0x000000001f820000)]
  0x0000000018b0c000 JavaThread "Cache worker for cache directory md-rule (C:\Users\Chiaki Hata\.gradle\caches\6.1.1\md-rule)" [_thread_blocked, id=3116, stack(0x000000001f620000,0x000000001f720000)]
  0x0000000018b10000 JavaThread "Cache worker for cache directory md-supplier (C:\Users\Chiaki Hata\.gradle\caches\6.1.1\md-supplier)" [_thread_blocked, id=8092, stack(0x000000001f520000,0x000000001f620000)]
  0x0000000018b0a000 JavaThread "Cache worker for file hash cache (C:\work2\TaskApp\.gradle\6.1.1\fileHashes)" [_thread_blocked, id=2220, stack(0x000000001f020000,0x000000001f120000)]
  0x0000000018b0b800 JavaThread "Cache worker for checksums cache (C:\work2\TaskApp\.gradle\checksums)" [_thread_blocked, id=1360, stack(0x00000000209a0000,0x0000000020aa0000)]
  0x0000000018b0a800 JavaThread "Cache worker for file hash cache (C:\Users\Chiaki Hata\.gradle\caches\6.1.1\fileHashes)" [_thread_blocked, id=12100, stack(0x000000001cd80000,0x000000001ce80000)]
  0x0000000018b0f000 JavaThread "File lock request listener" [_thread_in_native, id=4292, stack(0x000000001cc80000,0x000000001cd80000)]
  0x000000001b00a800 JavaThread "Cache worker for journal cache (C:\Users\Chiaki Hata\.gradle\caches\journal-1)" [_thread_blocked, id=5016, stack(0x000000001cb80000,0x000000001cc80000)]
  0x0000000019d1a000 JavaThread "Thread-9" [_thread_blocked, id=11504, stack(0x000000001c880000,0x000000001c980000)]
  0x0000000019a74000 JavaThread "Stdin handler" [_thread_blocked, id=7488, stack(0x000000001c780000,0x000000001c880000)]
  0x0000000019a73000 JavaThread "Asynchronous log dispatcher for DefaultDaemonConnection: socket connection from /127.0.0.1:59123 to /127.0.0.1:59124" [_thread_blocked, id=1704, stack(0x000000001c680000,0x000000001c780000)]
  0x0000000019a6d000 JavaThread "Daemon worker" [_thread_in_vm, id=6408, stack(0x000000001c580000,0x000000001c680000)]
  0x0000000019560800 JavaThread "Cancel handler" [_thread_blocked, id=2680, stack(0x000000001c480000,0x000000001c580000)]
  0x000000001955e000 JavaThread "Daemon periodic checks" [_thread_blocked, id=8764, stack(0x000000001c380000,0x000000001c480000)]
  0x000000001955d000 JavaThread "Handler for socket connection from /127.0.0.1:59123 to /127.0.0.1:59124" [_thread_in_native, id=11328, stack(0x000000001c080000,0x000000001c180000)]
  0x000000001ac71800 JavaThread "Daemon" [_thread_blocked, id=9860, stack(0x000000001bf80000,0x000000001c080000)]
  0x000000001acb1000 JavaThread "Incoming local TCP Connector on port 59123" [_thread_in_native, id=3484, stack(0x000000001bda0000,0x000000001bea0000)]
  0x000000001aa9d000 JavaThread "Daemon health stats" [_thread_blocked, id=6188, stack(0x000000001bca0000,0x000000001bda0000)]
  0x0000000018b8b800 JavaThread "Service Thread" daemon [_thread_blocked, id=1228, stack(0x0000000019100000,0x0000000019200000)]
  0x0000000018b09000 JavaThread "C1 CompilerThread2" daemon [_thread_blocked, id=12204, stack(0x0000000019000000,0x0000000019100000)]
  0x00000000174c1000 JavaThread "C2 CompilerThread1" daemon [_thread_in_native, id=6656, stack(0x0000000018f00000,0x0000000019000000)]
=>0x000000001750d000 JavaThread "C2 CompilerThread0" daemon [_thread_in_native, id=3736, stack(0x0000000018a00000,0x0000000018b00000)]
  0x00000000174b9800 JavaThread "Attach Listener" daemon [_thread_blocked, id=11276, stack(0x0000000018900000,0x0000000018a00000)]
  0x00000000174a6800 JavaThread "Signal Dispatcher" daemon [_thread_blocked, id=7064, stack(0x0000000018800000,0x0000000018900000)]
  0x000000000288b000 JavaThread "Finalizer" daemon [_thread_blocked, id=11808, stack(0x0000000018700000,0x0000000018800000)]
  0x0000000017499000 JavaThread "Reference Handler" daemon [_thread_blocked, id=12148, stack(0x0000000018600000,0x0000000018700000)]
  0x000000000056e000 JavaThread "main" [_thread_blocked, id=5704, stack(0x0000000002690000,0x0000000002790000)]

Other Threads:
  0x0000000017476000 VMThread [stack: 0x0000000018500000,0x0000000018600000] [id=2008]
  0x0000000018b8d800 WatcherThread [stack: 0x0000000019200000,0x0000000019300000] [id=1044]

VM state:not at safepoint (normal execution)

VM Mutex/Monitor currently owned by a thread: None

heap address: 0x0000000080000000, size: 2048 MB, Compressed Oops mode: 32-bit
Narrow klass base: 0x0000000000000000, Narrow klass shift: 3
Compressed class space size: 1073741824 Address: 0x0000000100000000

Heap:
 PSYoungGen      total 178176K, used 123601K [0x00000000d5580000, 0x00000000e1880000, 0x0000000100000000)
  eden space 165376K, 67% used [0x00000000d5580000,0x00000000dc1b8168,0x00000000df700000)
  from space 12800K, 99% used [0x00000000e0700000,0x00000000e137c310,0x00000000e1380000)
  to   space 16384K, 0% used [0x00000000df700000,0x00000000df700000,0x00000000e0700000)
 ParOldGen       total 77824K, used 22865K [0x0000000080000000, 0x0000000084c00000, 0x00000000d5580000)
  object space 77824K, 29% used [0x0000000080000000,0x0000000081654618,0x0000000084c00000)
 Metaspace       used 51728K, capacity 53462K, committed 53592K, reserved 1095680K
  class space    used 6872K, capacity 7277K, committed 7296K, reserved 1048576K

Card table byte_map: [0x0000000011c50000,0x0000000012060000] byte_map_base: 0x0000000011850000

Marking Bits: (ParMarkBitMap*) 0x0000000061a6f030
 Begin Bits: [0x0000000012710000, 0x0000000014710000)
 End Bits:   [0x0000000014710000, 0x0000000016710000)

Polling page: 0x0000000000500000

CodeCache: size=245760Kb used=15274Kb max_used=15274Kb free=230485Kb
 bounds [0x0000000002890000, 0x0000000003790000, 0x0000000011890000]
 total_blobs=5235 nmethods=4466 adapters=681
 compilation: enabled

Compilation events (10 events):
Event: 9.738 Thread 0x0000000018b09000 4857       1       java.beans.GenericBeanInfo::getEventSetDescriptors (5 bytes)
Event: 9.739 Thread 0x0000000018b09000 nmethod 4857 0x0000000003784090 code [0x00000000037841e0, 0x00000000037842f0]
Event: 9.739 Thread 0x0000000018b09000 4858       1       java.beans.GenericBeanInfo::getPropertyDescriptors (5 bytes)
Event: 9.739 Thread 0x0000000018b09000 nmethod 4858 0x0000000003784350 code [0x00000000037844a0, 0x00000000037845b0]
Event: 9.744 Thread 0x0000000018b09000 4859       3       org.codehaus.groovy.runtime.metaclass.MetaMethodIndex$Header::<init> (26 bytes)
Event: 9.744 Thread 0x0000000018b09000 nmethod 4859 0x0000000003784610 code [0x0000000003784780, 0x0000000003784a28]
Event: 9.757 Thread 0x0000000018b09000 4860       3       java.util.LinkedList$ListItr::set (28 bytes)
Event: 9.757 Thread 0x0000000018b09000 nmethod 4860 0x0000000003784b50 code [0x0000000003784ce0, 0x0000000003785138]
Event: 9.768 Thread 0x0000000018b09000 4862       3       java.util.LinkedList::addFirst (6 bytes)
Event: 9.768 Thread 0x0000000018b09000 nmethod 4862 0x0000000003785350 code [0x00000000037854c0, 0x0000000003785648]

GC Heap History (10 events):
Event: 3.911 GC heap before
{Heap before GC invocations=8 (full 1):
 PSYoungGen      total 75776K, used 4149K [0x00000000d5580000, 0x00000000de980000, 0x0000000100000000)
  eden space 64512K, 0% used [0x00000000d5580000,0x00000000d5580000,0x00000000d9480000)
  from space 11264K, 36% used [0x00000000d9480000,0x00000000d988d488,0x00000000d9f80000)
  to   space 11264K, 0% used [0x00000000dde80000,0x00000000dde80000,0x00000000de980000)
 ParOldGen       total 86016K, used 9021K [0x0000000080000000, 0x0000000085400000, 0x00000000d5580000)
  object space 86016K, 10% used [0x0000000080000000,0x00000000808cf580,0x0000000085400000)
 Metaspace       used 20593K, capacity 21208K, committed 21248K, reserved 1067008K
  class space    used 2872K, capacity 3056K, committed 3072K, reserved 1048576K
Event: 3.963 GC heap after
Heap after GC invocations=8 (full 1):
 PSYoungGen      total 75776K, used 0K [0x00000000d5580000, 0x00000000de980000, 0x0000000100000000)
  eden space 64512K, 0% used [0x00000000d5580000,0x00000000d5580000,0x00000000d9480000)
  from space 11264K, 0% used [0x00000000d9480000,0x00000000d9480000,0x00000000d9f80000)
  to   space 11264K, 0% used [0x00000000dde80000,0x00000000dde80000,0x00000000de980000)
 ParOldGen       total 50176K, used 7195K [0x0000000080000000, 0x0000000083100000, 0x00000000d5580000)
  object space 50176K, 14% used [0x0000000080000000,0x0000000080706e40,0x0000000083100000)
 Metaspace       used 20593K, capacity 21208K, committed 21248K, reserved 1067008K
  class space    used 2872K, capacity 3056K, committed 3072K, reserved 1048576K
}
Event: 4.944 GC heap before
{Heap before GC invocations=9 (full 1):
 PSYoungGen      total 75776K, used 64512K [0x00000000d5580000, 0x00000000de980000, 0x0000000100000000)
  eden space 64512K, 100% used [0x00000000d5580000,0x00000000d9480000,0x00000000d9480000)
  from space 11264K, 0% used [0x00000000d9480000,0x00000000d9480000,0x00000000d9f80000)
  to   space 11264K, 0% used [0x00000000dde80000,0x00000000dde80000,0x00000000de980000)
 ParOldGen       total 50176K, used 7195K [0x0000000080000000, 0x0000000083100000, 0x00000000d5580000)
  object space 50176K, 14% used [0x0000000080000000,0x0000000080706e40,0x0000000083100000)
 Metaspace       used 28261K, capacity 28992K, committed 29312K, reserved 1075200K
  class space    used 3898K, capacity 4131K, committed 4224K, reserved 1048576K
Event: 4.958 GC heap after
Heap after GC invocations=9 (full 1):
 PSYoungGen      total 123904K, used 7936K [0x00000000d5580000, 0x00000000de680000, 0x0000000100000000)
  eden space 115712K, 0% used [0x00000000d5580000,0x00000000d5580000,0x00000000dc680000)
  from space 8192K, 96% used [0x00000000dde80000,0x00000000de6402c8,0x00000000de680000)
  to   space 11264K, 0% used [0x00000000dd080000,0x00000000dd080000,0x00000000ddb80000)
 ParOldGen       total 50176K, used 7203K [0x0000000080000000, 0x0000000083100000, 0x00000000d5580000)
  object space 50176K, 14% used [0x0000000080000000,0x0000000080708e40,0x0000000083100000)
 Metaspace       used 28261K, capacity 28992K, committed 29312K, reserved 1075200K
  class space    used 3898K, capacity 4131K, committed 4224K, reserved 1048576K
}
Event: 6.028 GC heap before
{Heap before GC invocations=10 (full 1):
 PSYoungGen      total 123904K, used 123403K [0x00000000d5580000, 0x00000000de680000, 0x0000000100000000)
  eden space 115712K, 99% used [0x00000000d5580000,0x00000000dc642b60,0x00000000dc680000)
  from space 8192K, 96% used [0x00000000dde80000,0x00000000de6402c8,0x00000000de680000)
  to   space 11264K, 0% used [0x00000000dd080000,0x00000000dd080000,0x00000000ddb80000)
 ParOldGen       total 50176K, used 7203K [0x0000000080000000, 0x0000000083100000, 0x00000000d5580000)
  object space 50176K, 14% used [0x0000000080000000,0x0000000080708e40,0x0000000083100000)
 Metaspace       used 34393K, capacity 35322K, committed 35416K, reserved 1079296K
  class space    used 4712K, capacity 4970K, committed 4992K, reserved 1048576K
Event: 6.049 GC heap after
Heap after GC invocations=10 (full 1):
 PSYoungGen      total 137216K, used 11259K [0x00000000d5580000, 0x00000000e1380000, 0x0000000100000000)
  eden space 125952K, 0% used [0x00000000d5580000,0x00000000d5580000,0x00000000dd080000)
  from space 11264K, 99% used [0x00000000dd080000,0x00000000ddb7ef38,0x00000000ddb80000)
  to   space 12800K, 0% used [0x00000000e0700000,0x00000000e0700000,0x00000000e1380000)
 ParOldGen       total 50176K, used 7902K [0x0000000080000000, 0x0000000083100000, 0x00000000d5580000)
  object space 50176K, 15% used [0x0000000080000000,0x00000000807b7830,0x0000000083100000)
 Metaspace       used 34393K, capacity 35322K, committed 35416K, reserved 1079296K
  class space    used 4712K, capacity 4970K, committed 4992K, reserved 1048576K
}
Event: 6.049 GC heap before
{Heap before GC invocations=11 (full 2):
 PSYoungGen      total 137216K, used 11259K [0x00000000d5580000, 0x00000000e1380000, 0x0000000100000000)
  eden space 125952K, 0% used [0x00000000d5580000,0x00000000d5580000,0x00000000dd080000)
  from space 11264K, 99% used [0x00000000dd080000,0x00000000ddb7ef38,0x00000000ddb80000)
  to   space 12800K, 0% used [0x00000000e0700000,0x00000000e0700000,0x00000000e1380000)
 ParOldGen       total 50176K, used 7902K [0x0000000080000000, 0x0000000083100000, 0x00000000d5580000)
  object space 50176K, 15% used [0x0000000080000000,0x00000000807b7830,0x0000000083100000)
 Metaspace       used 34393K, capacity 35322K, committed 35416K, reserved 1079296K
  class space    used 4712K, capacity 4970K, committed 4992K, reserved 1048576K
Event: 6.147 GC heap after
Heap after GC invocations=11 (full 2):
 PSYoungGen      total 137216K, used 0K [0x00000000d5580000, 0x00000000e1380000, 0x0000000100000000)
  eden space 125952K, 0% used [0x00000000d5580000,0x00000000d5580000,0x00000000dd080000)
  from space 11264K, 0% used [0x00000000dd080000,0x00000000dd080000,0x00000000ddb80000)
  to   space 12800K, 0% used [0x00000000e0700000,0x00000000e0700000,0x00000000e1380000)
 ParOldGen       total 77824K, used 18656K [0x0000000080000000, 0x0000000084c00000, 0x00000000d5580000)
  object space 77824K, 23% used [0x0000000080000000,0x0000000081238248,0x0000000084c00000)
 Metaspace       used 34393K, capacity 35322K, committed 35416K, reserved 1079296K
  class space    used 4712K, capacity 4970K, committed 4992K, reserved 1048576K
}
Event: 7.978 GC heap before
{Heap before GC invocations=12 (full 2):
 PSYoungGen      total 137216K, used 125952K [0x00000000d5580000, 0x00000000e1380000, 0x0000000100000000)
  eden space 125952K, 100% used [0x00000000d5580000,0x00000000dd080000,0x00000000dd080000)
  from space 11264K, 0% used [0x00000000dd080000,0x00000000dd080000,0x00000000ddb80000)
  to   space 12800K, 0% used [0x00000000e0700000,0x00000000e0700000,0x00000000e1380000)
 ParOldGen       total 77824K, used 18656K [0x0000000080000000, 0x0000000084c00000, 0x00000000d5580000)
  object space 77824K, 23% used [0x0000000080000000,0x0000000081238248,0x0000000084c00000)
 Metaspace       used 44511K, capacity 46072K, committed 46296K, reserved 1089536K
  class space    used 6008K, capacity 6354K, committed 6400K, reserved 1048576K
Event: 7.998 GC heap after
Heap after GC invocations=12 (full 2):
 PSYoungGen      total 178176K, used 12784K [0x00000000d5580000, 0x00000000e1880000, 0x0000000100000000)
  eden space 165376K, 0% used [0x00000000d5580000,0x00000000d5580000,0x00000000df700000)
  from space 12800K, 99% used [0x00000000e0700000,0x00000000e137c310,0x00000000e1380000)
  to   space 16384K, 0% used [0x00000000df700000,0x00000000df700000,0x00000000e0700000)
 ParOldGen       total 77824K, used 22865K [0x0000000080000000, 0x0000000084c00000, 0x00000000d5580000)
  object space 77824K, 29% used [0x0000000080000000,0x0000000081654618,0x0000000084c00000)
 Metaspace       used 44511K, capacity 46072K, committed 46296K, reserved 1089536K
  class space    used 6008K, capacity 6354K, committed 6400K, reserved 1048576K
}

Deoptimization events (10 events):
Event: 9.030 Thread 0x0000000019a6d000 Uncommon trap: reason=bimorphic action=maybe_recompile pc=0x0000000002fc2d28 method=java.util.Hashtable.get(Ljava/lang/Object;)Ljava/lang/Object; @ 6
Event: 9.111 Thread 0x0000000019a6d000 Uncommon trap: reason=unstable_if action=reinterpret pc=0x0000000002a6849c method=java.lang.String.replace(CC)Ljava/lang/String; @ 2
Event: 9.119 Thread 0x0000000019a6d000 Uncommon trap: reason=bimorphic action=maybe_recompile pc=0x00000000034e78b8 method=org.codehaus.groovy.runtime.metaclass.MetaMethodIndex.addMethodToList(Ljava/lang/Object;Lgroovy/lang/MetaMethod;)Ljava/lang/Object; @ 96
Event: 9.119 Thread 0x0000000019a6d000 Uncommon trap: reason=unstable_if action=reinterpret pc=0x00000000034e77fc method=org.codehaus.groovy.runtime.metaclass.MetaMethodIndex.isNonRealMethod(Lgroovy/lang/MetaMethod;)Z @ 4
Event: 9.122 Thread 0x0000000019a6d000 Uncommon trap: reason=unstable_if action=reinterpret pc=0x00000000035b034c method=groovy.lang.MetaClassImpl$1MOPIter.methodNameAction(Ljava/lang/Class;Lorg/codehaus/groovy/runtime/metaclass/MetaMethodIndex$Entry;)V @ 182
Event: 9.240 Thread 0x0000000019a6d000 Uncommon trap: reason=unstable_if action=reinterpret pc=0x0000000002c991a4 method=java.lang.String.lastIndexOf([CII[CIII)I @ 17
Event: 9.240 Thread 0x0000000019a6d000 Uncommon trap: reason=unstable_if action=reinterpret pc=0x0000000002dd7fc8 method=sun.net.www.protocol.jar.Handler.parseURL(Ljava/net/URL;Ljava/lang/String;II)V @ 116
Event: 9.255 Thread 0x0000000019a6d000 Uncommon trap: reason=unstable_if action=reinterpret pc=0x00000000035d44bc method=java.util.concurrent.ConcurrentHashMap.putVal(Ljava/lang/Object;Ljava/lang/Object;Z)Ljava/lang/Object; @ 195
Event: 9.467 Thread 0x0000000019a6d000 Uncommon trap: reason=class_check action=maybe_recompile pc=0x000000000302df68 method=java.util.WeakHashMap.eq(Ljava/lang/Object;Ljava/lang/Object;)Z @ 7
Event: 9.472 Thread 0x0000000019a6d000 Uncommon trap: reason=class_check action=maybe_recompile pc=0x000000000302df68 method=java.util.WeakHashMap.eq(Ljava/lang/Object;Ljava/lang/Object;)Z @ 7

Classes redefined (0 events):
No events

Internal exceptions (10 events):
Event: 9.753 Thread 0x0000000019a6d000 Exception <a 'java/lang/ClassNotFoundException': org/gradle/api/internal/FactoryNamedDomainObjectContainer_DecoratedBeanInfo> (0x00000000dbdc0840) thrown at [C:\src\AOSP-openjdk-git\hotspot\src\share\vm\classfile\systemDictionary.cpp, line 210]
Event: 9.753 Thread 0x0000000019a6d000 Exception <a 'java/lang/ClassNotFoundException': org/gradle/api/internal/FactoryNamedDomainObjectContainerBeanInfo> (0x00000000dbe06198) thrown at [C:\src\AOSP-openjdk-git\hotspot\src\share\vm\classfile\systemDictionary.cpp, line 210]
Event: 9.754 Thread 0x0000000019a6d000 Exception <a 'java/lang/ClassNotFoundException': org/gradle/api/internal/FactoryNamedDomainObjectContainerCustomizer> (0x00000000dbe4e780) thrown at [C:\src\AOSP-openjdk-git\hotspot\src\share\vm\classfile\systemDictionary.cpp, line 210]
Event: 9.756 Thread 0x0000000019a6d000 Exception <a 'java/lang/ClassNotFoundException': org/gradle/api/internal/FactoryNamedDomainObjectContainer_DecoratedCustomizer> (0x00000000dbea8950) thrown at [C:\src\AOSP-openjdk-git\hotspot\src\share\vm\classfile\systemDictionary.cpp, line 210]
Event: 9.761 Thread 0x0000000019a6d000 Exception <a 'java/lang/ClassNotFoundException': com/android/build/gradle/internal/dsl/BuildType_DecoratedBeanInfo> (0x00000000dbf84ae8) thrown at [C:\src\AOSP-openjdk-git\hotspot\src\share\vm\classfile\systemDictionary.cpp, line 210]
Event: 9.761 Thread 0x0000000019a6d000 Exception <a 'java/lang/ClassNotFoundException': com/android/build/gradle/internal/dsl/BuildTypeBeanInfo> (0x00000000dbfa4f70) thrown at [C:\src\AOSP-openjdk-git\hotspot\src\share\vm\classfile\systemDictionary.cpp, line 210]
Event: 9.762 Thread 0x0000000019a6d000 Exception <a 'java/lang/ClassNotFoundException': com/android/builder/core/AbstractBuildTypeBeanInfo> (0x00000000dbfc2fb0) thrown at [C:\src\AOSP-openjdk-git\hotspot\src\share\vm\classfile\systemDictionary.cpp, line 210]
Event: 9.762 Thread 0x0000000019a6d000 Exception <a 'java/lang/ClassNotFoundException': com/android/builder/core/AbstractBuildTypeCustomizer> (0x00000000dbfe24f0) thrown at [C:\src\AOSP-openjdk-git\hotspot\src\share\vm\classfile\systemDictionary.cpp, line 210]
Event: 9.763 Thread 0x0000000019a6d000 Exception <a 'java/lang/ClassNotFoundException': com/android/build/gradle/internal/dsl/BuildTypeCustomizer> (0x00000000dc01d3d8) thrown at [C:\src\AOSP-openjdk-git\hotspot\src\share\vm\classfile\systemDictionary.cpp, line 210]
Event: 9.766 Thread 0x0000000019a6d000 Exception <a 'java/lang/ClassNotFoundException': com/android/build/gradle/internal/dsl/BuildType_DecoratedCustomizer> (0x00000000dc086f10) thrown at [C:\src\AOSP-openjdk-git\hotspot\src\share\vm\classfile\systemDictionary.cpp, line 210]

Events (10 events):
Event: 9.762 loading class com/android/builder/core/AbstractBuildTypeCustomizer
Event: 9.762 loading class com/android/builder/core/AbstractBuildTypeCustomizer done
Event: 9.763 loading class com/android/build/gradle/internal/dsl/BuildTypeCustomizer
Event: 9.763 loading class com/android/build/gradle/internal/dsl/BuildTypeCustomizer done
Event: 9.763 loading class com/android/build/gradle/internal/dsl/BuildTypeCustomizer
Event: 9.763 loading class com/android/build/gradle/internal/dsl/BuildTypeCustomizer done
Event: 9.766 loading class com/android/build/gradle/internal/dsl/BuildType_DecoratedCustomizer
Event: 9.766 loading class com/android/build/gradle/internal/dsl/BuildType_DecoratedCustomizer done
Event: 9.766 loading class com/android/build/gradle/internal/dsl/BuildType_DecoratedCustomizer
Event: 9.766 loading class com/android/build/gradle/internal/dsl/BuildType_DecoratedCustomizer done


Dynamic libraries:
0x00007ff7aa590000 - 0x00007ff7aa5c1000 	C:\Program Files\Android\Android Studio\jre\bin\java.exe
0x00007ffd52cd0000 - 0x00007ffd52ec6000 	C:\WINDOWS\SYSTEM32\ntdll.dll
0x00007ffd51c40000 - 0x00007ffd51cfd000 	C:\WINDOWS\System32\KERNEL32.DLL
0x00007ffd50460000 - 0x00007ffd50729000 	C:\WINDOWS\System32\KERNELBASE.dll
0x00007ffd50d30000 - 0x00007ffd50ddc000 	C:\WINDOWS\System32\ADVAPI32.dll
0x00007ffd51680000 - 0x00007ffd5171e000 	C:\WINDOWS\System32\msvcrt.dll
0x00007ffd52660000 - 0x00007ffd526fc000 	C:\WINDOWS\System32\sechost.dll
0x00007ffd51820000 - 0x00007ffd5194b000 	C:\WINDOWS\System32\RPCRT4.dll
0x00007ffd51de0000 - 0x00007ffd51f80000 	C:\WINDOWS\System32\USER32.dll
0x00007ffd509c0000 - 0x00007ffd509e2000 	C:\WINDOWS\System32\win32u.dll
0x00007ffd50de0000 - 0x00007ffd50e0a000 	C:\WINDOWS\System32\GDI32.dll
0x00007ffd507d0000 - 0x00007ffd508db000 	C:\WINDOWS\System32\gdi32full.dll
0x00007ffd50730000 - 0x00007ffd507cd000 	C:\WINDOWS\System32\msvcp_win.dll
0x00007ffd50a50000 - 0x00007ffd50b50000 	C:\WINDOWS\System32\ucrtbase.dll
0x00007ffd3c5d0000 - 0x00007ffd3c86b000 	C:\WINDOWS\WinSxS\amd64_microsoft.windows.common-controls_6595b64144ccf1df_6.0.19041.746_none_ca02b4b61b8320a4\COMCTL32.dll
0x00007ffd520b0000 - 0x00007ffd520e0000 	C:\WINDOWS\System32\IMM32.DLL
0x00000000611c0000 - 0x0000000061292000 	C:\Program Files\Android\Android Studio\jre\jre\bin\msvcr100.dll
0x00000000612a0000 - 0x0000000061aeb000 	C:\Program Files\Android\Android Studio\jre\jre\bin\server\jvm.dll
0x00007ffd51730000 - 0x00007ffd51738000 	C:\WINDOWS\System32\PSAPI.DLL
0x00007ffd2e680000 - 0x00007ffd2e689000 	C:\WINDOWS\SYSTEM32\WSOCK32.dll
0x00007ffd51610000 - 0x00007ffd5167b000 	C:\WINDOWS\System32\WS2_32.dll
0x00007ffd3b980000 - 0x00007ffd3b9a7000 	C:\WINDOWS\SYSTEM32\WINMM.dll
0x00007ffd475b0000 - 0x00007ffd475ba000 	C:\WINDOWS\SYSTEM32\VERSION.dll
0x00007ffd25d50000 - 0x00007ffd25d5f000 	C:\Program Files\Android\Android Studio\jre\jre\bin\verify.dll
0x00007ffd1dcf0000 - 0x00007ffd1dd19000 	C:\Program Files\Android\Android Studio\jre\jre\bin\java.dll
0x00007ffd25d30000 - 0x00007ffd25d46000 	C:\Program Files\Android\Android Studio\jre\jre\bin\zip.dll
0x00007ffd50ec0000 - 0x00007ffd51602000 	C:\WINDOWS\System32\SHELL32.dll
0x00007ffd4e560000 - 0x00007ffd4ecf0000 	C:\WINDOWS\SYSTEM32\windows.storage.dll
0x00007ffd52930000 - 0x00007ffd52c86000 	C:\WINDOWS\System32\combase.dll
0x00007ffd4fe70000 - 0x00007ffd4fe9c000 	C:\WINDOWS\SYSTEM32\Wldp.dll
0x00007ffd50e10000 - 0x00007ffd50ebe000 	C:\WINDOWS\System32\SHCORE.dll
0x00007ffd51d00000 - 0x00007ffd51d55000 	C:\WINDOWS\System32\shlwapi.dll
0x00007ffd50340000 - 0x00007ffd50366000 	C:\WINDOWS\SYSTEM32\profapi.dll
0x00007ffd23070000 - 0x00007ffd2308a000 	C:\Program Files\Android\Android Studio\jre\jre\bin\net.dll
0x00007ffd4fbf0000 - 0x00007ffd4fc5a000 	C:\WINDOWS\system32\mswsock.dll
0x00007ffd0b760000 - 0x00007ffd0b773000 	C:\Program Files\Android\Android Studio\jre\jre\bin\nio.dll
0x00007ffd49f60000 - 0x00007ffd49f86000 	C:\Users\Chiaki Hata\.gradle\native\31\windows-amd64\native-platform.dll
0x00007ffd12fd0000 - 0x00007ffd12fdd000 	C:\Program Files\Android\Android Studio\jre\jre\bin\management.dll
0x00007ffd4fdd0000 - 0x00007ffd4fde8000 	C:\WINDOWS\SYSTEM32\CRYPTSP.dll
0x00007ffd4f520000 - 0x00007ffd4f554000 	C:\WINDOWS\system32\rsaenh.dll
0x00007ffd508e0000 - 0x00007ffd50907000 	C:\WINDOWS\System32\bcrypt.dll
0x00007ffd50300000 - 0x00007ffd5032e000 	C:\WINDOWS\SYSTEM32\USERENV.dll
0x00007ffd50cb0000 - 0x00007ffd50d30000 	C:\WINDOWS\System32\bcryptprimitives.dll
0x00007ffd4fdc0000 - 0x00007ffd4fdcc000 	C:\WINDOWS\SYSTEM32\CRYPTBASE.dll
0x00007ffd4f890000 - 0x00007ffd4f8cb000 	C:\WINDOWS\SYSTEM32\IPHLPAPI.DLL
0x00007ffd51720000 - 0x00007ffd51728000 	C:\WINDOWS\System32\NSI.dll
0x00007ffd46350000 - 0x00007ffd46367000 	C:\WINDOWS\SYSTEM32\dhcpcsvc6.DLL
0x00007ffd47540000 - 0x00007ffd4755d000 	C:\WINDOWS\SYSTEM32\dhcpcsvc.DLL
0x00007ffd4f8d0000 - 0x00007ffd4f99b000 	C:\WINDOWS\SYSTEM32\DNSAPI.dll

VM Arguments:
jvm_args: -Xmx2048m -Dfile.encoding=windows-31j -Duser.country=JP -Duser.language=ja -Duser.variant 
java_command: org.gradle.launcher.daemon.bootstrap.GradleDaemon 6.1.1
java_class_path (initial): C:\Users\Chiaki Hata\.gradle\wrapper\dists\gradle-6.1.1-all\cfmwm155h49vnt3hynmlrsdst\gradle-6.1.1\lib\gradle-launcher-6.1.1.jar
Launcher Type: SUN_STANDARD

Environment Variables:
JAVA_HOME=C:\Program Files\java\jdk1.7.0_80
PATH=C:\WINDOWS\system32;C:\WINDOWS;C:\WINDOWS\System32\Wbem;C:\WINDOWS\System32\WindowsPowerShell\v1.0\;C:\WINDOWS\System32\OpenSSH\;C:\Program Files\java\jdk1.7.0_80\bin;C:\Program Files\Intel\WiFi\bin\;C:\Program Files\Common Files\Intel\WirelessCommon\;C:\Program Files\MariaDB 10.1\bin;C:\Users\Chiaki Hata\AppData\Local\Microsoft\WindowsApps;C:\Users\Chiaki Hata\AppData\Local\Programs\Git\cmd;
USERNAME=Chiaki Hata
OS=Windows_NT
PROCESSOR_IDENTIFIER=Intel64 Family 6 Model 142 Stepping 12, GenuineIntel



---------------  S Y S T E M  ---------------

OS: Windows 10.0 , 64 bit Build 19041 (10.0.19041.804)

CPU:total 4 (initial active 4) (2 cores per cpu, 2 threads per core) family 6 model 142 stepping 12, cmov, cx8, fxsr, mmx, sse, sse2, sse3, ssse3, sse4.1, sse4.2, popcnt, avx, avx2, aes, clmul, erms, 3dnowpref, lzcnt, ht, tsc, tscinvbit, bmi1, bmi2, adx

Memory: 4k page, physical 8164132k(1766636k free), swap 8164132k(6364k free)

vm_info: OpenJDK 64-Bit Server VM (25.242-b01) for windows-amd64 JRE (1.8.0_242-release-1644-b01), built by "builder" with MS VC++ 10.0 (VS2010)

time: Thu Feb 18 09:51:32 2021
timezone: ìåãû (ïWèÄéû)
elapsed time: 9 seconds (0d 0h 0m 9s)

