#
# There is insufficient memory for the Java Runtime Environment to continue.
# Native memory allocation (malloc) failed to allocate 1569456 bytes for Chunk::new
# Possible reasons:
#   The system is out of physical RAM or swap space
#   The process is running with CompressedOops enabled, and the Java Heap may be blocking the growth of the native heap
# Possible solutions:
#   Reduce memory load on the system
#   Increase physical memory or swap space
#   Check if swap backing store is full
#   Decrease Java heap size (-Xmx/-Xms)
#   Decrease number of Java threads
#   Decrease Java thread stack sizes (-Xss)
#   Set larger code cache with -XX:ReservedCodeCacheSize=
#   JVM is running with Unscaled Compressed Oops mode in which the Java heap is
#     placed in the first 4GB address space. The Java Heap base address is the
#     maximum limit for the native heap growth. Please use -XX:HeapBaseMinAddress
#     to set the Java Heap base and to place the Java Heap above 4GB virtual address.
# This output file may be truncated or incomplete.
#
#  Out of Memory Error (allocation.cpp:389), pid=7748, tid=0x0000000000000db0
#
# JRE version: OpenJDK Runtime Environment (8.0_242-b01) (build 1.8.0_242-release-1644-b01)
# Java VM: OpenJDK 64-Bit Server VM (25.242-b01 mixed mode windows-amd64 compressed oops)
# Failed to write core dump. Minidumps are not enabled by default on client versions of Windows
#

---------------  T H R E A D  ---------------

Current thread (0x0000000017b98000):  JavaThread "C2 CompilerThread1" daemon [_thread_in_native, id=3504, stack(0x0000000019230000,0x0000000019330000)]

Stack: [0x0000000019230000,0x0000000019330000]
[error occurred during error reporting (printing stack bounds), id 0xc0000005]

Native frames: (J=compiled Java code, j=interpreted, Vv=VM code, C=native code)


Current CompileTask:
C2:   6897 3613       4       groovy.lang.MetaClassImpl$1MOPIter::methodNameAction (325 bytes)


---------------  P R O C E S S  ---------------

Java Threads: ( => current thread )
  0x0000000019ece800 JavaThread "pool-1-thread-1" [_thread_blocked, id=6276, stack(0x0000000023610000,0x0000000023710000)]
  0x0000000019ecc000 JavaThread "Build operations Thread 4" [_thread_blocked, id=4500, stack(0x0000000022e50000,0x0000000022f50000)]
  0x0000000019eca000 JavaThread "Build operations Thread 3" [_thread_blocked, id=2424, stack(0x0000000022d50000,0x0000000022e50000)]
  0x0000000019ecd800 JavaThread "Build operations Thread 2" [_thread_blocked, id=8664, stack(0x0000000022c50000,0x0000000022d50000)]
  0x0000000019ecd000 JavaThread "Build operations" [_thread_blocked, id=1896, stack(0x0000000020500000,0x0000000020600000)]
  0x000000001bab2800 JavaThread "Cache worker for execution history cache (C:\Users\Chiaki Hata\.gradle\caches\6.1.1\executionHistory)" [_thread_blocked, id=1980, stack(0x000000001fcc0000,0x000000001fdc0000)]
  0x000000001bab6800 JavaThread "Cache worker for cache directory md-rule (C:\Users\Chiaki Hata\.gradle\caches\6.1.1\md-rule)" [_thread_blocked, id=4384, stack(0x000000001fbc0000,0x000000001fcc0000)]
  0x000000001bab1000 JavaThread "Cache worker for cache directory md-supplier (C:\Users\Chiaki Hata\.gradle\caches\6.1.1\md-supplier)" [_thread_blocked, id=10684, stack(0x000000001fac0000,0x000000001fbc0000)]
  0x000000001bab5800 JavaThread "Cache worker for file hash cache (C:\work2\TaskApp\.gradle\6.1.1\fileHashes)" [_thread_blocked, id=11588, stack(0x0000000020000000,0x0000000020100000)]
  0x000000001baaf800 JavaThread "Cache worker for checksums cache (C:\work2\TaskApp\.gradle\checksums)" [_thread_blocked, id=1576, stack(0x000000001e5a0000,0x000000001e6a0000)]
  0x000000001bab0800 JavaThread "Cache worker for file hash cache (C:\Users\Chiaki Hata\.gradle\caches\6.1.1\fileHashes)" [_thread_blocked, id=3992, stack(0x000000001d4d0000,0x000000001d5d0000)]
  0x000000001bab5000 JavaThread "File lock request listener" [_thread_in_native, id=7160, stack(0x000000001d3d0000,0x000000001d4d0000)]
  0x000000001ba97800 JavaThread "Cache worker for journal cache (C:\Users\Chiaki Hata\.gradle\caches\journal-1)" [_thread_blocked, id=1860, stack(0x000000001d2d0000,0x000000001d3d0000)]
  0x000000001a82c800 JavaThread "Thread-9" [_thread_blocked, id=4532, stack(0x000000001cfd0000,0x000000001d0d0000)]
  0x0000000019dd6800 JavaThread "Stdin handler" [_thread_blocked, id=7312, stack(0x000000001ced0000,0x000000001cfd0000)]
  0x0000000019dd5800 JavaThread "Asynchronous log dispatcher for DefaultDaemonConnection: socket connection from /127.0.0.1:59144 to /127.0.0.1:59145" [_thread_blocked, id=11176, stack(0x000000001cdd0000,0x000000001ced0000)]
  0x0000000019d21000 JavaThread "Daemon worker" [_thread_in_vm, id=4072, stack(0x000000001ccd0000,0x000000001cdd0000)]
  0x0000000019d1b800 JavaThread "Cancel handler" [_thread_blocked, id=11780, stack(0x000000001cbd0000,0x000000001ccd0000)]
  0x0000000019b18000 JavaThread "Handler for socket connection from /127.0.0.1:59144 to /127.0.0.1:59145" [_thread_in_native, id=3240, stack(0x000000001cad0000,0x000000001cbd0000)]
  0x0000000019b15800 JavaThread "Daemon" [_thread_blocked, id=6616, stack(0x000000001c7d0000,0x000000001c8d0000)]
  0x000000001b8c1800 JavaThread "Daemon periodic checks" [_thread_blocked, id=1724, stack(0x000000001c6d0000,0x000000001c7d0000)]
  0x0000000019a6e800 JavaThread "Incoming local TCP Connector on port 59144" [_thread_in_native, id=3288, stack(0x000000001c4f0000,0x000000001c5f0000)]
  0x000000001b7d6800 JavaThread "Daemon health stats" [_thread_blocked, id=5504, stack(0x000000001b200000,0x000000001b300000)]
  0x00000000193ab000 JavaThread "Service Thread" daemon [_thread_blocked, id=7384, stack(0x0000000019830000,0x0000000019930000)]
  0x0000000019331800 JavaThread "C1 CompilerThread2" daemon [_thread_blocked, id=8432, stack(0x0000000019730000,0x0000000019830000)]
=>0x0000000017b98000 JavaThread "C2 CompilerThread1" daemon [_thread_in_native, id=3504, stack(0x0000000019230000,0x0000000019330000)]
  0x0000000017b92000 JavaThread "C2 CompilerThread0" daemon [_thread_blocked, id=1616, stack(0x0000000019130000,0x0000000019230000)]
  0x0000000017b4c800 JavaThread "Attach Listener" daemon [_thread_blocked, id=124, stack(0x0000000019030000,0x0000000019130000)]
  0x0000000017b91800 JavaThread "Signal Dispatcher" daemon [_thread_blocked, id=10488, stack(0x0000000018f30000,0x0000000019030000)]
  0x0000000002f1b000 JavaThread "Finalizer" daemon [_thread_blocked, id=7424, stack(0x0000000018d90000,0x0000000018e90000)]
  0x0000000017b29000 JavaThread "Reference Handler" daemon [_thread_blocked, id=11392, stack(0x0000000018c90000,0x0000000018d90000)]
  0x00000000029ce000 JavaThread "main" [_thread_blocked, id=1220, stack(0x00000000029d0000,0x0000000002ad0000)]

Other Threads:
  0x0000000017b06000 VMThread [stack: 0x0000000018b90000,0x0000000018c90000] [id=1720]
  0x00000000193ad000 WatcherThread [stack: 0x0000000019930000,0x0000000019a30000] [id=8428]

VM state:not at safepoint (normal execution)

VM Mutex/Monitor currently owned by a thread: None

heap address: 0x0000000080000000, size: 2048 MB, Compressed Oops mode: 32-bit
Narrow klass base: 0x0000000000000000, Narrow klass shift: 3
Compressed class space size: 1073741824 Address: 0x0000000100000000

Heap:
 PSYoungGen      total 137216K, used 78313K [0x00000000d5580000, 0x00000000e2200000, 0x0000000100000000)
  eden space 125952K, 62% used [0x00000000d5580000,0x00000000da1fa5c8,0x00000000dd080000)
  from space 11264K, 0% used [0x00000000dd080000,0x00000000dd080000,0x00000000ddb80000)
  to   space 13312K, 0% used [0x00000000e1500000,0x00000000e1500000,0x00000000e2200000)
 ParOldGen       total 70144K, used 18751K [0x0000000080000000, 0x0000000084480000, 0x00000000d5580000)
  object space 70144K, 26% used [0x0000000080000000,0x000000008124fc28,0x0000000084480000)
 Metaspace       used 40344K, capacity 41794K, committed 41944K, reserved 1085440K
  class space    used 5500K, capacity 5819K, committed 5888K, reserved 1048576K

Card table byte_map: [0x00000000122e0000,0x00000000126f0000] byte_map_base: 0x0000000011ee0000

Marking Bits: (ParMarkBitMap*) 0x0000000061a6f030
 Begin Bits: [0x0000000012da0000, 0x0000000014da0000)
 End Bits:   [0x0000000014da0000, 0x0000000016da0000)

Polling page: 0x0000000000d10000

CodeCache: size=245760Kb used=12260Kb max_used=12271Kb free=233499Kb
 bounds [0x0000000002f20000, 0x0000000003b30000, 0x0000000011f20000]
 total_blobs=4311 nmethods=3585 adapters=639
 compilation: enabled

Compilation events (10 events):
Event: 6.849 Thread 0x0000000017b92000 3822       4       java.lang.ClassLoader::checkPackageAccess (111 bytes)
Event: 6.850 Thread 0x0000000017b92000 nmethod 3822 0x0000000003a6e050 code [0x0000000003a6e180, 0x0000000003a6e218]
Event: 6.858 Thread 0x0000000017b92000 3823       4       java.util.concurrent.locks.AbstractQueuedSynchronizer::release (33 bytes)
Event: 6.860 Thread 0x0000000019331800 3824   !   3       java.util.logging.LogManager::ensureLogManagerInitialized (128 bytes)
Event: 6.860 Thread 0x0000000019331800 nmethod 3824 0x0000000003b1d2d0 code [0x0000000003b1d480, 0x0000000003b1db08]
Event: 6.861 Thread 0x0000000017b92000 nmethod 3823 0x0000000003b1ba10 code [0x0000000003b1bb60, 0x0000000003b1bcc8]
Event: 6.886 Thread 0x0000000017b92000 3825       4       java.util.concurrent.atomic.AtomicReferenceArray::get (10 bytes)
Event: 6.887 Thread 0x0000000017b92000 nmethod 3825 0x0000000003b11c50 code [0x0000000003b11d80, 0x0000000003b11e38]
Event: 6.888 Thread 0x0000000017b92000 3826       4       java.util.ArrayDeque::poll (5 bytes)
Event: 6.889 Thread 0x0000000017b92000 nmethod 3826 0x0000000003b1b750 code [0x0000000003b1b880, 0x0000000003b1b938]

GC Heap History (10 events):
Event: 3.633 GC heap before
{Heap before GC invocations=7 (full 0):
 PSYoungGen      total 74752K, used 11991K [0x00000000d5580000, 0x00000000dab80000, 0x0000000100000000)
  eden space 64512K, 4% used [0x00000000d5580000,0x00000000d5886910,0x00000000d9480000)
  from space 10240K, 86% used [0x00000000d9f80000,0x00000000da82f530,0x00000000da980000)
  to   space 11264K, 0% used [0x00000000d9480000,0x00000000d9480000,0x00000000d9f80000)
 ParOldGen       total 86016K, used 6602K [0x0000000080000000, 0x0000000085400000, 0x00000000d5580000)
  object space 86016K, 7% used [0x0000000080000000,0x0000000080672828,0x0000000085400000)
 Metaspace       used 20585K, capacity 21208K, committed 21248K, reserved 1067008K
  class space    used 2869K, capacity 3056K, committed 3072K, reserved 1048576K
Event: 3.641 GC heap after
Heap after GC invocations=7 (full 0):
 PSYoungGen      total 75776K, used 4133K [0x00000000d5580000, 0x00000000de980000, 0x0000000100000000)
  eden space 64512K, 0% used [0x00000000d5580000,0x00000000d5580000,0x00000000d9480000)
  from space 11264K, 36% used [0x00000000d9480000,0x00000000d9889478,0x00000000d9f80000)
  to   space 11264K, 0% used [0x00000000dde80000,0x00000000dde80000,0x00000000de980000)
 ParOldGen       total 86016K, used 8859K [0x0000000080000000, 0x0000000085400000, 0x00000000d5580000)
  object space 86016K, 10% used [0x0000000080000000,0x00000000808a6e98,0x0000000085400000)
 Metaspace       used 20585K, capacity 21208K, committed 21248K, reserved 1067008K
  class space    used 2869K, capacity 3056K, committed 3072K, reserved 1048576K
}
Event: 3.641 GC heap before
{Heap before GC invocations=8 (full 1):
 PSYoungGen      total 75776K, used 4133K [0x00000000d5580000, 0x00000000de980000, 0x0000000100000000)
  eden space 64512K, 0% used [0x00000000d5580000,0x00000000d5580000,0x00000000d9480000)
  from space 11264K, 36% used [0x00000000d9480000,0x00000000d9889478,0x00000000d9f80000)
  to   space 11264K, 0% used [0x00000000dde80000,0x00000000dde80000,0x00000000de980000)
 ParOldGen       total 86016K, used 8859K [0x0000000080000000, 0x0000000085400000, 0x00000000d5580000)
  object space 86016K, 10% used [0x0000000080000000,0x00000000808a6e98,0x0000000085400000)
 Metaspace       used 20585K, capacity 21208K, committed 21248K, reserved 1067008K
  class space    used 2869K, capacity 3056K, committed 3072K, reserved 1048576K
Event: 3.683 GC heap after
Heap after GC invocations=8 (full 1):
 PSYoungGen      total 75776K, used 0K [0x00000000d5580000, 0x00000000de980000, 0x0000000100000000)
  eden space 64512K, 0% used [0x00000000d5580000,0x00000000d5580000,0x00000000d9480000)
  from space 11264K, 0% used [0x00000000d9480000,0x00000000d9480000,0x00000000d9f80000)
  to   space 11264K, 0% used [0x00000000dde80000,0x00000000dde80000,0x00000000de980000)
 ParOldGen       total 47616K, used 7196K [0x0000000080000000, 0x0000000082e80000, 0x00000000d5580000)
  object space 47616K, 15% used [0x0000000080000000,0x00000000807073b8,0x0000000082e80000)
 Metaspace       used 20585K, capacity 21208K, committed 21248K, reserved 1067008K
  class space    used 2869K, capacity 3056K, committed 3072K, reserved 1048576K
}
Event: 4.318 GC heap before
{Heap before GC invocations=9 (full 1):
 PSYoungGen      total 75776K, used 64512K [0x00000000d5580000, 0x00000000de980000, 0x0000000100000000)
  eden space 64512K, 100% used [0x00000000d5580000,0x00000000d9480000,0x00000000d9480000)
  from space 11264K, 0% used [0x00000000d9480000,0x00000000d9480000,0x00000000d9f80000)
  to   space 11264K, 0% used [0x00000000dde80000,0x00000000dde80000,0x00000000de980000)
 ParOldGen       total 47616K, used 7196K [0x0000000080000000, 0x0000000082e80000, 0x00000000d5580000)
  object space 47616K, 15% used [0x0000000080000000,0x00000000807073b8,0x0000000082e80000)
 Metaspace       used 28241K, capacity 28992K, committed 29312K, reserved 1075200K
  class space    used 3895K, capacity 4131K, committed 4224K, reserved 1048576K
Event: 4.327 GC heap after
Heap after GC invocations=9 (full 1):
 PSYoungGen      total 129024K, used 7971K [0x00000000d5580000, 0x00000000de680000, 0x0000000100000000)
  eden space 120832K, 0% used [0x00000000d5580000,0x00000000d5580000,0x00000000dcb80000)
  from space 8192K, 97% used [0x00000000dde80000,0x00000000de648d58,0x00000000de680000)
  to   space 11264K, 0% used [0x00000000dd080000,0x00000000dd080000,0x00000000ddb80000)
 ParOldGen       total 47616K, used 7204K [0x0000000080000000, 0x0000000082e80000, 0x00000000d5580000)
  object space 47616K, 15% used [0x0000000080000000,0x00000000807093b8,0x0000000082e80000)
 Metaspace       used 28241K, capacity 28992K, committed 29312K, reserved 1075200K
  class space    used 3895K, capacity 4131K, committed 4224K, reserved 1048576K
}
Event: 5.355 GC heap before
{Heap before GC invocations=10 (full 1):
 PSYoungGen      total 129024K, used 125057K [0x00000000d5580000, 0x00000000de680000, 0x0000000100000000)
  eden space 120832K, 96% used [0x00000000d5580000,0x00000000dc7d7a30,0x00000000dcb80000)
  from space 8192K, 97% used [0x00000000dde80000,0x00000000de648d58,0x00000000de680000)
  to   space 11264K, 0% used [0x00000000dd080000,0x00000000dd080000,0x00000000ddb80000)
 ParOldGen       total 47616K, used 7204K [0x0000000080000000, 0x0000000082e80000, 0x00000000d5580000)
  object space 47616K, 15% used [0x0000000080000000,0x00000000807093b8,0x0000000082e80000)
 Metaspace       used 34456K, capacity 35386K, committed 35416K, reserved 1079296K
  class space    used 4721K, capacity 4970K, committed 4992K, reserved 1048576K
Event: 5.374 GC heap after
Heap after GC invocations=10 (full 1):
 PSYoungGen      total 137216K, used 11234K [0x00000000d5580000, 0x00000000e2200000, 0x0000000100000000)
  eden space 125952K, 0% used [0x00000000d5580000,0x00000000d5580000,0x00000000dd080000)
  from space 11264K, 99% used [0x00000000dd080000,0x00000000ddb78858,0x00000000ddb80000)
  to   space 13312K, 0% used [0x00000000e1500000,0x00000000e1500000,0x00000000e2200000)
 ParOldGen       total 47616K, used 8092K [0x0000000080000000, 0x0000000082e80000, 0x00000000d5580000)
  object space 47616K, 16% used [0x0000000080000000,0x00000000807e7210,0x0000000082e80000)
 Metaspace       used 34456K, capacity 35386K, committed 35416K, reserved 1079296K
  class space    used 4721K, capacity 4970K, committed 4992K, reserved 1048576K
}
Event: 5.374 GC heap before
{Heap before GC invocations=11 (full 2):
 PSYoungGen      total 137216K, used 11234K [0x00000000d5580000, 0x00000000e2200000, 0x0000000100000000)
  eden space 125952K, 0% used [0x00000000d5580000,0x00000000d5580000,0x00000000dd080000)
  from space 11264K, 99% used [0x00000000dd080000,0x00000000ddb78858,0x00000000ddb80000)
  to   space 13312K, 0% used [0x00000000e1500000,0x00000000e1500000,0x00000000e2200000)
 ParOldGen       total 47616K, used 8092K [0x0000000080000000, 0x0000000082e80000, 0x00000000d5580000)
  object space 47616K, 16% used [0x0000000080000000,0x00000000807e7210,0x0000000082e80000)
 Metaspace       used 34456K, capacity 35386K, committed 35416K, reserved 1079296K
  class space    used 4721K, capacity 4970K, committed 4992K, reserved 1048576K
Event: 5.449 GC heap after
Heap after GC invocations=11 (full 2):
 PSYoungGen      total 137216K, used 0K [0x00000000d5580000, 0x00000000e2200000, 0x0000000100000000)
  eden space 125952K, 0% used [0x00000000d5580000,0x00000000d5580000,0x00000000dd080000)
  from space 11264K, 0% used [0x00000000dd080000,0x00000000dd080000,0x00000000ddb80000)
  to   space 13312K, 0% used [0x00000000e1500000,0x00000000e1500000,0x00000000e2200000)
 ParOldGen       total 70144K, used 18751K [0x0000000080000000, 0x0000000084480000, 0x00000000d5580000)
  object space 70144K, 26% used [0x0000000080000000,0x000000008124fc28,0x0000000084480000)
 Metaspace       used 34456K, capacity 35386K, committed 35416K, reserved 1079296K
  class space    used 4721K, capacity 4970K, committed 4992K, reserved 1048576K
}

Deoptimization events (10 events):
Event: 5.071 Thread 0x0000000019d21000 Uncommon trap: reason=unstable_if action=reinterpret pc=0x00000000031fbc18 method=java.net.URI.match(CJJ)Z @ 45
Event: 5.073 Thread 0x0000000019d21000 Uncommon trap: reason=unstable_if action=reinterpret pc=0x00000000030ec460 method=java.net.URI.match(CJJ)Z @ 45
Event: 5.973 Thread 0x0000000019eca000 Uncommon trap: reason=unstable_if action=reinterpret pc=0x000000000345045c method=java.util.concurrent.ConcurrentHashMap.addCount(JI)V @ 34
Event: 5.974 Thread 0x0000000019eca000 Uncommon trap: reason=unstable_if action=reinterpret pc=0x000000000359a27c method=java.util.concurrent.ConcurrentHashMap.addCount(JI)V @ 7
Event: 5.977 Thread 0x0000000019eca000 Uncommon trap: reason=unstable_if action=reinterpret pc=0x000000000348a64c method=java.util.concurrent.ConcurrentHashMap.transfer([Ljava/util/concurrent/ConcurrentHashMap$Node;[Ljava/util/concurrent/ConcurrentHashMap$Node;)V @ 34
Event: 5.978 Thread 0x0000000019ecc000 Uncommon trap: reason=unstable_if action=reinterpret pc=0x00000000039adf98 method=java.util.concurrent.ConcurrentHashMap.get(Ljava/lang/Object;)Ljava/lang/Object; @ 86
Event: 5.981 Thread 0x0000000019ecd000 Uncommon trap: reason=unstable_if action=reinterpret pc=0x000000000348a67c method=java.util.concurrent.ConcurrentHashMap.transfer([Ljava/util/concurrent/ConcurrentHashMap$Node;[Ljava/util/concurrent/ConcurrentHashMap$Node;)V @ 277
Event: 6.293 Thread 0x0000000019d21000 Uncommon trap: reason=unstable_if action=reinterpret pc=0x00000000032c70ac method=java.util.jar.JarFile.match([C[B[I[I)Z @ 29
Event: 6.410 Thread 0x0000000019d21000 Uncommon trap: reason=unstable_if action=reinterpret pc=0x00000000032ea910 method=java.util.regex.Pattern.has(I)Z @ 6
Event: 6.648 Thread 0x0000000019d21000 Uncommon trap: reason=unstable_if action=reinterpret pc=0x0000000003644cbc method=java.io.BufferedInputStream.read([BII)I @ 56

Classes redefined (0 events):
No events

Internal exceptions (10 events):
Event: 6.443 Thread 0x000000001a82c800 Exception <a 'java/lang/NoSuchMethodError': <clinit>> (0x00000000d7451f28) thrown at [C:\src\AOSP-openjdk-git\hotspot\src\share\vm\prims\jni.cpp, line 1615]
Event: 6.443 Thread 0x000000001a82c800 Exception <a 'java/lang/NoSuchMethodError': <clinit>> (0x00000000d7453460) thrown at [C:\src\AOSP-openjdk-git\hotspot\src\share\vm\prims\jni.cpp, line 1615]
Event: 6.443 Thread 0x000000001a82c800 Exception <a 'java/lang/NoSuchMethodError': <clinit>> (0x00000000d7454d58) thrown at [C:\src\AOSP-openjdk-git\hotspot\src\share\vm\prims\jni.cpp, line 1615]
Event: 6.443 Thread 0x000000001a82c800 Exception <a 'java/lang/NoSuchMethodError': <clinit>> (0x00000000d7456280) thrown at [C:\src\AOSP-openjdk-git\hotspot\src\share\vm\prims\jni.cpp, line 1615]
Event: 6.443 Thread 0x0000000019d21000 Exception <a 'java/lang/ClassNotFoundException': org/gradle/api/internal/plugins/DefaultObjectConfigurationActionBeanInfo> (0x00000000d86a14f8) thrown at [C:\src\AOSP-openjdk-git\hotspot\src\share\vm\classfile\systemDictionary.cpp, line 210]
Event: 6.445 Thread 0x000000001a82c800 Exception <a 'java/lang/NoSuchMethodError': <clinit>> (0x00000000d74604b8) thrown at [C:\src\AOSP-openjdk-git\hotspot\src\share\vm\prims\jni.cpp, line 1615]
Event: 6.445 Thread 0x0000000019d21000 Exception <a 'java/lang/ClassNotFoundException': org/gradle/api/internal/plugins/DefaultObjectConfigurationActionCustomizer> (0x00000000d86e9c68) thrown at [C:\src\AOSP-openjdk-git\hotspot\src\share\vm\classfile\systemDictionary.cpp, line 210]
Event: 6.445 Thread 0x000000001a82c800 Exception <a 'java/lang/NoSuchMethodError': <clinit>> (0x00000000d746b3d8) thrown at [C:\src\AOSP-openjdk-git\hotspot\src\share\vm\prims\jni.cpp, line 1615]
Event: 6.449 Thread 0x000000001a82c800 Exception <a 'java/lang/NoSuchMethodError': <clinit>> (0x00000000d747e7e0) thrown at [C:\src\AOSP-openjdk-git\hotspot\src\share\vm\prims\jni.cpp, line 1615]
Event: 6.840 Thread 0x0000000019d21000 Exception <a 'sun/nio/fs/WindowsException'> (0x00000000d9b4e570) thrown at [C:\src\AOSP-openjdk-git\hotspot\src\share\vm\prims\jni.cpp, line 710]

Events (10 events):
Event: 6.892 loading class com/google/protobuf/AbstractMessage$Builder
Event: 6.892 loading class com/google/protobuf/AbstractMessage$Builder done
Event: 6.893 loading class com/google/protobuf/AbstractMessageLite$Builder
Event: 6.893 loading class com/google/protobuf/AbstractMessageLite$Builder done
Event: 6.894 loading class com/google/protobuf/MessageReflection$MergeTarget
Event: 6.894 loading class com/google/protobuf/MessageReflection$MergeTarget done
Event: 6.895 loading class com/google/protobuf/UninitializedMessageException
Event: 6.895 loading class com/google/protobuf/UninitializedMessageException done
Event: 6.895 loading class com/google/wireless/android/sdk/stats/GradleBuildProject
Event: 6.895 loading class com/google/wireless/android/sdk/stats/GradleBuildProject done


Dynamic libraries:
0x00007ff7aa590000 - 0x00007ff7aa5c1000 	C:\Program Files\Android\Android Studio\jre\bin\java.exe
0x00007ffd52cd0000 - 0x00007ffd52ec6000 	C:\WINDOWS\SYSTEM32\ntdll.dll
0x00007ffd51c40000 - 0x00007ffd51cfd000 	C:\WINDOWS\System32\KERNEL32.DLL
0x00007ffd50460000 - 0x00007ffd50729000 	C:\WINDOWS\System32\KERNELBASE.dll
0x00007ffd50d30000 - 0x00007ffd50ddc000 	C:\WINDOWS\System32\ADVAPI32.dll
0x00007ffd51680000 - 0x00007ffd5171e000 	C:\WINDOWS\System32\msvcrt.dll
0x00007ffd52660000 - 0x00007ffd526fc000 	C:\WINDOWS\System32\sechost.dll
0x00007ffd51820000 - 0x00007ffd5194b000 	C:\WINDOWS\System32\RPCRT4.dll
0x00007ffd51de0000 - 0x00007ffd51f80000 	C:\WINDOWS\System32\USER32.dll
0x00007ffd509c0000 - 0x00007ffd509e2000 	C:\WINDOWS\System32\win32u.dll
0x00007ffd50de0000 - 0x00007ffd50e0a000 	C:\WINDOWS\System32\GDI32.dll
0x00007ffd507d0000 - 0x00007ffd508db000 	C:\WINDOWS\System32\gdi32full.dll
0x00007ffd50730000 - 0x00007ffd507cd000 	C:\WINDOWS\System32\msvcp_win.dll
0x00007ffd50a50000 - 0x00007ffd50b50000 	C:\WINDOWS\System32\ucrtbase.dll
0x00007ffd3c5d0000 - 0x00007ffd3c86b000 	C:\WINDOWS\WinSxS\amd64_microsoft.windows.common-controls_6595b64144ccf1df_6.0.19041.746_none_ca02b4b61b8320a4\COMCTL32.dll
0x00007ffd520b0000 - 0x00007ffd520e0000 	C:\WINDOWS\System32\IMM32.DLL
0x00000000611c0000 - 0x0000000061292000 	C:\Program Files\Android\Android Studio\jre\jre\bin\msvcr100.dll
0x00000000612a0000 - 0x0000000061aeb000 	C:\Program Files\Android\Android Studio\jre\jre\bin\server\jvm.dll
0x00007ffd51730000 - 0x00007ffd51738000 	C:\WINDOWS\System32\PSAPI.DLL
0x00007ffd3b980000 - 0x00007ffd3b9a7000 	C:\WINDOWS\SYSTEM32\WINMM.dll
0x00007ffd475b0000 - 0x00007ffd475ba000 	C:\WINDOWS\SYSTEM32\VERSION.dll
0x00007ffd2e680000 - 0x00007ffd2e689000 	C:\WINDOWS\SYSTEM32\WSOCK32.dll
0x00007ffd51610000 - 0x00007ffd5167b000 	C:\WINDOWS\System32\WS2_32.dll
0x00007ffd25d50000 - 0x00007ffd25d5f000 	C:\Program Files\Android\Android Studio\jre\jre\bin\verify.dll
0x00007ffd1dcf0000 - 0x00007ffd1dd19000 	C:\Program Files\Android\Android Studio\jre\jre\bin\java.dll
0x00007ffd25d30000 - 0x00007ffd25d46000 	C:\Program Files\Android\Android Studio\jre\jre\bin\zip.dll
0x00007ffd50ec0000 - 0x00007ffd51602000 	C:\WINDOWS\System32\SHELL32.dll
0x00007ffd4e560000 - 0x00007ffd4ecf0000 	C:\WINDOWS\SYSTEM32\windows.storage.dll
0x00007ffd52930000 - 0x00007ffd52c86000 	C:\WINDOWS\System32\combase.dll
0x00007ffd4fe70000 - 0x00007ffd4fe9c000 	C:\WINDOWS\SYSTEM32\Wldp.dll
0x00007ffd50e10000 - 0x00007ffd50ebe000 	C:\WINDOWS\System32\SHCORE.dll
0x00007ffd51d00000 - 0x00007ffd51d55000 	C:\WINDOWS\System32\shlwapi.dll
0x00007ffd50340000 - 0x00007ffd50366000 	C:\WINDOWS\SYSTEM32\profapi.dll
0x00007ffd23070000 - 0x00007ffd2308a000 	C:\Program Files\Android\Android Studio\jre\jre\bin\net.dll
0x00007ffd4fbf0000 - 0x00007ffd4fc5a000 	C:\WINDOWS\system32\mswsock.dll
0x00007ffd0b760000 - 0x00007ffd0b773000 	C:\Program Files\Android\Android Studio\jre\jre\bin\nio.dll
0x00007ffd49f60000 - 0x00007ffd49f86000 	C:\Users\Chiaki Hata\.gradle\native\31\windows-amd64\native-platform.dll
0x00007ffd12fd0000 - 0x00007ffd12fdd000 	C:\Program Files\Android\Android Studio\jre\jre\bin\management.dll
0x00007ffd4fdd0000 - 0x00007ffd4fde8000 	C:\WINDOWS\SYSTEM32\CRYPTSP.dll
0x00007ffd4f520000 - 0x00007ffd4f554000 	C:\WINDOWS\system32\rsaenh.dll
0x00007ffd508e0000 - 0x00007ffd50907000 	C:\WINDOWS\System32\bcrypt.dll
0x00007ffd50300000 - 0x00007ffd5032e000 	C:\WINDOWS\SYSTEM32\USERENV.dll
0x00007ffd50cb0000 - 0x00007ffd50d30000 	C:\WINDOWS\System32\bcryptprimitives.dll
0x00007ffd4fdc0000 - 0x00007ffd4fdcc000 	C:\WINDOWS\SYSTEM32\CRYPTBASE.dll
0x00007ffd4f890000 - 0x00007ffd4f8cb000 	C:\WINDOWS\SYSTEM32\IPHLPAPI.DLL
0x00007ffd51720000 - 0x00007ffd51728000 	C:\WINDOWS\System32\NSI.dll
0x00007ffd46350000 - 0x00007ffd46367000 	C:\WINDOWS\SYSTEM32\dhcpcsvc6.DLL
0x00007ffd47540000 - 0x00007ffd4755d000 	C:\WINDOWS\SYSTEM32\dhcpcsvc.DLL
0x00007ffd4f8d0000 - 0x00007ffd4f99b000 	C:\WINDOWS\SYSTEM32\DNSAPI.dll

VM Arguments:
jvm_args: -Xmx2048m -Dfile.encoding=windows-31j -Duser.country=JP -Duser.language=ja -Duser.variant 
java_command: org.gradle.launcher.daemon.bootstrap.GradleDaemon 6.1.1
java_class_path (initial): C:\Users\Chiaki Hata\.gradle\wrapper\dists\gradle-6.1.1-all\cfmwm155h49vnt3hynmlrsdst\gradle-6.1.1\lib\gradle-launcher-6.1.1.jar
Launcher Type: SUN_STANDARD

Environment Variables:
JAVA_HOME=C:\Program Files\java\jdk1.7.0_80
PATH=C:\WINDOWS\system32;C:\WINDOWS;C:\WINDOWS\System32\Wbem;C:\WINDOWS\System32\WindowsPowerShell\v1.0\;C:\WINDOWS\System32\OpenSSH\;C:\Program Files\java\jdk1.7.0_80\bin;C:\Program Files\Intel\WiFi\bin\;C:\Program Files\Common Files\Intel\WirelessCommon\;C:\Program Files\MariaDB 10.1\bin;C:\Users\Chiaki Hata\AppData\Local\Microsoft\WindowsApps;C:\Users\Chiaki Hata\AppData\Local\Programs\Git\cmd;
USERNAME=Chiaki Hata
OS=Windows_NT
PROCESSOR_IDENTIFIER=Intel64 Family 6 Model 142 Stepping 12, GenuineIntel



---------------  S Y S T E M  ---------------

OS: Windows 10.0 , 64 bit Build 19041 (10.0.19041.804)

CPU:total 4 (initial active 4) (2 cores per cpu, 2 threads per core) family 6 model 142 stepping 12, cmov, cx8, fxsr, mmx, sse, sse2, sse3, ssse3, sse4.1, sse4.2, popcnt, avx, avx2, aes, clmul, erms, 3dnowpref, lzcnt, ht, tsc, tscinvbit, bmi1, bmi2, adx

Memory: 4k page, physical 8164132k(1853992k free), swap 8164132k(6332k free)

vm_info: OpenJDK 64-Bit Server VM (25.242-b01) for windows-amd64 JRE (1.8.0_242-release-1644-b01), built by "builder" with MS VC++ 10.0 (VS2010)

time: Thu Feb 18 09:51:56 2021
timezone: ìåãû (ïWèÄéû)
elapsed time: 6 seconds (0d 0h 0m 6s)

