#
# There is insufficient memory for the Java Runtime Environment to continue.
# Native memory allocation (malloc) failed to allocate 1181776 bytes for Chunk::new
# Possible reasons:
#   The system is out of physical RAM or swap space
#   The process is running with CompressedOops enabled, and the Java Heap may be blocking the growth of the native heap
# Possible solutions:
#   Reduce memory load on the system
#   Increase physical memory or swap space
#   Check if swap backing store is full
#   Decrease Java heap size (-Xmx/-Xms)
#   Decrease number of Java threads
#   Decrease Java thread stack sizes (-Xss)
#   Set larger code cache with -XX:ReservedCodeCacheSize=
#   JVM is running with Unscaled Compressed Oops mode in which the Java heap is
#     placed in the first 4GB address space. The Java Heap base address is the
#     maximum limit for the native heap growth. Please use -XX:HeapBaseMinAddress
#     to set the Java Heap base and to place the Java Heap above 4GB virtual address.
# This output file may be truncated or incomplete.
#
#  Out of Memory Error (allocation.cpp:389), pid=3868, tid=0x0000000000000af4
#
# JRE version: OpenJDK Runtime Environment (8.0_242-b01) (build 1.8.0_242-release-1644-b01)
# Java VM: OpenJDK 64-Bit Server VM (25.242-b01 mixed mode windows-amd64 compressed oops)
# Failed to write core dump. Minidumps are not enabled by default on client versions of Windows
#

---------------  T H R E A D  ---------------

Current thread (0x0000000017952000):  JavaThread "C2 CompilerThread1" daemon [_thread_in_native, id=2804, stack(0x0000000019050000,0x0000000019150000)]

Stack: [0x0000000019050000,0x0000000019150000]
[error occurred during error reporting (printing stack bounds), id 0xc0000005]

Native frames: (J=compiled Java code, j=interpreted, Vv=VM code, C=native code)


Current CompileTask:
C2: 915649 18286   !   4       java.io.ObjectInputStream::readSerialData (367 bytes)


---------------  P R O C E S S  ---------------

Java Threads: ( => current thread )
  0x0000000025746800 JavaThread "stdout" [_thread_in_native, id=3788, stack(0x000000002c230000,0x000000002c330000)]
  0x0000000025749000 JavaThread "stderr" [_thread_in_native, id=4740, stack(0x000000002c130000,0x000000002c230000)]
  0x0000000025742000 JavaThread "WorkerExecutor Queue Thread 4" [_thread_blocked, id=14020, stack(0x000000002c030000,0x000000002c130000)]
  0x000000001d700000 JavaThread "WorkerExecutor Queue Thread 3" [_thread_blocked, id=5628, stack(0x000000002bdd0000,0x000000002bed0000)]
  0x000000001d6fd000 JavaThread "WorkerExecutor Queue Thread 2" [_thread_blocked, id=10292, stack(0x000000002b620000,0x000000002b720000)]
  0x000000001d6ff000 JavaThread "WorkerExecutor Queue" [_thread_blocked, id=7728, stack(0x000000002b250000,0x000000002b350000)]
  0x000000001d6fa000 JavaThread "stdout" [_thread_in_native, id=11300, stack(0x000000002bcd0000,0x000000002bdd0000)]
  0x000000001d6f1800 JavaThread "stderr" [_thread_in_native, id=6288, stack(0x000000002bbd0000,0x000000002bcd0000)]
  0x000000001d6f7000 JavaThread "stdout" [_thread_in_native, id=4904, stack(0x000000002bad0000,0x000000002bbd0000)]
  0x000000001d6f3800 JavaThread "stderr" [_thread_in_native, id=14224, stack(0x000000002b9d0000,0x000000002bad0000)]
  0x000000001d6f5800 JavaThread "stdout" [_thread_in_native, id=11092, stack(0x000000002b8d0000,0x000000002b9d0000)]
  0x000000001d6f7800 JavaThread "stderr" [_thread_in_native, id=8424, stack(0x000000002b7d0000,0x000000002b8d0000)]
  0x000000001d6f4800 JavaThread "pool-15-thread-1" [_thread_blocked, id=2216, stack(0x000000002b380000,0x000000002b480000)]
  0x000000001b90f800 JavaThread "Cache worker for execution history cache (C:\work2\TaskApp\.gradle\6.1.1\executionHistory)" [_thread_blocked, id=1180, stack(0x0000000029d10000,0x0000000029e10000)]
  0x000000001b915800 JavaThread "Execution worker for ':' Thread 3" [_thread_blocked, id=14084, stack(0x0000000029c10000,0x0000000029d10000)]
  0x000000001b915000 JavaThread "Execution worker for ':' Thread 2" [_thread_blocked, id=488, stack(0x0000000029b10000,0x0000000029c10000)]
  0x000000001ef11000 JavaThread "Execution worker for ':'" [_thread_blocked, id=11836, stack(0x0000000029a10000,0x0000000029b10000)]
  0x000000001ef15800 JavaThread "Cache worker for file content cache (C:\work2\TaskApp\.gradle\6.1.1\fileContent)" [_thread_blocked, id=2668, stack(0x0000000029910000,0x0000000029a10000)]
  0x000000001ef10000 JavaThread "Cache worker for file content cache (C:\Users\Chiaki Hata\.gradle\caches\6.1.1\fileContent)" [_thread_blocked, id=11652, stack(0x0000000029810000,0x0000000029910000)]
  0x000000001ef0e000 JavaThread "Cache worker for Build Output Cleanup Cache (C:\work2\TaskApp\.gradle\buildOutputCleanup)" [_thread_blocked, id=7992, stack(0x0000000027840000,0x0000000027940000)]
  0x000000001ef14800 JavaThread "pool-5-thread-1" [_thread_blocked, id=7768, stack(0x0000000027540000,0x0000000027640000)]
  0x000000001ef14000 JavaThread "Build operations Thread 4" [_thread_blocked, id=14080, stack(0x0000000023b80000,0x0000000023c80000)]
  0x000000001ef0f800 JavaThread "Build operations Thread 3" [_thread_blocked, id=2160, stack(0x0000000023650000,0x0000000023750000)]
  0x000000001ef13000 JavaThread "Build operations Thread 2" [_thread_blocked, id=7572, stack(0x0000000022b50000,0x0000000022c50000)]
  0x000000001ef06800 JavaThread "Build operations" [_thread_blocked, id=3188, stack(0x0000000022850000,0x0000000022950000)]
  0x000000001ef0a000 JavaThread "Cache worker for cache directory md-rule (C:\Users\Chiaki Hata\.gradle\caches\6.1.1\md-rule)" [_thread_blocked, id=1036, stack(0x0000000022350000,0x0000000022450000)]
  0x000000001ef09800 JavaThread "Cache worker for cache directory md-supplier (C:\Users\Chiaki Hata\.gradle\caches\6.1.1\md-supplier)" [_thread_blocked, id=14148, stack(0x0000000020f80000,0x0000000021080000)]
  0x000000001ef0d000 JavaThread "Cache worker for file hash cache (C:\work2\TaskApp\.gradle\6.1.1\fileHashes)" [_thread_blocked, id=13192, stack(0x000000001fab0000,0x000000001fbb0000)]
  0x000000001ef08800 JavaThread "Cache worker for checksums cache (C:\work2\TaskApp\.gradle\checksums)" [_thread_blocked, id=14092, stack(0x000000001f8b0000,0x000000001f9b0000)]
  0x000000001ef0c800 JavaThread "Thread-42" [_thread_blocked, id=4456, stack(0x000000001f7b0000,0x000000001f8b0000)]
  0x000000001ef08000 JavaThread "Stdin handler" [_thread_blocked, id=13920, stack(0x000000001ce10000,0x000000001cf10000)]
  0x000000001ef0b000 JavaThread "Asynchronous log dispatcher for DefaultDaemonConnection: socket connection from /127.0.0.1:49914 to /127.0.0.1:49970" [_thread_blocked, id=9920, stack(0x000000001cb10000,0x000000001cc10000)]
  0x000000001b6a4800 JavaThread "Daemon worker Thread 2" [_thread_blocked, id=12696, stack(0x000000001ca10000,0x000000001cb10000)]
  0x000000001b6a2800 JavaThread "Cancel handler" [_thread_blocked, id=8408, stack(0x000000001c910000,0x000000001ca10000)]
  0x000000001b6a4000 JavaThread "Handler for socket connection from /127.0.0.1:49914 to /127.0.0.1:49970" [_thread_in_native, id=8400, stack(0x000000001c610000,0x000000001c710000)]
  0x000000001b6a8800 JavaThread "Daemon Thread 2" [_thread_blocked, id=13696, stack(0x0000000000ec0000,0x0000000000fc0000)]
  0x000000001b910800 JavaThread "Memory manager" [_thread_blocked, id=10216, stack(0x0000000023840000,0x0000000023940000)]
  0x000000001b6a7000 JavaThread "Cache worker for execution history cache (C:\Users\Chiaki Hata\.gradle\caches\6.1.1\executionHistory)" [_thread_blocked, id=4324, stack(0x000000001f9b0000,0x000000001fab0000)]
  0x000000001b6a9000 JavaThread "Cache worker for file hash cache (C:\Users\Chiaki Hata\.gradle\caches\6.1.1\fileHashes)" [_thread_blocked, id=5760, stack(0x000000001d310000,0x000000001d410000)]
  0x000000001b6a3000 JavaThread "File lock request listener" [_thread_in_native, id=14308, stack(0x000000001d210000,0x000000001d310000)]
  0x000000001b706000 JavaThread "Cache worker for journal cache (C:\Users\Chiaki Hata\.gradle\caches\journal-1)" [_thread_blocked, id=4972, stack(0x000000001d110000,0x000000001d210000)]
  0x000000001b4ac000 JavaThread "Daemon periodic checks" [_thread_blocked, id=1528, stack(0x000000001c510000,0x000000001c610000)]
  0x000000001b494000 JavaThread "Incoming local TCP Connector on port 49914" [_thread_in_native, id=13084, stack(0x000000001c330000,0x000000001c430000)]
  0x000000001b02b800 JavaThread "Daemon health stats" [_thread_blocked, id=9760, stack(0x000000001c210000,0x000000001c310000)]
  0x000000001917b800 JavaThread "Service Thread" daemon [_thread_blocked, id=7820, stack(0x0000000019650000,0x0000000019750000)]
  0x0000000019151000 JavaThread "C1 CompilerThread2" daemon [_thread_blocked, id=11492, stack(0x0000000019550000,0x0000000019650000)]
=>0x0000000017952000 JavaThread "C2 CompilerThread1" daemon [_thread_in_native, id=2804, stack(0x0000000019050000,0x0000000019150000)]
  0x000000001799d800 JavaThread "C2 CompilerThread0" daemon [_thread_in_native, id=6468, stack(0x0000000018f50000,0x0000000019050000)]
  0x000000001799c800 JavaThread "Attach Listener" daemon [_thread_blocked, id=3996, stack(0x0000000018e50000,0x0000000018f50000)]
  0x000000001794b000 JavaThread "Signal Dispatcher" daemon [_thread_blocked, id=8580, stack(0x0000000018d50000,0x0000000018e50000)]
  0x0000000002d1c000 JavaThread "Finalizer" daemon [_thread_blocked, id=8592, stack(0x0000000018ba0000,0x0000000018ca0000)]
  0x0000000017929000 JavaThread "Reference Handler" daemon [_thread_blocked, id=12392, stack(0x0000000018aa0000,0x0000000018ba0000)]
  0x000000000288e000 JavaThread "main" [_thread_blocked, id=2612, stack(0x0000000002760000,0x0000000002860000)]

Other Threads:
  0x0000000017906000 VMThread [stack: 0x00000000189a0000,0x0000000018aa0000] [id=12600]
  0x000000001917c800 WatcherThread [stack: 0x0000000019750000,0x0000000019850000] [id=10772]

VM state:not at safepoint (normal execution)

VM Mutex/Monitor currently owned by a thread: None

heap address: 0x0000000080000000, size: 2048 MB, Compressed Oops mode: 32-bit
Narrow klass base: 0x0000000000000000, Narrow klass shift: 3
Compressed class space size: 1073741824 Address: 0x0000000100000000

Heap:
 PSYoungGen      total 629248K, used 378047K [0x00000000d5580000, 0x0000000100000000, 0x0000000100000000)
  eden space 582144K, 56% used [0x00000000d5580000,0x00000000e98b16d8,0x00000000f8e00000)
  from space 47104K, 99% used [0x00000000fcc80000,0x00000000ffa7e670,0x00000000ffa80000)
  to   space 58368K, 0% used [0x00000000f8e00000,0x00000000f8e00000,0x00000000fc700000)
 ParOldGen       total 216576K, used 77891K [0x0000000080000000, 0x000000008d380000, 0x00000000d5580000)
  object space 216576K, 35% used [0x0000000080000000,0x0000000084c10ef8,0x000000008d380000)
 Metaspace       used 118912K, capacity 124634K, committed 124696K, reserved 1157120K
  class space    used 15274K, capacity 16386K, committed 16432K, reserved 1048576K

Card table byte_map: [0x00000000120e0000,0x00000000124f0000] byte_map_base: 0x0000000011ce0000

Marking Bits: (ParMarkBitMap*) 0x00000000655bf030
 Begin Bits: [0x0000000012ba0000, 0x0000000014ba0000)
 End Bits:   [0x0000000014ba0000, 0x0000000016ba0000)

Polling page: 0x0000000002860000

CodeCache: size=245760Kb used=52658Kb max_used=52658Kb free=193101Kb
 bounds [0x0000000002d20000, 0x00000000060d0000, 0x0000000011d20000]
 total_blobs=16290 nmethods=15383 adapters=817
 compilation: enabled

Compilation events (10 events):
Event: 915.510 Thread 0x0000000019151000 18320       2       java.io.Bits::getFloat (9 bytes)
Event: 915.510 Thread 0x0000000019151000 nmethod 18320 0x00000000060ae8d0 code [0x00000000060aea20, 0x00000000060aeb88]
Event: 915.515 Thread 0x0000000019151000 18322 %     3       java.util.HashMap::readObject @ 225 (266 bytes)
Event: 915.517 Thread 0x0000000019151000 nmethod 18322% 0x00000000060bca10 code [0x00000000060bce40, 0x00000000060bf118]
Event: 915.607 Thread 0x0000000019151000 18324       2       org.gradle.internal.resources.ExclusiveAccessResourceLock::doIsLockedByCurrentThread (8 bytes)
Event: 915.607 Thread 0x0000000019151000 nmethod 18324 0x00000000060ae510 code [0x00000000060ae660, 0x00000000060ae7f0]
Event: 915.616 Thread 0x0000000019151000 18325       2       java.io.ObjectInputStream$HandleTable::grow (85 bytes)
Event: 915.616 Thread 0x0000000019151000 nmethod 18325 0x00000000060c0450 code [0x00000000060c05e0, 0x00000000060c0b48]
Event: 915.628 Thread 0x0000000019151000 18326       3       java.util.HashMap::readObject (266 bytes)
Event: 915.630 Thread 0x0000000019151000 nmethod 18326 0x00000000060c0cd0 code [0x00000000060c1100, 0x00000000060c3318]

GC Heap History (10 events):
Event: 92.925 GC heap before
{Heap before GC invocations=16 (full 4):
 PSYoungGen      total 492032K, used 26289K [0x00000000d5580000, 0x00000000f6700000, 0x0000000100000000)
  eden space 457728K, 0% used [0x00000000d5580000,0x00000000d5580000,0x00000000f1480000)
  from space 34304K, 76% used [0x00000000f3880000,0x00000000f522c4b8,0x00000000f5a00000)
  to   space 36864K, 0% used [0x00000000f1480000,0x00000000f1480000,0x00000000f3880000)
 ParOldGen       total 143872K, used 55128K [0x0000000080000000, 0x0000000088c80000, 0x00000000d5580000)
  object space 143872K, 38% used [0x0000000080000000,0x00000000835d6250,0x0000000088c80000)
 Metaspace       used 94228K, capacity 98350K, committed 98584K, reserved 1134592K
  class space    used 12271K, capacity 13102K, committed 13104K, reserved 1048576K
Event: 93.195 GC heap after
Heap after GC invocations=16 (full 4):
 PSYoungGen      total 492032K, used 0K [0x00000000d5580000, 0x00000000f6700000, 0x0000000100000000)
  eden space 457728K, 0% used [0x00000000d5580000,0x00000000d5580000,0x00000000f1480000)
  from space 34304K, 0% used [0x00000000f3880000,0x00000000f3880000,0x00000000f5a00000)
  to   space 36864K, 0% used [0x00000000f1480000,0x00000000f1480000,0x00000000f3880000)
 ParOldGen       total 216576K, used 65169K [0x0000000080000000, 0x000000008d380000, 0x00000000d5580000)
  object space 216576K, 30% used [0x0000000080000000,0x0000000083fa46e8,0x000000008d380000)
 Metaspace       used 94094K, capacity 97984K, committed 98584K, reserved 1134592K
  class space    used 12230K, capacity 13011K, committed 13104K, reserved 1048576K
}
Event: 104.191 GC heap before
{Heap before GC invocations=17 (full 4):
 PSYoungGen      total 492032K, used 457728K [0x00000000d5580000, 0x00000000f6700000, 0x0000000100000000)
  eden space 457728K, 100% used [0x00000000d5580000,0x00000000f1480000,0x00000000f1480000)
  from space 34304K, 0% used [0x00000000f3880000,0x00000000f3880000,0x00000000f5a00000)
  to   space 36864K, 0% used [0x00000000f1480000,0x00000000f1480000,0x00000000f3880000)
 ParOldGen       total 216576K, used 65169K [0x0000000080000000, 0x000000008d380000, 0x00000000d5580000)
  object space 216576K, 30% used [0x0000000080000000,0x0000000083fa46e8,0x000000008d380000)
 Metaspace       used 107287K, capacity 111952K, committed 112024K, reserved 1146880K
  class space    used 14067K, capacity 14995K, committed 15024K, reserved 1048576K
Event: 104.239 GC heap after
Heap after GC invocations=17 (full 4):
 PSYoungGen      total 494592K, used 36852K [0x00000000d5580000, 0x00000000faf00000, 0x0000000100000000)
  eden space 457728K, 0% used [0x00000000d5580000,0x00000000d5580000,0x00000000f1480000)
  from space 36864K, 99% used [0x00000000f1480000,0x00000000f387d3d0,0x00000000f3880000)
  to   space 43520K, 0% used [0x00000000f8480000,0x00000000f8480000,0x00000000faf00000)
 ParOldGen       total 216576K, used 67462K [0x0000000080000000, 0x000000008d380000, 0x00000000d5580000)
  object space 216576K, 31% used [0x0000000080000000,0x00000000841e1a00,0x000000008d380000)
 Metaspace       used 107287K, capacity 111952K, committed 112024K, reserved 1146880K
  class space    used 14067K, capacity 14995K, committed 15024K, reserved 1048576K
}
Event: 106.388 GC heap before
{Heap before GC invocations=18 (full 4):
 PSYoungGen      total 494592K, used 494580K [0x00000000d5580000, 0x00000000faf00000, 0x0000000100000000)
  eden space 457728K, 100% used [0x00000000d5580000,0x00000000f1480000,0x00000000f1480000)
  from space 36864K, 99% used [0x00000000f1480000,0x00000000f387d3d0,0x00000000f3880000)
  to   space 43520K, 0% used [0x00000000f8480000,0x00000000f8480000,0x00000000faf00000)
 ParOldGen       total 216576K, used 67462K [0x0000000080000000, 0x000000008d380000, 0x00000000d5580000)
  object space 216576K, 31% used [0x0000000080000000,0x00000000841e1a00,0x000000008d380000)
 Metaspace       used 107846K, capacity 112564K, committed 112920K, reserved 1146880K
  class space    used 14090K, capacity 15033K, committed 15152K, reserved 1048576K
Event: 106.407 GC heap after
Heap after GC invocations=18 (full 4):
 PSYoungGen      total 562176K, used 21597K [0x00000000d5580000, 0x00000000fa880000, 0x0000000100000000)
  eden space 525312K, 0% used [0x00000000d5580000,0x00000000d5580000,0x00000000f5680000)
  from space 36864K, 58% used [0x00000000f8480000,0x00000000f9997708,0x00000000fa880000)
  to   space 41984K, 0% used [0x00000000f5680000,0x00000000f5680000,0x00000000f7f80000)
 ParOldGen       total 216576K, used 67470K [0x0000000080000000, 0x000000008d380000, 0x00000000d5580000)
  object space 216576K, 31% used [0x0000000080000000,0x00000000841e3a00,0x000000008d380000)
 Metaspace       used 107846K, capacity 112564K, committed 112920K, reserved 1146880K
  class space    used 14090K, capacity 15033K, committed 15152K, reserved 1048576K
}
Event: 111.315 GC heap before
{Heap before GC invocations=19 (full 4):
 PSYoungGen      total 562176K, used 546909K [0x00000000d5580000, 0x00000000fa880000, 0x0000000100000000)
  eden space 525312K, 100% used [0x00000000d5580000,0x00000000f5680000,0x00000000f5680000)
  from space 36864K, 58% used [0x00000000f8480000,0x00000000f9997708,0x00000000fa880000)
  to   space 41984K, 0% used [0x00000000f5680000,0x00000000f5680000,0x00000000f7f80000)
 ParOldGen       total 216576K, used 67470K [0x0000000080000000, 0x000000008d380000, 0x00000000d5580000)
  object space 216576K, 31% used [0x0000000080000000,0x00000000841e3a00,0x000000008d380000)
 Metaspace       used 111759K, capacity 116822K, committed 117016K, reserved 1150976K
  class space    used 14592K, capacity 15588K, committed 15664K, reserved 1048576K
Event: 111.358 GC heap after
Heap after GC invocations=19 (full 4):
 PSYoungGen      total 567296K, used 38754K [0x00000000d5580000, 0x00000000ffa80000, 0x0000000100000000)
  eden space 525312K, 0% used [0x00000000d5580000,0x00000000d5580000,0x00000000f5680000)
  from space 41984K, 92% used [0x00000000f5680000,0x00000000f7c58840,0x00000000f7f80000)
  to   space 47104K, 0% used [0x00000000fcc80000,0x00000000fcc80000,0x00000000ffa80000)
 ParOldGen       total 216576K, used 67478K [0x0000000080000000, 0x000000008d380000, 0x00000000d5580000)
  object space 216576K, 31% used [0x0000000080000000,0x00000000841e5a00,0x000000008d380000)
 Metaspace       used 111759K, capacity 116822K, committed 117016K, reserved 1150976K
  class space    used 14592K, capacity 15588K, committed 15664K, reserved 1048576K
}
Event: 910.030 GC heap before
{Heap before GC invocations=20 (full 4):
 PSYoungGen      total 567296K, used 564066K [0x00000000d5580000, 0x00000000ffa80000, 0x0000000100000000)
  eden space 525312K, 100% used [0x00000000d5580000,0x00000000f5680000,0x00000000f5680000)
  from space 41984K, 92% used [0x00000000f5680000,0x00000000f7c58840,0x00000000f7f80000)
  to   space 47104K, 0% used [0x00000000fcc80000,0x00000000fcc80000,0x00000000ffa80000)
 ParOldGen       total 216576K, used 67478K [0x0000000080000000, 0x000000008d380000, 0x00000000d5580000)
  object space 216576K, 31% used [0x0000000080000000,0x00000000841e5a00,0x000000008d380000)
 Metaspace       used 117014K, capacity 122670K, committed 122904K, reserved 1157120K
  class space    used 15093K, capacity 16164K, committed 16176K, reserved 1048576K
Event: 910.107 GC heap after
Heap after GC invocations=20 (full 4):
 PSYoungGen      total 629248K, used 47097K [0x00000000d5580000, 0x0000000100000000, 0x0000000100000000)
  eden space 582144K, 0% used [0x00000000d5580000,0x00000000d5580000,0x00000000f8e00000)
  from space 47104K, 99% used [0x00000000fcc80000,0x00000000ffa7e670,0x00000000ffa80000)
  to   space 58368K, 0% used [0x00000000f8e00000,0x00000000f8e00000,0x00000000fc700000)
 ParOldGen       total 216576K, used 77891K [0x0000000080000000, 0x000000008d380000, 0x00000000d5580000)
  object space 216576K, 35% used [0x0000000080000000,0x0000000084c10ef8,0x000000008d380000)
 Metaspace       used 117014K, capacity 122670K, committed 122904K, reserved 1157120K
  class space    used 15093K, capacity 16164K, committed 16176K, reserved 1048576K
}

Deoptimization events (10 events):
Event: 915.078 Thread 0x000000001b915800 Uncommon trap: reason=bimorphic action=maybe_recompile pc=0x0000000005fc9624 method=com.sun.org.apache.xerces.internal.dom.ParentNode.checkNormalizationAfterInsert(Lcom/sun/org/apache/xerces/internal/dom/ChildNode;)V @ 23
Event: 915.078 Thread 0x000000001b915800 Uncommon trap: reason=bimorphic action=maybe_recompile pc=0x0000000005fc9624 method=com.sun.org.apache.xerces.internal.dom.ParentNode.checkNormalizationAfterInsert(Lcom/sun/org/apache/xerces/internal/dom/ChildNode;)V @ 23
Event: 915.078 Thread 0x000000001b915800 Uncommon trap: reason=bimorphic action=maybe_recompile pc=0x0000000005fc9624 method=com.sun.org.apache.xerces.internal.dom.ParentNode.checkNormalizationAfterInsert(Lcom/sun/org/apache/xerces/internal/dom/ChildNode;)V @ 23
Event: 915.083 Thread 0x000000001b915800 Uncommon trap: reason=class_check action=maybe_recompile pc=0x0000000006007ab4 method=com.sun.org.apache.xerces.internal.dom.ElementImpl.getAttributes()Lorg/w3c/dom/NamedNodeMap; @ 8
Event: 915.088 Thread 0x000000001b915800 Uncommon trap: reason=class_check action=maybe_recompile pc=0x0000000006007ab4 method=com.sun.org.apache.xerces.internal.dom.ElementImpl.getAttributes()Lorg/w3c/dom/NamedNodeMap; @ 8
Event: 915.089 Thread 0x000000001b915800 Uncommon trap: reason=class_check action=maybe_recompile pc=0x0000000006007ab4 method=com.sun.org.apache.xerces.internal.dom.ElementImpl.getAttributes()Lorg/w3c/dom/NamedNodeMap; @ 8
Event: 915.089 Thread 0x000000001b915800 Uncommon trap: reason=class_check action=maybe_recompile pc=0x0000000006007ab4 method=com.sun.org.apache.xerces.internal.dom.ElementImpl.getAttributes()Lorg/w3c/dom/NamedNodeMap; @ 8
Event: 915.131 Thread 0x000000001b915800 Uncommon trap: reason=unstable_if action=reinterpret pc=0x0000000005fca938 method=com.android.utils.XmlUtils.toXmlAttributeValue(Ljava/lang/String;)Ljava/lang/String; @ 33
Event: 915.300 Thread 0x000000001d6ff000 Uncommon trap: reason=unstable_if action=reinterpret pc=0x00000000031b4b48 method=org.gradle.internal.operations.BuildOperationDescriptor$Builder.build(Lorg/gradle/internal/operations/OperationIdentifier;Lorg/gradle/internal/operations/OperationIdentifier
Event: 915.321 Thread 0x000000001d6fd000 Uncommon trap: reason=unstable_if action=reinterpret pc=0x00000000031ba940 method=org.gradle.internal.operations.BuildOperationDescriptor$Builder.build(Lorg/gradle/internal/operations/OperationIdentifier;Lorg/gradle/internal/operations/OperationIdentifier

Classes redefined (0 events):
No events

Internal exceptions (10 events):
Event: 909.683 Thread 0x000000001b6a4800 Exception <a 'sun/nio/fs/WindowsException'> (0x00000000ebdd3030) thrown at [C:\src\AOSP-openjdk-git\hotspot\src\share\vm\prims\jni.cpp, line 710]
Event: 910.219 Thread 0x000000001b915000 Exception <a 'sun/nio/fs/WindowsException'> (0x00000000d84ac458) thrown at [C:\src\AOSP-openjdk-git\hotspot\src\share\vm\prims\jni.cpp, line 710]
Event: 910.980 Thread 0x000000001b915000 Exception <a 'sun/nio/fs/WindowsException'> (0x00000000d9807428) thrown at [C:\src\AOSP-openjdk-git\hotspot\src\share\vm\prims\jni.cpp, line 710]
Event: 910.982 Thread 0x000000001b915000 Exception <a 'sun/nio/fs/WindowsException'> (0x00000000d9810ea0) thrown at [C:\src\AOSP-openjdk-git\hotspot\src\share\vm\prims\jni.cpp, line 710]
Event: 911.034 Thread 0x000000001b915000 Exception <a 'sun/nio/fs/WindowsException'> (0x00000000d98173a0) thrown at [C:\src\AOSP-openjdk-git\hotspot\src\share\vm\prims\jni.cpp, line 710]
Event: 911.456 Thread 0x000000001ef11000 Exception <a 'java/io/IOException'> (0x00000000da213b98) thrown at [C:\src\AOSP-openjdk-git\hotspot\src\share\vm\prims\jni.cpp, line 710]
Event: 915.264 Thread 0x000000001b915800 Exception <a 'java/lang/NoSuchMethodError': <clinit>> (0x00000000e7b8c198) thrown at [C:\src\AOSP-openjdk-git\hotspot\src\share\vm\prims\jni.cpp, line 1615]
Event: 915.265 Thread 0x000000001b915800 Exception <a 'java/lang/NoSuchMethodError': <clinit>> (0x00000000e7b9ca98) thrown at [C:\src\AOSP-openjdk-git\hotspot\src\share\vm\prims\jni.cpp, line 1615]
Event: 915.265 Thread 0x000000001b915800 Exception <a 'java/lang/NoSuchMethodError': <clinit>> (0x00000000e7baceb8) thrown at [C:\src\AOSP-openjdk-git\hotspot\src\share\vm\prims\jni.cpp, line 1615]
Event: 915.266 Thread 0x000000001b915800 Exception <a 'java/lang/NoSuchMethodError': <clinit>> (0x00000000e7bc06d8) thrown at [C:\src\AOSP-openjdk-git\hotspot\src\share\vm\prims\jni.cpp, line 1615]

Events (10 events):
Event: 915.403 loading class org/gradle/internal/work/DefaultWorkerLeaseService$5
Event: 915.403 loading class org/gradle/internal/work/DefaultWorkerLeaseService$5 done
Event: 915.404 loading class org/gradle/internal/work/DefaultWorkerLeaseService$5$1
Event: 915.404 loading class org/gradle/internal/work/DefaultWorkerLeaseService$5$1 done
Event: 915.503 loading class com/android/build/gradle/internal/profile/TaskProfilingRecord$allWorkersFinished$1
Event: 915.503 loading class com/android/build/gradle/internal/profile/TaskProfilingRecord$allWorkersFinished$1 done
Event: 915.503 loading class com/android/build/gradle/internal/profile/TaskProfilingRecord$sam$java_util_function_Predicate$0
Event: 915.503 loading class com/android/build/gradle/internal/profile/TaskProfilingRecord$sam$java_util_function_Predicate$0 done
Event: 915.630 Thread 0x000000001d6ff000 DEOPT PACKING pc=0x00000000060a28c7 sp=0x000000002b34c9c0
Event: 915.630 Thread 0x000000001d6ff000 DEOPT UNPACKING pc=0x0000000002d675d0 sp=0x000000002b34c758 mode 0


Dynamic libraries:
0x00007ff70c820000 - 0x00007ff70c851000 	C:\Program Files\Android\Android Studio\jre\bin\java.exe
0x00007ff9560b0000 - 0x00007ff9562a6000 	C:\WINDOWS\SYSTEM32\ntdll.dll
0x00007ff955d00000 - 0x00007ff955dbd000 	C:\WINDOWS\System32\KERNEL32.DLL
0x00007ff953920000 - 0x00007ff953be9000 	C:\WINDOWS\System32\KERNELBASE.dll
0x00007ff9559b0000 - 0x00007ff955a5c000 	C:\WINDOWS\System32\ADVAPI32.dll
0x00007ff954b60000 - 0x00007ff954bfe000 	C:\WINDOWS\System32\msvcrt.dll
0x00007ff9550c0000 - 0x00007ff95515c000 	C:\WINDOWS\System32\sechost.dll
0x00007ff954f90000 - 0x00007ff9550bb000 	C:\WINDOWS\System32\RPCRT4.dll
0x00007ff955dc0000 - 0x00007ff955f60000 	C:\WINDOWS\System32\USER32.dll
0x00007ff953e40000 - 0x00007ff953e62000 	C:\WINDOWS\System32\win32u.dll
0x00007ff955a60000 - 0x00007ff955a8a000 	C:\WINDOWS\System32\GDI32.dll
0x00007ff953fa0000 - 0x00007ff9540ab000 	C:\WINDOWS\System32\gdi32full.dll
0x00007ff953da0000 - 0x00007ff953e3d000 	C:\WINDOWS\System32\msvcp_win.dll
0x00007ff953820000 - 0x00007ff953920000 	C:\WINDOWS\System32\ucrtbase.dll
0x00007ff942bf0000 - 0x00007ff942e8b000 	C:\WINDOWS\WinSxS\amd64_microsoft.windows.common-controls_6595b64144ccf1df_6.0.19041.746_none_ca02b4b61b8320a4\COMCTL32.dll
0x00007ff954db0000 - 0x00007ff954de0000 	C:\WINDOWS\System32\IMM32.DLL
0x0000000064d10000 - 0x0000000064de2000 	C:\Program Files\Android\Android Studio\jre\jre\bin\msvcr100.dll
0x0000000064df0000 - 0x000000006563b000 	C:\Program Files\Android\Android Studio\jre\jre\bin\server\jvm.dll
0x00007ff955c10000 - 0x00007ff955c18000 	C:\WINDOWS\System32\PSAPI.DLL
0x00007ff9431b0000 - 0x00007ff9431d7000 	C:\WINDOWS\SYSTEM32\WINMM.dll
0x00007ff94bc50000 - 0x00007ff94bc5a000 	C:\WINDOWS\SYSTEM32\VERSION.dll
0x00007ff9339f0000 - 0x00007ff9339f9000 	C:\WINDOWS\SYSTEM32\WSOCK32.dll
0x00007ff955ba0000 - 0x00007ff955c0b000 	C:\WINDOWS\System32\WS2_32.dll
0x00007ff94f480000 - 0x00007ff94f48f000 	C:\Program Files\Android\Android Studio\jre\jre\bin\verify.dll
0x00007ff928780000 - 0x00007ff9287a9000 	C:\Program Files\Android\Android Studio\jre\jre\bin\java.dll
0x00007ff93c7b0000 - 0x00007ff93c7c6000 	C:\Program Files\Android\Android Studio\jre\jre\bin\zip.dll
0x00007ff954410000 - 0x00007ff954b52000 	C:\WINDOWS\System32\SHELL32.dll
0x00007ff951940000 - 0x00007ff9520d0000 	C:\WINDOWS\SYSTEM32\windows.storage.dll
0x00007ff955630000 - 0x00007ff955986000 	C:\WINDOWS\System32\combase.dll
0x00007ff953250000 - 0x00007ff95327c000 	C:\WINDOWS\SYSTEM32\Wldp.dll
0x00007ff955a90000 - 0x00007ff955b3e000 	C:\WINDOWS\System32\SHCORE.dll
0x00007ff9555d0000 - 0x00007ff955625000 	C:\WINDOWS\System32\shlwapi.dll
0x00007ff953720000 - 0x00007ff953746000 	C:\WINDOWS\SYSTEM32\profapi.dll
0x00007ff937ce0000 - 0x00007ff937cfa000 	C:\Program Files\Android\Android Studio\jre\jre\bin\net.dll
0x00007ff952fd0000 - 0x00007ff95303a000 	C:\WINDOWS\system32\mswsock.dll
0x00007ff92c3b0000 - 0x00007ff92c3c3000 	C:\Program Files\Android\Android Studio\jre\jre\bin\nio.dll
0x00007ff93ea20000 - 0x00007ff93ea46000 	C:\Users\Chiaki Hata\.gradle\native\31\windows-amd64\native-platform.dll
0x00007ff94edc0000 - 0x00007ff94edcd000 	C:\Program Files\Android\Android Studio\jre\jre\bin\management.dll
0x00007ff9531b0000 - 0x00007ff9531c8000 	C:\WINDOWS\SYSTEM32\CRYPTSP.dll
0x00007ff952900000 - 0x00007ff952934000 	C:\WINDOWS\system32\rsaenh.dll
0x00007ff9537f0000 - 0x00007ff953817000 	C:\WINDOWS\System32\bcrypt.dll
0x00007ff9536e0000 - 0x00007ff95370e000 	C:\WINDOWS\SYSTEM32\USERENV.dll
0x00007ff953e70000 - 0x00007ff953ef0000 	C:\WINDOWS\System32\bcryptprimitives.dll
0x00007ff9531a0000 - 0x00007ff9531ac000 	C:\WINDOWS\SYSTEM32\CRYPTBASE.dll
0x00007ff952c70000 - 0x00007ff952cab000 	C:\WINDOWS\SYSTEM32\IPHLPAPI.DLL
0x00007ff954400000 - 0x00007ff954408000 	C:\WINDOWS\System32\NSI.dll
0x00007ff945090000 - 0x00007ff9450a7000 	C:\WINDOWS\SYSTEM32\dhcpcsvc6.DLL
0x00007ff948200000 - 0x00007ff94821d000 	C:\WINDOWS\SYSTEM32\dhcpcsvc.DLL
0x00007ff952cb0000 - 0x00007ff952d7b000 	C:\WINDOWS\SYSTEM32\DNSAPI.dll
0x00007ff91ec70000 - 0x00007ff91ec94000 	C:\Program Files\Android\Android Studio\jre\jre\bin\sunec.dll
0x00007ff942f90000 - 0x00007ff942f9a000 	C:\Windows\System32\rasadhlp.dll
0x00007ff944510000 - 0x00007ff94458f000 	C:\WINDOWS\System32\fwpuclnt.dll
0x00007ff94d630000 - 0x00007ff94d63b000 	C:\Program Files\Android\Android Studio\jre\jre\bin\sunmscapi.dll
0x00007ff953c40000 - 0x00007ff953d96000 	C:\WINDOWS\System32\CRYPT32.dll
0x00007ff952530000 - 0x00007ff952563000 	C:\WINDOWS\SYSTEM32\ntmarta.dll
0x00007ff9510b0000 - 0x00007ff951140000 	C:\WINDOWS\system32\apphelp.dll

VM Arguments:
jvm_args: -Xmx2048m -Dfile.encoding=windows-31j -Duser.country=JP -Duser.language=ja -Duser.variant 
java_command: org.gradle.launcher.daemon.bootstrap.GradleDaemon 6.1.1
java_class_path (initial): C:\Users\Chiaki Hata\.gradle\wrapper\dists\gradle-6.1.1-all\cfmwm155h49vnt3hynmlrsdst\gradle-6.1.1\lib\gradle-launcher-6.1.1.jar
Launcher Type: SUN_STANDARD

Environment Variables:
JAVA_HOME=C:\Program Files\java\jdk1.7.0_80
PATH=C:\WINDOWS\system32;C:\WINDOWS;C:\WINDOWS\System32\Wbem;C:\WINDOWS\System32\WindowsPowerShell\v1.0\;C:\WINDOWS\System32\OpenSSH\;C:\Program Files\java\jdk1.7.0_80\bin;C:\Program Files\Intel\WiFi\bin\;C:\Program Files\Common Files\Intel\WirelessCommon\;C:\Program Files\MariaDB 10.1\bin;C:\Users\Chiaki Hata\AppData\Local\Microsoft\WindowsApps;C:\Users\Chiaki Hata\AppData\Local\Programs\Git\cmd;
USERNAME=Chiaki Hata
OS=Windows_NT
PROCESSOR_IDENTIFIER=Intel64 Family 6 Model 142 Stepping 12, GenuineIntel



---------------  S Y S T E M  ---------------

OS: Windows 10.0 , 64 bit Build 19041 (10.0.19041.804)

CPU:total 4 (initial active 4) (2 cores per cpu, 2 threads per core) family 6 model 142 stepping 12, cmov, cx8, fxsr, mmx, sse, sse2, sse3, ssse3, sse4.1, sse4.2, popcnt, avx, avx2, aes, clmul, erms, 3dnowpref, lzcnt, ht, tsc, tscinvbit, bmi1, bmi2, adx

Memory: 4k page, physical 8164132k(1586724k free), swap 8164132k(4324k free)

vm_info: OpenJDK 64-Bit Server VM (25.242-b01) for windows-amd64 JRE (1.8.0_242-release-1644-b01), built by "builder" with MS VC++ 10.0 (VS2010)

time: Thu Feb 18 08:52:04 2021
timezone: ìåãû (ïWèÄéû)
elapsed time: 915 seconds (0d 0h 15m 15s)

