#
# There is insufficient memory for the Java Runtime Environment to continue.
# Native memory allocation (malloc) failed to allocate 407248 bytes for Chunk::new
# Possible reasons:
#   The system is out of physical RAM or swap space
#   The process is running with CompressedOops enabled, and the Java Heap may be blocking the growth of the native heap
# Possible solutions:
#   Reduce memory load on the system
#   Increase physical memory or swap space
#   Check if swap backing store is full
#   Decrease Java heap size (-Xmx/-Xms)
#   Decrease number of Java threads
#   Decrease Java thread stack sizes (-Xss)
#   Set larger code cache with -XX:ReservedCodeCacheSize=
#   JVM is running with Unscaled Compressed Oops mode in which the Java heap is
#     placed in the first 4GB address space. The Java Heap base address is the
#     maximum limit for the native heap growth. Please use -XX:HeapBaseMinAddress
#     to set the Java Heap base and to place the Java Heap above 4GB virtual address.
# This output file may be truncated or incomplete.
#
#  Out of Memory Error (allocation.cpp:389), pid=2820, tid=0x0000000000000404
#
# JRE version: OpenJDK Runtime Environment (8.0_242-b01) (build 1.8.0_242-release-1644-b01)
# Java VM: OpenJDK 64-Bit Server VM (25.242-b01 mixed mode windows-amd64 compressed oops)
# Failed to write core dump. Minidumps are not enabled by default on client versions of Windows
#

---------------  T H R E A D  ---------------

Current thread (0x0000000017d3e800):  JavaThread "C2 CompilerThread0" daemon [_thread_in_native, id=1028, stack(0x0000000019330000,0x0000000019430000)]

Stack: [0x0000000019330000,0x0000000019430000]
[error occurred during error reporting (printing stack bounds), id 0xc0000005]

Native frames: (J=compiled Java code, j=interpreted, Vv=VM code, C=native code)


Current CompileTask:
C2:  16226 11789   !   4       sun.nio.ch.FileChannelImpl::read (240 bytes)


---------------  P R O C E S S  ---------------

Java Threads: ( => current thread )
  0x0000000022486800 JavaThread "RMI TCP Connection(1)-127.0.0.1" daemon [_thread_in_native, id=11272, stack(0x0000000027920000,0x0000000027a20000)]
  0x000000002248a000 JavaThread "RMI Reaper" [_thread_blocked, id=1176, stack(0x0000000027820000,0x0000000027920000)]
  0x000000002248b000 JavaThread "RMI TCP Accept-0" daemon [_thread_in_native, id=4476, stack(0x0000000027720000,0x0000000027820000)]
  0x0000000022485800 JavaThread "GC Daemon" daemon [_thread_blocked, id=4728, stack(0x0000000027620000,0x0000000027720000)]
  0x0000000022488000 JavaThread "RMI RenewClean-[127.0.0.1:17257,org.jetbrains.kotlin.daemon.common.LoopbackNetworkInterface$ClientLoopbackSocketFactory@5b468622]" daemon [_thread_blocked, id=12332, stack(0x0000000027520000,0x0000000027620000)]
  0x0000000022487000 JavaThread "RMI Scheduler(0)" daemon [_thread_blocked, id=13204, stack(0x0000000027420000,0x0000000027520000)]
  0x0000000022484000 JavaThread "WorkerExecutor Queue Thread 2" [_thread_blocked, id=11456, stack(0x0000000027120000,0x0000000027220000)]
  0x0000000022485000 JavaThread "ForkJoinPool.commonPool-worker-3" daemon [_thread_blocked, id=13044, stack(0x0000000026e20000,0x0000000026f20000)]
  0x0000000022483800 JavaThread "ForkJoinPool.commonPool-worker-2" daemon [_thread_blocked, id=13732, stack(0x0000000026bf0000,0x0000000026cf0000)]
  0x000000001e0b3800 JavaThread "ForkJoinPool.commonPool-worker-1" daemon [_thread_blocked, id=12340, stack(0x0000000025e60000,0x0000000025f60000)]
  0x000000001e0b4000 JavaThread "Keep-Alive-Timer" daemon [_thread_blocked, id=2196, stack(0x0000000026af0000,0x0000000026bf0000)]
  0x000000001e0b1000 JavaThread "WorkerExecutor Queue" [_thread_in_native, id=6824, stack(0x0000000025f90000,0x0000000026090000)]
  0x000000001e0b5800 JavaThread "Cache worker for execution history cache (C:\work2\TaskApp\.gradle\6.1.1\executionHistory)" [_thread_blocked, id=13968, stack(0x0000000025760000,0x0000000025860000)]
  0x000000001e0b2800 JavaThread "Execution worker for ':' Thread 3" [_thread_in_native, id=8328, stack(0x0000000025170000,0x0000000025270000)]
  0x000000001e0b5000 JavaThread "Execution worker for ':' Thread 2" [_thread_blocked, id=13256, stack(0x0000000025070000,0x0000000025170000)]
  0x000000001e0b0800 JavaThread "Execution worker for ':'" [_thread_blocked, id=11072, stack(0x0000000024cb0000,0x0000000024db0000)]
  0x000000001e0a9000 JavaThread "Cache worker for file content cache (C:\work2\TaskApp\.gradle\6.1.1\fileContent)" [_thread_blocked, id=8380, stack(0x0000000024f70000,0x0000000025070000)]
  0x000000001e0af800 JavaThread "Cache worker for file content cache (C:\Users\Chiaki Hata\.gradle\caches\6.1.1\fileContent)" [_thread_blocked, id=5440, stack(0x0000000024e70000,0x0000000024f70000)]
  0x000000001e0a8000 JavaThread "Memory manager" [_thread_blocked, id=12368, stack(0x0000000023d80000,0x0000000023e80000)]
  0x000000001e0a9800 JavaThread "Cache worker for Build Output Cleanup Cache (C:\work2\TaskApp\.gradle\buildOutputCleanup)" [_thread_blocked, id=2684, stack(0x0000000023a80000,0x0000000023b80000)]
  0x000000001e0a7800 JavaThread "pool-1-thread-1" [_thread_blocked, id=10268, stack(0x0000000023780000,0x0000000023880000)]
  0x000000001e0ac800 JavaThread "Build operations Thread 4" [_thread_blocked, id=7144, stack(0x0000000023280000,0x0000000023380000)]
  0x000000001e0ae000 JavaThread "Build operations Thread 3" [_thread_blocked, id=3652, stack(0x0000000023180000,0x0000000023280000)]
  0x000000001e0ad800 JavaThread "Build operations Thread 2" [_thread_blocked, id=12576, stack(0x0000000022dd0000,0x0000000022ed0000)]
  0x000000001e0ab000 JavaThread "Build operations" [_thread_blocked, id=12540, stack(0x0000000022cd0000,0x0000000022dd0000)]
  0x000000001b6ad800 JavaThread "Cache worker for execution history cache (C:\Users\Chiaki Hata\.gradle\caches\6.1.1\executionHistory)" [_thread_blocked, id=5992, stack(0x000000001fe90000,0x000000001ff90000)]
  0x000000001b6ae000 JavaThread "Cache worker for cache directory md-rule (C:\Users\Chiaki Hata\.gradle\caches\6.1.1\md-rule)" [_thread_blocked, id=13136, stack(0x000000001fd90000,0x000000001fe90000)]
  0x000000001b6b2000 JavaThread "Cache worker for cache directory md-supplier (C:\Users\Chiaki Hata\.gradle\caches\6.1.1\md-supplier)" [_thread_blocked, id=12648, stack(0x000000001fc90000,0x000000001fd90000)]
  0x000000001b6b2800 JavaThread "Cache worker for file hash cache (C:\work2\TaskApp\.gradle\6.1.1\fileHashes)" [_thread_blocked, id=3032, stack(0x0000000020230000,0x0000000020330000)]
  0x000000001b6b3800 JavaThread "Cache worker for checksums cache (C:\work2\TaskApp\.gradle\checksums)" [_thread_blocked, id=8836, stack(0x000000001e780000,0x000000001e880000)]
  0x000000001b6b1000 JavaThread "Cache worker for file hash cache (C:\Users\Chiaki Hata\.gradle\caches\6.1.1\fileHashes)" [_thread_blocked, id=4672, stack(0x000000001d6b0000,0x000000001d7b0000)]
  0x000000001b6ac800 JavaThread "File lock request listener" [_thread_in_native, id=11656, stack(0x000000001d5b0000,0x000000001d6b0000)]
  0x000000001b7a1000 JavaThread "Cache worker for journal cache (C:\Users\Chiaki Hata\.gradle\caches\journal-1)" [_thread_blocked, id=9204, stack(0x000000001d4b0000,0x000000001d5b0000)]
  0x000000001b778000 JavaThread "Thread-9" [_thread_blocked, id=5064, stack(0x000000001d1b0000,0x000000001d2b0000)]
  0x000000001b6fa800 JavaThread "Stdin handler" [_thread_blocked, id=5864, stack(0x000000001d0b0000,0x000000001d1b0000)]
  0x000000001b775800 JavaThread "Asynchronous log dispatcher for DefaultDaemonConnection: socket connection from /127.0.0.1:50120 to /127.0.0.1:50121" [_thread_blocked, id=1200, stack(0x000000001cfb0000,0x000000001d0b0000)]
  0x000000001b77d800 JavaThread "Daemon worker" [_thread_blocked, id=7292, stack(0x000000001ceb0000,0x000000001cfb0000)]
  0x000000001b77e800 JavaThread "Cancel handler" [_thread_blocked, id=14304, stack(0x000000001cdb0000,0x000000001ceb0000)]
  0x000000001a651800 JavaThread "Handler for socket connection from /127.0.0.1:50120 to /127.0.0.1:50121" [_thread_in_native, id=12692, stack(0x000000001ccb0000,0x000000001cdb0000)]
  0x000000001b389800 JavaThread "Daemon" [_thread_blocked, id=13444, stack(0x000000001c9b0000,0x000000001cab0000)]
  0x000000001b606000 JavaThread "Daemon periodic checks" [_thread_blocked, id=10916, stack(0x000000001c8b0000,0x000000001c9b0000)]
  0x000000001b16b800 JavaThread "Incoming local TCP Connector on port 50120" [_thread_in_native, id=5364, stack(0x000000001c6d0000,0x000000001c7d0000)]
  0x000000001b471800 JavaThread "Daemon health stats" [_thread_blocked, id=12724, stack(0x000000001c5d0000,0x000000001c6d0000)]
  0x00000000194aa800 JavaThread "Service Thread" daemon [_thread_blocked, id=9580, stack(0x0000000019a30000,0x0000000019b30000)]
  0x0000000017d8d000 JavaThread "C1 CompilerThread2" daemon [_thread_blocked, id=10080, stack(0x0000000019930000,0x0000000019a30000)]
  0x0000000019438800 JavaThread "C2 CompilerThread1" daemon [_thread_in_native, id=4716, stack(0x0000000019830000,0x0000000019930000)]
=>0x0000000017d3e800 JavaThread "C2 CompilerThread0" daemon [_thread_in_native, id=1028, stack(0x0000000019330000,0x0000000019430000)]
  0x0000000017d3d800 JavaThread "Attach Listener" daemon [_thread_blocked, id=10108, stack(0x0000000019230000,0x0000000019330000)]
  0x0000000017d28000 JavaThread "Signal Dispatcher" daemon [_thread_blocked, id=13212, stack(0x0000000019130000,0x0000000019230000)]
  0x000000000310c000 JavaThread "Finalizer" daemon [_thread_blocked, id=11728, stack(0x0000000018f90000,0x0000000019090000)]
  0x0000000017d19000 JavaThread "Reference Handler" daemon [_thread_blocked, id=11824, stack(0x0000000018e90000,0x0000000018f90000)]
  0x00000000012ce000 JavaThread "main" [_thread_blocked, id=10472, stack(0x0000000002b80000,0x0000000002c80000)]

Other Threads:
  0x0000000017cf6000 VMThread [stack: 0x0000000018d90000,0x0000000018e90000] [id=9568]
  0x00000000194ab000 WatcherThread [stack: 0x0000000019b30000,0x0000000019c30000] [id=9940]

VM state:not at safepoint (normal execution)

VM Mutex/Monitor currently owned by a thread: None

heap address: 0x0000000080000000, size: 2048 MB, Compressed Oops mode: 32-bit
Narrow klass base: 0x0000000000000000, Narrow klass shift: 3
Compressed class space size: 1073741824 Address: 0x0000000100000000

Heap:
 PSYoungGen      total 406016K, used 316261K [0x00000000d5580000, 0x00000000f0d80000, 0x0000000100000000)
  eden space 376320K, 77% used [0x00000000d5580000,0x00000000e72d3400,0x00000000ec500000)
  from space 29696K, 81% used [0x00000000ee480000,0x00000000efc06158,0x00000000f0180000)
  to   space 32256K, 0% used [0x00000000ec500000,0x00000000ec500000,0x00000000ee480000)
 ParOldGen       total 118272K, used 54252K [0x0000000080000000, 0x0000000087380000, 0x00000000d5580000)
  object space 118272K, 45% used [0x0000000080000000,0x00000000834fb000,0x0000000087380000)
 Metaspace       used 84709K, capacity 88270K, committed 88344K, reserved 1126400K
  class space    used 11019K, capacity 11788K, committed 11824K, reserved 1048576K

Card table byte_map: [0x00000000124d0000,0x00000000128e0000] byte_map_base: 0x00000000120d0000

Marking Bits: (ParMarkBitMap*) 0x00000000655bf030
 Begin Bits: [0x0000000012f90000, 0x0000000014f90000)
 End Bits:   [0x0000000014f90000, 0x0000000016f90000)

Polling page: 0x00000000012b0000

CodeCache: size=245760Kb used=32614Kb max_used=32628Kb free=213145Kb
 bounds [0x0000000003110000, 0x0000000005110000, 0x0000000012110000]
 total_blobs=11146 nmethods=10255 adapters=803
 compilation: enabled

Compilation events (10 events):
Event: 16.161 Thread 0x0000000017d3e800 nmethod 11790 0x00000000050fc9d0 code [0x00000000050fcb00, 0x00000000050fcb78]
Event: 16.161 Thread 0x0000000017d3e800 11789   !   4       sun.nio.ch.FileChannelImpl::read (240 bytes)
Event: 16.165 Thread 0x0000000017d8d000 11792       1       com.android.tools.build.apkzlib.zip.StoredEntry::access$100 (5 bytes)
Event: 16.165 Thread 0x0000000017d8d000 nmethod 11792 0x00000000050f7e50 code [0x00000000050f7fa0, 0x00000000050f8090]
Event: 16.167 Thread 0x0000000017d8d000 11793       1       com.android.tools.build.apkzlib.zip.FileUseMap::size (5 bytes)
Event: 16.168 Thread 0x0000000017d8d000 nmethod 11793 0x00000000050f7b90 code [0x00000000050f7ce0, 0x00000000050f7df0]
Event: 16.177 Thread 0x0000000017d8d000 11795       3       com.google.common.collect.Iterators::singletonIterator (9 bytes)
Event: 16.177 Thread 0x0000000017d8d000 nmethod 11795 0x00000000050f7610 code [0x00000000050f7780, 0x00000000050f7a30]
Event: 16.178 Thread 0x0000000017d8d000 11796       3       com.google.common.collect.Iterators$9::next (25 bytes)
Event: 16.178 Thread 0x0000000017d8d000 nmethod 11796 0x0000000005106e50 code [0x0000000005106fc0, 0x0000000005107228]

GC Heap History (10 events):
Event: 6.720 GC heap before
{Heap before GC invocations=11 (full 2):
 PSYoungGen      total 244224K, used 230912K [0x00000000d5580000, 0x00000000e5400000, 0x0000000100000000)
  eden space 230912K, 100% used [0x00000000d5580000,0x00000000e3700000,0x00000000e3700000)
  from space 13312K, 0% used [0x00000000e4700000,0x00000000e4700000,0x00000000e5400000)
  to   space 14848K, 0% used [0x00000000e3700000,0x00000000e3700000,0x00000000e4580000)
 ParOldGen       total 77824K, used 16274K [0x0000000080000000, 0x0000000084c00000, 0x00000000d5580000)
  object space 77824K, 20% used [0x0000000080000000,0x0000000080fe4ac0,0x0000000084c00000)
 Metaspace       used 51663K, capacity 53436K, committed 53672K, reserved 1095680K
  class space    used 6869K, capacity 7274K, committed 7344K, reserved 1048576K
Event: 6.748 GC heap after
Heap after GC invocations=11 (full 2):
 PSYoungGen      total 245760K, used 14828K [0x00000000d5580000, 0x00000000eaa00000, 0x0000000100000000)
  eden space 230912K, 0% used [0x00000000d5580000,0x00000000d5580000,0x00000000e3700000)
  from space 14848K, 99% used [0x00000000e3700000,0x00000000e457b340,0x00000000e4580000)
  to   space 21504K, 0% used [0x00000000e9500000,0x00000000e9500000,0x00000000eaa00000)
 ParOldGen       total 77824K, used 28054K [0x0000000080000000, 0x0000000084c00000, 0x00000000d5580000)
  object space 77824K, 36% used [0x0000000080000000,0x0000000081b65bc0,0x0000000084c00000)
 Metaspace       used 51663K, capacity 53436K, committed 53672K, reserved 1095680K
  class space    used 6869K, capacity 7274K, committed 7344K, reserved 1048576K
}
Event: 7.572 GC heap before
{Heap before GC invocations=12 (full 2):
 PSYoungGen      total 245760K, used 86034K [0x00000000d5580000, 0x00000000eaa00000, 0x0000000100000000)
  eden space 230912K, 30% used [0x00000000d5580000,0x00000000d9b09658,0x00000000e3700000)
  from space 14848K, 99% used [0x00000000e3700000,0x00000000e457b340,0x00000000e4580000)
  to   space 21504K, 0% used [0x00000000e9500000,0x00000000e9500000,0x00000000eaa00000)
 ParOldGen       total 77824K, used 28054K [0x0000000080000000, 0x0000000084c00000, 0x00000000d5580000)
  object space 77824K, 36% used [0x0000000080000000,0x0000000081b65bc0,0x0000000084c00000)
 Metaspace       used 56973K, capacity 59050K, committed 59160K, reserved 1099776K
  class space    used 7704K, capacity 8175K, committed 8240K, reserved 1048576K
Event: 7.601 GC heap after
Heap after GC invocations=12 (full 2):
 PSYoungGen      total 323584K, used 21499K [0x00000000d5580000, 0x00000000eb000000, 0x0000000100000000)
  eden space 302080K, 0% used [0x00000000d5580000,0x00000000d5580000,0x00000000e7c80000)
  from space 21504K, 99% used [0x00000000e9500000,0x00000000ea9fee70,0x00000000eaa00000)
  to   space 25088K, 0% used [0x00000000e7c80000,0x00000000e7c80000,0x00000000e9500000)
 ParOldGen       total 77824K, used 29328K [0x0000000080000000, 0x0000000084c00000, 0x00000000d5580000)
  object space 77824K, 37% used [0x0000000080000000,0x0000000081ca40f8,0x0000000084c00000)
 Metaspace       used 56973K, capacity 59050K, committed 59160K, reserved 1099776K
  class space    used 7704K, capacity 8175K, committed 8240K, reserved 1048576K
}
Event: 7.601 GC heap before
{Heap before GC invocations=13 (full 3):
 PSYoungGen      total 323584K, used 21499K [0x00000000d5580000, 0x00000000eb000000, 0x0000000100000000)
  eden space 302080K, 0% used [0x00000000d5580000,0x00000000d5580000,0x00000000e7c80000)
  from space 21504K, 99% used [0x00000000e9500000,0x00000000ea9fee70,0x00000000eaa00000)
  to   space 25088K, 0% used [0x00000000e7c80000,0x00000000e7c80000,0x00000000e9500000)
 ParOldGen       total 77824K, used 29328K [0x0000000080000000, 0x0000000084c00000, 0x00000000d5580000)
  object space 77824K, 37% used [0x0000000080000000,0x0000000081ca40f8,0x0000000084c00000)
 Metaspace       used 56973K, capacity 59050K, committed 59160K, reserved 1099776K
  class space    used 7704K, capacity 8175K, committed 8240K, reserved 1048576K
Event: 7.799 GC heap after
Heap after GC invocations=13 (full 3):
 PSYoungGen      total 323584K, used 0K [0x00000000d5580000, 0x00000000eb000000, 0x0000000100000000)
  eden space 302080K, 0% used [0x00000000d5580000,0x00000000d5580000,0x00000000e7c80000)
  from space 21504K, 0% used [0x00000000e9500000,0x00000000e9500000,0x00000000eaa00000)
  to   space 25088K, 0% used [0x00000000e7c80000,0x00000000e7c80000,0x00000000e9500000)
 ParOldGen       total 118272K, used 35676K [0x0000000080000000, 0x0000000087380000, 0x00000000d5580000)
  object space 118272K, 30% used [0x0000000080000000,0x00000000822d70a0,0x0000000087380000)
 Metaspace       used 56973K, capacity 59050K, committed 59160K, reserved 1099776K
  class space    used 7704K, capacity 8175K, committed 8240K, reserved 1048576K
}
Event: 11.239 GC heap before
{Heap before GC invocations=14 (full 3):
 PSYoungGen      total 323584K, used 302080K [0x00000000d5580000, 0x00000000eb000000, 0x0000000100000000)
  eden space 302080K, 100% used [0x00000000d5580000,0x00000000e7c80000,0x00000000e7c80000)
  from space 21504K, 0% used [0x00000000e9500000,0x00000000e9500000,0x00000000eaa00000)
  to   space 25088K, 0% used [0x00000000e7c80000,0x00000000e7c80000,0x00000000e9500000)
 ParOldGen       total 118272K, used 35676K [0x0000000080000000, 0x0000000087380000, 0x00000000d5580000)
  object space 118272K, 30% used [0x0000000080000000,0x00000000822d70a0,0x0000000087380000)
 Metaspace       used 67266K, capacity 70070K, committed 70168K, reserved 1110016K
  class space    used 9160K, capacity 9736K, committed 9776K, reserved 1048576K
Event: 11.268 GC heap after
Heap after GC invocations=14 (full 3):
 PSYoungGen      total 327168K, used 25086K [0x00000000d5580000, 0x00000000f0180000, 0x0000000100000000)
  eden space 302080K, 0% used [0x00000000d5580000,0x00000000d5580000,0x00000000e7c80000)
  from space 25088K, 99% used [0x00000000e7c80000,0x00000000e94ff800,0x00000000e9500000)
  to   space 29696K, 0% used [0x00000000ee480000,0x00000000ee480000,0x00000000f0180000)
 ParOldGen       total 118272K, used 36630K [0x0000000080000000, 0x0000000087380000, 0x00000000d5580000)
  object space 118272K, 30% used [0x0000000080000000,0x00000000823c5978,0x0000000087380000)
 Metaspace       used 67266K, capacity 70070K, committed 70168K, reserved 1110016K
  class space    used 9160K, capacity 9736K, committed 9776K, reserved 1048576K
}
Event: 12.267 GC heap before
{Heap before GC invocations=15 (full 3):
 PSYoungGen      total 327168K, used 327166K [0x00000000d5580000, 0x00000000f0180000, 0x0000000100000000)
  eden space 302080K, 100% used [0x00000000d5580000,0x00000000e7c80000,0x00000000e7c80000)
  from space 25088K, 99% used [0x00000000e7c80000,0x00000000e94ff800,0x00000000e9500000)
  to   space 29696K, 0% used [0x00000000ee480000,0x00000000ee480000,0x00000000f0180000)
 ParOldGen       total 118272K, used 36630K [0x0000000080000000, 0x0000000087380000, 0x00000000d5580000)
  object space 118272K, 30% used [0x0000000080000000,0x00000000823c5978,0x0000000087380000)
 Metaspace       used 70615K, capacity 73726K, committed 74008K, reserved 1114112K
  class space    used 9558K, capacity 10162K, committed 10288K, reserved 1048576K
Event: 12.319 GC heap after
Heap after GC invocations=15 (full 3):
 PSYoungGen      total 406016K, used 24088K [0x00000000d5580000, 0x00000000f0d80000, 0x0000000100000000)
  eden space 376320K, 0% used [0x00000000d5580000,0x00000000d5580000,0x00000000ec500000)
  from space 29696K, 81% used [0x00000000ee480000,0x00000000efc06158,0x00000000f0180000)
  to   space 32256K, 0% used [0x00000000ec500000,0x00000000ec500000,0x00000000ee480000)
 ParOldGen       total 118272K, used 54252K [0x0000000080000000, 0x0000000087380000, 0x00000000d5580000)
  object space 118272K, 45% used [0x0000000080000000,0x00000000834fb000,0x0000000087380000)
 Metaspace       used 70615K, capacity 73726K, committed 74008K, reserved 1114112K
  class space    used 9558K, capacity 10162K, committed 10288K, reserved 1048576K
}

Deoptimization events (10 events):
Event: 16.047 Thread 0x000000001e0b2800 Uncommon trap: reason=class_check action=maybe_recompile pc=0x00000000037a3d78 method=java.io.DataOutputStream.write(I)V @ 5
Event: 16.047 Thread 0x000000001e0b2800 Uncommon trap: reason=class_check action=maybe_recompile pc=0x00000000037a3d78 method=java.io.DataOutputStream.write(I)V @ 5
Event: 16.047 Thread 0x000000001e0b2800 Uncommon trap: reason=class_check action=maybe_recompile pc=0x00000000037a3d78 method=java.io.DataOutputStream.write(I)V @ 5
Event: 16.047 Thread 0x000000001e0b2800 Uncommon trap: reason=class_check action=maybe_recompile pc=0x00000000037a3d78 method=java.io.DataOutputStream.write(I)V @ 5
Event: 16.072 Thread 0x000000001e0b2800 Uncommon trap: reason=class_check action=maybe_recompile pc=0x0000000003875f28 method=java.util.WeakHashMap.eq(Ljava/lang/Object;Ljava/lang/Object;)Z @ 7
Event: 16.080 Thread 0x000000001e0b2800 Uncommon trap: reason=class_check action=maybe_recompile pc=0x00000000040671e0 method=java.lang.reflect.Array.newInstance(Ljava/lang/Class;I)Ljava/lang/Object; @ 2
Event: 16.085 Thread 0x000000001e0b2800 Uncommon trap: reason=bimorphic action=maybe_recompile pc=0x00000000037b9934 method=java.io.DataOutputStream.writeShort(I)V @ 12
Event: 16.120 Thread 0x000000001e0b2800 Uncommon trap: reason=bimorphic action=maybe_recompile pc=0x00000000037b9934 method=java.io.DataOutputStream.writeShort(I)V @ 12
Event: 16.137 Thread 0x0000000022486800 Uncommon trap: reason=class_check action=maybe_recompile pc=0x00000000040d06f0 method=java.lang.ThreadLocal.set(Ljava/lang/Object;)V @ 26
Event: 16.140 Thread 0x0000000022486800 Uncommon trap: reason=class_check action=maybe_recompile pc=0x00000000040671e0 method=java.lang.reflect.Array.newInstance(Ljava/lang/Class;I)Ljava/lang/Object; @ 2

Classes redefined (0 events):
No events

Internal exceptions (10 events):
Event: 16.066 Thread 0x000000001e0b2800 Exception <a 'java/lang/NoSuchMethodError': <clinit>> (0x00000000e5e905e0) thrown at [C:\src\AOSP-openjdk-git\hotspot\src\share\vm\prims\jni.cpp, line 1615]
Event: 16.074 Thread 0x000000001e0b2800 Exception <a 'java/lang/NoSuchMethodError': <clinit>> (0x00000000e5ea9818) thrown at [C:\src\AOSP-openjdk-git\hotspot\src\share\vm\prims\jni.cpp, line 1615]
Event: 16.076 Thread 0x000000001e0b2800 Exception <a 'java/lang/NoSuchMethodError': <clinit>> (0x00000000e5ecf9b8) thrown at [C:\src\AOSP-openjdk-git\hotspot\src\share\vm\prims\jni.cpp, line 1615]
Event: 16.083 Thread 0x0000000022488000 Exception <a 'java/lang/InterruptedException'> (0x00000000e61585f8) thrown at [C:\src\AOSP-openjdk-git\hotspot\src\share\vm\runtime\objectMonitor.cpp, line 1680]
Event: 16.089 Thread 0x000000001e0b2800 Exception <a 'java/lang/NoSuchMethodError': <clinit>> (0x00000000e5f225f0) thrown at [C:\src\AOSP-openjdk-git\hotspot\src\share\vm\prims\jni.cpp, line 1615]
Event: 16.091 Thread 0x000000001e0b2800 Exception <a 'java/lang/NoSuchMethodError': <clinit>> (0x00000000e5f30500) thrown at [C:\src\AOSP-openjdk-git\hotspot\src\share\vm\prims\jni.cpp, line 1615]
Event: 16.092 Thread 0x000000001e0b2800 Exception <a 'java/lang/NoSuchMethodError': <clinit>> (0x00000000e5f43538) thrown at [C:\src\AOSP-openjdk-git\hotspot\src\share\vm\prims\jni.cpp, line 1615]
Event: 16.100 Thread 0x000000001e0b2800 Exception <a 'java/lang/NoSuchMethodError': <clinit>> (0x00000000e64147e8) thrown at [C:\src\AOSP-openjdk-git\hotspot\src\share\vm\prims\jni.cpp, line 1615]
Event: 16.120 Thread 0x000000001e0b2800 Exception <a 'java/lang/NoSuchMethodError': <clinit>> (0x00000000e67fdc10) thrown at [C:\src\AOSP-openjdk-git\hotspot\src\share\vm\prims\jni.cpp, line 1615]
Event: 16.123 Thread 0x000000001e0b2800 Exception <a 'java/lang/NoSuchMethodError': <clinit>> (0x00000000e69b46c8) thrown at [C:\src\AOSP-openjdk-git\hotspot\src\share\vm\prims\jni.cpp, line 1615]

Events (10 events):
Event: 16.139 Executing VM operation: RevokeBias done
Event: 16.140 Thread 0x0000000022486800 Uncommon trap: trap_request=0xffffffde fr.pc=0x00000000040671e0
Event: 16.140 Thread 0x0000000022486800 DEOPT PACKING pc=0x00000000040671e0 sp=0x0000000027a1c640
Event: 16.140 Thread 0x0000000022486800 DEOPT UNPACKING pc=0x000000000315557b sp=0x0000000027a1c5e0 mode 2
Event: 16.140 loading class sun/rmi/transport/DGCImpl$LeaseInfo
Event: 16.140 loading class sun/rmi/transport/DGCImpl$LeaseInfo done
Event: 16.141 loading class sun/rmi/transport/DGCImpl$1
Event: 16.141 loading class sun/rmi/transport/DGCImpl$1 done
Event: 16.141 loading class sun/rmi/transport/SequenceEntry
Event: 16.141 loading class sun/rmi/transport/SequenceEntry done


Dynamic libraries:
0x00007ff70c820000 - 0x00007ff70c851000 	C:\Program Files\Android\Android Studio\jre\bin\java.exe
0x00007ff9560b0000 - 0x00007ff9562a6000 	C:\WINDOWS\SYSTEM32\ntdll.dll
0x00007ff955d00000 - 0x00007ff955dbd000 	C:\WINDOWS\System32\KERNEL32.DLL
0x00007ff953920000 - 0x00007ff953be9000 	C:\WINDOWS\System32\KERNELBASE.dll
0x00007ff9559b0000 - 0x00007ff955a5c000 	C:\WINDOWS\System32\ADVAPI32.dll
0x00007ff954b60000 - 0x00007ff954bfe000 	C:\WINDOWS\System32\msvcrt.dll
0x00007ff9550c0000 - 0x00007ff95515c000 	C:\WINDOWS\System32\sechost.dll
0x00007ff954f90000 - 0x00007ff9550bb000 	C:\WINDOWS\System32\RPCRT4.dll
0x00007ff955dc0000 - 0x00007ff955f60000 	C:\WINDOWS\System32\USER32.dll
0x00007ff953e40000 - 0x00007ff953e62000 	C:\WINDOWS\System32\win32u.dll
0x00007ff955a60000 - 0x00007ff955a8a000 	C:\WINDOWS\System32\GDI32.dll
0x00007ff953fa0000 - 0x00007ff9540ab000 	C:\WINDOWS\System32\gdi32full.dll
0x00007ff953da0000 - 0x00007ff953e3d000 	C:\WINDOWS\System32\msvcp_win.dll
0x00007ff953820000 - 0x00007ff953920000 	C:\WINDOWS\System32\ucrtbase.dll
0x00007ff942bf0000 - 0x00007ff942e8b000 	C:\WINDOWS\WinSxS\amd64_microsoft.windows.common-controls_6595b64144ccf1df_6.0.19041.746_none_ca02b4b61b8320a4\COMCTL32.dll
0x00007ff954db0000 - 0x00007ff954de0000 	C:\WINDOWS\System32\IMM32.DLL
0x0000000064d10000 - 0x0000000064de2000 	C:\Program Files\Android\Android Studio\jre\jre\bin\msvcr100.dll
0x0000000064df0000 - 0x000000006563b000 	C:\Program Files\Android\Android Studio\jre\jre\bin\server\jvm.dll
0x00007ff955c10000 - 0x00007ff955c18000 	C:\WINDOWS\System32\PSAPI.DLL
0x00007ff9339f0000 - 0x00007ff9339f9000 	C:\WINDOWS\SYSTEM32\WSOCK32.dll
0x00007ff9431b0000 - 0x00007ff9431d7000 	C:\WINDOWS\SYSTEM32\WINMM.dll
0x00007ff955ba0000 - 0x00007ff955c0b000 	C:\WINDOWS\System32\WS2_32.dll
0x00007ff94bc50000 - 0x00007ff94bc5a000 	C:\WINDOWS\SYSTEM32\VERSION.dll
0x00007ff94f480000 - 0x00007ff94f48f000 	C:\Program Files\Android\Android Studio\jre\jre\bin\verify.dll
0x00007ff928780000 - 0x00007ff9287a9000 	C:\Program Files\Android\Android Studio\jre\jre\bin\java.dll
0x00007ff93c7b0000 - 0x00007ff93c7c6000 	C:\Program Files\Android\Android Studio\jre\jre\bin\zip.dll
0x00007ff954410000 - 0x00007ff954b52000 	C:\WINDOWS\System32\SHELL32.dll
0x00007ff951940000 - 0x00007ff9520d0000 	C:\WINDOWS\SYSTEM32\windows.storage.dll
0x00007ff955630000 - 0x00007ff955986000 	C:\WINDOWS\System32\combase.dll
0x00007ff953250000 - 0x00007ff95327c000 	C:\WINDOWS\SYSTEM32\Wldp.dll
0x00007ff955a90000 - 0x00007ff955b3e000 	C:\WINDOWS\System32\SHCORE.dll
0x00007ff9555d0000 - 0x00007ff955625000 	C:\WINDOWS\System32\shlwapi.dll
0x00007ff953720000 - 0x00007ff953746000 	C:\WINDOWS\SYSTEM32\profapi.dll
0x00007ff937ce0000 - 0x00007ff937cfa000 	C:\Program Files\Android\Android Studio\jre\jre\bin\net.dll
0x00007ff952fd0000 - 0x00007ff95303a000 	C:\WINDOWS\system32\mswsock.dll
0x00007ff92c3b0000 - 0x00007ff92c3c3000 	C:\Program Files\Android\Android Studio\jre\jre\bin\nio.dll
0x00007ff93ea20000 - 0x00007ff93ea46000 	C:\Users\Chiaki Hata\.gradle\native\31\windows-amd64\native-platform.dll
0x00007ff94edc0000 - 0x00007ff94edcd000 	C:\Program Files\Android\Android Studio\jre\jre\bin\management.dll
0x00007ff9531b0000 - 0x00007ff9531c8000 	C:\WINDOWS\SYSTEM32\CRYPTSP.dll
0x00007ff952900000 - 0x00007ff952934000 	C:\WINDOWS\system32\rsaenh.dll
0x00007ff9537f0000 - 0x00007ff953817000 	C:\WINDOWS\System32\bcrypt.dll
0x00007ff9536e0000 - 0x00007ff95370e000 	C:\WINDOWS\SYSTEM32\USERENV.dll
0x00007ff953e70000 - 0x00007ff953ef0000 	C:\WINDOWS\System32\bcryptprimitives.dll
0x00007ff9531a0000 - 0x00007ff9531ac000 	C:\WINDOWS\SYSTEM32\CRYPTBASE.dll
0x00007ff952c70000 - 0x00007ff952cab000 	C:\WINDOWS\SYSTEM32\IPHLPAPI.DLL
0x00007ff954400000 - 0x00007ff954408000 	C:\WINDOWS\System32\NSI.dll
0x00007ff945090000 - 0x00007ff9450a7000 	C:\WINDOWS\SYSTEM32\dhcpcsvc6.DLL
0x00007ff948200000 - 0x00007ff94821d000 	C:\WINDOWS\SYSTEM32\dhcpcsvc.DLL
0x00007ff952cb0000 - 0x00007ff952d7b000 	C:\WINDOWS\SYSTEM32\DNSAPI.dll
0x00007ff94ba00000 - 0x00007ff94ba24000 	C:\Program Files\Android\Android Studio\jre\jre\bin\sunec.dll
0x00007ff94f490000 - 0x00007ff94f49b000 	C:\Program Files\Android\Android Studio\jre\jre\bin\sunmscapi.dll
0x00007ff953c40000 - 0x00007ff953d96000 	C:\WINDOWS\System32\CRYPT32.dll
0x00007ff942f90000 - 0x00007ff942f9a000 	C:\Windows\System32\rasadhlp.dll
0x00007ff944510000 - 0x00007ff94458f000 	C:\WINDOWS\System32\fwpuclnt.dll

VM Arguments:
jvm_args: -Xmx2048m -Dfile.encoding=windows-31j -Duser.country=JP -Duser.language=ja -Duser.variant 
java_command: org.gradle.launcher.daemon.bootstrap.GradleDaemon 6.1.1
java_class_path (initial): C:\Users\Chiaki Hata\.gradle\wrapper\dists\gradle-6.1.1-all\cfmwm155h49vnt3hynmlrsdst\gradle-6.1.1\lib\gradle-launcher-6.1.1.jar
Launcher Type: SUN_STANDARD

Environment Variables:
JAVA_HOME=C:\Program Files\java\jdk1.7.0_80
PATH=C:\WINDOWS\system32;C:\WINDOWS;C:\WINDOWS\System32\Wbem;C:\WINDOWS\System32\WindowsPowerShell\v1.0\;C:\WINDOWS\System32\OpenSSH\;C:\Program Files\java\jdk1.7.0_80\bin;C:\Program Files\Intel\WiFi\bin\;C:\Program Files\Common Files\Intel\WirelessCommon\;C:\Program Files\MariaDB 10.1\bin;C:\Users\Chiaki Hata\AppData\Local\Microsoft\WindowsApps;C:\Users\Chiaki Hata\AppData\Local\Programs\Git\cmd;
USERNAME=Chiaki Hata
OS=Windows_NT
PROCESSOR_IDENTIFIER=Intel64 Family 6 Model 142 Stepping 12, GenuineIntel



---------------  S Y S T E M  ---------------

OS: Windows 10.0 , 64 bit Build 19041 (10.0.19041.804)

CPU:total 4 (initial active 4) (2 cores per cpu, 2 threads per core) family 6 model 142 stepping 12, cmov, cx8, fxsr, mmx, sse, sse2, sse3, ssse3, sse4.1, sse4.2, popcnt, avx, avx2, aes, clmul, erms, 3dnowpref, lzcnt, ht, tsc, tscinvbit, bmi1, bmi2, adx

Memory: 4k page, physical 8164132k(1942880k free), swap 8164132k(5488k free)

vm_info: OpenJDK 64-Bit Server VM (25.242-b01) for windows-amd64 JRE (1.8.0_242-release-1644-b01), built by "builder" with MS VC++ 10.0 (VS2010)

time: Thu Feb 18 08:57:38 2021
timezone: ìåãû (ïWèÄéû)
elapsed time: 16 seconds (0d 0h 0m 16s)

