#
# There is insufficient memory for the Java Runtime Environment to continue.
# Native memory allocation (malloc) failed to allocate 369696 bytes for Chunk::new
# Possible reasons:
#   The system is out of physical RAM or swap space
#   The process is running with CompressedOops enabled, and the Java Heap may be blocking the growth of the native heap
# Possible solutions:
#   Reduce memory load on the system
#   Increase physical memory or swap space
#   Check if swap backing store is full
#   Decrease Java heap size (-Xmx/-Xms)
#   Decrease number of Java threads
#   Decrease Java thread stack sizes (-Xss)
#   Set larger code cache with -XX:ReservedCodeCacheSize=
#   JVM is running with Unscaled Compressed Oops mode in which the Java heap is
#     placed in the first 4GB address space. The Java Heap base address is the
#     maximum limit for the native heap growth. Please use -XX:HeapBaseMinAddress
#     to set the Java Heap base and to place the Java Heap above 4GB virtual address.
# This output file may be truncated or incomplete.
#
#  Out of Memory Error (allocation.cpp:389), pid=4716, tid=0x0000000000000e54
#
# JRE version: OpenJDK Runtime Environment (8.0_242-b01) (build 1.8.0_242-release-1644-b01)
# Java VM: OpenJDK 64-Bit Server VM (25.242-b01 mixed mode windows-amd64 compressed oops)
# Failed to write core dump. Minidumps are not enabled by default on client versions of Windows
#

---------------  T H R E A D  ---------------

Current thread (0x0000000017747000):  JavaThread "C2 CompilerThread1" daemon [_thread_in_native, id=3668, stack(0x0000000018df0000,0x0000000018ef0000)]

Stack: [0x0000000018df0000,0x0000000018ef0000]
[error occurred during error reporting (printing stack bounds), id 0xc0000005]

Native frames: (J=compiled Java code, j=interpreted, Vv=VM code, C=native code)


Current CompileTask:
C2:   9803 4501       4       jdk.internal.org.objectweb.asm.Frame::execute (2252 bytes)


---------------  P R O C E S S  ---------------

Java Threads: ( => current thread )
  0x000000001db2a000 JavaThread "Cache worker for Build Output Cleanup Cache (C:\work2\TaskApp\.gradle\buildOutputCleanup)" [_thread_blocked, id=2920, stack(0x0000000023930000,0x0000000023a30000)]
  0x000000001db2b800 JavaThread "pool-1-thread-1" [_thread_blocked, id=1608, stack(0x0000000023630000,0x0000000023730000)]
  0x000000001db27000 JavaThread "Build operations Thread 4" [_thread_blocked, id=2572, stack(0x0000000023130000,0x0000000023230000)]
  0x000000001db2b000 JavaThread "Build operations Thread 3" [_thread_blocked, id=5104, stack(0x0000000023030000,0x0000000023130000)]
  0x000000001db22800 JavaThread "Build operations Thread 2" [_thread_blocked, id=3728, stack(0x0000000022ca0000,0x0000000022da0000)]
  0x000000001db24000 JavaThread "Build operations" [_thread_blocked, id=12528, stack(0x0000000022560000,0x0000000022660000)]
  0x000000001b701000 JavaThread "Cache worker for execution history cache (C:\Users\Chiaki Hata\.gradle\caches\6.1.1\executionHistory)" [_thread_blocked, id=10324, stack(0x0000000020c00000,0x0000000020d00000)]
  0x000000001b6fc800 JavaThread "Cache worker for cache directory md-rule (C:\Users\Chiaki Hata\.gradle\caches\6.1.1\md-rule)" [_thread_blocked, id=11304, stack(0x0000000020b00000,0x0000000020c00000)]
  0x000000001b6ff800 JavaThread "Cache worker for cache directory md-supplier (C:\Users\Chiaki Hata\.gradle\caches\6.1.1\md-supplier)" [_thread_blocked, id=11348, stack(0x000000001f680000,0x000000001f780000)]
  0x000000001b700000 JavaThread "Cache worker for file hash cache (C:\work2\TaskApp\.gradle\6.1.1\fileHashes)" [_thread_blocked, id=4584, stack(0x000000001f830000,0x000000001f930000)]
  0x000000001b702800 JavaThread "Cache worker for checksums cache (C:\work2\TaskApp\.gradle\checksums)" [_thread_blocked, id=11040, stack(0x000000001f380000,0x000000001f480000)]
  0x000000001b6fe800 JavaThread "Cache worker for file hash cache (C:\Users\Chiaki Hata\.gradle\caches\6.1.1\fileHashes)" [_thread_blocked, id=2932, stack(0x000000001d0e0000,0x000000001d1e0000)]
  0x000000001b6fe000 JavaThread "File lock request listener" [_thread_in_native, id=3168, stack(0x000000001cfe0000,0x000000001d0e0000)]
  0x000000001b7d9800 JavaThread "Cache worker for journal cache (C:\Users\Chiaki Hata\.gradle\caches\journal-1)" [_thread_blocked, id=9604, stack(0x000000001cee0000,0x000000001cfe0000)]
  0x000000001b518800 JavaThread "Thread-9" [_thread_blocked, id=9652, stack(0x000000001cbe0000,0x000000001cce0000)]
  0x000000001b517800 JavaThread "Stdin handler" [_thread_blocked, id=12268, stack(0x000000001cae0000,0x000000001cbe0000)]
  0x000000001b61c000 JavaThread "Asynchronous log dispatcher for DefaultDaemonConnection: socket connection from /127.0.0.1:59579 to /127.0.0.1:59580" [_thread_blocked, id=12696, stack(0x000000001c9e0000,0x000000001cae0000)]
  0x00000000198b2800 JavaThread "Daemon worker" [_thread_in_vm, id=2360, stack(0x000000001c8e0000,0x000000001c9e0000)]
  0x000000001b57b800 JavaThread "Cancel handler" [_thread_blocked, id=10864, stack(0x000000001c7e0000,0x000000001c8e0000)]
  0x000000001b245000 JavaThread "Handler for socket connection from /127.0.0.1:59579 to /127.0.0.1:59580" [_thread_in_native, id=1508, stack(0x000000001c6e0000,0x000000001c7e0000)]
  0x000000001a482800 JavaThread "Daemon" [_thread_blocked, id=12952, stack(0x000000001c3e0000,0x000000001c4e0000)]
  0x000000001b605000 JavaThread "Daemon periodic checks" [_thread_blocked, id=9420, stack(0x000000001c2e0000,0x000000001c3e0000)]
  0x00000000192b4000 JavaThread "Incoming local TCP Connector on port 59579" [_thread_in_native, id=8516, stack(0x000000001c100000,0x000000001c200000)]
  0x0000000019296800 JavaThread "Daemon health stats" [_thread_blocked, id=11508, stack(0x000000001c000000,0x000000001c100000)]
  0x0000000018f63800 JavaThread "Service Thread" daemon [_thread_blocked, id=7476, stack(0x00000000193f0000,0x00000000194f0000)]
  0x000000001774e000 JavaThread "C1 CompilerThread2" daemon [_thread_blocked, id=8060, stack(0x00000000192f0000,0x00000000193f0000)]
=>0x0000000017747000 JavaThread "C2 CompilerThread1" daemon [_thread_in_native, id=3668, stack(0x0000000018df0000,0x0000000018ef0000)]
  0x0000000017742800 JavaThread "C2 CompilerThread0" daemon [_thread_blocked, id=11532, stack(0x0000000018cf0000,0x0000000018df0000)]
  0x00000000176ff800 JavaThread "Attach Listener" daemon [_thread_blocked, id=1828, stack(0x0000000018bf0000,0x0000000018cf0000)]
  0x00000000176fe800 JavaThread "Signal Dispatcher" daemon [_thread_blocked, id=9188, stack(0x0000000018af0000,0x0000000018bf0000)]
  0x0000000002a8b000 JavaThread "Finalizer" daemon [_thread_blocked, id=12252, stack(0x0000000018940000,0x0000000018a40000)]
  0x00000000176d9000 JavaThread "Reference Handler" daemon [_thread_blocked, id=13224, stack(0x0000000018840000,0x0000000018940000)]
  0x000000000286e000 JavaThread "main" [_thread_blocked, id=12908, stack(0x0000000002890000,0x0000000002990000)]

Other Threads:
  0x00000000176b6000 VMThread [stack: 0x0000000018740000,0x0000000018840000] [id=12960]
  0x0000000018f90800 WatcherThread [stack: 0x00000000194f0000,0x00000000195f0000] [id=12692]

VM state:not at safepoint (normal execution)

VM Mutex/Monitor currently owned by a thread: None

heap address: 0x0000000080000000, size: 2048 MB, Compressed Oops mode: 32-bit
Narrow klass base: 0x0000000000000000, Narrow klass shift: 3
Compressed class space size: 1073741824 Address: 0x0000000100000000

Heap:
 PSYoungGen      total 273408K, used 170209K [0x00000000d5580000, 0x00000000eb500000, 0x0000000100000000)
  eden space 257536K, 66% used [0x00000000d5580000,0x00000000dfbb8508,0x00000000e5100000)
  from space 15872K, 0% used [0x00000000e5100000,0x00000000e5100000,0x00000000e6080000)
  to   space 15872K, 0% used [0x00000000ea580000,0x00000000ea580000,0x00000000eb500000)
 ParOldGen       total 98816K, used 17013K [0x0000000080000000, 0x0000000086080000, 0x00000000d5580000)
  object space 98816K, 17% used [0x0000000080000000,0x000000008109d5f0,0x0000000086080000)
 Metaspace       used 46889K, capacity 48668K, committed 48936K, reserved 1091584K
  class space    used 6236K, capacity 6621K, committed 6696K, reserved 1048576K

Card table byte_map: [0x0000000011e60000,0x0000000012270000] byte_map_base: 0x0000000011a60000

Marking Bits: (ParMarkBitMap*) 0x0000000061a6f030
 Begin Bits: [0x0000000012920000, 0x0000000014920000)
 End Bits:   [0x0000000014920000, 0x0000000016920000)

Polling page: 0x00000000024f0000

CodeCache: size=245760Kb used=15686Kb max_used=15686Kb free=230073Kb
 bounds [0x0000000002aa0000, 0x0000000003a00000, 0x0000000011aa0000]
 total_blobs=5187 nmethods=4422 adapters=678
 compilation: enabled

Compilation events (10 events):
Event: 9.782 Thread 0x000000001774e000 nmethod 4498 0x00000000039f5010 code [0x00000000039f5180, 0x00000000039f5468]
Event: 9.784 Thread 0x0000000017747000 4501       4       jdk.internal.org.objectweb.asm.Frame::execute (2252 bytes)
Event: 9.787 Thread 0x000000001774e000 4503       3       java.lang.invoke.LambdaFormBuffer::indexOf (25 bytes)
Event: 9.787 Thread 0x000000001774e000 nmethod 4503 0x00000000039f96d0 code [0x00000000039f9840, 0x00000000039f9a70]
Event: 9.789 Thread 0x000000001774e000 4504       3       java.lang.invoke.LambdaForm::useCount (99 bytes)
Event: 9.789 Thread 0x000000001774e000 nmethod 4504 0x00000000039f8e10 code [0x00000000039f8fa0, 0x00000000039f9498]
Event: 9.790 Thread 0x000000001774e000 4505       3       java.lang.invoke.LambdaFormBuffer::changeName (149 bytes)
Event: 9.790 Thread 0x000000001774e000 nmethod 4505 0x00000000039f8490 code [0x00000000039f8620, 0x00000000039f8c08]
Event: 9.790 Thread 0x000000001774e000 4506       3       jdk.internal.org.objectweb.asm.Frame::initInputFrame (158 bytes)
Event: 9.791 Thread 0x000000001774e000 nmethod 4506 0x00000000039f7090 code [0x00000000039f72a0, 0x00000000039f7d18]

GC Heap History (10 events):
Event: 2.701 GC heap before
{Heap before GC invocations=5 (full 0):
 PSYoungGen      total 136192K, used 13505K [0x00000000d5580000, 0x00000000ddf80000, 0x0000000100000000)
  eden space 131072K, 6% used [0x00000000d5580000,0x00000000d5db7160,0x00000000dd580000)
  from space 5120K, 99% used [0x00000000dda80000,0x00000000ddf79650,0x00000000ddf80000)
  to   space 5120K, 0% used [0x00000000dd580000,0x00000000dd580000,0x00000000dda80000)
 ParOldGen       total 86016K, used 11593K [0x0000000080000000, 0x0000000085400000, 0x00000000d5580000)
  object space 86016K, 13% used [0x0000000080000000,0x0000000080b52650,0x0000000085400000)
 Metaspace       used 20528K, capacity 21224K, committed 21296K, reserved 1067008K
  class space    used 2877K, capacity 3096K, committed 3120K, reserved 1048576K
Event: 2.709 GC heap after
Heap after GC invocations=5 (full 0):
 PSYoungGen      total 136192K, used 5109K [0x00000000d5580000, 0x00000000e7080000, 0x0000000100000000)
  eden space 131072K, 0% used [0x00000000d5580000,0x00000000d5580000,0x00000000dd580000)
  from space 5120K, 99% used [0x00000000dd580000,0x00000000dda7d660,0x00000000dda80000)
  to   space 13824K, 0% used [0x00000000e6300000,0x00000000e6300000,0x00000000e7080000)
 ParOldGen       total 86016K, used 12243K [0x0000000080000000, 0x0000000085400000, 0x00000000d5580000)
  object space 86016K, 14% used [0x0000000080000000,0x0000000080bf4c58,0x0000000085400000)
 Metaspace       used 20528K, capacity 21224K, committed 21296K, reserved 1067008K
  class space    used 2877K, capacity 3096K, committed 3120K, reserved 1048576K
}
Event: 2.709 GC heap before
{Heap before GC invocations=6 (full 1):
 PSYoungGen      total 136192K, used 5109K [0x00000000d5580000, 0x00000000e7080000, 0x0000000100000000)
  eden space 131072K, 0% used [0x00000000d5580000,0x00000000d5580000,0x00000000dd580000)
  from space 5120K, 99% used [0x00000000dd580000,0x00000000dda7d660,0x00000000dda80000)
  to   space 13824K, 0% used [0x00000000e6300000,0x00000000e6300000,0x00000000e7080000)
 ParOldGen       total 86016K, used 12243K [0x0000000080000000, 0x0000000085400000, 0x00000000d5580000)
  object space 86016K, 14% used [0x0000000080000000,0x0000000080bf4c58,0x0000000085400000)
 Metaspace       used 20528K, capacity 21224K, committed 21296K, reserved 1067008K
  class space    used 2877K, capacity 3096K, committed 3120K, reserved 1048576K
Event: 2.757 GC heap after
Heap after GC invocations=6 (full 1):
 PSYoungGen      total 136192K, used 0K [0x00000000d5580000, 0x00000000e7080000, 0x0000000100000000)
  eden space 131072K, 0% used [0x00000000d5580000,0x00000000d5580000,0x00000000dd580000)
  from space 5120K, 0% used [0x00000000dd580000,0x00000000dd580000,0x00000000dda80000)
  to   space 13824K, 0% used [0x00000000e6300000,0x00000000e6300000,0x00000000e7080000)
 ParOldGen       total 67584K, used 12889K [0x0000000080000000, 0x0000000084200000, 0x00000000d5580000)
  object space 67584K, 19% used [0x0000000080000000,0x0000000080c964c8,0x0000000084200000)
 Metaspace       used 20528K, capacity 21224K, committed 21296K, reserved 1067008K
  class space    used 2877K, capacity 3096K, committed 3120K, reserved 1048576K
}
Event: 3.895 GC heap before
{Heap before GC invocations=7 (full 1):
 PSYoungGen      total 136192K, used 131072K [0x00000000d5580000, 0x00000000e7080000, 0x0000000100000000)
  eden space 131072K, 100% used [0x00000000d5580000,0x00000000dd580000,0x00000000dd580000)
  from space 5120K, 0% used [0x00000000dd580000,0x00000000dd580000,0x00000000dda80000)
  to   space 13824K, 0% used [0x00000000e6300000,0x00000000e6300000,0x00000000e7080000)
 ParOldGen       total 67584K, used 12889K [0x0000000080000000, 0x0000000084200000, 0x00000000d5580000)
  object space 67584K, 19% used [0x0000000080000000,0x0000000080c964c8,0x0000000084200000)
 Metaspace       used 32167K, capacity 33126K, committed 33328K, reserved 1077248K
  class space    used 4357K, capacity 4626K, committed 4656K, reserved 1048576K
Event: 3.913 GC heap after
Heap after GC invocations=7 (full 1):
 PSYoungGen      total 219136K, used 13233K [0x00000000d5580000, 0x00000000e7000000, 0x0000000100000000)
  eden space 205824K, 0% used [0x00000000d5580000,0x00000000d5580000,0x00000000e1e80000)
  from space 13312K, 99% used [0x00000000e6300000,0x00000000e6fec518,0x00000000e7000000)
  to   space 15872K, 0% used [0x00000000e5100000,0x00000000e5100000,0x00000000e6080000)
 ParOldGen       total 67584K, used 12897K [0x0000000080000000, 0x0000000084200000, 0x00000000d5580000)
  object space 67584K, 19% used [0x0000000080000000,0x0000000080c984c8,0x0000000084200000)
 Metaspace       used 32167K, capacity 33126K, committed 33328K, reserved 1077248K
  class space    used 4357K, capacity 4626K, committed 4656K, reserved 1048576K
}
Event: 4.267 GC heap before
{Heap before GC invocations=8 (full 1):
 PSYoungGen      total 219136K, used 56896K [0x00000000d5580000, 0x00000000e7000000, 0x0000000100000000)
  eden space 205824K, 21% used [0x00000000d5580000,0x00000000d8023dd8,0x00000000e1e80000)
  from space 13312K, 99% used [0x00000000e6300000,0x00000000e6fec518,0x00000000e7000000)
  to   space 15872K, 0% used [0x00000000e5100000,0x00000000e5100000,0x00000000e6080000)
 ParOldGen       total 67584K, used 12897K [0x0000000080000000, 0x0000000084200000, 0x00000000d5580000)
  object space 67584K, 19% used [0x0000000080000000,0x0000000080c984c8,0x0000000084200000)
 Metaspace       used 34341K, capacity 35380K, committed 35496K, reserved 1079296K
  class space    used 4671K, capacity 4942K, committed 5032K, reserved 1048576K
Event: 4.279 GC heap after
Heap after GC invocations=8 (full 1):
 PSYoungGen      total 273408K, used 9405K [0x00000000d5580000, 0x00000000eb500000, 0x0000000100000000)
  eden space 257536K, 0% used [0x00000000d5580000,0x00000000d5580000,0x00000000e5100000)
  from space 15872K, 59% used [0x00000000e5100000,0x00000000e5a2f5c8,0x00000000e6080000)
  to   space 15872K, 0% used [0x00000000ea580000,0x00000000ea580000,0x00000000eb500000)
 ParOldGen       total 67584K, used 12905K [0x0000000080000000, 0x0000000084200000, 0x00000000d5580000)
  object space 67584K, 19% used [0x0000000080000000,0x0000000080c9a4c8,0x0000000084200000)
 Metaspace       used 34341K, capacity 35380K, committed 35496K, reserved 1079296K
  class space    used 4671K, capacity 4942K, committed 5032K, reserved 1048576K
}
Event: 4.279 GC heap before
{Heap before GC invocations=9 (full 2):
 PSYoungGen      total 273408K, used 9405K [0x00000000d5580000, 0x00000000eb500000, 0x0000000100000000)
  eden space 257536K, 0% used [0x00000000d5580000,0x00000000d5580000,0x00000000e5100000)
  from space 15872K, 59% used [0x00000000e5100000,0x00000000e5a2f5c8,0x00000000e6080000)
  to   space 15872K, 0% used [0x00000000ea580000,0x00000000ea580000,0x00000000eb500000)
 ParOldGen       total 67584K, used 12905K [0x0000000080000000, 0x0000000084200000, 0x00000000d5580000)
  object space 67584K, 19% used [0x0000000080000000,0x0000000080c9a4c8,0x0000000084200000)
 Metaspace       used 34341K, capacity 35380K, committed 35496K, reserved 1079296K
  class space    used 4671K, capacity 4942K, committed 5032K, reserved 1048576K
Event: 4.367 GC heap after
Heap after GC invocations=9 (full 2):
 PSYoungGen      total 273408K, used 0K [0x00000000d5580000, 0x00000000eb500000, 0x0000000100000000)
  eden space 257536K, 0% used [0x00000000d5580000,0x00000000d5580000,0x00000000e5100000)
  from space 15872K, 0% used [0x00000000e5100000,0x00000000e5100000,0x00000000e6080000)
  to   space 15872K, 0% used [0x00000000ea580000,0x00000000ea580000,0x00000000eb500000)
 ParOldGen       total 98816K, used 17013K [0x0000000080000000, 0x0000000086080000, 0x00000000d5580000)
  object space 98816K, 17% used [0x0000000080000000,0x000000008109d5f0,0x0000000086080000)
 Metaspace       used 34341K, capacity 35380K, committed 35496K, reserved 1079296K
  class space    used 4671K, capacity 4942K, committed 5032K, reserved 1048576K
}

Deoptimization events (10 events):
Event: 8.808 Thread 0x00000000198b2800 Uncommon trap: reason=unstable_if action=reinterpret pc=0x0000000002c443b0 method=java.io.BufferedInputStream.read1([BII)I @ 22
Event: 8.808 Thread 0x00000000198b2800 Uncommon trap: reason=unstable_if action=reinterpret pc=0x00000000036edec8 method=java.io.BufferedInputStream.read1([BII)I @ 22
Event: 8.831 Thread 0x00000000198b2800 Uncommon trap: reason=bimorphic action=maybe_recompile pc=0x000000000345fae4 method=java.util.AbstractCollection.addAll(Ljava/util/Collection;)Z @ 29
Event: 9.060 Thread 0x00000000198b2800 Uncommon trap: reason=bimorphic action=maybe_recompile pc=0x000000000393f0e0 method=java.util.regex.Pattern$CharProperty.match(Ljava/util/regex/Matcher;ILjava/lang/CharSequence;)Z @ 18
Event: 9.060 Thread 0x00000000198b2800 Uncommon trap: reason=bimorphic action=maybe_recompile pc=0x000000000393f0e0 method=java.util.regex.Pattern$CharProperty.match(Ljava/util/regex/Matcher;ILjava/lang/CharSequence;)Z @ 18
Event: 9.060 Thread 0x00000000198b2800 Uncommon trap: reason=bimorphic action=maybe_recompile pc=0x000000000393f0e0 method=java.util.regex.Pattern$CharProperty.match(Ljava/util/regex/Matcher;ILjava/lang/CharSequence;)Z @ 18
Event: 9.060 Thread 0x00000000198b2800 Uncommon trap: reason=bimorphic action=maybe_recompile pc=0x000000000393f0e0 method=java.util.regex.Pattern$CharProperty.match(Ljava/util/regex/Matcher;ILjava/lang/CharSequence;)Z @ 18
Event: 9.066 Thread 0x00000000198b2800 Uncommon trap: reason=unstable_if action=reinterpret pc=0x0000000003982944 method=java.security.CodeSource.hashCode()I @ 4
Event: 9.066 Thread 0x00000000198b2800 Uncommon trap: reason=unstable_if action=reinterpret pc=0x0000000002c2f2cc method=java.security.CodeSource.hashCode()I @ 4
Event: 9.597 Thread 0x00000000198b2800 Uncommon trap: reason=unstable_if action=reinterpret pc=0x00000000033cadb4 method=org.objectweb.asm.ByteVector.putUTF8(Ljava/lang/String;)Lorg/objectweb/asm/ByteVector; @ 93

Classes redefined (0 events):
No events

Internal exceptions (10 events):
Event: 7.736 Thread 0x00000000198b2800 Exception <a 'java/lang/ClassNotFoundException': org/gradle/api/internal/AbstractTaskCustomizer> (0x00000000dc67e560) thrown at [C:\src\AOSP-openjdk-git\hotspot\src\share\vm\classfile\systemDictionary.cpp, line 210]
Event: 7.740 Thread 0x00000000198b2800 Exception <a 'java/lang/ClassNotFoundException': org/gradle/api/DefaultTaskCustomizer> (0x00000000dc7151c0) thrown at [C:\src\AOSP-openjdk-git\hotspot\src\share\vm\classfile\systemDictionary.cpp, line 210]
Event: 7.741 Thread 0x00000000198b2800 Exception <a 'java/lang/ClassNotFoundException': org/gradle/api/internal/ConventionTaskCustomizer> (0x00000000dc75db28) thrown at [C:\src\AOSP-openjdk-git\hotspot\src\share\vm\classfile\systemDictionary.cpp, line 210]
Event: 7.742 Thread 0x00000000198b2800 Exception <a 'java/lang/ClassNotFoundException': org/gradle/api/tasks/DeleteCustomizer> (0x00000000dc7a26e8) thrown at [C:\src\AOSP-openjdk-git\hotspot\src\share\vm\classfile\systemDictionary.cpp, line 210]
Event: 7.884 Thread 0x00000000198b2800 Exception <a 'java/lang/ClassNotFoundException': org/gradle/api/tasks/Delete_DecoratedCustomizer> (0x00000000dc7f5388) thrown at [C:\src\AOSP-openjdk-git\hotspot\src\share\vm\classfile\systemDictionary.cpp, line 210]
Event: 7.956 Thread 0x00000000198b2800 Exception <a 'java/lang/ClassNotFoundException': build_afa0fb14hshsgki6ej6doyyujBeanInfo> (0x00000000dc902b30) thrown at [C:\src\AOSP-openjdk-git\hotspot\src\share\vm\classfile\systemDictionary.cpp, line 210]
Event: 7.956 Thread 0x00000000198b2800 Exception <a 'java/lang/ClassNotFoundException': build_afa0fb14hshsgki6ej6doyyujCustomizer> (0x00000000dc90fd80) thrown at [C:\src\AOSP-openjdk-git\hotspot\src\share\vm\classfile\systemDictionary.cpp, line 210]
Event: 9.065 Thread 0x00000000198b2800 Implicit null exception at 0x000000000397da72 to 0x00000000039828e1
Event: 9.066 Thread 0x00000000198b2800 Implicit null exception at 0x0000000002c2efd5 to 0x0000000002c2f2bd
Event: 9.297 Thread 0x00000000198b2800 Exception <a 'sun/nio/fs/WindowsException'> (0x00000000ddcada98) thrown at [C:\src\AOSP-openjdk-git\hotspot\src\share\vm\prims\jni.cpp, line 710]

Events (10 events):
Event: 9.795 loading class org/gradle/internal/execution/steps/ResolveCachingStateStep
Event: 9.795 loading class org/gradle/internal/execution/steps/ResolveCachingStateStep done
Event: 9.796 loading class org/gradle/internal/execution/caching/CachingStateBuilder
Event: 9.796 loading class org/gradle/internal/execution/caching/CachingStateBuilder done
Event: 9.797 loading class org/gradle/internal/execution/caching/CachingState
Event: 9.797 loading class org/gradle/internal/execution/caching/CachingState done
Event: 9.797 loading class org/gradle/internal/execution/caching/CachingState$1
Event: 9.797 loading class org/gradle/internal/execution/caching/CachingState$1 done
Event: 9.798 loading class org/gradle/internal/execution/steps/legacy/MarkSnapshottingInputsFinishedStep
Event: 9.798 loading class org/gradle/internal/execution/steps/legacy/MarkSnapshottingInputsFinishedStep done


Dynamic libraries:
0x00007ff788290000 - 0x00007ff7882c1000 	C:\Program Files\Android\Android Studio\jre\bin\java.exe
0x00007ffd52cd0000 - 0x00007ffd52ec6000 	C:\WINDOWS\SYSTEM32\ntdll.dll
0x00007ffd51c40000 - 0x00007ffd51cfd000 	C:\WINDOWS\System32\KERNEL32.DLL
0x00007ffd50460000 - 0x00007ffd50729000 	C:\WINDOWS\System32\KERNELBASE.dll
0x00007ffd50d30000 - 0x00007ffd50ddc000 	C:\WINDOWS\System32\ADVAPI32.dll
0x00007ffd51680000 - 0x00007ffd5171e000 	C:\WINDOWS\System32\msvcrt.dll
0x00007ffd52660000 - 0x00007ffd526fc000 	C:\WINDOWS\System32\sechost.dll
0x00007ffd51820000 - 0x00007ffd5194b000 	C:\WINDOWS\System32\RPCRT4.dll
0x00007ffd51de0000 - 0x00007ffd51f80000 	C:\WINDOWS\System32\USER32.dll
0x00007ffd509c0000 - 0x00007ffd509e2000 	C:\WINDOWS\System32\win32u.dll
0x00007ffd50de0000 - 0x00007ffd50e0a000 	C:\WINDOWS\System32\GDI32.dll
0x00007ffd507d0000 - 0x00007ffd508db000 	C:\WINDOWS\System32\gdi32full.dll
0x00007ffd50730000 - 0x00007ffd507cd000 	C:\WINDOWS\System32\msvcp_win.dll
0x00007ffd50a50000 - 0x00007ffd50b50000 	C:\WINDOWS\System32\ucrtbase.dll
0x00007ffd3c5d0000 - 0x00007ffd3c86b000 	C:\WINDOWS\WinSxS\amd64_microsoft.windows.common-controls_6595b64144ccf1df_6.0.19041.746_none_ca02b4b61b8320a4\COMCTL32.dll
0x00007ffd520b0000 - 0x00007ffd520e0000 	C:\WINDOWS\System32\IMM32.DLL
0x00000000611c0000 - 0x0000000061292000 	C:\Program Files\Android\Android Studio\jre\jre\bin\msvcr100.dll
0x00000000612a0000 - 0x0000000061aeb000 	C:\Program Files\Android\Android Studio\jre\jre\bin\server\jvm.dll
0x00007ffd51730000 - 0x00007ffd51738000 	C:\WINDOWS\System32\PSAPI.DLL
0x00007ffd2e680000 - 0x00007ffd2e689000 	C:\WINDOWS\SYSTEM32\WSOCK32.dll
0x00007ffd51610000 - 0x00007ffd5167b000 	C:\WINDOWS\System32\WS2_32.dll
0x00007ffd3b980000 - 0x00007ffd3b9a7000 	C:\WINDOWS\SYSTEM32\WINMM.dll
0x00007ffd475b0000 - 0x00007ffd475ba000 	C:\WINDOWS\SYSTEM32\VERSION.dll
0x00007ffd4c370000 - 0x00007ffd4c37f000 	C:\Program Files\Android\Android Studio\jre\jre\bin\verify.dll
0x00007ffd498b0000 - 0x00007ffd498d9000 	C:\Program Files\Android\Android Studio\jre\jre\bin\java.dll
0x00007ffd49890000 - 0x00007ffd498a6000 	C:\Program Files\Android\Android Studio\jre\jre\bin\zip.dll
0x00007ffd50ec0000 - 0x00007ffd51602000 	C:\WINDOWS\System32\SHELL32.dll
0x00007ffd4e560000 - 0x00007ffd4ecf0000 	C:\WINDOWS\SYSTEM32\windows.storage.dll
0x00007ffd52930000 - 0x00007ffd52c86000 	C:\WINDOWS\System32\combase.dll
0x00007ffd4fe70000 - 0x00007ffd4fe9c000 	C:\WINDOWS\SYSTEM32\Wldp.dll
0x00007ffd50e10000 - 0x00007ffd50ebe000 	C:\WINDOWS\System32\SHCORE.dll
0x00007ffd51d00000 - 0x00007ffd51d55000 	C:\WINDOWS\System32\shlwapi.dll
0x00007ffd50340000 - 0x00007ffd50366000 	C:\WINDOWS\SYSTEM32\profapi.dll
0x00007ffd49870000 - 0x00007ffd4988a000 	C:\Program Files\Android\Android Studio\jre\jre\bin\net.dll
0x00007ffd4fbf0000 - 0x00007ffd4fc5a000 	C:\WINDOWS\system32\mswsock.dll
0x00007ffd49850000 - 0x00007ffd49863000 	C:\Program Files\Android\Android Studio\jre\jre\bin\nio.dll
0x00007ffd12e20000 - 0x00007ffd12e46000 	C:\Users\Chiaki Hata\.gradle\native\31\windows-amd64\native-platform.dll
0x00007ffd49da0000 - 0x00007ffd49dad000 	C:\Program Files\Android\Android Studio\jre\jre\bin\management.dll
0x00007ffd4fdd0000 - 0x00007ffd4fde8000 	C:\WINDOWS\SYSTEM32\CRYPTSP.dll
0x00007ffd4f520000 - 0x00007ffd4f554000 	C:\WINDOWS\system32\rsaenh.dll
0x00007ffd508e0000 - 0x00007ffd50907000 	C:\WINDOWS\System32\bcrypt.dll
0x00007ffd50300000 - 0x00007ffd5032e000 	C:\WINDOWS\SYSTEM32\USERENV.dll
0x00007ffd50cb0000 - 0x00007ffd50d30000 	C:\WINDOWS\System32\bcryptprimitives.dll
0x00007ffd4fdc0000 - 0x00007ffd4fdcc000 	C:\WINDOWS\SYSTEM32\CRYPTBASE.dll
0x00007ffd4f890000 - 0x00007ffd4f8cb000 	C:\WINDOWS\SYSTEM32\IPHLPAPI.DLL
0x00007ffd51720000 - 0x00007ffd51728000 	C:\WINDOWS\System32\NSI.dll
0x00007ffd46350000 - 0x00007ffd46367000 	C:\WINDOWS\SYSTEM32\dhcpcsvc6.DLL
0x00007ffd47540000 - 0x00007ffd4755d000 	C:\WINDOWS\SYSTEM32\dhcpcsvc.DLL
0x00007ffd4f8d0000 - 0x00007ffd4f99b000 	C:\WINDOWS\SYSTEM32\DNSAPI.dll

VM Arguments:
jvm_args: -Xmx2048m -Dfile.encoding=windows-31j -Duser.country=JP -Duser.language=ja -Duser.variant 
java_command: org.gradle.launcher.daemon.bootstrap.GradleDaemon 6.1.1
java_class_path (initial): C:\Users\Chiaki Hata\.gradle\wrapper\dists\gradle-6.1.1-all\cfmwm155h49vnt3hynmlrsdst\gradle-6.1.1\lib\gradle-launcher-6.1.1.jar
Launcher Type: SUN_STANDARD

Environment Variables:
JAVA_HOME=C:\Program Files\java\jdk1.7.0_80
PATH=C:\WINDOWS\system32;C:\WINDOWS;C:\WINDOWS\System32\Wbem;C:\WINDOWS\System32\WindowsPowerShell\v1.0\;C:\WINDOWS\System32\OpenSSH\;C:\Program Files\java\jdk1.7.0_80\bin;C:\Program Files\Intel\WiFi\bin\;C:\Program Files\Common Files\Intel\WirelessCommon\;C:\Program Files\MariaDB 10.1\bin;C:\Users\Chiaki Hata\AppData\Local\Microsoft\WindowsApps;C:\Users\Chiaki Hata\AppData\Local\Programs\Git\cmd;
USERNAME=Chiaki Hata
OS=Windows_NT
PROCESSOR_IDENTIFIER=Intel64 Family 6 Model 142 Stepping 12, GenuineIntel



---------------  S Y S T E M  ---------------

OS: Windows 10.0 , 64 bit Build 19041 (10.0.19041.804)

CPU:total 4 (initial active 4) (2 cores per cpu, 2 threads per core) family 6 model 142 stepping 12, cmov, cx8, fxsr, mmx, sse, sse2, sse3, ssse3, sse4.1, sse4.2, popcnt, avx, avx2, aes, clmul, erms, 3dnowpref, lzcnt, ht, tsc, tscinvbit, bmi1, bmi2, adx

Memory: 4k page, physical 8164132k(2174996k free), swap 8164132k(5124k free)

vm_info: OpenJDK 64-Bit Server VM (25.242-b01) for windows-amd64 JRE (1.8.0_242-release-1644-b01), built by "builder" with MS VC++ 10.0 (VS2010)

time: Thu Feb 18 15:25:41 2021
timezone: ìåãû (ïWèÄéû)
elapsed time: 9 seconds (0d 0h 0m 9s)

